#! /c/Source/iverilog-install/bin/vvp
:ivl_version "12.0 (devel)" "(s20150603-1539-g2693dd32b)";
:ivl_delay_selection "TYPICAL";
:vpi_time_precision - 10;
:vpi_module "C:\iverilog\lib\ivl\system.vpi";
:vpi_module "C:\iverilog\lib\ivl\vhdl_sys.vpi";
:vpi_module "C:\iverilog\lib\ivl\vhdl_textio.vpi";
:vpi_module "C:\iverilog\lib\ivl\v2005_math.vpi";
:vpi_module "C:\iverilog\lib\ivl\va_math.vpi";
S_000002af6c8c21d0 .scope module, "SMControlTest" "SMControlTest" 2 23;
 .timescale -9 -10;
P_000002af6c8acac0 .param/l "NUM_BITS" 0 2 24, +C4<00000000000000000000000000000100>;
v000002af6c9b5330_0 .var "clk", 0 0;
v000002af6c9b5ab0_0 .net "continue", 0 0, L_000002af6c9b8b90;  1 drivers
v000002af6c9b53d0_0 .net "done", 0 0, L_000002af6c9cdb80;  1 drivers
v000002af6c9b6050_0 .var "errors", 7 0;
v000002af6c9b5470_0 .net "mdld", 0 0, L_000002af6c8c4f40;  1 drivers
v000002af6c9b56f0_0 .var "mr", 3 0;
v000002af6c9b6190_0 .net "mrld", 0 0, L_000002af6c8c5090;  1 drivers
v000002af6c9b5790_0 .var/i "multiplier", 31 0;
v000002af6c9b64b0_0 .net "n", 3 0, L_000002af6c9b9590;  1 drivers
v000002af6c9b6550_0 .var "reset_state", 3 0;
v000002af6c9b5830_0 .var/i "rs", 31 0;
v000002af6c9b58d0_0 .net "rsclear", 0 0, L_000002af6c8c4ca0;  1 drivers
v000002af6c9b5970_0 .net "rsload", 0 0, L_000002af6c9bfc10;  1 drivers
v000002af6c9b5a10_0 .net "rsshr", 0 0, L_000002af6c9c0770;  1 drivers
v000002af6c9bba70_0 .var "rst", 0 0;
v000002af6c9bbbb0_0 .net "s", 3 0, v000002af6c9b6230_0;  1 drivers
v000002af6c9bc3d0_0 .var/i "st", 31 0;
v000002af6c9bbb10_0 .var "start", 0 0;
v000002af6c9bbc50_0 .var/i "stop_loop", 31 0;
v000002af6c9bbe30_0 .var "to_visit", 15 0;
v000002af6c9bb070_0 .var "visited", 15 0;
L_000002af6c9b8b90 .cmp/ne 16, v000002af6c9bb070_0, v000002af6c9bbe30_0;
S_000002af6c8483a0 .scope module, "control" "SMControl" 2 64, 3 10 0, S_000002af6c8c21d0;
 .timescale 0 0;
    .port_info 0 /INPUT 4 "reset_state";
    .port_info 1 /INPUT 1 "clk";
    .port_info 2 /INPUT 1 "rst";
    .port_info 3 /INPUT 1 "start";
    .port_info 4 /INPUT 4 "mr";
    .port_info 5 /OUTPUT 1 "mdld";
    .port_info 6 /OUTPUT 1 "mrld";
    .port_info 7 /OUTPUT 1 "rsload";
    .port_info 8 /OUTPUT 1 "rsclear";
    .port_info 9 /OUTPUT 1 "rsshr";
    .port_info 10 /OUTPUT 4 "s";
    .port_info 11 /OUTPUT 4 "n";
    .port_info 12 /OUTPUT 1 "done";
L_000002af6c8c5170 .functor NOT 1, L_000002af6c9ba7b0, C4<0>, C4<0>, C4<0>;
L_000002af6c8c5020 .functor NOT 1, L_000002af6c9ba990, C4<0>, C4<0>, C4<0>;
L_000002af6c8c4e60 .functor AND 1, L_000002af6c8c5170, L_000002af6c8c5020, C4<1>, C4<1>;
L_000002af6c8c55d0 .functor NOT 1, L_000002af6c9bbf70, C4<0>, C4<0>, C4<0>;
L_000002af6c8c4d80 .functor AND 1, L_000002af6c8c4e60, L_000002af6c8c55d0, C4<1>, C4<1>;
L_000002af6c8c4ca0 .functor AND 1, L_000002af6c8c4d80, L_000002af6c9bacb0, C4<1>, C4<1>;
L_000002af6c8c56b0 .functor NOT 1, L_000002af6c9bb7f0, C4<0>, C4<0>, C4<0>;
L_000002af6c8c4ed0 .functor NOT 1, L_000002af6c9bbd90, C4<0>, C4<0>, C4<0>;
L_000002af6c8c4d10 .functor AND 1, L_000002af6c8c56b0, L_000002af6c8c4ed0, C4<1>, C4<1>;
L_000002af6c8c4a00 .functor NOT 1, L_000002af6c9bc5b0, C4<0>, C4<0>, C4<0>;
L_000002af6c8c5790 .functor AND 1, L_000002af6c8c4d10, L_000002af6c8c4a00, C4<1>, C4<1>;
L_000002af6c8c4f40 .functor AND 1, L_000002af6c8c5790, L_000002af6c9bb570, C4<1>, C4<1>;
L_000002af6c8c4fb0 .functor NOT 1, L_000002af6c9bae90, C4<0>, C4<0>, C4<0>;
L_000002af6c8c5720 .functor NOT 1, L_000002af6c9bb750, C4<0>, C4<0>, C4<0>;
L_000002af6c8c5410 .functor AND 1, L_000002af6c8c4fb0, L_000002af6c8c5720, C4<1>, C4<1>;
L_000002af6c8c4b50 .functor NOT 1, L_000002af6c9bc650, C4<0>, C4<0>, C4<0>;
L_000002af6c8c5640 .functor AND 1, L_000002af6c8c5410, L_000002af6c8c4b50, C4<1>, C4<1>;
L_000002af6c8c5090 .functor AND 1, L_000002af6c8c5640, L_000002af6c9baad0, C4<1>, C4<1>;
L_000002af6c8c4920 .functor NOT 1, L_000002af6c9bb6b0, C4<0>, C4<0>, C4<0>;
L_000002af6c8c4990 .functor AND 1, L_000002af6c8c4920, L_000002af6c9bc6f0, C4<1>, C4<1>;
L_000002af6c8c4a70 .functor AND 1, L_000002af6c8c4990, L_000002af6c9bb430, C4<1>, C4<1>;
L_000002af6c8c5560 .functor AND 1, L_000002af6c8c4a70, L_000002af6c9bc470, C4<1>, C4<1>;
L_000002af6c8c4ae0 .functor NOT 1, L_000002af6c9bab70, C4<0>, C4<0>, C4<0>;
L_000002af6c8c5100 .functor AND 1, L_000002af6c9bbed0, L_000002af6c8c4ae0, C4<1>, C4<1>;
L_000002af6c8c4bc0 .functor NOT 1, L_000002af6c9bb9d0, C4<0>, C4<0>, C4<0>;
L_000002af6c8c4c30 .functor AND 1, L_000002af6c8c5100, L_000002af6c8c4bc0, C4<1>, C4<1>;
L_000002af6c8c5250 .functor NOT 1, L_000002af6c9bb4d0, C4<0>, C4<0>, C4<0>;
L_000002af6c8c4df0 .functor AND 1, L_000002af6c8c4c30, L_000002af6c8c5250, C4<1>, C4<1>;
L_000002af6c8c51e0 .functor OR 1, L_000002af6c8c5560, L_000002af6c8c4df0, C4<0>, C4<0>;
L_000002af6c8c52c0 .functor NOT 1, L_000002af6c9baf30, C4<0>, C4<0>, C4<0>;
L_000002af6c8c5330 .functor AND 1, L_000002af6c9bbcf0, L_000002af6c8c52c0, C4<1>, C4<1>;
L_000002af6c8c53a0 .functor NOT 1, L_000002af6c9ba490, C4<0>, C4<0>, C4<0>;
L_000002af6c8c54f0 .functor AND 1, L_000002af6c8c5330, L_000002af6c8c53a0, C4<1>, C4<1>;
L_000002af6c8a9390 .functor AND 1, L_000002af6c8c54f0, L_000002af6c9bb110, C4<1>, C4<1>;
L_000002af6c9c0380 .functor OR 1, L_000002af6c8c51e0, L_000002af6c8a9390, C4<0>, C4<0>;
L_000002af6c9c0150 .functor NOT 1, L_000002af6c9bc790, C4<0>, C4<0>, C4<0>;
L_000002af6c9bff90 .functor AND 1, L_000002af6c9baa30, L_000002af6c9c0150, C4<1>, C4<1>;
L_000002af6c9c04d0 .functor AND 1, L_000002af6c9bff90, L_000002af6c9bad50, C4<1>, C4<1>;
L_000002af6c9c0000 .functor NOT 1, L_000002af6c9bc010, C4<0>, C4<0>, C4<0>;
L_000002af6c9c05b0 .functor AND 1, L_000002af6c9c04d0, L_000002af6c9c0000, C4<1>, C4<1>;
L_000002af6c9bfc10 .functor OR 1, L_000002af6c9c0380, L_000002af6c9c05b0, C4<0>, C4<0>;
L_000002af6c9bfcf0 .functor NOT 1, L_000002af6c9badf0, C4<0>, C4<0>, C4<0>;
L_000002af6c9c01c0 .functor NOT 1, L_000002af6c9ba710, C4<0>, C4<0>, C4<0>;
L_000002af6c9c0540 .functor AND 1, L_000002af6c9bfcf0, L_000002af6c9c01c0, C4<1>, C4<1>;
L_000002af6c9bfc80 .functor AND 1, L_000002af6c9c0540, L_000002af6c9ba5d0, C4<1>, C4<1>;
L_000002af6c9bfd60 .functor AND 1, L_000002af6c9bfc80, L_000002af6c9bc8d0, C4<1>, C4<1>;
L_000002af6c9c0620 .functor NOT 1, L_000002af6c9bb250, C4<0>, C4<0>, C4<0>;
L_000002af6c9bf970 .functor AND 1, L_000002af6c9c0620, L_000002af6c9bc830, C4<1>, C4<1>;
L_000002af6c9c0070 .functor NOT 1, L_000002af6c9ba850, C4<0>, C4<0>, C4<0>;
L_000002af6c9bfe40 .functor AND 1, L_000002af6c9bf970, L_000002af6c9c0070, C4<1>, C4<1>;
L_000002af6c9bfba0 .functor NOT 1, L_000002af6c9bb1b0, C4<0>, C4<0>, C4<0>;
L_000002af6c9c0690 .functor AND 1, L_000002af6c9bfe40, L_000002af6c9bfba0, C4<1>, C4<1>;
L_000002af6c9c07e0 .functor OR 1, L_000002af6c9bfd60, L_000002af6c9c0690, C4<0>, C4<0>;
L_000002af6c9bf9e0 .functor NOT 1, L_000002af6c9ba170, C4<0>, C4<0>, C4<0>;
L_000002af6c9c00e0 .functor AND 1, L_000002af6c9bf9e0, L_000002af6c9ba530, C4<1>, C4<1>;
L_000002af6c9bfdd0 .functor NOT 1, L_000002af6c9ba210, C4<0>, C4<0>, C4<0>;
L_000002af6c9c0850 .functor AND 1, L_000002af6c9c00e0, L_000002af6c9bfdd0, C4<1>, C4<1>;
L_000002af6c9c0700 .functor AND 1, L_000002af6c9c0850, L_000002af6c9ba3f0, C4<1>, C4<1>;
L_000002af6c9bfa50 .functor OR 1, L_000002af6c9c07e0, L_000002af6c9c0700, C4<0>, C4<0>;
L_000002af6c9c0230 .functor NOT 1, L_000002af6c9ba8f0, C4<0>, C4<0>, C4<0>;
L_000002af6c9c02a0 .functor AND 1, L_000002af6c9c0230, L_000002af6c9bafd0, C4<1>, C4<1>;
L_000002af6c9bfeb0 .functor AND 1, L_000002af6c9c02a0, L_000002af6c9ba670, C4<1>, C4<1>;
L_000002af6c9bfac0 .functor NOT 1, L_000002af6c9bb2f0, C4<0>, C4<0>, C4<0>;
L_000002af6c9bff20 .functor AND 1, L_000002af6c9bfeb0, L_000002af6c9bfac0, C4<1>, C4<1>;
L_000002af6c9c0770 .functor OR 1, L_000002af6c9bfa50, L_000002af6c9bff20, C4<0>, C4<0>;
L_000002af6c9c03f0 .functor NOT 1, L_000002af6c9bb390, C4<0>, C4<0>, C4<0>;
L_000002af6c9c0310 .functor NOT 1, L_000002af6c9bc1f0, C4<0>, C4<0>, C4<0>;
L_000002af6c9c0460 .functor AND 1, L_000002af6c9c03f0, L_000002af6c9c0310, C4<1>, C4<1>;
L_000002af6c9bfb30 .functor AND 1, L_000002af6c9c0460, L_000002af6c9bac10, C4<1>, C4<1>;
L_000002af6c9c54f0 .functor NOT 1, L_000002af6c9bb610, C4<0>, C4<0>, C4<0>;
L_000002af6c9c4d80 .functor AND 1, L_000002af6c9bfb30, L_000002af6c9c54f0, C4<1>, C4<1>;
L_000002af6c9c4df0 .functor NOT 1, L_000002af6c9bc0b0, C4<0>, C4<0>, C4<0>;
L_000002af6c9c5870 .functor AND 1, L_000002af6c9c4d80, L_000002af6c9c4df0, C4<1>, C4<1>;
L_000002af6c9c55d0 .functor NOT 1, L_000002af6c9bb890, C4<0>, C4<0>, C4<0>;
L_000002af6c9c4990 .functor NOT 1, L_000002af6c9bc150, C4<0>, C4<0>, C4<0>;
L_000002af6c9c5480 .functor AND 1, L_000002af6c9c55d0, L_000002af6c9c4990, C4<1>, C4<1>;
L_000002af6c9c53a0 .functor AND 1, L_000002af6c9c5480, L_000002af6c9bc290, C4<1>, C4<1>;
L_000002af6c9c4a00 .functor AND 1, L_000002af6c9c53a0, L_000002af6c9bc510, C4<1>, C4<1>;
L_000002af6c9c4b50 .functor OR 1, L_000002af6c9c5870, L_000002af6c9c4a00, C4<0>, C4<0>;
L_000002af6c9c5170 .functor NOT 1, L_000002af6c9bb930, C4<0>, C4<0>, C4<0>;
L_000002af6c9c5800 .functor AND 1, L_000002af6c9c5170, L_000002af6c9ba2b0, C4<1>, C4<1>;
L_000002af6c9c4a70 .functor NOT 1, L_000002af6c9bc330, C4<0>, C4<0>, C4<0>;
L_000002af6c9c4ae0 .functor AND 1, L_000002af6c9c5800, L_000002af6c9c4a70, C4<1>, C4<1>;
L_000002af6c9c5100 .functor NOT 1, L_000002af6c9ba350, C4<0>, C4<0>, C4<0>;
L_000002af6c9c4e60 .functor AND 1, L_000002af6c9c4ae0, L_000002af6c9c5100, C4<1>, C4<1>;
L_000002af6c9c5560 .functor OR 1, L_000002af6c9c4b50, L_000002af6c9c4e60, C4<0>, C4<0>;
L_000002af6c9c51e0 .functor NOT 1, L_000002af6c9bdeb0, C4<0>, C4<0>, C4<0>;
L_000002af6c9c5410 .functor AND 1, L_000002af6c9c51e0, L_000002af6c9bee50, C4<1>, C4<1>;
L_000002af6c9c4ed0 .functor NOT 1, L_000002af6c9bdff0, C4<0>, C4<0>, C4<0>;
L_000002af6c9c5640 .functor AND 1, L_000002af6c9c5410, L_000002af6c9c4ed0, C4<1>, C4<1>;
L_000002af6c9c4bc0 .functor AND 1, L_000002af6c9c5640, L_000002af6c9bdcd0, C4<1>, C4<1>;
L_000002af6c9c4f40 .functor OR 1, L_000002af6c9c5560, L_000002af6c9c4bc0, C4<0>, C4<0>;
L_000002af6c9c4c30 .functor NOT 1, L_000002af6c9be770, C4<0>, C4<0>, C4<0>;
L_000002af6c9c5250 .functor NOT 1, L_000002af6c9bcd30, C4<0>, C4<0>, C4<0>;
L_000002af6c9c52c0 .functor AND 1, L_000002af6c9c4c30, L_000002af6c9c5250, C4<1>, C4<1>;
L_000002af6c9c4d10 .functor AND 1, L_000002af6c9c52c0, L_000002af6c9bd2d0, C4<1>, C4<1>;
L_000002af6c9c4fb0 .functor NOT 1, L_000002af6c9bd230, C4<0>, C4<0>, C4<0>;
L_000002af6c9c4ca0 .functor AND 1, L_000002af6c9c4d10, L_000002af6c9c4fb0, C4<1>, C4<1>;
L_000002af6c9c5020 .functor AND 1, L_000002af6c9c4ca0, L_000002af6c9bd730, C4<1>, C4<1>;
L_000002af6c9c5090 .functor NOT 1, L_000002af6c9be270, C4<0>, C4<0>, C4<0>;
L_000002af6c9c5330 .functor NOT 1, L_000002af6c9bd370, C4<0>, C4<0>, C4<0>;
L_000002af6c9c56b0 .functor AND 1, L_000002af6c9c5090, L_000002af6c9c5330, C4<1>, C4<1>;
L_000002af6c9c5720 .functor AND 1, L_000002af6c9c56b0, L_000002af6c9be450, C4<1>, C4<1>;
L_000002af6c9c5790 .functor AND 1, L_000002af6c9c5720, L_000002af6c9beef0, C4<1>, C4<1>;
L_000002af6c9c63b0 .functor NOT 1, L_000002af6c9bdd70, C4<0>, C4<0>, C4<0>;
L_000002af6c9c66c0 .functor AND 1, L_000002af6c9c5790, L_000002af6c9c63b0, C4<1>, C4<1>;
L_000002af6c9c65e0 .functor OR 1, L_000002af6c9c5020, L_000002af6c9c66c0, C4<0>, C4<0>;
L_000002af6c9c5ee0 .functor AND 1, L_000002af6c9bcdd0, L_000002af6c9bd4b0, C4<1>, C4<1>;
L_000002af6c9c6030 .functor NOT 1, L_000002af6c9bd5f0, C4<0>, C4<0>, C4<0>;
L_000002af6c9c5d90 .functor AND 1, L_000002af6c9c5ee0, L_000002af6c9c6030, C4<1>, C4<1>;
L_000002af6c9c61f0 .functor NOT 1, L_000002af6c9bcb50, C4<0>, C4<0>, C4<0>;
L_000002af6c9c6650 .functor AND 1, L_000002af6c9c5d90, L_000002af6c9c61f0, C4<1>, C4<1>;
L_000002af6c9c73e0 .functor OR 1, L_000002af6c9c65e0, L_000002af6c9c6650, C4<0>, C4<0>;
L_000002af6c9c70d0 .functor NOT 1, L_000002af6c9be590, C4<0>, C4<0>, C4<0>;
L_000002af6c9c6ff0 .functor AND 1, L_000002af6c9bd410, L_000002af6c9c70d0, C4<1>, C4<1>;
L_000002af6c9c6500 .functor NOT 1, L_000002af6c9bc970, C4<0>, C4<0>, C4<0>;
L_000002af6c9c6dc0 .functor AND 1, L_000002af6c9c6ff0, L_000002af6c9c6500, C4<1>, C4<1>;
L_000002af6c9c62d0 .functor NOT 1, L_000002af6c9bd690, C4<0>, C4<0>, C4<0>;
L_000002af6c9c5b60 .functor AND 1, L_000002af6c9c6dc0, L_000002af6c9c62d0, C4<1>, C4<1>;
L_000002af6c9c7140 .functor OR 1, L_000002af6c9c73e0, L_000002af6c9c5b60, C4<0>, C4<0>;
L_000002af6c9c6a40 .functor NOT 1, L_000002af6c9bef90, C4<0>, C4<0>, C4<0>;
L_000002af6c9c7530 .functor AND 1, L_000002af6c9c6a40, L_000002af6c9bec70, C4<1>, C4<1>;
L_000002af6c9c6960 .functor NOT 1, L_000002af6c9be4f0, C4<0>, C4<0>, C4<0>;
L_000002af6c9c7290 .functor AND 1, L_000002af6c9c7530, L_000002af6c9c6960, C4<1>, C4<1>;
L_000002af6c9c69d0 .functor NOT 1, L_000002af6c9bcbf0, C4<0>, C4<0>, C4<0>;
L_000002af6c9c74c0 .functor AND 1, L_000002af6c9c7290, L_000002af6c9c69d0, C4<1>, C4<1>;
L_000002af6c9c6c70 .functor NOT 1, L_000002af6c9bebd0, C4<0>, C4<0>, C4<0>;
L_000002af6c9c6ea0 .functor AND 1, L_000002af6c9c74c0, L_000002af6c9c6c70, C4<1>, C4<1>;
L_000002af6c9c6730 .functor OR 1, L_000002af6c9c7140, L_000002af6c9c6ea0, C4<0>, C4<0>;
L_000002af6c9c7450 .functor AND 1, L_000002af6c9bca10, L_000002af6c9bd550, C4<1>, C4<1>;
L_000002af6c9c67a0 .functor NOT 1, L_000002af6c9bcf10, C4<0>, C4<0>, C4<0>;
L_000002af6c9c5c40 .functor AND 1, L_000002af6c9c7450, L_000002af6c9c67a0, C4<1>, C4<1>;
L_000002af6c9c5cb0 .functor AND 1, L_000002af6c9c5c40, L_000002af6c9be630, C4<1>, C4<1>;
L_000002af6c9c60a0 .functor OR 1, L_000002af6c9c6730, L_000002af6c9c5cb0, C4<0>, C4<0>;
L_000002af6c9c71b0 .functor NOT 1, L_000002af6c9bf030, C4<0>, C4<0>, C4<0>;
L_000002af6c9c7220 .functor AND 1, L_000002af6c9bd7d0, L_000002af6c9c71b0, C4<1>, C4<1>;
L_000002af6c9c6810 .functor NOT 1, L_000002af6c9be810, C4<0>, C4<0>, C4<0>;
L_000002af6c9c6180 .functor AND 1, L_000002af6c9c7220, L_000002af6c9c6810, C4<1>, C4<1>;
L_000002af6c9c5f50 .functor AND 1, L_000002af6c9c6180, L_000002af6c9bd870, C4<1>, C4<1>;
L_000002af6c9c6260 .functor OR 1, L_000002af6c9c60a0, L_000002af6c9c5f50, C4<0>, C4<0>;
L_000002af6c9c5e00 .functor NOT 1, L_000002af6c9bce70, C4<0>, C4<0>, C4<0>;
L_000002af6c9c6c00 .functor AND 1, L_000002af6c9c5e00, L_000002af6c9bd910, C4<1>, C4<1>;
L_000002af6c9c6880 .functor NOT 1, L_000002af6c9bea90, C4<0>, C4<0>, C4<0>;
L_000002af6c9c5d20 .functor AND 1, L_000002af6c9c6c00, L_000002af6c9c6880, C4<1>, C4<1>;
L_000002af6c9c5bd0 .functor AND 1, L_000002af6c9c5d20, L_000002af6c9be130, C4<1>, C4<1>;
L_000002af6c9c6ce0 .functor NOT 1, L_000002af6c9be310, C4<0>, C4<0>, C4<0>;
L_000002af6c9c68f0 .functor AND 1, L_000002af6c9c5bd0, L_000002af6c9c6ce0, C4<1>, C4<1>;
L_000002af6c9c5e70 .functor OR 1, L_000002af6c9c6260, L_000002af6c9c68f0, C4<0>, C4<0>;
L_000002af6c9c5fc0 .functor AND 1, L_000002af6c9bf0d0, L_000002af6c9bdf50, C4<1>, C4<1>;
L_000002af6c9c6420 .functor AND 1, L_000002af6c9c5fc0, L_000002af6c9bcab0, C4<1>, C4<1>;
L_000002af6c9c6f10 .functor NOT 1, L_000002af6c9be090, C4<0>, C4<0>, C4<0>;
L_000002af6c9c7300 .functor AND 1, L_000002af6c9c6420, L_000002af6c9c6f10, C4<1>, C4<1>;
L_000002af6c9c6340 .functor OR 1, L_000002af6c9c5e70, L_000002af6c9c7300, C4<0>, C4<0>;
L_000002af6c9c6110 .functor NOT 1, L_000002af6c9bd9b0, C4<0>, C4<0>, C4<0>;
L_000002af6c9c6490 .functor AND 1, L_000002af6c9bd190, L_000002af6c9c6110, C4<1>, C4<1>;
L_000002af6c9c6570 .functor AND 1, L_000002af6c9c6490, L_000002af6c9bcc90, C4<1>, C4<1>;
L_000002af6c9c6ab0 .functor NOT 1, L_000002af6c9bcfb0, C4<0>, C4<0>, C4<0>;
L_000002af6c9c6b20 .functor AND 1, L_000002af6c9c6570, L_000002af6c9c6ab0, C4<1>, C4<1>;
L_000002af6c9c6d50 .functor OR 1, L_000002af6c9c6340, L_000002af6c9c6b20, C4<0>, C4<0>;
L_000002af6c9c6b90 .functor NOT 1, L_000002af6c9be8b0, C4<0>, C4<0>, C4<0>;
L_000002af6c9c6e30 .functor NOT 1, L_000002af6c9bd050, C4<0>, C4<0>, C4<0>;
L_000002af6c9c6f80 .functor AND 1, L_000002af6c9c6b90, L_000002af6c9c6e30, C4<1>, C4<1>;
L_000002af6c9c7060 .functor NOT 1, L_000002af6c9bda50, C4<0>, C4<0>, C4<0>;
L_000002af6c9c7370 .functor AND 1, L_000002af6c9c6f80, L_000002af6c9c7060, C4<1>, C4<1>;
L_000002af6c9c59a0 .functor AND 1, L_000002af6c9c7370, L_000002af6c9beb30, C4<1>, C4<1>;
L_000002af6c9c5af0 .functor NOT 1, L_000002af6c9be1d0, C4<0>, C4<0>, C4<0>;
L_000002af6c9c5a10 .functor NOT 1, L_000002af6c9bd0f0, C4<0>, C4<0>, C4<0>;
L_000002af6c9c5a80 .functor AND 1, L_000002af6c9c5af0, L_000002af6c9c5a10, C4<1>, C4<1>;
L_000002af6c9c76f0 .functor AND 1, L_000002af6c9c5a80, L_000002af6c9bedb0, C4<1>, C4<1>;
L_000002af6c9c78b0 .functor NOT 1, L_000002af6c9be3b0, C4<0>, C4<0>, C4<0>;
L_000002af6c9c75a0 .functor AND 1, L_000002af6c9c76f0, L_000002af6c9c78b0, C4<1>, C4<1>;
L_000002af6c9c7760 .functor OR 1, L_000002af6c9c59a0, L_000002af6c9c75a0, C4<0>, C4<0>;
L_000002af6c9c7680 .functor NOT 1, L_000002af6c9bdb90, C4<0>, C4<0>, C4<0>;
L_000002af6c9c7610 .functor AND 1, L_000002af6c9bdaf0, L_000002af6c9c7680, C4<1>, C4<1>;
L_000002af6c9c77d0 .functor AND 1, L_000002af6c9c7610, L_000002af6c9be950, C4<1>, C4<1>;
L_000002af6c9c7840 .functor AND 1, L_000002af6c9c77d0, L_000002af6c9bdc30, C4<1>, C4<1>;
L_000002af6c9cc290 .functor OR 1, L_000002af6c9c7760, L_000002af6c9c7840, C4<0>, C4<0>;
L_000002af6c9cc5a0 .functor NOT 1, L_000002af6c9be6d0, C4<0>, C4<0>, C4<0>;
L_000002af6c9cc680 .functor AND 1, L_000002af6c9cc5a0, L_000002af6c9bed10, C4<1>, C4<1>;
L_000002af6c9cd790 .functor AND 1, L_000002af6c9cc680, L_000002af6c9be9f0, C4<1>, C4<1>;
L_000002af6c9ccd10 .functor AND 1, L_000002af6c9cd790, L_000002af6c9bde10, C4<1>, C4<1>;
L_000002af6c9cd480 .functor OR 1, L_000002af6c9cc290, L_000002af6c9ccd10, C4<0>, C4<0>;
L_000002af6c9cd170 .functor NOT 1, L_000002af6c9bf7b0, C4<0>, C4<0>, C4<0>;
L_000002af6c9cc450 .functor AND 1, L_000002af6c9cd170, L_000002af6c9bf3f0, C4<1>, C4<1>;
L_000002af6c9cc140 .functor NOT 1, L_000002af6c9bf210, C4<0>, C4<0>, C4<0>;
L_000002af6c9cd1e0 .functor AND 1, L_000002af6c9cc450, L_000002af6c9cc140, C4<1>, C4<1>;
L_000002af6c9cca00 .functor AND 1, L_000002af6c9cd1e0, L_000002af6c9bf530, C4<1>, C4<1>;
L_000002af6c9ccdf0 .functor OR 1, L_000002af6c9cd480, L_000002af6c9cca00, C4<0>, C4<0>;
L_000002af6c9cce60 .functor AND 1, L_000002af6c9bf2b0, L_000002af6c9bf350, C4<1>, C4<1>;
L_000002af6c9ccfb0 .functor AND 1, L_000002af6c9cce60, L_000002af6c9bf490, C4<1>, C4<1>;
L_000002af6c9cd410 .functor NOT 1, L_000002af6c9bf5d0, C4<0>, C4<0>, C4<0>;
L_000002af6c9cced0 .functor AND 1, L_000002af6c9ccfb0, L_000002af6c9cd410, C4<1>, C4<1>;
L_000002af6c9cd6b0 .functor OR 1, L_000002af6c9ccdf0, L_000002af6c9cced0, C4<0>, C4<0>;
L_000002af6c9cc920 .functor NOT 1, L_000002af6c9bf710, C4<0>, C4<0>, C4<0>;
L_000002af6c9cd4f0 .functor AND 1, L_000002af6c9bf670, L_000002af6c9cc920, C4<1>, C4<1>;
L_000002af6c9ccf40 .functor AND 1, L_000002af6c9cd4f0, L_000002af6c9bf850, C4<1>, C4<1>;
L_000002af6c9cbf80 .functor NOT 1, L_000002af6c9bf170, C4<0>, C4<0>, C4<0>;
L_000002af6c9cc8b0 .functor AND 1, L_000002af6c9ccf40, L_000002af6c9cbf80, C4<1>, C4<1>;
L_000002af6c9cc610 .functor OR 1, L_000002af6c9cd6b0, L_000002af6c9cc8b0, C4<0>, C4<0>;
L_000002af6c9cd9c0 .functor NOT 1, L_000002af6c9b8eb0, C4<0>, C4<0>, C4<0>;
L_000002af6c9ccd80 .functor NOT 1, L_000002af6c9b89b0, C4<0>, C4<0>, C4<0>;
L_000002af6c9cd250 .functor AND 1, L_000002af6c9cd9c0, L_000002af6c9ccd80, C4<1>, C4<1>;
L_000002af6c9cbff0 .functor NOT 1, L_000002af6c9b8690, C4<0>, C4<0>, C4<0>;
L_000002af6c9cd800 .functor AND 1, L_000002af6c9cd250, L_000002af6c9cbff0, C4<1>, C4<1>;
L_000002af6c9cd020 .functor NOT 1, L_000002af6c9b9d10, C4<0>, C4<0>, C4<0>;
L_000002af6c9cc990 .functor AND 1, L_000002af6c9cd800, L_000002af6c9cd020, C4<1>, C4<1>;
L_000002af6c9cdaa0 .functor AND 1, L_000002af6c9cc990, v000002af6c9bbb10_0, C4<1>, C4<1>;
L_000002af6c9cd090 .functor NOT 1, L_000002af6c9b9450, C4<0>, C4<0>, C4<0>;
L_000002af6c9cd2c0 .functor NOT 1, L_000002af6c9b8f50, C4<0>, C4<0>, C4<0>;
L_000002af6c9ccbc0 .functor AND 1, L_000002af6c9cd090, L_000002af6c9cd2c0, C4<1>, C4<1>;
L_000002af6c9cc060 .functor AND 1, L_000002af6c9ccbc0, L_000002af6c9ba030, C4<1>, C4<1>;
L_000002af6c9cc530 .functor NOT 1, L_000002af6c9b94f0, C4<0>, C4<0>, C4<0>;
L_000002af6c9cc220 .functor AND 1, L_000002af6c9cc060, L_000002af6c9cc530, C4<1>, C4<1>;
L_000002af6c9cd100 .functor OR 1, L_000002af6c9cdaa0, L_000002af6c9cc220, C4<0>, C4<0>;
L_000002af6c9cda30 .functor NOT 1, L_000002af6c9b9ef0, C4<0>, C4<0>, C4<0>;
L_000002af6c9cd330 .functor AND 1, L_000002af6c9b84b0, L_000002af6c9cda30, C4<1>, C4<1>;
L_000002af6c9ccc30 .functor AND 1, L_000002af6c9cd330, L_000002af6c9b9f90, C4<1>, C4<1>;
L_000002af6c9cd720 .functor AND 1, L_000002af6c9ccc30, L_000002af6c9b7d30, C4<1>, C4<1>;
L_000002af6c9cd3a0 .functor OR 1, L_000002af6c9cd100, L_000002af6c9cd720, C4<0>, C4<0>;
L_000002af6c9cd870 .functor NOT 1, L_000002af6c9b9e50, C4<0>, C4<0>, C4<0>;
L_000002af6c9cc0d0 .functor AND 1, L_000002af6c9cd870, L_000002af6c9b9c70, C4<1>, C4<1>;
L_000002af6c9ccca0 .functor AND 1, L_000002af6c9cc0d0, L_000002af6c9b8d70, C4<1>, C4<1>;
L_000002af6c9cc840 .functor AND 1, L_000002af6c9ccca0, L_000002af6c9b8cd0, C4<1>, C4<1>;
L_000002af6c9cca70 .functor OR 1, L_000002af6c9cd3a0, L_000002af6c9cc840, C4<0>, C4<0>;
L_000002af6c9cd8e0 .functor NOT 1, L_000002af6c9b9810, C4<0>, C4<0>, C4<0>;
L_000002af6c9cc300 .functor AND 1, L_000002af6c9cd8e0, L_000002af6c9b9630, C4<1>, C4<1>;
L_000002af6c9cd560 .functor NOT 1, L_000002af6c9ba0d0, C4<0>, C4<0>, C4<0>;
L_000002af6c9cd5d0 .functor AND 1, L_000002af6c9cc300, L_000002af6c9cd560, C4<1>, C4<1>;
L_000002af6c9cd640 .functor NOT 1, L_000002af6c9b87d0, C4<0>, C4<0>, C4<0>;
L_000002af6c9cd950 .functor AND 1, L_000002af6c9cd5d0, L_000002af6c9cd640, C4<1>, C4<1>;
L_000002af6c9cbf10 .functor OR 1, L_000002af6c9cca70, L_000002af6c9cd950, C4<0>, C4<0>;
L_000002af6c9ccae0 .functor AND 1, L_000002af6c9b8550, L_000002af6c9b80f0, C4<1>, C4<1>;
L_000002af6c9cc1b0 .functor NOT 1, L_000002af6c9b82d0, C4<0>, C4<0>, C4<0>;
L_000002af6c9cc370 .functor AND 1, L_000002af6c9ccae0, L_000002af6c9cc1b0, C4<1>, C4<1>;
L_000002af6c9cc3e0 .functor AND 1, L_000002af6c9cc370, L_000002af6c9b85f0, C4<1>, C4<1>;
L_000002af6c9cc4c0 .functor OR 1, L_000002af6c9cbf10, L_000002af6c9cc3e0, C4<0>, C4<0>;
L_000002af6c9cc6f0 .functor NOT 1, L_000002af6c9b8370, C4<0>, C4<0>, C4<0>;
L_000002af6c9cc760 .functor AND 1, L_000002af6c9b7970, L_000002af6c9cc6f0, C4<1>, C4<1>;
L_000002af6c9cc7d0 .functor NOT 1, L_000002af6c9b7a10, C4<0>, C4<0>, C4<0>;
L_000002af6c9ccb50 .functor AND 1, L_000002af6c9cc760, L_000002af6c9cc7d0, C4<1>, C4<1>;
L_000002af6c9cdbf0 .functor AND 1, L_000002af6c9ccb50, L_000002af6c9b7b50, C4<1>, C4<1>;
L_000002af6c9cdc60 .functor OR 1, L_000002af6c9cc4c0, L_000002af6c9cdbf0, C4<0>, C4<0>;
L_000002af6c9cdb10 .functor NOT 1, L_000002af6c9b9db0, C4<0>, C4<0>, C4<0>;
L_000002af6c9cdd40 .functor AND 1, L_000002af6c9cdb10, L_000002af6c9b7ab0, C4<1>, C4<1>;
L_000002af6c9cde20 .functor AND 1, L_000002af6c9cdd40, L_000002af6c9b7bf0, C4<1>, C4<1>;
L_000002af6c9cddb0 .functor NOT 1, L_000002af6c9b8730, C4<0>, C4<0>, C4<0>;
L_000002af6c9cdb80 .functor AND 1, L_000002af6c9cde20, L_000002af6c9cddb0, C4<1>, C4<1>;
v000002af6c8bc000_0 .net *"_ivl_1", 0 0, L_000002af6c9ba7b0;  1 drivers
v000002af6c8bbba0_0 .net *"_ivl_101", 0 0, L_000002af6c9baf30;  1 drivers
v000002af6c8bc3c0_0 .net *"_ivl_102", 0 0, L_000002af6c8c52c0;  1 drivers
v000002af6c8bb920_0 .net *"_ivl_104", 0 0, L_000002af6c8c5330;  1 drivers
v000002af6c8bca00_0 .net *"_ivl_107", 0 0, L_000002af6c9ba490;  1 drivers
v000002af6c8bc6e0_0 .net *"_ivl_108", 0 0, L_000002af6c8c53a0;  1 drivers
v000002af6c8bb560_0 .net *"_ivl_11", 0 0, L_000002af6c9bbf70;  1 drivers
v000002af6c8bb2e0_0 .net *"_ivl_110", 0 0, L_000002af6c8c54f0;  1 drivers
v000002af6c8bb600_0 .net *"_ivl_113", 0 0, L_000002af6c9bb110;  1 drivers
v000002af6c8bb380_0 .net *"_ivl_114", 0 0, L_000002af6c8a9390;  1 drivers
v000002af6c8bc460_0 .net *"_ivl_116", 0 0, L_000002af6c9c0380;  1 drivers
v000002af6c8bb6a0_0 .net *"_ivl_119", 0 0, L_000002af6c9baa30;  1 drivers
v000002af6c8bc8c0_0 .net *"_ivl_12", 0 0, L_000002af6c8c55d0;  1 drivers
v000002af6c8bc0a0_0 .net *"_ivl_121", 0 0, L_000002af6c9bc790;  1 drivers
v000002af6c8bb7e0_0 .net *"_ivl_122", 0 0, L_000002af6c9c0150;  1 drivers
v000002af6c8bb880_0 .net *"_ivl_124", 0 0, L_000002af6c9bff90;  1 drivers
v000002af6c8bc820_0 .net *"_ivl_127", 0 0, L_000002af6c9bad50;  1 drivers
v000002af6c8bade0_0 .net *"_ivl_128", 0 0, L_000002af6c9c04d0;  1 drivers
v000002af6c8bbce0_0 .net *"_ivl_131", 0 0, L_000002af6c9bc010;  1 drivers
v000002af6c8baf20_0 .net *"_ivl_132", 0 0, L_000002af6c9c0000;  1 drivers
v000002af6c8bbe20_0 .net *"_ivl_134", 0 0, L_000002af6c9c05b0;  1 drivers
v000002af6c8bb060_0 .net *"_ivl_139", 0 0, L_000002af6c9badf0;  1 drivers
v000002af6c8bc280_0 .net *"_ivl_14", 0 0, L_000002af6c8c4d80;  1 drivers
v000002af6c8bc500_0 .net *"_ivl_140", 0 0, L_000002af6c9bfcf0;  1 drivers
v000002af6c8bc5a0_0 .net *"_ivl_143", 0 0, L_000002af6c9ba710;  1 drivers
v000002af6c8bafc0_0 .net *"_ivl_144", 0 0, L_000002af6c9c01c0;  1 drivers
v000002af6c8bc960_0 .net *"_ivl_146", 0 0, L_000002af6c9c0540;  1 drivers
v000002af6c8bac00_0 .net *"_ivl_149", 0 0, L_000002af6c9ba5d0;  1 drivers
v000002af6c8baca0_0 .net *"_ivl_150", 0 0, L_000002af6c9bfc80;  1 drivers
v000002af6c8ec130_0 .net *"_ivl_153", 0 0, L_000002af6c9bc8d0;  1 drivers
v000002af6c8ecc70_0 .net *"_ivl_154", 0 0, L_000002af6c9bfd60;  1 drivers
v000002af6c8ec9f0_0 .net *"_ivl_157", 0 0, L_000002af6c9bb250;  1 drivers
v000002af6c8ec1d0_0 .net *"_ivl_158", 0 0, L_000002af6c9c0620;  1 drivers
v000002af6c8ec590_0 .net *"_ivl_161", 0 0, L_000002af6c9bc830;  1 drivers
v000002af6c8ec270_0 .net *"_ivl_162", 0 0, L_000002af6c9bf970;  1 drivers
v000002af6c8ecd10_0 .net *"_ivl_165", 0 0, L_000002af6c9ba850;  1 drivers
v000002af6c8eb9b0_0 .net *"_ivl_166", 0 0, L_000002af6c9c0070;  1 drivers
v000002af6c8ec6d0_0 .net *"_ivl_168", 0 0, L_000002af6c9bfe40;  1 drivers
v000002af6c8ecef0_0 .net *"_ivl_17", 0 0, L_000002af6c9bacb0;  1 drivers
v000002af6c8ec770_0 .net *"_ivl_171", 0 0, L_000002af6c9bb1b0;  1 drivers
v000002af6c8eba50_0 .net *"_ivl_172", 0 0, L_000002af6c9bfba0;  1 drivers
v000002af6c8ece50_0 .net *"_ivl_174", 0 0, L_000002af6c9c0690;  1 drivers
v000002af6c8ebf50_0 .net *"_ivl_176", 0 0, L_000002af6c9c07e0;  1 drivers
v000002af6c8eb870_0 .net *"_ivl_179", 0 0, L_000002af6c9ba170;  1 drivers
v000002af6c8ec4f0_0 .net *"_ivl_180", 0 0, L_000002af6c9bf9e0;  1 drivers
v000002af6c8eb910_0 .net *"_ivl_183", 0 0, L_000002af6c9ba530;  1 drivers
v000002af6c8ec810_0 .net *"_ivl_184", 0 0, L_000002af6c9c00e0;  1 drivers
v000002af6c8ebaf0_0 .net *"_ivl_187", 0 0, L_000002af6c9ba210;  1 drivers
v000002af6c8ebff0_0 .net *"_ivl_188", 0 0, L_000002af6c9bfdd0;  1 drivers
v000002af6c8ec450_0 .net *"_ivl_190", 0 0, L_000002af6c9c0850;  1 drivers
v000002af6c8ebcd0_0 .net *"_ivl_193", 0 0, L_000002af6c9ba3f0;  1 drivers
v000002af6c8ec310_0 .net *"_ivl_194", 0 0, L_000002af6c9c0700;  1 drivers
v000002af6c8ebb90_0 .net *"_ivl_196", 0 0, L_000002af6c9bfa50;  1 drivers
v000002af6c8ec3b0_0 .net *"_ivl_199", 0 0, L_000002af6c9ba8f0;  1 drivers
v000002af6c8ebeb0_0 .net *"_ivl_2", 0 0, L_000002af6c8c5170;  1 drivers
v000002af6c8ec630_0 .net *"_ivl_200", 0 0, L_000002af6c9c0230;  1 drivers
v000002af6c8ec8b0_0 .net *"_ivl_203", 0 0, L_000002af6c9bafd0;  1 drivers
v000002af6c8ec950_0 .net *"_ivl_204", 0 0, L_000002af6c9c02a0;  1 drivers
v000002af6c8eca90_0 .net *"_ivl_207", 0 0, L_000002af6c9ba670;  1 drivers
v000002af6c8ecb30_0 .net *"_ivl_208", 0 0, L_000002af6c9bfeb0;  1 drivers
v000002af6c8ebc30_0 .net *"_ivl_21", 0 0, L_000002af6c9bb7f0;  1 drivers
v000002af6c8ebe10_0 .net *"_ivl_211", 0 0, L_000002af6c9bb2f0;  1 drivers
v000002af6c8ec090_0 .net *"_ivl_212", 0 0, L_000002af6c9bfac0;  1 drivers
v000002af6c8ebd70_0 .net *"_ivl_214", 0 0, L_000002af6c9bff20;  1 drivers
v000002af6c8ecbd0_0 .net *"_ivl_22", 0 0, L_000002af6c8c56b0;  1 drivers
v000002af6c8ecdb0_0 .net *"_ivl_221", 0 0, L_000002af6c9bb390;  1 drivers
v000002af6c8eb5f0_0 .net *"_ivl_222", 0 0, L_000002af6c9c03f0;  1 drivers
v000002af6c8e9ed0_0 .net *"_ivl_225", 0 0, L_000002af6c9bc1f0;  1 drivers
v000002af6c8ea330_0 .net *"_ivl_226", 0 0, L_000002af6c9c0310;  1 drivers
v000002af6c8eae70_0 .net *"_ivl_228", 0 0, L_000002af6c9c0460;  1 drivers
v000002af6c8eb4b0_0 .net *"_ivl_231", 0 0, L_000002af6c9bac10;  1 drivers
v000002af6c8eb050_0 .net *"_ivl_232", 0 0, L_000002af6c9bfb30;  1 drivers
v000002af6c8e9bb0_0 .net *"_ivl_235", 0 0, L_000002af6c9bb610;  1 drivers
v000002af6c8eb370_0 .net *"_ivl_236", 0 0, L_000002af6c9c54f0;  1 drivers
v000002af6c8e9c50_0 .net *"_ivl_238", 0 0, L_000002af6c9c4d80;  1 drivers
v000002af6c8e99d0_0 .net *"_ivl_241", 0 0, L_000002af6c9bc0b0;  1 drivers
v000002af6c8e9d90_0 .net *"_ivl_242", 0 0, L_000002af6c9c4df0;  1 drivers
v000002af6c8ea6f0_0 .net *"_ivl_244", 0 0, L_000002af6c9c5870;  1 drivers
v000002af6c8eb550_0 .net *"_ivl_247", 0 0, L_000002af6c9bb890;  1 drivers
v000002af6c8ea8d0_0 .net *"_ivl_248", 0 0, L_000002af6c9c55d0;  1 drivers
v000002af6c8e9930_0 .net *"_ivl_25", 0 0, L_000002af6c9bbd90;  1 drivers
v000002af6c8e9750_0 .net *"_ivl_251", 0 0, L_000002af6c9bc150;  1 drivers
v000002af6c8ea830_0 .net *"_ivl_252", 0 0, L_000002af6c9c4990;  1 drivers
v000002af6c8e97f0_0 .net *"_ivl_254", 0 0, L_000002af6c9c5480;  1 drivers
v000002af6c8eac90_0 .net *"_ivl_257", 0 0, L_000002af6c9bc290;  1 drivers
v000002af6c8ea150_0 .net *"_ivl_258", 0 0, L_000002af6c9c53a0;  1 drivers
v000002af6c8eb0f0_0 .net *"_ivl_26", 0 0, L_000002af6c8c4ed0;  1 drivers
v000002af6c8eb690_0 .net *"_ivl_261", 0 0, L_000002af6c9bc510;  1 drivers
v000002af6c8eb190_0 .net *"_ivl_262", 0 0, L_000002af6c9c4a00;  1 drivers
v000002af6c8ea470_0 .net *"_ivl_264", 0 0, L_000002af6c9c4b50;  1 drivers
v000002af6c8ea010_0 .net *"_ivl_267", 0 0, L_000002af6c9bb930;  1 drivers
v000002af6c8ea790_0 .net *"_ivl_268", 0 0, L_000002af6c9c5170;  1 drivers
v000002af6c8e9e30_0 .net *"_ivl_271", 0 0, L_000002af6c9ba2b0;  1 drivers
v000002af6c8e9f70_0 .net *"_ivl_272", 0 0, L_000002af6c9c5800;  1 drivers
v000002af6c8eb410_0 .net *"_ivl_275", 0 0, L_000002af6c9bc330;  1 drivers
v000002af6c8eb230_0 .net *"_ivl_276", 0 0, L_000002af6c9c4a70;  1 drivers
v000002af6c8ea0b0_0 .net *"_ivl_278", 0 0, L_000002af6c9c4ae0;  1 drivers
v000002af6c8e9cf0_0 .net *"_ivl_28", 0 0, L_000002af6c8c4d10;  1 drivers
v000002af6c8e9250_0 .net *"_ivl_281", 0 0, L_000002af6c9ba350;  1 drivers
v000002af6c8e9110_0 .net *"_ivl_282", 0 0, L_000002af6c9c5100;  1 drivers
v000002af6c8ead30_0 .net *"_ivl_284", 0 0, L_000002af6c9c4e60;  1 drivers
v000002af6c8eab50_0 .net *"_ivl_286", 0 0, L_000002af6c9c5560;  1 drivers
v000002af6c8ea650_0 .net *"_ivl_289", 0 0, L_000002af6c9bdeb0;  1 drivers
v000002af6c8eb730_0 .net *"_ivl_290", 0 0, L_000002af6c9c51e0;  1 drivers
v000002af6c8ea290_0 .net *"_ivl_293", 0 0, L_000002af6c9bee50;  1 drivers
v000002af6c8ea3d0_0 .net *"_ivl_294", 0 0, L_000002af6c9c5410;  1 drivers
v000002af6c8eb7d0_0 .net *"_ivl_297", 0 0, L_000002af6c9bdff0;  1 drivers
v000002af6c8e96b0_0 .net *"_ivl_298", 0 0, L_000002af6c9c4ed0;  1 drivers
v000002af6c8ea970_0 .net *"_ivl_300", 0 0, L_000002af6c9c5640;  1 drivers
v000002af6c8eadd0_0 .net *"_ivl_303", 0 0, L_000002af6c9bdcd0;  1 drivers
v000002af6c8e9a70_0 .net *"_ivl_304", 0 0, L_000002af6c9c4bc0;  1 drivers
v000002af6c8ea510_0 .net *"_ivl_306", 0 0, L_000002af6c9c4f40;  1 drivers
v000002af6c8eaa10_0 .net *"_ivl_31", 0 0, L_000002af6c9bc5b0;  1 drivers
v000002af6c8ea1f0_0 .net *"_ivl_311", 0 0, L_000002af6c9be770;  1 drivers
v000002af6c8eb2d0_0 .net *"_ivl_312", 0 0, L_000002af6c9c4c30;  1 drivers
v000002af6c8e9070_0 .net *"_ivl_315", 0 0, L_000002af6c9bcd30;  1 drivers
v000002af6c8eaab0_0 .net *"_ivl_316", 0 0, L_000002af6c9c5250;  1 drivers
v000002af6c8eabf0_0 .net *"_ivl_318", 0 0, L_000002af6c9c52c0;  1 drivers
v000002af6c8e91b0_0 .net *"_ivl_32", 0 0, L_000002af6c8c4a00;  1 drivers
v000002af6c8ea5b0_0 .net *"_ivl_321", 0 0, L_000002af6c9bd2d0;  1 drivers
v000002af6c8e92f0_0 .net *"_ivl_322", 0 0, L_000002af6c9c4d10;  1 drivers
v000002af6c8eafb0_0 .net *"_ivl_325", 0 0, L_000002af6c9bd230;  1 drivers
v000002af6c8eaf10_0 .net *"_ivl_326", 0 0, L_000002af6c9c4fb0;  1 drivers
v000002af6c8e9390_0 .net *"_ivl_328", 0 0, L_000002af6c9c4ca0;  1 drivers
v000002af6c8e9430_0 .net *"_ivl_331", 0 0, L_000002af6c9bd730;  1 drivers
v000002af6c8e94d0_0 .net *"_ivl_332", 0 0, L_000002af6c9c5020;  1 drivers
v000002af6c8e9570_0 .net *"_ivl_335", 0 0, L_000002af6c9be270;  1 drivers
v000002af6c8e9610_0 .net *"_ivl_336", 0 0, L_000002af6c9c5090;  1 drivers
v000002af6c8e9890_0 .net *"_ivl_339", 0 0, L_000002af6c9bd370;  1 drivers
v000002af6c8e9b10_0 .net *"_ivl_34", 0 0, L_000002af6c8c5790;  1 drivers
v000002af6c9aae60_0 .net *"_ivl_340", 0 0, L_000002af6c9c5330;  1 drivers
v000002af6c9abd60_0 .net *"_ivl_342", 0 0, L_000002af6c9c56b0;  1 drivers
v000002af6c9aa640_0 .net *"_ivl_345", 0 0, L_000002af6c9be450;  1 drivers
v000002af6c9a9ec0_0 .net *"_ivl_346", 0 0, L_000002af6c9c5720;  1 drivers
v000002af6c9aaa00_0 .net *"_ivl_349", 0 0, L_000002af6c9beef0;  1 drivers
v000002af6c9a9ce0_0 .net *"_ivl_350", 0 0, L_000002af6c9c5790;  1 drivers
v000002af6c9abb80_0 .net *"_ivl_353", 0 0, L_000002af6c9bdd70;  1 drivers
v000002af6c9aa280_0 .net *"_ivl_354", 0 0, L_000002af6c9c63b0;  1 drivers
v000002af6c9a9ba0_0 .net *"_ivl_356", 0 0, L_000002af6c9c66c0;  1 drivers
v000002af6c9ab4a0_0 .net *"_ivl_358", 0 0, L_000002af6c9c65e0;  1 drivers
v000002af6c9ab2c0_0 .net *"_ivl_361", 0 0, L_000002af6c9bcdd0;  1 drivers
v000002af6c9aa3c0_0 .net *"_ivl_363", 0 0, L_000002af6c9bd4b0;  1 drivers
v000002af6c9abae0_0 .net *"_ivl_364", 0 0, L_000002af6c9c5ee0;  1 drivers
v000002af6c9ab0e0_0 .net *"_ivl_367", 0 0, L_000002af6c9bd5f0;  1 drivers
v000002af6c9a9c40_0 .net *"_ivl_368", 0 0, L_000002af6c9c6030;  1 drivers
v000002af6c9ab7c0_0 .net *"_ivl_37", 0 0, L_000002af6c9bb570;  1 drivers
v000002af6c9aa000_0 .net *"_ivl_370", 0 0, L_000002af6c9c5d90;  1 drivers
v000002af6c9aa460_0 .net *"_ivl_373", 0 0, L_000002af6c9bcb50;  1 drivers
v000002af6c9aac80_0 .net *"_ivl_374", 0 0, L_000002af6c9c61f0;  1 drivers
v000002af6c9abc20_0 .net *"_ivl_376", 0 0, L_000002af6c9c6650;  1 drivers
v000002af6c9ab5e0_0 .net *"_ivl_378", 0 0, L_000002af6c9c73e0;  1 drivers
v000002af6c9aa5a0_0 .net *"_ivl_381", 0 0, L_000002af6c9bd410;  1 drivers
v000002af6c9abea0_0 .net *"_ivl_383", 0 0, L_000002af6c9be590;  1 drivers
v000002af6c9aa960_0 .net *"_ivl_384", 0 0, L_000002af6c9c70d0;  1 drivers
v000002af6c9aaf00_0 .net *"_ivl_386", 0 0, L_000002af6c9c6ff0;  1 drivers
v000002af6c9aafa0_0 .net *"_ivl_389", 0 0, L_000002af6c9bc970;  1 drivers
v000002af6c9ab180_0 .net *"_ivl_390", 0 0, L_000002af6c9c6500;  1 drivers
v000002af6c9a9f60_0 .net *"_ivl_392", 0 0, L_000002af6c9c6dc0;  1 drivers
v000002af6c9aaaa0_0 .net *"_ivl_395", 0 0, L_000002af6c9bd690;  1 drivers
v000002af6c9abcc0_0 .net *"_ivl_396", 0 0, L_000002af6c9c62d0;  1 drivers
v000002af6c9abe00_0 .net *"_ivl_398", 0 0, L_000002af6c9c5b60;  1 drivers
v000002af6c9aa500_0 .net *"_ivl_400", 0 0, L_000002af6c9c7140;  1 drivers
v000002af6c9aa0a0_0 .net *"_ivl_403", 0 0, L_000002af6c9bef90;  1 drivers
v000002af6c9abf40_0 .net *"_ivl_404", 0 0, L_000002af6c9c6a40;  1 drivers
v000002af6c9ab040_0 .net *"_ivl_407", 0 0, L_000002af6c9bec70;  1 drivers
v000002af6c9ab220_0 .net *"_ivl_408", 0 0, L_000002af6c9c7530;  1 drivers
v000002af6c9aadc0_0 .net *"_ivl_41", 0 0, L_000002af6c9bae90;  1 drivers
v000002af6c9ab360_0 .net *"_ivl_411", 0 0, L_000002af6c9be4f0;  1 drivers
v000002af6c9aa6e0_0 .net *"_ivl_412", 0 0, L_000002af6c9c6960;  1 drivers
v000002af6c9aa140_0 .net *"_ivl_414", 0 0, L_000002af6c9c7290;  1 drivers
v000002af6c9ab400_0 .net *"_ivl_417", 0 0, L_000002af6c9bcbf0;  1 drivers
v000002af6c9aab40_0 .net *"_ivl_418", 0 0, L_000002af6c9c69d0;  1 drivers
v000002af6c9aabe0_0 .net *"_ivl_42", 0 0, L_000002af6c8c4fb0;  1 drivers
v000002af6c9abfe0_0 .net *"_ivl_420", 0 0, L_000002af6c9c74c0;  1 drivers
v000002af6c9aa1e0_0 .net *"_ivl_423", 0 0, L_000002af6c9bebd0;  1 drivers
v000002af6c9aa320_0 .net *"_ivl_424", 0 0, L_000002af6c9c6c70;  1 drivers
v000002af6c9ab860_0 .net *"_ivl_426", 0 0, L_000002af6c9c6ea0;  1 drivers
v000002af6c9a9a60_0 .net *"_ivl_428", 0 0, L_000002af6c9c6730;  1 drivers
v000002af6c9a9b00_0 .net *"_ivl_431", 0 0, L_000002af6c9bca10;  1 drivers
v000002af6c9aa780_0 .net *"_ivl_433", 0 0, L_000002af6c9bd550;  1 drivers
v000002af6c9ab540_0 .net *"_ivl_434", 0 0, L_000002af6c9c7450;  1 drivers
v000002af6c9ab680_0 .net *"_ivl_437", 0 0, L_000002af6c9bcf10;  1 drivers
v000002af6c9aa820_0 .net *"_ivl_438", 0 0, L_000002af6c9c67a0;  1 drivers
v000002af6c9ac080_0 .net *"_ivl_440", 0 0, L_000002af6c9c5c40;  1 drivers
v000002af6c9a9920_0 .net *"_ivl_443", 0 0, L_000002af6c9be630;  1 drivers
v000002af6c9a99c0_0 .net *"_ivl_444", 0 0, L_000002af6c9c5cb0;  1 drivers
v000002af6c9aba40_0 .net *"_ivl_446", 0 0, L_000002af6c9c60a0;  1 drivers
v000002af6c9ab900_0 .net *"_ivl_449", 0 0, L_000002af6c9bd7d0;  1 drivers
v000002af6c9aa8c0_0 .net *"_ivl_45", 0 0, L_000002af6c9bb750;  1 drivers
v000002af6c9a9d80_0 .net *"_ivl_451", 0 0, L_000002af6c9bf030;  1 drivers
v000002af6c9aad20_0 .net *"_ivl_452", 0 0, L_000002af6c9c71b0;  1 drivers
v000002af6c9ab720_0 .net *"_ivl_454", 0 0, L_000002af6c9c7220;  1 drivers
v000002af6c9a9e20_0 .net *"_ivl_457", 0 0, L_000002af6c9be810;  1 drivers
v000002af6c9ab9a0_0 .net *"_ivl_458", 0 0, L_000002af6c9c6810;  1 drivers
v000002af6c9ac120_0 .net *"_ivl_46", 0 0, L_000002af6c8c5720;  1 drivers
v000002af6c9ac440_0 .net *"_ivl_460", 0 0, L_000002af6c9c6180;  1 drivers
v000002af6c9ad660_0 .net *"_ivl_463", 0 0, L_000002af6c9bd870;  1 drivers
v000002af6c9ad5c0_0 .net *"_ivl_464", 0 0, L_000002af6c9c5f50;  1 drivers
v000002af6c9ad700_0 .net *"_ivl_466", 0 0, L_000002af6c9c6260;  1 drivers
v000002af6c9aca80_0 .net *"_ivl_469", 0 0, L_000002af6c9bce70;  1 drivers
v000002af6c9ad7a0_0 .net *"_ivl_470", 0 0, L_000002af6c9c5e00;  1 drivers
v000002af6c9ad340_0 .net *"_ivl_473", 0 0, L_000002af6c9bd910;  1 drivers
v000002af6c9acb20_0 .net *"_ivl_474", 0 0, L_000002af6c9c6c00;  1 drivers
v000002af6c9acee0_0 .net *"_ivl_477", 0 0, L_000002af6c9bea90;  1 drivers
v000002af6c9acbc0_0 .net *"_ivl_478", 0 0, L_000002af6c9c6880;  1 drivers
v000002af6c9ac1c0_0 .net *"_ivl_48", 0 0, L_000002af6c8c5410;  1 drivers
v000002af6c9ac3a0_0 .net *"_ivl_480", 0 0, L_000002af6c9c5d20;  1 drivers
v000002af6c9ad0c0_0 .net *"_ivl_483", 0 0, L_000002af6c9be130;  1 drivers
v000002af6c9ac260_0 .net *"_ivl_484", 0 0, L_000002af6c9c5bd0;  1 drivers
v000002af6c9ad160_0 .net *"_ivl_487", 0 0, L_000002af6c9be310;  1 drivers
v000002af6c9ac4e0_0 .net *"_ivl_488", 0 0, L_000002af6c9c6ce0;  1 drivers
v000002af6c9ac300_0 .net *"_ivl_490", 0 0, L_000002af6c9c68f0;  1 drivers
v000002af6c9acc60_0 .net *"_ivl_492", 0 0, L_000002af6c9c5e70;  1 drivers
v000002af6c9ac580_0 .net *"_ivl_495", 0 0, L_000002af6c9bf0d0;  1 drivers
v000002af6c9ad200_0 .net *"_ivl_497", 0 0, L_000002af6c9bdf50;  1 drivers
v000002af6c9ac620_0 .net *"_ivl_498", 0 0, L_000002af6c9c5fc0;  1 drivers
v000002af6c9ad2a0_0 .net *"_ivl_5", 0 0, L_000002af6c9ba990;  1 drivers
v000002af6c9ac6c0_0 .net *"_ivl_501", 0 0, L_000002af6c9bcab0;  1 drivers
v000002af6c9ac760_0 .net *"_ivl_502", 0 0, L_000002af6c9c6420;  1 drivers
v000002af6c9ac800_0 .net *"_ivl_505", 0 0, L_000002af6c9be090;  1 drivers
v000002af6c9ac8a0_0 .net *"_ivl_506", 0 0, L_000002af6c9c6f10;  1 drivers
v000002af6c9ad3e0_0 .net *"_ivl_508", 0 0, L_000002af6c9c7300;  1 drivers
v000002af6c9ac940_0 .net *"_ivl_51", 0 0, L_000002af6c9bc650;  1 drivers
v000002af6c9ac9e0_0 .net *"_ivl_510", 0 0, L_000002af6c9c6340;  1 drivers
v000002af6c9acd00_0 .net *"_ivl_513", 0 0, L_000002af6c9bd190;  1 drivers
v000002af6c9acda0_0 .net *"_ivl_515", 0 0, L_000002af6c9bd9b0;  1 drivers
v000002af6c9ace40_0 .net *"_ivl_516", 0 0, L_000002af6c9c6110;  1 drivers
v000002af6c9acf80_0 .net *"_ivl_518", 0 0, L_000002af6c9c6490;  1 drivers
v000002af6c9ad480_0 .net *"_ivl_52", 0 0, L_000002af6c8c4b50;  1 drivers
v000002af6c9ad020_0 .net *"_ivl_521", 0 0, L_000002af6c9bcc90;  1 drivers
v000002af6c9ad520_0 .net *"_ivl_522", 0 0, L_000002af6c9c6570;  1 drivers
v000002af6c9b15d0_0 .net *"_ivl_525", 0 0, L_000002af6c9bcfb0;  1 drivers
v000002af6c9b10d0_0 .net *"_ivl_526", 0 0, L_000002af6c9c6ab0;  1 drivers
v000002af6c9b0630_0 .net *"_ivl_528", 0 0, L_000002af6c9c6b20;  1 drivers
v000002af6c9b0bd0_0 .net *"_ivl_530", 0 0, L_000002af6c9c6d50;  1 drivers
v000002af6c9b0f90_0 .net *"_ivl_535", 0 0, L_000002af6c9be8b0;  1 drivers
v000002af6c9b0950_0 .net *"_ivl_536", 0 0, L_000002af6c9c6b90;  1 drivers
v000002af6c9b13f0_0 .net *"_ivl_539", 0 0, L_000002af6c9bd050;  1 drivers
v000002af6c9b1670_0 .net *"_ivl_54", 0 0, L_000002af6c8c5640;  1 drivers
v000002af6c9b1030_0 .net *"_ivl_540", 0 0, L_000002af6c9c6e30;  1 drivers
v000002af6c9b0ef0_0 .net *"_ivl_542", 0 0, L_000002af6c9c6f80;  1 drivers
v000002af6c9b1490_0 .net *"_ivl_545", 0 0, L_000002af6c9bda50;  1 drivers
v000002af6c9b0c70_0 .net *"_ivl_546", 0 0, L_000002af6c9c7060;  1 drivers
v000002af6c9b0130_0 .net *"_ivl_548", 0 0, L_000002af6c9c7370;  1 drivers
v000002af6c9b1530_0 .net *"_ivl_551", 0 0, L_000002af6c9beb30;  1 drivers
v000002af6c9b0db0_0 .net *"_ivl_552", 0 0, L_000002af6c9c59a0;  1 drivers
v000002af6c9b1210_0 .net *"_ivl_555", 0 0, L_000002af6c9be1d0;  1 drivers
v000002af6c9b1710_0 .net *"_ivl_556", 0 0, L_000002af6c9c5af0;  1 drivers
v000002af6c9b17b0_0 .net *"_ivl_559", 0 0, L_000002af6c9bd0f0;  1 drivers
v000002af6c9b01d0_0 .net *"_ivl_560", 0 0, L_000002af6c9c5a10;  1 drivers
v000002af6c9b0270_0 .net *"_ivl_562", 0 0, L_000002af6c9c5a80;  1 drivers
v000002af6c9b09f0_0 .net *"_ivl_565", 0 0, L_000002af6c9bedb0;  1 drivers
v000002af6c9b0310_0 .net *"_ivl_566", 0 0, L_000002af6c9c76f0;  1 drivers
v000002af6c9b0e50_0 .net *"_ivl_569", 0 0, L_000002af6c9be3b0;  1 drivers
v000002af6c9b03b0_0 .net *"_ivl_57", 0 0, L_000002af6c9baad0;  1 drivers
v000002af6c9b0450_0 .net *"_ivl_570", 0 0, L_000002af6c9c78b0;  1 drivers
v000002af6c9b0a90_0 .net *"_ivl_572", 0 0, L_000002af6c9c75a0;  1 drivers
v000002af6c9b1170_0 .net *"_ivl_574", 0 0, L_000002af6c9c7760;  1 drivers
v000002af6c9b06d0_0 .net *"_ivl_577", 0 0, L_000002af6c9bdaf0;  1 drivers
v000002af6c9b0d10_0 .net *"_ivl_579", 0 0, L_000002af6c9bdb90;  1 drivers
v000002af6c9b04f0_0 .net *"_ivl_580", 0 0, L_000002af6c9c7680;  1 drivers
v000002af6c9b12b0_0 .net *"_ivl_582", 0 0, L_000002af6c9c7610;  1 drivers
v000002af6c9b0810_0 .net *"_ivl_585", 0 0, L_000002af6c9be950;  1 drivers
v000002af6c9b1350_0 .net *"_ivl_586", 0 0, L_000002af6c9c77d0;  1 drivers
v000002af6c9b0590_0 .net *"_ivl_589", 0 0, L_000002af6c9bdc30;  1 drivers
v000002af6c9b0770_0 .net *"_ivl_590", 0 0, L_000002af6c9c7840;  1 drivers
v000002af6c9b08b0_0 .net *"_ivl_592", 0 0, L_000002af6c9cc290;  1 drivers
v000002af6c9b0b30_0 .net *"_ivl_595", 0 0, L_000002af6c9be6d0;  1 drivers
v000002af6c9ae510_0 .net *"_ivl_596", 0 0, L_000002af6c9cc5a0;  1 drivers
v000002af6c9adf70_0 .net *"_ivl_599", 0 0, L_000002af6c9bed10;  1 drivers
v000002af6c9afc30_0 .net *"_ivl_6", 0 0, L_000002af6c8c5020;  1 drivers
v000002af6c9aef10_0 .net *"_ivl_600", 0 0, L_000002af6c9cc680;  1 drivers
v000002af6c9aee70_0 .net *"_ivl_603", 0 0, L_000002af6c9be9f0;  1 drivers
v000002af6c9aedd0_0 .net *"_ivl_604", 0 0, L_000002af6c9cd790;  1 drivers
v000002af6c9af0f0_0 .net *"_ivl_607", 0 0, L_000002af6c9bde10;  1 drivers
v000002af6c9ae5b0_0 .net *"_ivl_608", 0 0, L_000002af6c9ccd10;  1 drivers
v000002af6c9aded0_0 .net *"_ivl_61", 0 0, L_000002af6c9bb6b0;  1 drivers
v000002af6c9aefb0_0 .net *"_ivl_610", 0 0, L_000002af6c9cd480;  1 drivers
v000002af6c9aeab0_0 .net *"_ivl_613", 0 0, L_000002af6c9bf7b0;  1 drivers
v000002af6c9aeb50_0 .net *"_ivl_614", 0 0, L_000002af6c9cd170;  1 drivers
v000002af6c9afff0_0 .net *"_ivl_617", 0 0, L_000002af6c9bf3f0;  1 drivers
v000002af6c9ae0b0_0 .net *"_ivl_618", 0 0, L_000002af6c9cc450;  1 drivers
v000002af6c9ae150_0 .net *"_ivl_62", 0 0, L_000002af6c8c4920;  1 drivers
v000002af6c9af7d0_0 .net *"_ivl_621", 0 0, L_000002af6c9bf210;  1 drivers
v000002af6c9ada70_0 .net *"_ivl_622", 0 0, L_000002af6c9cc140;  1 drivers
v000002af6c9adb10_0 .net *"_ivl_624", 0 0, L_000002af6c9cd1e0;  1 drivers
v000002af6c9ae650_0 .net *"_ivl_627", 0 0, L_000002af6c9bf530;  1 drivers
v000002af6c9af050_0 .net *"_ivl_628", 0 0, L_000002af6c9cca00;  1 drivers
v000002af6c9af550_0 .net *"_ivl_630", 0 0, L_000002af6c9ccdf0;  1 drivers
v000002af6c9ae6f0_0 .net *"_ivl_633", 0 0, L_000002af6c9bf2b0;  1 drivers
v000002af6c9afeb0_0 .net *"_ivl_635", 0 0, L_000002af6c9bf350;  1 drivers
v000002af6c9b0090_0 .net *"_ivl_636", 0 0, L_000002af6c9cce60;  1 drivers
v000002af6c9afe10_0 .net *"_ivl_639", 0 0, L_000002af6c9bf490;  1 drivers
v000002af6c9afa50_0 .net *"_ivl_640", 0 0, L_000002af6c9ccfb0;  1 drivers
v000002af6c9af870_0 .net *"_ivl_643", 0 0, L_000002af6c9bf5d0;  1 drivers
v000002af6c9ae1f0_0 .net *"_ivl_644", 0 0, L_000002af6c9cd410;  1 drivers
v000002af6c9ad930_0 .net *"_ivl_646", 0 0, L_000002af6c9cced0;  1 drivers
v000002af6c9ae830_0 .net *"_ivl_648", 0 0, L_000002af6c9cd6b0;  1 drivers
v000002af6c9af5f0_0 .net *"_ivl_65", 0 0, L_000002af6c9bc6f0;  1 drivers
v000002af6c9adbb0_0 .net *"_ivl_651", 0 0, L_000002af6c9bf670;  1 drivers
v000002af6c9afb90_0 .net *"_ivl_653", 0 0, L_000002af6c9bf710;  1 drivers
v000002af6c9ad9d0_0 .net *"_ivl_654", 0 0, L_000002af6c9cc920;  1 drivers
v000002af6c9add90_0 .net *"_ivl_656", 0 0, L_000002af6c9cd4f0;  1 drivers
v000002af6c9ae290_0 .net *"_ivl_659", 0 0, L_000002af6c9bf850;  1 drivers
v000002af6c9aebf0_0 .net *"_ivl_66", 0 0, L_000002af6c8c4990;  1 drivers
v000002af6c9af230_0 .net *"_ivl_660", 0 0, L_000002af6c9ccf40;  1 drivers
v000002af6c9ae790_0 .net *"_ivl_663", 0 0, L_000002af6c9bf170;  1 drivers
v000002af6c9afaf0_0 .net *"_ivl_664", 0 0, L_000002af6c9cbf80;  1 drivers
v000002af6c9aff50_0 .net *"_ivl_666", 0 0, L_000002af6c9cc8b0;  1 drivers
v000002af6c9af370_0 .net *"_ivl_668", 0 0, L_000002af6c9cc610;  1 drivers
v000002af6c9af190_0 .net *"_ivl_674", 0 0, L_000002af6c9b8eb0;  1 drivers
v000002af6c9af9b0_0 .net *"_ivl_675", 0 0, L_000002af6c9cd9c0;  1 drivers
v000002af6c9aec90_0 .net *"_ivl_678", 0 0, L_000002af6c9b89b0;  1 drivers
v000002af6c9adc50_0 .net *"_ivl_679", 0 0, L_000002af6c9ccd80;  1 drivers
v000002af6c9af910_0 .net *"_ivl_681", 0 0, L_000002af6c9cd250;  1 drivers
v000002af6c9af2d0_0 .net *"_ivl_684", 0 0, L_000002af6c9b8690;  1 drivers
v000002af6c9af690_0 .net *"_ivl_685", 0 0, L_000002af6c9cbff0;  1 drivers
v000002af6c9afcd0_0 .net *"_ivl_687", 0 0, L_000002af6c9cd800;  1 drivers
v000002af6c9adcf0_0 .net *"_ivl_69", 0 0, L_000002af6c9bb430;  1 drivers
v000002af6c9ade30_0 .net *"_ivl_690", 0 0, L_000002af6c9b9d10;  1 drivers
v000002af6c9afd70_0 .net *"_ivl_691", 0 0, L_000002af6c9cd020;  1 drivers
v000002af6c9ae8d0_0 .net *"_ivl_693", 0 0, L_000002af6c9cc990;  1 drivers
v000002af6c9ae010_0 .net *"_ivl_695", 0 0, L_000002af6c9cdaa0;  1 drivers
v000002af6c9aed30_0 .net *"_ivl_698", 0 0, L_000002af6c9b9450;  1 drivers
v000002af6c9ae330_0 .net *"_ivl_699", 0 0, L_000002af6c9cd090;  1 drivers
v000002af6c9ae3d0_0 .net *"_ivl_70", 0 0, L_000002af6c8c4a70;  1 drivers
v000002af6c9ae470_0 .net *"_ivl_702", 0 0, L_000002af6c9b8f50;  1 drivers
v000002af6c9ae970_0 .net *"_ivl_703", 0 0, L_000002af6c9cd2c0;  1 drivers
v000002af6c9aea10_0 .net *"_ivl_705", 0 0, L_000002af6c9ccbc0;  1 drivers
v000002af6c9af410_0 .net *"_ivl_708", 0 0, L_000002af6c9ba030;  1 drivers
v000002af6c9af4b0_0 .net *"_ivl_709", 0 0, L_000002af6c9cc060;  1 drivers
v000002af6c9af730_0 .net *"_ivl_712", 0 0, L_000002af6c9b94f0;  1 drivers
v000002af6c9b3990_0 .net *"_ivl_713", 0 0, L_000002af6c9cc530;  1 drivers
v000002af6c9b3670_0 .net *"_ivl_715", 0 0, L_000002af6c9cc220;  1 drivers
v000002af6c9b35d0_0 .net *"_ivl_717", 0 0, L_000002af6c9cd100;  1 drivers
v000002af6c9b3210_0 .net *"_ivl_720", 0 0, L_000002af6c9b84b0;  1 drivers
v000002af6c9b38f0_0 .net *"_ivl_722", 0 0, L_000002af6c9b9ef0;  1 drivers
v000002af6c9b3710_0 .net *"_ivl_723", 0 0, L_000002af6c9cda30;  1 drivers
v000002af6c9b4890_0 .net *"_ivl_725", 0 0, L_000002af6c9cd330;  1 drivers
v000002af6c9b2b30_0 .net *"_ivl_728", 0 0, L_000002af6c9b9f90;  1 drivers
v000002af6c9b2c70_0 .net *"_ivl_729", 0 0, L_000002af6c9ccc30;  1 drivers
v000002af6c9b4e30_0 .net *"_ivl_73", 0 0, L_000002af6c9bc470;  1 drivers
v000002af6c9b4750_0 .net *"_ivl_732", 0 0, L_000002af6c9b7d30;  1 drivers
v000002af6c9b3a30_0 .net *"_ivl_733", 0 0, L_000002af6c9cd720;  1 drivers
v000002af6c9b4ed0_0 .net *"_ivl_735", 0 0, L_000002af6c9cd3a0;  1 drivers
v000002af6c9b37b0_0 .net *"_ivl_738", 0 0, L_000002af6c9b9e50;  1 drivers
v000002af6c9b3c10_0 .net *"_ivl_739", 0 0, L_000002af6c9cd870;  1 drivers
v000002af6c9b47f0_0 .net *"_ivl_74", 0 0, L_000002af6c8c5560;  1 drivers
v000002af6c9b4d90_0 .net *"_ivl_742", 0 0, L_000002af6c9b9c70;  1 drivers
v000002af6c9b4930_0 .net *"_ivl_743", 0 0, L_000002af6c9cc0d0;  1 drivers
v000002af6c9b3490_0 .net *"_ivl_746", 0 0, L_000002af6c9b8d70;  1 drivers
v000002af6c9b4c50_0 .net *"_ivl_747", 0 0, L_000002af6c9ccca0;  1 drivers
v000002af6c9b3530_0 .net *"_ivl_750", 0 0, L_000002af6c9b8cd0;  1 drivers
v000002af6c9b32b0_0 .net *"_ivl_751", 0 0, L_000002af6c9cc840;  1 drivers
v000002af6c9b3850_0 .net *"_ivl_753", 0 0, L_000002af6c9cca70;  1 drivers
v000002af6c9b3fd0_0 .net *"_ivl_756", 0 0, L_000002af6c9b9810;  1 drivers
v000002af6c9b4f70_0 .net *"_ivl_757", 0 0, L_000002af6c9cd8e0;  1 drivers
v000002af6c9b41b0_0 .net *"_ivl_760", 0 0, L_000002af6c9b9630;  1 drivers
v000002af6c9b3350_0 .net *"_ivl_761", 0 0, L_000002af6c9cc300;  1 drivers
v000002af6c9b3030_0 .net *"_ivl_764", 0 0, L_000002af6c9ba0d0;  1 drivers
v000002af6c9b4110_0 .net *"_ivl_765", 0 0, L_000002af6c9cd560;  1 drivers
v000002af6c9b30d0_0 .net *"_ivl_767", 0 0, L_000002af6c9cd5d0;  1 drivers
v000002af6c9b4570_0 .net *"_ivl_77", 0 0, L_000002af6c9bbed0;  1 drivers
v000002af6c9b3ad0_0 .net *"_ivl_770", 0 0, L_000002af6c9b87d0;  1 drivers
v000002af6c9b49d0_0 .net *"_ivl_771", 0 0, L_000002af6c9cd640;  1 drivers
v000002af6c9b5010_0 .net *"_ivl_773", 0 0, L_000002af6c9cd950;  1 drivers
v000002af6c9b4a70_0 .net *"_ivl_775", 0 0, L_000002af6c9cbf10;  1 drivers
v000002af6c9b3d50_0 .net *"_ivl_778", 0 0, L_000002af6c9b8550;  1 drivers
v000002af6c9b3b70_0 .net *"_ivl_780", 0 0, L_000002af6c9b80f0;  1 drivers
v000002af6c9b4070_0 .net *"_ivl_781", 0 0, L_000002af6c9ccae0;  1 drivers
v000002af6c9b3cb0_0 .net *"_ivl_784", 0 0, L_000002af6c9b82d0;  1 drivers
v000002af6c9b3df0_0 .net *"_ivl_785", 0 0, L_000002af6c9cc1b0;  1 drivers
v000002af6c9b4cf0_0 .net *"_ivl_787", 0 0, L_000002af6c9cc370;  1 drivers
v000002af6c9b4b10_0 .net *"_ivl_79", 0 0, L_000002af6c9bab70;  1 drivers
v000002af6c9b3e90_0 .net *"_ivl_790", 0 0, L_000002af6c9b85f0;  1 drivers
v000002af6c9b3f30_0 .net *"_ivl_791", 0 0, L_000002af6c9cc3e0;  1 drivers
v000002af6c9b2bd0_0 .net *"_ivl_793", 0 0, L_000002af6c9cc4c0;  1 drivers
v000002af6c9b29f0_0 .net *"_ivl_796", 0 0, L_000002af6c9b7970;  1 drivers
v000002af6c9b4610_0 .net *"_ivl_798", 0 0, L_000002af6c9b8370;  1 drivers
v000002af6c9b4430_0 .net *"_ivl_799", 0 0, L_000002af6c9cc6f0;  1 drivers
v000002af6c9b4250_0 .net *"_ivl_8", 0 0, L_000002af6c8c4e60;  1 drivers
v000002af6c9b50b0_0 .net *"_ivl_80", 0 0, L_000002af6c8c4ae0;  1 drivers
v000002af6c9b42f0_0 .net *"_ivl_801", 0 0, L_000002af6c9cc760;  1 drivers
v000002af6c9b4390_0 .net *"_ivl_804", 0 0, L_000002af6c9b7a10;  1 drivers
v000002af6c9b2950_0 .net *"_ivl_805", 0 0, L_000002af6c9cc7d0;  1 drivers
v000002af6c9b2f90_0 .net *"_ivl_807", 0 0, L_000002af6c9ccb50;  1 drivers
v000002af6c9b2a90_0 .net *"_ivl_810", 0 0, L_000002af6c9b7b50;  1 drivers
v000002af6c9b44d0_0 .net *"_ivl_811", 0 0, L_000002af6c9cdbf0;  1 drivers
v000002af6c9b2d10_0 .net *"_ivl_813", 0 0, L_000002af6c9cdc60;  1 drivers
v000002af6c9b4bb0_0 .net *"_ivl_816", 0 0, L_000002af6c9b9db0;  1 drivers
v000002af6c9b46b0_0 .net *"_ivl_817", 0 0, L_000002af6c9cdb10;  1 drivers
v000002af6c9b2db0_0 .net *"_ivl_82", 0 0, L_000002af6c8c5100;  1 drivers
v000002af6c9b2e50_0 .net *"_ivl_820", 0 0, L_000002af6c9b7ab0;  1 drivers
v000002af6c9b2ef0_0 .net *"_ivl_821", 0 0, L_000002af6c9cdd40;  1 drivers
v000002af6c9b3170_0 .net *"_ivl_824", 0 0, L_000002af6c9b7bf0;  1 drivers
v000002af6c9b33f0_0 .net *"_ivl_825", 0 0, L_000002af6c9cde20;  1 drivers
v000002af6c9b5dd0_0 .net *"_ivl_828", 0 0, L_000002af6c9b8730;  1 drivers
v000002af6c9b65f0_0 .net *"_ivl_829", 0 0, L_000002af6c9cddb0;  1 drivers
v000002af6c9b5b50_0 .net *"_ivl_85", 0 0, L_000002af6c9bb9d0;  1 drivers
v000002af6c9b5bf0_0 .net *"_ivl_86", 0 0, L_000002af6c8c4bc0;  1 drivers
v000002af6c9b6690_0 .net *"_ivl_88", 0 0, L_000002af6c8c4c30;  1 drivers
v000002af6c9b5510_0 .net *"_ivl_91", 0 0, L_000002af6c9bb4d0;  1 drivers
v000002af6c9b6730_0 .net *"_ivl_92", 0 0, L_000002af6c8c5250;  1 drivers
v000002af6c9b60f0_0 .net *"_ivl_94", 0 0, L_000002af6c8c4df0;  1 drivers
v000002af6c9b5650_0 .net *"_ivl_96", 0 0, L_000002af6c8c51e0;  1 drivers
v000002af6c9b5c90_0 .net *"_ivl_99", 0 0, L_000002af6c9bbcf0;  1 drivers
v000002af6c9b5fb0_0 .net "clk", 0 0, v000002af6c9b5330_0;  1 drivers
v000002af6c9b5d30_0 .net "done", 0 0, L_000002af6c9cdb80;  alias, 1 drivers
v000002af6c9b6370_0 .net "mdld", 0 0, L_000002af6c8c4f40;  alias, 1 drivers
v000002af6c9b6410_0 .net "mr", 3 0, v000002af6c9b56f0_0;  1 drivers
v000002af6c9b67d0_0 .net "mrld", 0 0, L_000002af6c8c5090;  alias, 1 drivers
v000002af6c9b5150_0 .net "n", 3 0, L_000002af6c9b9590;  alias, 1 drivers
v000002af6c9b55b0_0 .net "reset_state", 3 0, v000002af6c9b6550_0;  1 drivers
v000002af6c9b5e70_0 .net "rsclear", 0 0, L_000002af6c8c4ca0;  alias, 1 drivers
v000002af6c9b62d0_0 .net "rsload", 0 0, L_000002af6c9bfc10;  alias, 1 drivers
v000002af6c9b5f10_0 .net "rsshr", 0 0, L_000002af6c9c0770;  alias, 1 drivers
v000002af6c9b51f0_0 .net "rst", 0 0, v000002af6c9bba70_0;  1 drivers
v000002af6c9b6230_0 .var "s", 3 0;
v000002af6c9b5290_0 .net "start", 0 0, v000002af6c9bbb10_0;  1 drivers
E_000002af6c8ac400 .event posedge, v000002af6c9b5fb0_0;
L_000002af6c9ba7b0 .part v000002af6c9b6230_0, 3, 1;
L_000002af6c9ba990 .part v000002af6c9b6230_0, 2, 1;
L_000002af6c9bbf70 .part v000002af6c9b6230_0, 1, 1;
L_000002af6c9bacb0 .part v000002af6c9b6230_0, 0, 1;
L_000002af6c9bb7f0 .part v000002af6c9b6230_0, 3, 1;
L_000002af6c9bbd90 .part v000002af6c9b6230_0, 2, 1;
L_000002af6c9bc5b0 .part v000002af6c9b6230_0, 1, 1;
L_000002af6c9bb570 .part v000002af6c9b6230_0, 0, 1;
L_000002af6c9bae90 .part v000002af6c9b6230_0, 3, 1;
L_000002af6c9bb750 .part v000002af6c9b6230_0, 2, 1;
L_000002af6c9bc650 .part v000002af6c9b6230_0, 1, 1;
L_000002af6c9baad0 .part v000002af6c9b6230_0, 0, 1;
L_000002af6c9bb6b0 .part v000002af6c9b6230_0, 3, 1;
L_000002af6c9bc6f0 .part v000002af6c9b6230_0, 2, 1;
L_000002af6c9bb430 .part v000002af6c9b6230_0, 1, 1;
L_000002af6c9bc470 .part v000002af6c9b6230_0, 0, 1;
L_000002af6c9bbed0 .part v000002af6c9b6230_0, 3, 1;
L_000002af6c9bab70 .part v000002af6c9b6230_0, 2, 1;
L_000002af6c9bb9d0 .part v000002af6c9b6230_0, 1, 1;
L_000002af6c9bb4d0 .part v000002af6c9b6230_0, 0, 1;
L_000002af6c9bbcf0 .part v000002af6c9b6230_0, 3, 1;
L_000002af6c9baf30 .part v000002af6c9b6230_0, 2, 1;
L_000002af6c9ba490 .part v000002af6c9b6230_0, 1, 1;
L_000002af6c9bb110 .part v000002af6c9b6230_0, 0, 1;
L_000002af6c9baa30 .part v000002af6c9b6230_0, 3, 1;
L_000002af6c9bc790 .part v000002af6c9b6230_0, 2, 1;
L_000002af6c9bad50 .part v000002af6c9b6230_0, 1, 1;
L_000002af6c9bc010 .part v000002af6c9b6230_0, 0, 1;
L_000002af6c9badf0 .part v000002af6c9b6230_0, 3, 1;
L_000002af6c9ba710 .part v000002af6c9b6230_0, 2, 1;
L_000002af6c9ba5d0 .part v000002af6c9b6230_0, 1, 1;
L_000002af6c9bc8d0 .part v000002af6c9b6230_0, 0, 1;
L_000002af6c9bb250 .part v000002af6c9b6230_0, 3, 1;
L_000002af6c9bc830 .part v000002af6c9b6230_0, 2, 1;
L_000002af6c9ba850 .part v000002af6c9b6230_0, 1, 1;
L_000002af6c9bb1b0 .part v000002af6c9b6230_0, 0, 1;
L_000002af6c9ba170 .part v000002af6c9b6230_0, 3, 1;
L_000002af6c9ba530 .part v000002af6c9b6230_0, 2, 1;
L_000002af6c9ba210 .part v000002af6c9b6230_0, 1, 1;
L_000002af6c9ba3f0 .part v000002af6c9b6230_0, 0, 1;
L_000002af6c9ba8f0 .part v000002af6c9b6230_0, 3, 1;
L_000002af6c9bafd0 .part v000002af6c9b6230_0, 2, 1;
L_000002af6c9ba670 .part v000002af6c9b6230_0, 1, 1;
L_000002af6c9bb2f0 .part v000002af6c9b6230_0, 0, 1;
L_000002af6c9bb390 .part v000002af6c9b6230_0, 3, 1;
L_000002af6c9bc1f0 .part v000002af6c9b6230_0, 2, 1;
L_000002af6c9bac10 .part v000002af6c9b6230_0, 1, 1;
L_000002af6c9bb610 .part v000002af6c9b6230_0, 0, 1;
L_000002af6c9bc0b0 .part v000002af6c9b56f0_0, 0, 1;
L_000002af6c9bb890 .part v000002af6c9b6230_0, 3, 1;
L_000002af6c9bc150 .part v000002af6c9b6230_0, 2, 1;
L_000002af6c9bc290 .part v000002af6c9b6230_0, 1, 1;
L_000002af6c9bc510 .part v000002af6c9b6230_0, 0, 1;
L_000002af6c9bb930 .part v000002af6c9b6230_0, 3, 1;
L_000002af6c9ba2b0 .part v000002af6c9b6230_0, 2, 1;
L_000002af6c9bc330 .part v000002af6c9b6230_0, 1, 1;
L_000002af6c9ba350 .part v000002af6c9b6230_0, 0, 1;
L_000002af6c9bdeb0 .part v000002af6c9b6230_0, 3, 1;
L_000002af6c9bee50 .part v000002af6c9b6230_0, 2, 1;
L_000002af6c9bdff0 .part v000002af6c9b6230_0, 1, 1;
L_000002af6c9bdcd0 .part v000002af6c9b6230_0, 0, 1;
L_000002af6c9be770 .part v000002af6c9b6230_0, 3, 1;
L_000002af6c9bcd30 .part v000002af6c9b6230_0, 2, 1;
L_000002af6c9bd2d0 .part v000002af6c9b6230_0, 1, 1;
L_000002af6c9bd230 .part v000002af6c9b6230_0, 0, 1;
L_000002af6c9bd730 .part v000002af6c9b56f0_0, 0, 1;
L_000002af6c9be270 .part v000002af6c9b6230_0, 3, 1;
L_000002af6c9bd370 .part v000002af6c9b6230_0, 2, 1;
L_000002af6c9be450 .part v000002af6c9b6230_0, 1, 1;
L_000002af6c9beef0 .part v000002af6c9b6230_0, 0, 1;
L_000002af6c9bdd70 .part v000002af6c9b56f0_0, 1, 1;
L_000002af6c9bcdd0 .part v000002af6c9b6230_0, 3, 1;
L_000002af6c9bd4b0 .part v000002af6c9b6230_0, 2, 1;
L_000002af6c9bd5f0 .part v000002af6c9b6230_0, 1, 1;
L_000002af6c9bcb50 .part v000002af6c9b6230_0, 0, 1;
L_000002af6c9bd410 .part v000002af6c9b6230_0, 3, 1;
L_000002af6c9be590 .part v000002af6c9b6230_0, 2, 1;
L_000002af6c9bc970 .part v000002af6c9b6230_0, 1, 1;
L_000002af6c9bd690 .part v000002af6c9b6230_0, 0, 1;
L_000002af6c9bef90 .part v000002af6c9b6230_0, 3, 1;
L_000002af6c9bec70 .part v000002af6c9b6230_0, 2, 1;
L_000002af6c9be4f0 .part v000002af6c9b6230_0, 1, 1;
L_000002af6c9bcbf0 .part v000002af6c9b6230_0, 0, 1;
L_000002af6c9bebd0 .part v000002af6c9b56f0_0, 2, 1;
L_000002af6c9bca10 .part v000002af6c9b6230_0, 3, 1;
L_000002af6c9bd550 .part v000002af6c9b6230_0, 2, 1;
L_000002af6c9bcf10 .part v000002af6c9b6230_0, 1, 1;
L_000002af6c9be630 .part v000002af6c9b6230_0, 0, 1;
L_000002af6c9bd7d0 .part v000002af6c9b6230_0, 3, 1;
L_000002af6c9bf030 .part v000002af6c9b6230_0, 2, 1;
L_000002af6c9be810 .part v000002af6c9b6230_0, 1, 1;
L_000002af6c9bd870 .part v000002af6c9b6230_0, 0, 1;
L_000002af6c9bce70 .part v000002af6c9b6230_0, 3, 1;
L_000002af6c9bd910 .part v000002af6c9b6230_0, 2, 1;
L_000002af6c9bea90 .part v000002af6c9b6230_0, 1, 1;
L_000002af6c9be130 .part v000002af6c9b6230_0, 0, 1;
L_000002af6c9be310 .part v000002af6c9b56f0_0, 3, 1;
L_000002af6c9bf0d0 .part v000002af6c9b6230_0, 3, 1;
L_000002af6c9bdf50 .part v000002af6c9b6230_0, 2, 1;
L_000002af6c9bcab0 .part v000002af6c9b6230_0, 1, 1;
L_000002af6c9be090 .part v000002af6c9b6230_0, 0, 1;
L_000002af6c9bd190 .part v000002af6c9b6230_0, 3, 1;
L_000002af6c9bd9b0 .part v000002af6c9b6230_0, 2, 1;
L_000002af6c9bcc90 .part v000002af6c9b6230_0, 1, 1;
L_000002af6c9bcfb0 .part v000002af6c9b6230_0, 0, 1;
L_000002af6c9be8b0 .part v000002af6c9b6230_0, 3, 1;
L_000002af6c9bd050 .part v000002af6c9b6230_0, 2, 1;
L_000002af6c9bda50 .part v000002af6c9b6230_0, 1, 1;
L_000002af6c9beb30 .part v000002af6c9b6230_0, 0, 1;
L_000002af6c9be1d0 .part v000002af6c9b6230_0, 3, 1;
L_000002af6c9bd0f0 .part v000002af6c9b6230_0, 2, 1;
L_000002af6c9bedb0 .part v000002af6c9b6230_0, 1, 1;
L_000002af6c9be3b0 .part v000002af6c9b6230_0, 0, 1;
L_000002af6c9bdaf0 .part v000002af6c9b6230_0, 3, 1;
L_000002af6c9bdb90 .part v000002af6c9b6230_0, 2, 1;
L_000002af6c9be950 .part v000002af6c9b6230_0, 1, 1;
L_000002af6c9bdc30 .part v000002af6c9b6230_0, 0, 1;
L_000002af6c9be6d0 .part v000002af6c9b6230_0, 3, 1;
L_000002af6c9bed10 .part v000002af6c9b6230_0, 2, 1;
L_000002af6c9be9f0 .part v000002af6c9b6230_0, 1, 1;
L_000002af6c9bde10 .part v000002af6c9b6230_0, 0, 1;
L_000002af6c9bf7b0 .part v000002af6c9b6230_0, 3, 1;
L_000002af6c9bf3f0 .part v000002af6c9b6230_0, 2, 1;
L_000002af6c9bf210 .part v000002af6c9b6230_0, 1, 1;
L_000002af6c9bf530 .part v000002af6c9b6230_0, 0, 1;
L_000002af6c9bf2b0 .part v000002af6c9b6230_0, 3, 1;
L_000002af6c9bf350 .part v000002af6c9b6230_0, 2, 1;
L_000002af6c9bf490 .part v000002af6c9b6230_0, 1, 1;
L_000002af6c9bf5d0 .part v000002af6c9b6230_0, 0, 1;
L_000002af6c9bf670 .part v000002af6c9b6230_0, 3, 1;
L_000002af6c9bf710 .part v000002af6c9b6230_0, 2, 1;
L_000002af6c9bf850 .part v000002af6c9b6230_0, 1, 1;
L_000002af6c9bf170 .part v000002af6c9b6230_0, 0, 1;
L_000002af6c9b9590 .concat8 [ 1 1 1 1], L_000002af6c9cdc60, L_000002af6c9cc610, L_000002af6c9c6d50, L_000002af6c9c4f40;
L_000002af6c9b8eb0 .part v000002af6c9b6230_0, 3, 1;
L_000002af6c9b89b0 .part v000002af6c9b6230_0, 2, 1;
L_000002af6c9b8690 .part v000002af6c9b6230_0, 1, 1;
L_000002af6c9b9d10 .part v000002af6c9b6230_0, 0, 1;
L_000002af6c9b9450 .part v000002af6c9b6230_0, 3, 1;
L_000002af6c9b8f50 .part v000002af6c9b6230_0, 2, 1;
L_000002af6c9ba030 .part v000002af6c9b6230_0, 1, 1;
L_000002af6c9b94f0 .part v000002af6c9b6230_0, 0, 1;
L_000002af6c9b84b0 .part v000002af6c9b6230_0, 3, 1;
L_000002af6c9b9ef0 .part v000002af6c9b6230_0, 2, 1;
L_000002af6c9b9f90 .part v000002af6c9b6230_0, 1, 1;
L_000002af6c9b7d30 .part v000002af6c9b6230_0, 0, 1;
L_000002af6c9b9e50 .part v000002af6c9b6230_0, 3, 1;
L_000002af6c9b9c70 .part v000002af6c9b6230_0, 2, 1;
L_000002af6c9b8d70 .part v000002af6c9b6230_0, 1, 1;
L_000002af6c9b8cd0 .part v000002af6c9b6230_0, 0, 1;
L_000002af6c9b9810 .part v000002af6c9b6230_0, 3, 1;
L_000002af6c9b9630 .part v000002af6c9b6230_0, 2, 1;
L_000002af6c9ba0d0 .part v000002af6c9b6230_0, 1, 1;
L_000002af6c9b87d0 .part v000002af6c9b6230_0, 0, 1;
L_000002af6c9b8550 .part v000002af6c9b6230_0, 3, 1;
L_000002af6c9b80f0 .part v000002af6c9b6230_0, 2, 1;
L_000002af6c9b82d0 .part v000002af6c9b6230_0, 1, 1;
L_000002af6c9b85f0 .part v000002af6c9b6230_0, 0, 1;
L_000002af6c9b7970 .part v000002af6c9b6230_0, 3, 1;
L_000002af6c9b8370 .part v000002af6c9b6230_0, 2, 1;
L_000002af6c9b7a10 .part v000002af6c9b6230_0, 1, 1;
L_000002af6c9b7b50 .part v000002af6c9b6230_0, 0, 1;
L_000002af6c9b9db0 .part v000002af6c9b6230_0, 3, 1;
L_000002af6c9b7ab0 .part v000002af6c9b6230_0, 2, 1;
L_000002af6c9b7bf0 .part v000002af6c9b6230_0, 1, 1;
L_000002af6c9b8730 .part v000002af6c9b6230_0, 0, 1;
    .scope S_000002af6c8483a0;
T_0 ;
    %wait E_000002af6c8ac400;
    %load/vec4 v000002af6c9b51f0_0;
    %flag_set/vec4 8;
    %jmp/0xz  T_0.0, 8;
    %load/vec4 v000002af6c9b55b0_0;
    %assign/vec4 v000002af6c9b6230_0, 0;
    %jmp T_0.1;
T_0.0 ;
    %load/vec4 v000002af6c9b5150_0;
    %assign/vec4 v000002af6c9b6230_0, 0;
T_0.1 ;
    %jmp T_0;
    .thread T_0;
    .scope S_000002af6c8c21d0;
T_1 ;
    %pushi/vec4 0, 0, 1;
    %store/vec4 v000002af6c9b5330_0, 0, 1;
    %pushi/vec4 0, 0, 1;
    %store/vec4 v000002af6c9bba70_0, 0, 1;
    %pushi/vec4 0, 0, 1;
    %store/vec4 v000002af6c9bbb10_0, 0, 1;
    %pushi/vec4 0, 0, 4;
    %store/vec4 v000002af6c9b56f0_0, 0, 4;
    %pushi/vec4 0, 0, 4;
    %store/vec4 v000002af6c9b6550_0, 0, 4;
    %pushi/vec4 0, 0, 8;
    %store/vec4 v000002af6c9b6050_0, 0, 8;
    %pushi/vec4 0, 0, 32;
    %store/vec4 v000002af6c9bbc50_0, 0, 32;
    %end;
    .thread T_1;
    .scope S_000002af6c8c21d0;
T_2 ;
    %vpi_call 2 49 "$dumpfile", "SMTTInput.vcd" {0 0 0};
    %vpi_call 2 50 "$dumpvars" {0 0 0};
    %end;
    .thread T_2;
    .scope S_000002af6c8c21d0;
T_3 ;
    %pushi/vec4 0, 0, 16;
    %store/vec4 v000002af6c9bb070_0, 0, 16;
    %pushi/vec4 0, 0, 16;
    %store/vec4 v000002af6c9bbe30_0, 0, 16;
    %pushi/vec4 1, 0, 1;
    %ix/load 4, 0, 0;
    %flag_set/imm 4, 0;
    %store/vec4 v000002af6c9bbe30_0, 4, 1;
T_3.0 ;
    %load/vec4 v000002af6c9bb070_0;
    %load/vec4 v000002af6c9bbe30_0;
    %cmp/ne;
    %jmp/0xz T_3.1, 4;
    %pushi/vec4 0, 0, 32;
    %store/vec4 v000002af6c9b5830_0, 0, 32;
T_3.2 ;
    %load/vec4 v000002af6c9b5830_0;
    %cmpi/u 15, 0, 32;
    %flag_or 5, 4;
    %jmp/0xz T_3.3, 5;
    %load/vec4 v000002af6c9bbe30_0;
    %load/vec4 v000002af6c9b5830_0;
    %part/s 1;
    %load/vec4 v000002af6c9bb070_0;
    %load/vec4 v000002af6c9b5830_0;
    %part/s 1;
    %inv;
    %and;
    %flag_set/vec4 8;
    %jmp/0xz  T_3.4, 8;
    %load/vec4 v000002af6c9bbe30_0;
    %load/vec4 v000002af6c9b5830_0;
    %part/s 1;
    %load/vec4 v000002af6c9bb070_0;
    %load/vec4 v000002af6c9b5830_0;
    %part/s 1;
    %inv;
    %and;
    %vpi_call 2 113 "$display", "\012should we visit this state? = %b", S<0,vec4,u1> {1 0 0};
    %vpi_call 2 114 "$display", "Setting %s to %s...", "reset_state", "rs" {0 0 0};
    %delay 10, 0;
    %load/vec4 v000002af6c9b5830_0;
    %pad/s 4;
    %store/vec4 v000002af6c9b6550_0, 0, 4;
    %delay 10, 0;
    %pushi/vec4 0, 0, 32;
    %store/vec4 v000002af6c9b5790_0, 0, 32;
T_3.6 ;
    %load/vec4 v000002af6c9b5790_0;
    %cmpi/u 15, 0, 32;
    %flag_or 5, 4;
    %jmp/0xz T_3.7, 5;
    %pushi/vec4 0, 0, 32;
    %store/vec4 v000002af6c9bc3d0_0, 0, 32;
T_3.8 ;
    %load/vec4 v000002af6c9bc3d0_0;
    %cmpi/s 1, 0, 32;
    %flag_or 5, 4;
    %jmp/0xz T_3.9, 5;
    %vpi_call 2 122 "$display", "Setting %s to %s...", "mr", "multiplier" {0 0 0};
    %delay 10, 0;
    %load/vec4 v000002af6c9b5790_0;
    %pad/s 4;
    %store/vec4 v000002af6c9b56f0_0, 0, 4;
    %delay 10, 0;
    %vpi_call 2 123 "$display", "Setting %s to %s...", "start", "st" {0 0 0};
    %delay 10, 0;
    %load/vec4 v000002af6c9bc3d0_0;
    %pad/s 1;
    %store/vec4 v000002af6c9bbb10_0, 0, 1;
    %delay 10, 0;
    %vpi_call 2 124 "$display", "Setting %s to %s...", "rst", "1" {0 0 0};
    %delay 10, 0;
    %pushi/vec4 1, 0, 1;
    %store/vec4 v000002af6c9bba70_0, 0, 1;
    %delay 10, 0;
    %vpi_call 2 125 "$display", "Pressing uclk..." {0 0 0};
    %delay 10, 0;
    %pushi/vec4 1, 0, 1;
    %store/vec4 v000002af6c9b5330_0, 0, 1;
    %delay 10, 0;
    %pushi/vec4 0, 0, 1;
    %store/vec4 v000002af6c9b5330_0, 0, 1;
    %delay 10, 0;
    %vpi_call 2 127 "$display", "Setting %s to %s...", "rst", "0" {0 0 0};
    %delay 10, 0;
    %pushi/vec4 0, 0, 1;
    %store/vec4 v000002af6c9bba70_0, 0, 1;
    %delay 10, 0;
    %vpi_call 2 128 "$display", "Pressing uclk..." {0 0 0};
    %delay 10, 0;
    %pushi/vec4 1, 0, 1;
    %store/vec4 v000002af6c9b5330_0, 0, 1;
    %delay 10, 0;
    %pushi/vec4 0, 0, 1;
    %store/vec4 v000002af6c9b5330_0, 0, 1;
    %delay 10, 0;
    %load/vec4 v000002af6c9bbe30_0;
    %load/vec4 v000002af6c9bbbb0_0;
    %part/u 1;
    %inv;
    %flag_set/vec4 8;
    %jmp/0xz  T_3.10, 8;
    %pushi/vec4 1, 0, 1;
    %ix/getv 4, v000002af6c9bbbb0_0;
    %store/vec4 v000002af6c9bbe30_0, 4, 1;
T_3.10 ;
    %load/vec4 v000002af6c9bc3d0_0;
    %addi 1, 0, 32;
    %store/vec4 v000002af6c9bc3d0_0, 0, 32;
    %jmp T_3.8;
T_3.9 ;
    %load/vec4 v000002af6c9b5790_0;
    %addi 1, 0, 32;
    %store/vec4 v000002af6c9b5790_0, 0, 32;
    %jmp T_3.6;
T_3.7 ;
    %pushi/vec4 1, 0, 1;
    %ix/getv 4, v000002af6c9b6550_0;
    %store/vec4 v000002af6c9bb070_0, 4, 1;
    %load/vec4 v000002af6c9b6550_0;
    %pad/u 32;
    %cmpi/e 6, 0, 32;
    %jmp/0xz  T_3.12, 4;
    %vpi_call 2 142 "$display", "\012RESET = 6 ; visited = %b , to_visit = %b", v000002af6c9bb070_0, v000002af6c9bbe30_0 {0 0 0};
    %pushi/vec4 1, 0, 1;
    %ix/load 4, 6, 0;
    %flag_set/imm 4, 0;
    %store/vec4 v000002af6c9bb070_0, 4, 1;
T_3.12 ;
    %load/vec4 v000002af6c9bb070_0;
    %load/vec4 v000002af6c9bbe30_0;
    %cmp/e;
    %jmp/0xz  T_3.14, 4;
    %pushi/vec4 1, 0, 32;
    %store/vec4 v000002af6c9bbc50_0, 0, 32;
    %vpi_call 2 149 "$display", "\012All reachable states have been tested." {0 0 0};
    %vpi_call 2 150 "$finish" {0 0 0};
T_3.14 ;
T_3.4 ;
    %load/vec4 v000002af6c9bb070_0;
    %load/vec4 v000002af6c9bbe30_0;
    %cmp/e;
    %jmp/0xz  T_3.16, 4;
T_3.16 ;
    %load/vec4 v000002af6c9b5830_0;
    %addi 1, 0, 32;
    %store/vec4 v000002af6c9b5830_0, 0, 32;
    %jmp T_3.2;
T_3.3 ;
    %load/vec4 v000002af6c9bb070_0;
    %load/vec4 v000002af6c9bbe30_0;
    %cmp/ne;
    %flag_get/vec4 4;
    %vpi_call 2 163 "$display", "\012are visited and to_visit the same? = %b", S<0,vec4,u1> {1 0 0};
    %jmp T_3.0;
T_3.1 ;
    %vpi_call 2 167 "$display", "\012All reachable states have been tested." {0 0 0};
    %vpi_call 2 168 "$finish" {0 0 0};
    %end;
    .thread T_3;
# The file index is used to find the file name in the following table.
:file_names 4;
    "N/A";
    "<interactive>";
    "SMTTInput.t.v";
    "SMControlFig4StructuralInput.v";
