#! /c/Source/iverilog-install/bin/vvp
:ivl_version "12.0 (devel)" "(s20150603-1539-g2693dd32b)";
:ivl_delay_selection "TYPICAL";
:vpi_time_precision - 10;
:vpi_module "C:\iverilog\lib\ivl\system.vpi";
:vpi_module "C:\iverilog\lib\ivl\vhdl_sys.vpi";
:vpi_module "C:\iverilog\lib\ivl\vhdl_textio.vpi";
:vpi_module "C:\iverilog\lib\ivl\v2005_math.vpi";
:vpi_module "C:\iverilog\lib\ivl\va_math.vpi";
S_000001cac034afd0 .scope module, "SMControlTest" "SMControlTest" 2 23;
 .timescale -9 -10;
P_000001cac033c6c0 .param/l "NUM_BITS" 0 2 24, +C4<00000000000000000000000000000100>;
v000001cac03b9e00_0 .var "clk", 0 0;
v000001cac03b9680_0 .net "done", 0 0, L_000001cac03cdf70;  1 drivers
v000001cac03b9ae0_0 .var "errors", 7 0;
v000001cac03ba3a0_0 .net "mdld", 0 0, L_000001cac03c3140;  1 drivers
v000001cac03ba260_0 .var "mr", 3 0;
v000001cac03ba9e0_0 .net "mrld", 0 0, L_000001cac03c3760;  1 drivers
v000001cac03ba940_0 .var/i "multiplier", 31 0;
v000001cac03ba620_0 .net "n", 3 0, L_000001cac03c1f10;  1 drivers
v000001cac03baa80_0 .var "reset_state", 3 0;
v000001cac03ba4e0_0 .var/i "rs", 31 0;
v000001cac03b95e0_0 .net "rsclear", 0 0, L_000001cac033a790;  1 drivers
v000001cac03b9b80_0 .net "rsload", 0 0, L_000001cac03c35a0;  1 drivers
v000001cac03b9720_0 .net "rsshr", 0 0, L_000001cac03c6400;  1 drivers
v000001cac03b9d60_0 .var "rst", 0 0;
v000001cac03bbed0_0 .net "s", 3 0, v000001cac03b99a0_0;  1 drivers
v000001cac03bcfb0_0 .var/i "st", 31 0;
v000001cac03bd4b0_0 .var "start", 0 0;
S_000001cac02d83a0 .scope module, "control" "SMControl" 2 64, 3 10 0, S_000001cac034afd0;
 .timescale 0 0;
    .port_info 0 /INPUT 4 "reset_state";
    .port_info 1 /INPUT 1 "clk";
    .port_info 2 /INPUT 1 "rst";
    .port_info 3 /INPUT 1 "start";
    .port_info 4 /INPUT 4 "mr";
    .port_info 5 /OUTPUT 1 "mdld";
    .port_info 6 /OUTPUT 1 "mrld";
    .port_info 7 /OUTPUT 1 "rsload";
    .port_info 8 /OUTPUT 1 "rsclear";
    .port_info 9 /OUTPUT 1 "rsshr";
    .port_info 10 /OUTPUT 4 "s";
    .port_info 11 /OUTPUT 4 "n";
    .port_info 12 /OUTPUT 1 "done";
L_000001cac0339ed0 .functor NOT 1, L_000001cac03bc150, C4<0>, C4<0>, C4<0>;
L_000001cac033a100 .functor NOT 1, L_000001cac03bc1f0, C4<0>, C4<0>, C4<0>;
L_000001cac033acd0 .functor AND 1, L_000001cac0339ed0, L_000001cac033a100, C4<1>, C4<1>;
L_000001cac0339f40 .functor NOT 1, L_000001cac03bbb10, C4<0>, C4<0>, C4<0>;
L_000001cac033a6b0 .functor AND 1, L_000001cac033acd0, L_000001cac0339f40, C4<1>, C4<1>;
L_000001cac033a790 .functor AND 1, L_000001cac033a6b0, L_000001cac03bb070, C4<1>, C4<1>;
L_000001cac033a950 .functor NOT 1, L_000001cac03bb9d0, C4<0>, C4<0>, C4<0>;
L_000001cac02e4480 .functor NOT 1, L_000001cac03bc3d0, C4<0>, C4<0>, C4<0>;
L_000001cac03c31b0 .functor AND 1, L_000001cac033a950, L_000001cac02e4480, C4<1>, C4<1>;
L_000001cac03c3680 .functor NOT 1, L_000001cac03bb430, C4<0>, C4<0>, C4<0>;
L_000001cac03c36f0 .functor AND 1, L_000001cac03c31b0, L_000001cac03c3680, C4<1>, C4<1>;
L_000001cac03c3140 .functor AND 1, L_000001cac03c36f0, L_000001cac03bafd0, C4<1>, C4<1>;
L_000001cac03c3370 .functor NOT 1, L_000001cac03bcd30, C4<0>, C4<0>, C4<0>;
L_000001cac03c3060 .functor NOT 1, L_000001cac03bbbb0, C4<0>, C4<0>, C4<0>;
L_000001cac03c3a70 .functor AND 1, L_000001cac03c3370, L_000001cac03c3060, C4<1>, C4<1>;
L_000001cac03c2d50 .functor NOT 1, L_000001cac03bb890, C4<0>, C4<0>, C4<0>;
L_000001cac03c3920 .functor AND 1, L_000001cac03c3a70, L_000001cac03c2d50, C4<1>, C4<1>;
L_000001cac03c3760 .functor AND 1, L_000001cac03c3920, L_000001cac03bb750, C4<1>, C4<1>;
L_000001cac03c3c30 .functor NOT 1, L_000001cac03bb250, C4<0>, C4<0>, C4<0>;
L_000001cac03c33e0 .functor AND 1, L_000001cac03c3c30, L_000001cac03bc330, C4<1>, C4<1>;
L_000001cac03c3450 .functor AND 1, L_000001cac03c33e0, L_000001cac03bcc90, C4<1>, C4<1>;
L_000001cac03c37d0 .functor AND 1, L_000001cac03c3450, L_000001cac03bc470, C4<1>, C4<1>;
L_000001cac03c3b50 .functor NOT 1, L_000001cac03bcab0, C4<0>, C4<0>, C4<0>;
L_000001cac03c3840 .functor AND 1, L_000001cac03bb110, L_000001cac03c3b50, C4<1>, C4<1>;
L_000001cac03c3300 .functor NOT 1, L_000001cac03bcf10, C4<0>, C4<0>, C4<0>;
L_000001cac03c34c0 .functor AND 1, L_000001cac03c3840, L_000001cac03c3300, C4<1>, C4<1>;
L_000001cac03c3530 .functor NOT 1, L_000001cac03bcb50, C4<0>, C4<0>, C4<0>;
L_000001cac03c38b0 .functor AND 1, L_000001cac03c34c0, L_000001cac03c3530, C4<1>, C4<1>;
L_000001cac03c3ae0 .functor OR 1, L_000001cac03c37d0, L_000001cac03c38b0, C4<0>, C4<0>;
L_000001cac03c3610 .functor NOT 1, L_000001cac03bb6b0, C4<0>, C4<0>, C4<0>;
L_000001cac03c2dc0 .functor AND 1, L_000001cac03bd050, L_000001cac03c3610, C4<1>, C4<1>;
L_000001cac03c2ea0 .functor NOT 1, L_000001cac03bc6f0, C4<0>, C4<0>, C4<0>;
L_000001cac03c2e30 .functor AND 1, L_000001cac03c2dc0, L_000001cac03c2ea0, C4<1>, C4<1>;
L_000001cac03c3bc0 .functor AND 1, L_000001cac03c2e30, L_000001cac03bbd90, C4<1>, C4<1>;
L_000001cac03c2f10 .functor OR 1, L_000001cac03c3ae0, L_000001cac03c3bc0, C4<0>, C4<0>;
L_000001cac03c3990 .functor NOT 1, L_000001cac03bba70, C4<0>, C4<0>, C4<0>;
L_000001cac03c3a00 .functor AND 1, L_000001cac03bbf70, L_000001cac03c3990, C4<1>, C4<1>;
L_000001cac03c2f80 .functor AND 1, L_000001cac03c3a00, L_000001cac03bbcf0, C4<1>, C4<1>;
L_000001cac03c2ff0 .functor NOT 1, L_000001cac03bb1b0, C4<0>, C4<0>, C4<0>;
L_000001cac03c30d0 .functor AND 1, L_000001cac03c2f80, L_000001cac03c2ff0, C4<1>, C4<1>;
L_000001cac03c35a0 .functor OR 1, L_000001cac03c2f10, L_000001cac03c30d0, C4<0>, C4<0>;
L_000001cac03c3220 .functor NOT 1, L_000001cac03bcbf0, C4<0>, C4<0>, C4<0>;
L_000001cac03c3290 .functor NOT 1, L_000001cac03bc8d0, C4<0>, C4<0>, C4<0>;
L_000001cac03c5f30 .functor AND 1, L_000001cac03c3220, L_000001cac03c3290, C4<1>, C4<1>;
L_000001cac03c6160 .functor AND 1, L_000001cac03c5f30, L_000001cac03bc830, C4<1>, C4<1>;
L_000001cac03c64e0 .functor AND 1, L_000001cac03c6160, L_000001cac03bd230, C4<1>, C4<1>;
L_000001cac03c69b0 .functor NOT 1, L_000001cac03bc650, C4<0>, C4<0>, C4<0>;
L_000001cac03c62b0 .functor AND 1, L_000001cac03c69b0, L_000001cac03bae90, C4<1>, C4<1>;
L_000001cac03c5ec0 .functor NOT 1, L_000001cac03bce70, C4<0>, C4<0>, C4<0>;
L_000001cac03c6010 .functor AND 1, L_000001cac03c62b0, L_000001cac03c5ec0, C4<1>, C4<1>;
L_000001cac03c6a20 .functor NOT 1, L_000001cac03bc970, C4<0>, C4<0>, C4<0>;
L_000001cac03c61d0 .functor AND 1, L_000001cac03c6010, L_000001cac03c6a20, C4<1>, C4<1>;
L_000001cac03c6b70 .functor OR 1, L_000001cac03c64e0, L_000001cac03c61d0, C4<0>, C4<0>;
L_000001cac03c6080 .functor NOT 1, L_000001cac03bc510, C4<0>, C4<0>, C4<0>;
L_000001cac03c5fa0 .functor AND 1, L_000001cac03c6080, L_000001cac03bcdd0, C4<1>, C4<1>;
L_000001cac03c60f0 .functor NOT 1, L_000001cac03bd0f0, C4<0>, C4<0>, C4<0>;
L_000001cac03c6710 .functor AND 1, L_000001cac03c5fa0, L_000001cac03c60f0, C4<1>, C4<1>;
L_000001cac03c6240 .functor AND 1, L_000001cac03c6710, L_000001cac03bb7f0, C4<1>, C4<1>;
L_000001cac03c6470 .functor OR 1, L_000001cac03c6b70, L_000001cac03c6240, C4<0>, C4<0>;
L_000001cac03c6940 .functor NOT 1, L_000001cac03bd190, C4<0>, C4<0>, C4<0>;
L_000001cac03c6320 .functor AND 1, L_000001cac03c6940, L_000001cac03bb930, C4<1>, C4<1>;
L_000001cac03c6550 .functor AND 1, L_000001cac03c6320, L_000001cac03bb570, C4<1>, C4<1>;
L_000001cac03c6390 .functor NOT 1, L_000001cac03bbe30, C4<0>, C4<0>, C4<0>;
L_000001cac03c67f0 .functor AND 1, L_000001cac03c6550, L_000001cac03c6390, C4<1>, C4<1>;
L_000001cac03c6400 .functor OR 1, L_000001cac03c6470, L_000001cac03c67f0, C4<0>, C4<0>;
L_000001cac03c6860 .functor NOT 1, L_000001cac03bc010, C4<0>, C4<0>, C4<0>;
L_000001cac03c65c0 .functor NOT 1, L_000001cac03bb2f0, C4<0>, C4<0>, C4<0>;
L_000001cac03c6630 .functor AND 1, L_000001cac03c6860, L_000001cac03c65c0, C4<1>, C4<1>;
L_000001cac03c6b00 .functor AND 1, L_000001cac03c6630, L_000001cac03bb390, C4<1>, C4<1>;
L_000001cac03c66a0 .functor NOT 1, L_000001cac03bc790, C4<0>, C4<0>, C4<0>;
L_000001cac03c6780 .functor AND 1, L_000001cac03c6b00, L_000001cac03c66a0, C4<1>, C4<1>;
L_000001cac03c68d0 .functor NOT 1, L_000001cac03bb4d0, C4<0>, C4<0>, C4<0>;
L_000001cac03c6a90 .functor AND 1, L_000001cac03c6780, L_000001cac03c68d0, C4<1>, C4<1>;
L_000001cac03c6be0 .functor NOT 1, L_000001cac03bd410, C4<0>, C4<0>, C4<0>;
L_000001cac03c6c50 .functor NOT 1, L_000001cac03baf30, C4<0>, C4<0>, C4<0>;
L_000001cac03c5d70 .functor AND 1, L_000001cac03c6be0, L_000001cac03c6c50, C4<1>, C4<1>;
L_000001cac03c5de0 .functor AND 1, L_000001cac03c5d70, L_000001cac03bc0b0, C4<1>, C4<1>;
L_000001cac03c5e50 .functor AND 1, L_000001cac03c5de0, L_000001cac03bca10, C4<1>, C4<1>;
L_000001cac03c7170 .functor OR 1, L_000001cac03c6a90, L_000001cac03c5e50, C4<0>, C4<0>;
L_000001cac03c7330 .functor NOT 1, L_000001cac03bc290, C4<0>, C4<0>, C4<0>;
L_000001cac03c7250 .functor AND 1, L_000001cac03c7330, L_000001cac03bd2d0, C4<1>, C4<1>;
L_000001cac03c74f0 .functor NOT 1, L_000001cac03bbc50, C4<0>, C4<0>, C4<0>;
L_000001cac03c6e60 .functor AND 1, L_000001cac03c7250, L_000001cac03c74f0, C4<1>, C4<1>;
L_000001cac03c6d80 .functor NOT 1, L_000001cac03bc5b0, C4<0>, C4<0>, C4<0>;
L_000001cac03c7bf0 .functor AND 1, L_000001cac03c6e60, L_000001cac03c6d80, C4<1>, C4<1>;
L_000001cac03c7b10 .functor OR 1, L_000001cac03c7170, L_000001cac03c7bf0, C4<0>, C4<0>;
L_000001cac03c6ed0 .functor NOT 1, L_000001cac03badf0, C4<0>, C4<0>, C4<0>;
L_000001cac03c6f40 .functor AND 1, L_000001cac03c6ed0, L_000001cac03bd370, C4<1>, C4<1>;
L_000001cac03c71e0 .functor NOT 1, L_000001cac03bad50, C4<0>, C4<0>, C4<0>;
L_000001cac03c7720 .functor AND 1, L_000001cac03c6f40, L_000001cac03c71e0, C4<1>, C4<1>;
L_000001cac03c6fb0 .functor AND 1, L_000001cac03c7720, L_000001cac03bb610, C4<1>, C4<1>;
L_000001cac03c7a30 .functor OR 1, L_000001cac03c7b10, L_000001cac03c6fb0, C4<0>, C4<0>;
L_000001cac03c72c0 .functor NOT 1, L_000001cac03bedb0, C4<0>, C4<0>, C4<0>;
L_000001cac03c73a0 .functor NOT 1, L_000001cac03be1d0, C4<0>, C4<0>, C4<0>;
L_000001cac03c7c60 .functor AND 1, L_000001cac03c72c0, L_000001cac03c73a0, C4<1>, C4<1>;
L_000001cac03c7790 .functor AND 1, L_000001cac03c7c60, L_000001cac03bf210, C4<1>, C4<1>;
L_000001cac03c78e0 .functor NOT 1, L_000001cac03bed10, C4<0>, C4<0>, C4<0>;
L_000001cac03c7020 .functor AND 1, L_000001cac03c7790, L_000001cac03c78e0, C4<1>, C4<1>;
L_000001cac03c7aa0 .functor AND 1, L_000001cac03c7020, L_000001cac03bda50, C4<1>, C4<1>;
L_000001cac03c7b80 .functor NOT 1, L_000001cac03be590, C4<0>, C4<0>, C4<0>;
L_000001cac03c7100 .functor NOT 1, L_000001cac03be950, C4<0>, C4<0>, C4<0>;
L_000001cac03c6df0 .functor AND 1, L_000001cac03c7b80, L_000001cac03c7100, C4<1>, C4<1>;
L_000001cac03c7410 .functor AND 1, L_000001cac03c6df0, L_000001cac03be090, C4<1>, C4<1>;
L_000001cac03c7480 .functor AND 1, L_000001cac03c7410, L_000001cac03bf350, C4<1>, C4<1>;
L_000001cac03c7560 .functor NOT 1, L_000001cac03be4f0, C4<0>, C4<0>, C4<0>;
L_000001cac03c75d0 .functor AND 1, L_000001cac03c7480, L_000001cac03c7560, C4<1>, C4<1>;
L_000001cac03c7640 .functor OR 1, L_000001cac03c7aa0, L_000001cac03c75d0, C4<0>, C4<0>;
L_000001cac03c7090 .functor AND 1, L_000001cac03bd870, L_000001cac03bf990, C4<1>, C4<1>;
L_000001cac03c76b0 .functor NOT 1, L_000001cac03bdc30, C4<0>, C4<0>, C4<0>;
L_000001cac03c7800 .functor AND 1, L_000001cac03c7090, L_000001cac03c76b0, C4<1>, C4<1>;
L_000001cac03c7870 .functor NOT 1, L_000001cac03bf2b0, C4<0>, C4<0>, C4<0>;
L_000001cac03c7950 .functor AND 1, L_000001cac03c7800, L_000001cac03c7870, C4<1>, C4<1>;
L_000001cac03c79c0 .functor OR 1, L_000001cac03c7640, L_000001cac03c7950, C4<0>, C4<0>;
L_000001cac03ccd60 .functor NOT 1, L_000001cac03be450, C4<0>, C4<0>, C4<0>;
L_000001cac03cc890 .functor AND 1, L_000001cac03bd690, L_000001cac03ccd60, C4<1>, C4<1>;
L_000001cac03cc350 .functor NOT 1, L_000001cac03be630, C4<0>, C4<0>, C4<0>;
L_000001cac03cc3c0 .functor AND 1, L_000001cac03cc890, L_000001cac03cc350, C4<1>, C4<1>;
L_000001cac03ccdd0 .functor NOT 1, L_000001cac03be270, C4<0>, C4<0>, C4<0>;
L_000001cac03ccc10 .functor AND 1, L_000001cac03cc3c0, L_000001cac03ccdd0, C4<1>, C4<1>;
L_000001cac03cc900 .functor OR 1, L_000001cac03c79c0, L_000001cac03ccc10, C4<0>, C4<0>;
L_000001cac03cc660 .functor NOT 1, L_000001cac03bf3f0, C4<0>, C4<0>, C4<0>;
L_000001cac03cc9e0 .functor AND 1, L_000001cac03cc660, L_000001cac03bee50, C4<1>, C4<1>;
L_000001cac03cce40 .functor NOT 1, L_000001cac03bd910, C4<0>, C4<0>, C4<0>;
L_000001cac03cc510 .functor AND 1, L_000001cac03cc9e0, L_000001cac03cce40, C4<1>, C4<1>;
L_000001cac03ccba0 .functor NOT 1, L_000001cac03bfa30, C4<0>, C4<0>, C4<0>;
L_000001cac03ccb30 .functor AND 1, L_000001cac03cc510, L_000001cac03ccba0, C4<1>, C4<1>;
L_000001cac03cbe80 .functor NOT 1, L_000001cac03be9f0, C4<0>, C4<0>, C4<0>;
L_000001cac03cbe10 .functor AND 1, L_000001cac03ccb30, L_000001cac03cbe80, C4<1>, C4<1>;
L_000001cac03cc040 .functor OR 1, L_000001cac03cc900, L_000001cac03cbe10, C4<0>, C4<0>;
L_000001cac03cd0e0 .functor AND 1, L_000001cac03be6d0, L_000001cac03beef0, C4<1>, C4<1>;
L_000001cac03cd230 .functor NOT 1, L_000001cac03bdaf0, C4<0>, C4<0>, C4<0>;
L_000001cac03cd770 .functor AND 1, L_000001cac03cd0e0, L_000001cac03cd230, C4<1>, C4<1>;
L_000001cac03cc2e0 .functor AND 1, L_000001cac03cd770, L_000001cac03bebd0, C4<1>, C4<1>;
L_000001cac03cc740 .functor OR 1, L_000001cac03cc040, L_000001cac03cc2e0, C4<0>, C4<0>;
L_000001cac03cd1c0 .functor NOT 1, L_000001cac03be310, C4<0>, C4<0>, C4<0>;
L_000001cac03cceb0 .functor AND 1, L_000001cac03be770, L_000001cac03cd1c0, C4<1>, C4<1>;
L_000001cac03ccf20 .functor NOT 1, L_000001cac03bf490, C4<0>, C4<0>, C4<0>;
L_000001cac03cca50 .functor AND 1, L_000001cac03cceb0, L_000001cac03ccf20, C4<1>, C4<1>;
L_000001cac03cd3f0 .functor AND 1, L_000001cac03cca50, L_000001cac03bf530, C4<1>, C4<1>;
L_000001cac03cd5b0 .functor OR 1, L_000001cac03cc740, L_000001cac03cd3f0, C4<0>, C4<0>;
L_000001cac03cd700 .functor NOT 1, L_000001cac03bf670, C4<0>, C4<0>, C4<0>;
L_000001cac03cc970 .functor AND 1, L_000001cac03cd700, L_000001cac03be810, C4<1>, C4<1>;
L_000001cac03ccac0 .functor NOT 1, L_000001cac03bd5f0, C4<0>, C4<0>, C4<0>;
L_000001cac03cc580 .functor AND 1, L_000001cac03cc970, L_000001cac03ccac0, C4<1>, C4<1>;
L_000001cac03cd150 .functor AND 1, L_000001cac03cc580, L_000001cac03be8b0, C4<1>, C4<1>;
L_000001cac03cd850 .functor NOT 1, L_000001cac03be130, C4<0>, C4<0>, C4<0>;
L_000001cac03cc7b0 .functor AND 1, L_000001cac03cd150, L_000001cac03cd850, C4<1>, C4<1>;
L_000001cac03ccc80 .functor OR 1, L_000001cac03cd5b0, L_000001cac03cc7b0, C4<0>, C4<0>;
L_000001cac03cc430 .functor AND 1, L_000001cac03bea90, L_000001cac03bf0d0, C4<1>, C4<1>;
L_000001cac03cd310 .functor AND 1, L_000001cac03cc430, L_000001cac03bdcd0, C4<1>, C4<1>;
L_000001cac03cd380 .functor NOT 1, L_000001cac03bf8f0, C4<0>, C4<0>, C4<0>;
L_000001cac03cd620 .functor AND 1, L_000001cac03cd310, L_000001cac03cd380, C4<1>, C4<1>;
L_000001cac03cc820 .functor OR 1, L_000001cac03ccc80, L_000001cac03cd620, C4<0>, C4<0>;
L_000001cac03cc190 .functor NOT 1, L_000001cac03bfc10, C4<0>, C4<0>, C4<0>;
L_000001cac03ccf90 .functor AND 1, L_000001cac03be3b0, L_000001cac03cc190, C4<1>, C4<1>;
L_000001cac03cd4d0 .functor AND 1, L_000001cac03ccf90, L_000001cac03bf5d0, C4<1>, C4<1>;
L_000001cac03cc4a0 .functor NOT 1, L_000001cac03bf710, C4<0>, C4<0>, C4<0>;
L_000001cac03cd070 .functor AND 1, L_000001cac03cd4d0, L_000001cac03cc4a0, C4<1>, C4<1>;
L_000001cac03cccf0 .functor OR 1, L_000001cac03cc820, L_000001cac03cd070, C4<0>, C4<0>;
L_000001cac03cc5f0 .functor NOT 1, L_000001cac03beb30, C4<0>, C4<0>, C4<0>;
L_000001cac03cd000 .functor NOT 1, L_000001cac03bdd70, C4<0>, C4<0>, C4<0>;
L_000001cac03cbda0 .functor AND 1, L_000001cac03cc5f0, L_000001cac03cd000, C4<1>, C4<1>;
L_000001cac03cd540 .functor NOT 1, L_000001cac03bef90, C4<0>, C4<0>, C4<0>;
L_000001cac03cd690 .functor AND 1, L_000001cac03cbda0, L_000001cac03cd540, C4<1>, C4<1>;
L_000001cac03cc6d0 .functor AND 1, L_000001cac03cd690, L_000001cac03bec70, C4<1>, C4<1>;
L_000001cac03cd2a0 .functor NOT 1, L_000001cac03bf030, C4<0>, C4<0>, C4<0>;
L_000001cac03cd460 .functor NOT 1, L_000001cac03bf170, C4<0>, C4<0>, C4<0>;
L_000001cac03cd7e0 .functor AND 1, L_000001cac03cd2a0, L_000001cac03cd460, C4<1>, C4<1>;
L_000001cac03cc120 .functor AND 1, L_000001cac03cd7e0, L_000001cac03bf7b0, C4<1>, C4<1>;
L_000001cac03cd8c0 .functor NOT 1, L_000001cac03bf850, C4<0>, C4<0>, C4<0>;
L_000001cac03cd930 .functor AND 1, L_000001cac03cc120, L_000001cac03cd8c0, C4<1>, C4<1>;
L_000001cac03cbef0 .functor OR 1, L_000001cac03cc6d0, L_000001cac03cd930, C4<0>, C4<0>;
L_000001cac03cbf60 .functor NOT 1, L_000001cac03bfad0, C4<0>, C4<0>, C4<0>;
L_000001cac03cbfd0 .functor AND 1, L_000001cac03bdf50, L_000001cac03cbf60, C4<1>, C4<1>;
L_000001cac03cc0b0 .functor AND 1, L_000001cac03cbfd0, L_000001cac03bfb70, C4<1>, C4<1>;
L_000001cac03cc200 .functor AND 1, L_000001cac03cc0b0, L_000001cac03bfcb0, C4<1>, C4<1>;
L_000001cac03cc270 .functor OR 1, L_000001cac03cbef0, L_000001cac03cc200, C4<0>, C4<0>;
L_000001cac03cdaf0 .functor NOT 1, L_000001cac03bd550, C4<0>, C4<0>, C4<0>;
L_000001cac03cdb60 .functor AND 1, L_000001cac03cdaf0, L_000001cac03bd730, C4<1>, C4<1>;
L_000001cac03cdbd0 .functor AND 1, L_000001cac03cdb60, L_000001cac03bd7d0, C4<1>, C4<1>;
L_000001cac03cda80 .functor AND 1, L_000001cac03cdbd0, L_000001cac03bd9b0, C4<1>, C4<1>;
L_000001cac03cdc40 .functor OR 1, L_000001cac03cc270, L_000001cac03cda80, C4<0>, C4<0>;
L_000001cac03cdcb0 .functor NOT 1, L_000001cac03bdb90, C4<0>, C4<0>, C4<0>;
L_000001cac03cd9a0 .functor AND 1, L_000001cac03cdcb0, L_000001cac03bde10, C4<1>, C4<1>;
L_000001cac03cda10 .functor NOT 1, L_000001cac03bdeb0, C4<0>, C4<0>, C4<0>;
L_000001cac03cde90 .functor AND 1, L_000001cac03cd9a0, L_000001cac03cda10, C4<1>, C4<1>;
L_000001cac03cddb0 .functor AND 1, L_000001cac03cde90, L_000001cac03bdff0, C4<1>, C4<1>;
L_000001cac03cf0f0 .functor OR 1, L_000001cac03cdc40, L_000001cac03cddb0, C4<0>, C4<0>;
L_000001cac03ce520 .functor AND 1, L_000001cac03c0930, L_000001cac03c2370, C4<1>, C4<1>;
L_000001cac03cead0 .functor AND 1, L_000001cac03ce520, L_000001cac03c0cf0, C4<1>, C4<1>;
L_000001cac03cf160 .functor NOT 1, L_000001cac03c0f70, C4<0>, C4<0>, C4<0>;
L_000001cac03cf240 .functor AND 1, L_000001cac03cead0, L_000001cac03cf160, C4<1>, C4<1>;
L_000001cac03cf320 .functor OR 1, L_000001cac03cf0f0, L_000001cac03cf240, C4<0>, C4<0>;
L_000001cac03ceec0 .functor NOT 1, L_000001cac03c1c90, C4<0>, C4<0>, C4<0>;
L_000001cac03cf8d0 .functor AND 1, L_000001cac03c20f0, L_000001cac03ceec0, C4<1>, C4<1>;
L_000001cac03cf630 .functor AND 1, L_000001cac03cf8d0, L_000001cac03c15b0, C4<1>, C4<1>;
L_000001cac03ce7c0 .functor NOT 1, L_000001cac03c02f0, C4<0>, C4<0>, C4<0>;
L_000001cac03cef30 .functor AND 1, L_000001cac03cf630, L_000001cac03ce7c0, C4<1>, C4<1>;
L_000001cac03cf4e0 .functor OR 1, L_000001cac03cf320, L_000001cac03cef30, C4<0>, C4<0>;
L_000001cac03cec20 .functor NOT 1, L_000001cac03c1d30, C4<0>, C4<0>, C4<0>;
L_000001cac03cdf00 .functor NOT 1, L_000001cac03c16f0, C4<0>, C4<0>, C4<0>;
L_000001cac03cefa0 .functor AND 1, L_000001cac03cec20, L_000001cac03cdf00, C4<1>, C4<1>;
L_000001cac03cea60 .functor NOT 1, L_000001cac03c0d90, C4<0>, C4<0>, C4<0>;
L_000001cac03ce4b0 .functor AND 1, L_000001cac03cefa0, L_000001cac03cea60, C4<1>, C4<1>;
L_000001cac03cee50 .functor NOT 1, L_000001cac03bfdf0, C4<0>, C4<0>, C4<0>;
L_000001cac03cf010 .functor AND 1, L_000001cac03ce4b0, L_000001cac03cee50, C4<1>, C4<1>;
L_000001cac03ce590 .functor AND 1, L_000001cac03cf010, v000001cac03bd4b0_0, C4<1>, C4<1>;
L_000001cac03cf400 .functor NOT 1, L_000001cac03c07f0, C4<0>, C4<0>, C4<0>;
L_000001cac03cf1d0 .functor NOT 1, L_000001cac03c1fb0, C4<0>, C4<0>, C4<0>;
L_000001cac03ce360 .functor AND 1, L_000001cac03cf400, L_000001cac03cf1d0, C4<1>, C4<1>;
L_000001cac03ce980 .functor AND 1, L_000001cac03ce360, L_000001cac03c0e30, C4<1>, C4<1>;
L_000001cac03cec90 .functor NOT 1, L_000001cac03c1dd0, C4<0>, C4<0>, C4<0>;
L_000001cac03cf860 .functor AND 1, L_000001cac03ce980, L_000001cac03cec90, C4<1>, C4<1>;
L_000001cac03ce8a0 .functor OR 1, L_000001cac03ce590, L_000001cac03cf860, C4<0>, C4<0>;
L_000001cac03cf940 .functor NOT 1, L_000001cac03c09d0, C4<0>, C4<0>, C4<0>;
L_000001cac03ce830 .functor AND 1, L_000001cac03bffd0, L_000001cac03cf940, C4<1>, C4<1>;
L_000001cac03cf080 .functor AND 1, L_000001cac03ce830, L_000001cac03c1010, C4<1>, C4<1>;
L_000001cac03ce3d0 .functor AND 1, L_000001cac03cf080, L_000001cac03c18d0, C4<1>, C4<1>;
L_000001cac03ce280 .functor OR 1, L_000001cac03ce8a0, L_000001cac03ce3d0, C4<0>, C4<0>;
L_000001cac03cf6a0 .functor NOT 1, L_000001cac03c1ab0, C4<0>, C4<0>, C4<0>;
L_000001cac03cf5c0 .functor AND 1, L_000001cac03cf6a0, L_000001cac03c1650, C4<1>, C4<1>;
L_000001cac03cf2b0 .functor AND 1, L_000001cac03cf5c0, L_000001cac03c0bb0, C4<1>, C4<1>;
L_000001cac03ce1a0 .functor AND 1, L_000001cac03cf2b0, L_000001cac03c2410, C4<1>, C4<1>;
L_000001cac03ceb40 .functor OR 1, L_000001cac03ce280, L_000001cac03ce1a0, C4<0>, C4<0>;
L_000001cac03cf390 .functor NOT 1, L_000001cac03c0570, C4<0>, C4<0>, C4<0>;
L_000001cac03ce440 .functor AND 1, L_000001cac03cf390, L_000001cac03c2050, C4<1>, C4<1>;
L_000001cac03ced00 .functor NOT 1, L_000001cac03c1e70, C4<0>, C4<0>, C4<0>;
L_000001cac03cf470 .functor AND 1, L_000001cac03ce440, L_000001cac03ced00, C4<1>, C4<1>;
L_000001cac03cf550 .functor NOT 1, L_000001cac03c22d0, C4<0>, C4<0>, C4<0>;
L_000001cac03ce600 .functor AND 1, L_000001cac03cf470, L_000001cac03cf550, C4<1>, C4<1>;
L_000001cac03cebb0 .functor OR 1, L_000001cac03ceb40, L_000001cac03ce600, C4<0>, C4<0>;
L_000001cac03cf710 .functor AND 1, L_000001cac03c0ed0, L_000001cac03c2190, C4<1>, C4<1>;
L_000001cac03ce750 .functor NOT 1, L_000001cac03c1970, C4<0>, C4<0>, C4<0>;
L_000001cac03ced70 .functor AND 1, L_000001cac03cf710, L_000001cac03ce750, C4<1>, C4<1>;
L_000001cac03ce670 .functor AND 1, L_000001cac03ced70, L_000001cac03c24b0, C4<1>, C4<1>;
L_000001cac03ce6e0 .functor OR 1, L_000001cac03cebb0, L_000001cac03ce670, C4<0>, C4<0>;
L_000001cac03ce910 .functor NOT 1, L_000001cac03c10b0, C4<0>, C4<0>, C4<0>;
L_000001cac03cdfe0 .functor AND 1, L_000001cac03c0250, L_000001cac03ce910, C4<1>, C4<1>;
L_000001cac03cf780 .functor NOT 1, L_000001cac03bfe90, C4<0>, C4<0>, C4<0>;
L_000001cac03cf7f0 .functor AND 1, L_000001cac03cdfe0, L_000001cac03cf780, C4<1>, C4<1>;
L_000001cac03ce050 .functor AND 1, L_000001cac03cf7f0, L_000001cac03c1330, C4<1>, C4<1>;
L_000001cac03cede0 .functor OR 1, L_000001cac03ce6e0, L_000001cac03ce050, C4<0>, C4<0>;
L_000001cac03cde20 .functor NOT 1, L_000001cac03c1830, C4<0>, C4<0>, C4<0>;
L_000001cac03ce9f0 .functor AND 1, L_000001cac03cde20, L_000001cac03c1790, C4<1>, C4<1>;
L_000001cac03ce210 .functor AND 1, L_000001cac03ce9f0, L_000001cac03c1b50, C4<1>, C4<1>;
L_000001cac03ce2f0 .functor NOT 1, L_000001cac03c1bf0, C4<0>, C4<0>, C4<0>;
L_000001cac03cdf70 .functor AND 1, L_000001cac03ce210, L_000001cac03ce2f0, C4<1>, C4<1>;
v000001cac0348100_0 .net *"_ivl_1", 0 0, L_000001cac03bc150;  1 drivers
v000001cac0349780_0 .net *"_ivl_101", 0 0, L_000001cac03bb6b0;  1 drivers
v000001cac0348a60_0 .net *"_ivl_102", 0 0, L_000001cac03c3610;  1 drivers
v000001cac0348f60_0 .net *"_ivl_104", 0 0, L_000001cac03c2dc0;  1 drivers
v000001cac0348920_0 .net *"_ivl_107", 0 0, L_000001cac03bc6f0;  1 drivers
v000001cac0349000_0 .net *"_ivl_108", 0 0, L_000001cac03c2ea0;  1 drivers
v000001cac03498c0_0 .net *"_ivl_11", 0 0, L_000001cac03bbb10;  1 drivers
v000001cac0349960_0 .net *"_ivl_110", 0 0, L_000001cac03c2e30;  1 drivers
v000001cac0347f20_0 .net *"_ivl_113", 0 0, L_000001cac03bbd90;  1 drivers
v000001cac03484c0_0 .net *"_ivl_114", 0 0, L_000001cac03c3bc0;  1 drivers
v000001cac0349460_0 .net *"_ivl_116", 0 0, L_000001cac03c2f10;  1 drivers
v000001cac0349c80_0 .net *"_ivl_119", 0 0, L_000001cac03bbf70;  1 drivers
v000001cac0348b00_0 .net *"_ivl_12", 0 0, L_000001cac0339f40;  1 drivers
v000001cac0349b40_0 .net *"_ivl_121", 0 0, L_000001cac03bba70;  1 drivers
v000001cac0349a00_0 .net *"_ivl_122", 0 0, L_000001cac03c3990;  1 drivers
v000001cac03481a0_0 .net *"_ivl_124", 0 0, L_000001cac03c3a00;  1 drivers
v000001cac0348ba0_0 .net *"_ivl_127", 0 0, L_000001cac03bbcf0;  1 drivers
v000001cac0348240_0 .net *"_ivl_128", 0 0, L_000001cac03c2f80;  1 drivers
v000001cac0349140_0 .net *"_ivl_131", 0 0, L_000001cac03bb1b0;  1 drivers
v000001cac03489c0_0 .net *"_ivl_132", 0 0, L_000001cac03c2ff0;  1 drivers
v000001cac0348ce0_0 .net *"_ivl_134", 0 0, L_000001cac03c30d0;  1 drivers
v000001cac0348600_0 .net *"_ivl_139", 0 0, L_000001cac03bcbf0;  1 drivers
v000001cac0349aa0_0 .net *"_ivl_14", 0 0, L_000001cac033a6b0;  1 drivers
v000001cac0348d80_0 .net *"_ivl_140", 0 0, L_000001cac03c3220;  1 drivers
v000001cac03493c0_0 .net *"_ivl_143", 0 0, L_000001cac03bc8d0;  1 drivers
v000001cac0347fc0_0 .net *"_ivl_144", 0 0, L_000001cac03c3290;  1 drivers
v000001cac0349500_0 .net *"_ivl_146", 0 0, L_000001cac03c5f30;  1 drivers
v000001cac0349be0_0 .net *"_ivl_149", 0 0, L_000001cac03bc830;  1 drivers
v000001cac0348060_0 .net *"_ivl_150", 0 0, L_000001cac03c6160;  1 drivers
v000001cac0375b20_0 .net *"_ivl_153", 0 0, L_000001cac03bd230;  1 drivers
v000001cac0375bc0_0 .net *"_ivl_154", 0 0, L_000001cac03c64e0;  1 drivers
v000001cac0375d00_0 .net *"_ivl_157", 0 0, L_000001cac03bc650;  1 drivers
v000001cac03760c0_0 .net *"_ivl_158", 0 0, L_000001cac03c69b0;  1 drivers
v000001cac0376840_0 .net *"_ivl_161", 0 0, L_000001cac03bae90;  1 drivers
v000001cac03768e0_0 .net *"_ivl_162", 0 0, L_000001cac03c62b0;  1 drivers
v000001cac0375da0_0 .net *"_ivl_165", 0 0, L_000001cac03bce70;  1 drivers
v000001cac0375300_0 .net *"_ivl_166", 0 0, L_000001cac03c5ec0;  1 drivers
v000001cac0375c60_0 .net *"_ivl_168", 0 0, L_000001cac03c6010;  1 drivers
v000001cac03776a0_0 .net *"_ivl_17", 0 0, L_000001cac03bb070;  1 drivers
v000001cac0377060_0 .net *"_ivl_171", 0 0, L_000001cac03bc970;  1 drivers
v000001cac0376160_0 .net *"_ivl_172", 0 0, L_000001cac03c6a20;  1 drivers
v000001cac0376d40_0 .net *"_ivl_174", 0 0, L_000001cac03c61d0;  1 drivers
v000001cac0375e40_0 .net *"_ivl_176", 0 0, L_000001cac03c6b70;  1 drivers
v000001cac03772e0_0 .net *"_ivl_179", 0 0, L_000001cac03bc510;  1 drivers
v000001cac0377380_0 .net *"_ivl_180", 0 0, L_000001cac03c6080;  1 drivers
v000001cac0376200_0 .net *"_ivl_183", 0 0, L_000001cac03bcdd0;  1 drivers
v000001cac0375f80_0 .net *"_ivl_184", 0 0, L_000001cac03c5fa0;  1 drivers
v000001cac0376ca0_0 .net *"_ivl_187", 0 0, L_000001cac03bd0f0;  1 drivers
v000001cac0376e80_0 .net *"_ivl_188", 0 0, L_000001cac03c60f0;  1 drivers
v000001cac03774c0_0 .net *"_ivl_190", 0 0, L_000001cac03c6710;  1 drivers
v000001cac0376de0_0 .net *"_ivl_193", 0 0, L_000001cac03bb7f0;  1 drivers
v000001cac0376c00_0 .net *"_ivl_194", 0 0, L_000001cac03c6240;  1 drivers
v000001cac03753a0_0 .net *"_ivl_196", 0 0, L_000001cac03c6470;  1 drivers
v000001cac0375620_0 .net *"_ivl_199", 0 0, L_000001cac03bd190;  1 drivers
v000001cac0375ee0_0 .net *"_ivl_2", 0 0, L_000001cac0339ed0;  1 drivers
v000001cac0376520_0 .net *"_ivl_200", 0 0, L_000001cac03c6940;  1 drivers
v000001cac0376020_0 .net *"_ivl_203", 0 0, L_000001cac03bb930;  1 drivers
v000001cac0376980_0 .net *"_ivl_204", 0 0, L_000001cac03c6320;  1 drivers
v000001cac03762a0_0 .net *"_ivl_207", 0 0, L_000001cac03bb570;  1 drivers
v000001cac0375760_0 .net *"_ivl_208", 0 0, L_000001cac03c6550;  1 drivers
v000001cac0376f20_0 .net *"_ivl_21", 0 0, L_000001cac03bb9d0;  1 drivers
v000001cac0375800_0 .net *"_ivl_211", 0 0, L_000001cac03bbe30;  1 drivers
v000001cac0375440_0 .net *"_ivl_212", 0 0, L_000001cac03c6390;  1 drivers
v000001cac0376340_0 .net *"_ivl_214", 0 0, L_000001cac03c67f0;  1 drivers
v000001cac0376fc0_0 .net *"_ivl_22", 0 0, L_000001cac033a950;  1 drivers
v000001cac0376ac0_0 .net *"_ivl_221", 0 0, L_000001cac03bc010;  1 drivers
v000001cac0377740_0 .net *"_ivl_222", 0 0, L_000001cac03c6860;  1 drivers
v000001cac03763e0_0 .net *"_ivl_225", 0 0, L_000001cac03bb2f0;  1 drivers
v000001cac03751c0_0 .net *"_ivl_226", 0 0, L_000001cac03c65c0;  1 drivers
v000001cac03756c0_0 .net *"_ivl_228", 0 0, L_000001cac03c6630;  1 drivers
v000001cac0377100_0 .net *"_ivl_231", 0 0, L_000001cac03bb390;  1 drivers
v000001cac0376480_0 .net *"_ivl_232", 0 0, L_000001cac03c6b00;  1 drivers
v000001cac0376a20_0 .net *"_ivl_235", 0 0, L_000001cac03bc790;  1 drivers
v000001cac0375080_0 .net *"_ivl_236", 0 0, L_000001cac03c66a0;  1 drivers
v000001cac0377420_0 .net *"_ivl_238", 0 0, L_000001cac03c6780;  1 drivers
v000001cac03777e0_0 .net *"_ivl_241", 0 0, L_000001cac03bb4d0;  1 drivers
v000001cac03759e0_0 .net *"_ivl_242", 0 0, L_000001cac03c68d0;  1 drivers
v000001cac03767a0_0 .net *"_ivl_244", 0 0, L_000001cac03c6a90;  1 drivers
v000001cac0377600_0 .net *"_ivl_247", 0 0, L_000001cac03bd410;  1 drivers
v000001cac03765c0_0 .net *"_ivl_248", 0 0, L_000001cac03c6be0;  1 drivers
v000001cac0376660_0 .net *"_ivl_25", 0 0, L_000001cac03bc3d0;  1 drivers
v000001cac03771a0_0 .net *"_ivl_251", 0 0, L_000001cac03baf30;  1 drivers
v000001cac0375260_0 .net *"_ivl_252", 0 0, L_000001cac03c6c50;  1 drivers
v000001cac0376b60_0 .net *"_ivl_254", 0 0, L_000001cac03c5d70;  1 drivers
v000001cac0377240_0 .net *"_ivl_257", 0 0, L_000001cac03bc0b0;  1 drivers
v000001cac03758a0_0 .net *"_ivl_258", 0 0, L_000001cac03c5de0;  1 drivers
v000001cac0375580_0 .net *"_ivl_26", 0 0, L_000001cac02e4480;  1 drivers
v000001cac0377560_0 .net *"_ivl_261", 0 0, L_000001cac03bca10;  1 drivers
v000001cac0375940_0 .net *"_ivl_262", 0 0, L_000001cac03c5e50;  1 drivers
v000001cac0375120_0 .net *"_ivl_264", 0 0, L_000001cac03c7170;  1 drivers
v000001cac03754e0_0 .net *"_ivl_267", 0 0, L_000001cac03bc290;  1 drivers
v000001cac0376700_0 .net *"_ivl_268", 0 0, L_000001cac03c7330;  1 drivers
v000001cac0375a80_0 .net *"_ivl_271", 0 0, L_000001cac03bd2d0;  1 drivers
v000001cac0378a00_0 .net *"_ivl_272", 0 0, L_000001cac03c7250;  1 drivers
v000001cac0378960_0 .net *"_ivl_275", 0 0, L_000001cac03bbc50;  1 drivers
v000001cac0378aa0_0 .net *"_ivl_276", 0 0, L_000001cac03c74f0;  1 drivers
v000001cac0378640_0 .net *"_ivl_278", 0 0, L_000001cac03c6e60;  1 drivers
v000001cac0378b40_0 .net *"_ivl_28", 0 0, L_000001cac03c31b0;  1 drivers
v000001cac0378280_0 .net *"_ivl_281", 0 0, L_000001cac03bc5b0;  1 drivers
v000001cac0378460_0 .net *"_ivl_282", 0 0, L_000001cac03c6d80;  1 drivers
v000001cac03780a0_0 .net *"_ivl_284", 0 0, L_000001cac03c7bf0;  1 drivers
v000001cac0378e60_0 .net *"_ivl_286", 0 0, L_000001cac03c7b10;  1 drivers
v000001cac0378140_0 .net *"_ivl_289", 0 0, L_000001cac03badf0;  1 drivers
v000001cac0378320_0 .net *"_ivl_290", 0 0, L_000001cac03c6ed0;  1 drivers
v000001cac03781e0_0 .net *"_ivl_293", 0 0, L_000001cac03bd370;  1 drivers
v000001cac0378be0_0 .net *"_ivl_294", 0 0, L_000001cac03c6f40;  1 drivers
v000001cac0378dc0_0 .net *"_ivl_297", 0 0, L_000001cac03bad50;  1 drivers
v000001cac03783c0_0 .net *"_ivl_298", 0 0, L_000001cac03c71e0;  1 drivers
v000001cac03785a0_0 .net *"_ivl_300", 0 0, L_000001cac03c7720;  1 drivers
v000001cac0378c80_0 .net *"_ivl_303", 0 0, L_000001cac03bb610;  1 drivers
v000001cac0378820_0 .net *"_ivl_304", 0 0, L_000001cac03c6fb0;  1 drivers
v000001cac03786e0_0 .net *"_ivl_306", 0 0, L_000001cac03c7a30;  1 drivers
v000001cac0378500_0 .net *"_ivl_31", 0 0, L_000001cac03bb430;  1 drivers
v000001cac0378f00_0 .net *"_ivl_311", 0 0, L_000001cac03bedb0;  1 drivers
v000001cac0377c40_0 .net *"_ivl_312", 0 0, L_000001cac03c72c0;  1 drivers
v000001cac0377ce0_0 .net *"_ivl_315", 0 0, L_000001cac03be1d0;  1 drivers
v000001cac0377a60_0 .net *"_ivl_316", 0 0, L_000001cac03c73a0;  1 drivers
v000001cac0378d20_0 .net *"_ivl_318", 0 0, L_000001cac03c7c60;  1 drivers
v000001cac0377880_0 .net *"_ivl_32", 0 0, L_000001cac03c3680;  1 drivers
v000001cac0377920_0 .net *"_ivl_321", 0 0, L_000001cac03bf210;  1 drivers
v000001cac0378780_0 .net *"_ivl_322", 0 0, L_000001cac03c7790;  1 drivers
v000001cac03788c0_0 .net *"_ivl_325", 0 0, L_000001cac03bed10;  1 drivers
v000001cac03779c0_0 .net *"_ivl_326", 0 0, L_000001cac03c78e0;  1 drivers
v000001cac0377b00_0 .net *"_ivl_328", 0 0, L_000001cac03c7020;  1 drivers
v000001cac0377ba0_0 .net *"_ivl_331", 0 0, L_000001cac03bda50;  1 drivers
v000001cac0377d80_0 .net *"_ivl_332", 0 0, L_000001cac03c7aa0;  1 drivers
v000001cac0377e20_0 .net *"_ivl_335", 0 0, L_000001cac03be590;  1 drivers
v000001cac0377ec0_0 .net *"_ivl_336", 0 0, L_000001cac03c7b80;  1 drivers
v000001cac0377f60_0 .net *"_ivl_339", 0 0, L_000001cac03be950;  1 drivers
v000001cac0378000_0 .net *"_ivl_34", 0 0, L_000001cac03c36f0;  1 drivers
v000001cac037b110_0 .net *"_ivl_340", 0 0, L_000001cac03c7100;  1 drivers
v000001cac03793b0_0 .net *"_ivl_342", 0 0, L_000001cac03c6df0;  1 drivers
v000001cac0379e50_0 .net *"_ivl_345", 0 0, L_000001cac03be090;  1 drivers
v000001cac0379310_0 .net *"_ivl_346", 0 0, L_000001cac03c7410;  1 drivers
v000001cac037a670_0 .net *"_ivl_349", 0 0, L_000001cac03bf350;  1 drivers
v000001cac0379b30_0 .net *"_ivl_350", 0 0, L_000001cac03c7480;  1 drivers
v000001cac037a0d0_0 .net *"_ivl_353", 0 0, L_000001cac03be4f0;  1 drivers
v000001cac0379450_0 .net *"_ivl_354", 0 0, L_000001cac03c7560;  1 drivers
v000001cac037b250_0 .net *"_ivl_356", 0 0, L_000001cac03c75d0;  1 drivers
v000001cac0379630_0 .net *"_ivl_358", 0 0, L_000001cac03c7640;  1 drivers
v000001cac0379d10_0 .net *"_ivl_361", 0 0, L_000001cac03bd870;  1 drivers
v000001cac037b570_0 .net *"_ivl_363", 0 0, L_000001cac03bf990;  1 drivers
v000001cac0379db0_0 .net *"_ivl_364", 0 0, L_000001cac03c7090;  1 drivers
v000001cac03799f0_0 .net *"_ivl_367", 0 0, L_000001cac03bdc30;  1 drivers
v000001cac0379810_0 .net *"_ivl_368", 0 0, L_000001cac03c76b0;  1 drivers
v000001cac037b610_0 .net *"_ivl_37", 0 0, L_000001cac03bafd0;  1 drivers
v000001cac03794f0_0 .net *"_ivl_370", 0 0, L_000001cac03c7800;  1 drivers
v000001cac037adf0_0 .net *"_ivl_373", 0 0, L_000001cac03bf2b0;  1 drivers
v000001cac037ad50_0 .net *"_ivl_374", 0 0, L_000001cac03c7870;  1 drivers
v000001cac037aa30_0 .net *"_ivl_376", 0 0, L_000001cac03c7950;  1 drivers
v000001cac037b7f0_0 .net *"_ivl_378", 0 0, L_000001cac03c79c0;  1 drivers
v000001cac037ae90_0 .net *"_ivl_381", 0 0, L_000001cac03bd690;  1 drivers
v000001cac037a710_0 .net *"_ivl_383", 0 0, L_000001cac03be450;  1 drivers
v000001cac037a2b0_0 .net *"_ivl_384", 0 0, L_000001cac03ccd60;  1 drivers
v000001cac0379590_0 .net *"_ivl_386", 0 0, L_000001cac03cc890;  1 drivers
v000001cac0379bd0_0 .net *"_ivl_389", 0 0, L_000001cac03be630;  1 drivers
v000001cac0379a90_0 .net *"_ivl_390", 0 0, L_000001cac03cc350;  1 drivers
v000001cac037b2f0_0 .net *"_ivl_392", 0 0, L_000001cac03cc3c0;  1 drivers
v000001cac037acb0_0 .net *"_ivl_395", 0 0, L_000001cac03be270;  1 drivers
v000001cac0379130_0 .net *"_ivl_396", 0 0, L_000001cac03ccdd0;  1 drivers
v000001cac03796d0_0 .net *"_ivl_398", 0 0, L_000001cac03ccc10;  1 drivers
v000001cac037b1b0_0 .net *"_ivl_400", 0 0, L_000001cac03cc900;  1 drivers
v000001cac0379c70_0 .net *"_ivl_403", 0 0, L_000001cac03bf3f0;  1 drivers
v000001cac03791d0_0 .net *"_ivl_404", 0 0, L_000001cac03cc660;  1 drivers
v000001cac0379770_0 .net *"_ivl_407", 0 0, L_000001cac03bee50;  1 drivers
v000001cac0379ef0_0 .net *"_ivl_408", 0 0, L_000001cac03cc9e0;  1 drivers
v000001cac0379f90_0 .net *"_ivl_41", 0 0, L_000001cac03bcd30;  1 drivers
v000001cac037a850_0 .net *"_ivl_411", 0 0, L_000001cac03bd910;  1 drivers
v000001cac037b750_0 .net *"_ivl_412", 0 0, L_000001cac03cce40;  1 drivers
v000001cac037a030_0 .net *"_ivl_414", 0 0, L_000001cac03cc510;  1 drivers
v000001cac037a7b0_0 .net *"_ivl_417", 0 0, L_000001cac03bfa30;  1 drivers
v000001cac037b6b0_0 .net *"_ivl_418", 0 0, L_000001cac03ccba0;  1 drivers
v000001cac037b070_0 .net *"_ivl_42", 0 0, L_000001cac03c3370;  1 drivers
v000001cac037a170_0 .net *"_ivl_420", 0 0, L_000001cac03ccb30;  1 drivers
v000001cac037ab70_0 .net *"_ivl_423", 0 0, L_000001cac03be9f0;  1 drivers
v000001cac03798b0_0 .net *"_ivl_424", 0 0, L_000001cac03cbe80;  1 drivers
v000001cac037af30_0 .net *"_ivl_426", 0 0, L_000001cac03cbe10;  1 drivers
v000001cac037afd0_0 .net *"_ivl_428", 0 0, L_000001cac03cc040;  1 drivers
v000001cac037aad0_0 .net *"_ivl_431", 0 0, L_000001cac03be6d0;  1 drivers
v000001cac0379090_0 .net *"_ivl_433", 0 0, L_000001cac03beef0;  1 drivers
v000001cac037b390_0 .net *"_ivl_434", 0 0, L_000001cac03cd0e0;  1 drivers
v000001cac037a8f0_0 .net *"_ivl_437", 0 0, L_000001cac03bdaf0;  1 drivers
v000001cac037a350_0 .net *"_ivl_438", 0 0, L_000001cac03cd230;  1 drivers
v000001cac0379950_0 .net *"_ivl_440", 0 0, L_000001cac03cd770;  1 drivers
v000001cac037a210_0 .net *"_ivl_443", 0 0, L_000001cac03bebd0;  1 drivers
v000001cac037a3f0_0 .net *"_ivl_444", 0 0, L_000001cac03cc2e0;  1 drivers
v000001cac037b430_0 .net *"_ivl_446", 0 0, L_000001cac03cc740;  1 drivers
v000001cac037b4d0_0 .net *"_ivl_449", 0 0, L_000001cac03be770;  1 drivers
v000001cac0379270_0 .net *"_ivl_45", 0 0, L_000001cac03bbbb0;  1 drivers
v000001cac037a490_0 .net *"_ivl_451", 0 0, L_000001cac03be310;  1 drivers
v000001cac037a530_0 .net *"_ivl_452", 0 0, L_000001cac03cd1c0;  1 drivers
v000001cac037a5d0_0 .net *"_ivl_454", 0 0, L_000001cac03cceb0;  1 drivers
v000001cac037a990_0 .net *"_ivl_457", 0 0, L_000001cac03bf490;  1 drivers
v000001cac037ac10_0 .net *"_ivl_458", 0 0, L_000001cac03ccf20;  1 drivers
v000001cac037cd30_0 .net *"_ivl_46", 0 0, L_000001cac03c3060;  1 drivers
v000001cac037c970_0 .net *"_ivl_460", 0 0, L_000001cac03cca50;  1 drivers
v000001cac037c830_0 .net *"_ivl_463", 0 0, L_000001cac03bf530;  1 drivers
v000001cac037b9d0_0 .net *"_ivl_464", 0 0, L_000001cac03cd3f0;  1 drivers
v000001cac037bbb0_0 .net *"_ivl_466", 0 0, L_000001cac03cd5b0;  1 drivers
v000001cac037bed0_0 .net *"_ivl_469", 0 0, L_000001cac03bf670;  1 drivers
v000001cac037c470_0 .net *"_ivl_470", 0 0, L_000001cac03cd700;  1 drivers
v000001cac037bf70_0 .net *"_ivl_473", 0 0, L_000001cac03be810;  1 drivers
v000001cac037c6f0_0 .net *"_ivl_474", 0 0, L_000001cac03cc970;  1 drivers
v000001cac037c290_0 .net *"_ivl_477", 0 0, L_000001cac03bd5f0;  1 drivers
v000001cac037bc50_0 .net *"_ivl_478", 0 0, L_000001cac03ccac0;  1 drivers
v000001cac037ca10_0 .net *"_ivl_48", 0 0, L_000001cac03c3a70;  1 drivers
v000001cac037bcf0_0 .net *"_ivl_480", 0 0, L_000001cac03cc580;  1 drivers
v000001cac037ba70_0 .net *"_ivl_483", 0 0, L_000001cac03be8b0;  1 drivers
v000001cac037be30_0 .net *"_ivl_484", 0 0, L_000001cac03cd150;  1 drivers
v000001cac037cab0_0 .net *"_ivl_487", 0 0, L_000001cac03be130;  1 drivers
v000001cac037c790_0 .net *"_ivl_488", 0 0, L_000001cac03cd850;  1 drivers
v000001cac037ce70_0 .net *"_ivl_490", 0 0, L_000001cac03cc7b0;  1 drivers
v000001cac037c0b0_0 .net *"_ivl_492", 0 0, L_000001cac03ccc80;  1 drivers
v000001cac037b930_0 .net *"_ivl_495", 0 0, L_000001cac03bea90;  1 drivers
v000001cac037bd90_0 .net *"_ivl_497", 0 0, L_000001cac03bf0d0;  1 drivers
v000001cac037cb50_0 .net *"_ivl_498", 0 0, L_000001cac03cc430;  1 drivers
v000001cac037c150_0 .net *"_ivl_5", 0 0, L_000001cac03bc1f0;  1 drivers
v000001cac037c650_0 .net *"_ivl_501", 0 0, L_000001cac03bdcd0;  1 drivers
v000001cac037b890_0 .net *"_ivl_502", 0 0, L_000001cac03cd310;  1 drivers
v000001cac037cf10_0 .net *"_ivl_505", 0 0, L_000001cac03bf8f0;  1 drivers
v000001cac037bb10_0 .net *"_ivl_506", 0 0, L_000001cac03cd380;  1 drivers
v000001cac037c510_0 .net *"_ivl_508", 0 0, L_000001cac03cd620;  1 drivers
v000001cac037cdd0_0 .net *"_ivl_51", 0 0, L_000001cac03bb890;  1 drivers
v000001cac037c010_0 .net *"_ivl_510", 0 0, L_000001cac03cc820;  1 drivers
v000001cac037cbf0_0 .net *"_ivl_513", 0 0, L_000001cac03be3b0;  1 drivers
v000001cac037cc90_0 .net *"_ivl_515", 0 0, L_000001cac03bfc10;  1 drivers
v000001cac037c1f0_0 .net *"_ivl_516", 0 0, L_000001cac03cc190;  1 drivers
v000001cac037c5b0_0 .net *"_ivl_518", 0 0, L_000001cac03ccf90;  1 drivers
v000001cac037c330_0 .net *"_ivl_52", 0 0, L_000001cac03c2d50;  1 drivers
v000001cac037c3d0_0 .net *"_ivl_521", 0 0, L_000001cac03bf5d0;  1 drivers
v000001cac037c8d0_0 .net *"_ivl_522", 0 0, L_000001cac03cd4d0;  1 drivers
v000001cac03b3760_0 .net *"_ivl_525", 0 0, L_000001cac03bf710;  1 drivers
v000001cac03b3d00_0 .net *"_ivl_526", 0 0, L_000001cac03cc4a0;  1 drivers
v000001cac03b2400_0 .net *"_ivl_528", 0 0, L_000001cac03cd070;  1 drivers
v000001cac03b27c0_0 .net *"_ivl_530", 0 0, L_000001cac03cccf0;  1 drivers
v000001cac03b24a0_0 .net *"_ivl_535", 0 0, L_000001cac03beb30;  1 drivers
v000001cac03b3b20_0 .net *"_ivl_536", 0 0, L_000001cac03cc5f0;  1 drivers
v000001cac03b1f00_0 .net *"_ivl_539", 0 0, L_000001cac03bdd70;  1 drivers
v000001cac03b3120_0 .net *"_ivl_54", 0 0, L_000001cac03c3920;  1 drivers
v000001cac03b2860_0 .net *"_ivl_540", 0 0, L_000001cac03cd000;  1 drivers
v000001cac03b3800_0 .net *"_ivl_542", 0 0, L_000001cac03cbda0;  1 drivers
v000001cac03b31c0_0 .net *"_ivl_545", 0 0, L_000001cac03bef90;  1 drivers
v000001cac03b2220_0 .net *"_ivl_546", 0 0, L_000001cac03cd540;  1 drivers
v000001cac03b3620_0 .net *"_ivl_548", 0 0, L_000001cac03cd690;  1 drivers
v000001cac03b1dc0_0 .net *"_ivl_551", 0 0, L_000001cac03bec70;  1 drivers
v000001cac03b1e60_0 .net *"_ivl_552", 0 0, L_000001cac03cc6d0;  1 drivers
v000001cac03b2680_0 .net *"_ivl_555", 0 0, L_000001cac03bf030;  1 drivers
v000001cac03b3940_0 .net *"_ivl_556", 0 0, L_000001cac03cd2a0;  1 drivers
v000001cac03b20e0_0 .net *"_ivl_559", 0 0, L_000001cac03bf170;  1 drivers
v000001cac03b2720_0 .net *"_ivl_560", 0 0, L_000001cac03cd460;  1 drivers
v000001cac03b3300_0 .net *"_ivl_562", 0 0, L_000001cac03cd7e0;  1 drivers
v000001cac03b38a0_0 .net *"_ivl_565", 0 0, L_000001cac03bf7b0;  1 drivers
v000001cac03b3260_0 .net *"_ivl_566", 0 0, L_000001cac03cc120;  1 drivers
v000001cac03b29a0_0 .net *"_ivl_569", 0 0, L_000001cac03bf850;  1 drivers
v000001cac03b39e0_0 .net *"_ivl_57", 0 0, L_000001cac03bb750;  1 drivers
v000001cac03b4020_0 .net *"_ivl_570", 0 0, L_000001cac03cd8c0;  1 drivers
v000001cac03b3580_0 .net *"_ivl_572", 0 0, L_000001cac03cd930;  1 drivers
v000001cac03b2540_0 .net *"_ivl_574", 0 0, L_000001cac03cbef0;  1 drivers
v000001cac03b3a80_0 .net *"_ivl_577", 0 0, L_000001cac03bdf50;  1 drivers
v000001cac03b25e0_0 .net *"_ivl_579", 0 0, L_000001cac03bfad0;  1 drivers
v000001cac03b22c0_0 .net *"_ivl_580", 0 0, L_000001cac03cbf60;  1 drivers
v000001cac03b3ee0_0 .net *"_ivl_582", 0 0, L_000001cac03cbfd0;  1 drivers
v000001cac03b3bc0_0 .net *"_ivl_585", 0 0, L_000001cac03bfb70;  1 drivers
v000001cac03b3440_0 .net *"_ivl_586", 0 0, L_000001cac03cc0b0;  1 drivers
v000001cac03b3c60_0 .net *"_ivl_589", 0 0, L_000001cac03bfcb0;  1 drivers
v000001cac03b2fe0_0 .net *"_ivl_590", 0 0, L_000001cac03cc200;  1 drivers
v000001cac03b2c20_0 .net *"_ivl_592", 0 0, L_000001cac03cc270;  1 drivers
v000001cac03b33a0_0 .net *"_ivl_595", 0 0, L_000001cac03bd550;  1 drivers
v000001cac03b2360_0 .net *"_ivl_596", 0 0, L_000001cac03cdaf0;  1 drivers
v000001cac03b3da0_0 .net *"_ivl_599", 0 0, L_000001cac03bd730;  1 drivers
v000001cac03b4200_0 .net *"_ivl_6", 0 0, L_000001cac033a100;  1 drivers
v000001cac03b2900_0 .net *"_ivl_600", 0 0, L_000001cac03cdb60;  1 drivers
v000001cac03b3080_0 .net *"_ivl_603", 0 0, L_000001cac03bd7d0;  1 drivers
v000001cac03b3e40_0 .net *"_ivl_604", 0 0, L_000001cac03cdbd0;  1 drivers
v000001cac03b2040_0 .net *"_ivl_607", 0 0, L_000001cac03bd9b0;  1 drivers
v000001cac03b2ae0_0 .net *"_ivl_608", 0 0, L_000001cac03cda80;  1 drivers
v000001cac03b1fa0_0 .net *"_ivl_61", 0 0, L_000001cac03bb250;  1 drivers
v000001cac03b34e0_0 .net *"_ivl_610", 0 0, L_000001cac03cdc40;  1 drivers
v000001cac03b2a40_0 .net *"_ivl_613", 0 0, L_000001cac03bdb90;  1 drivers
v000001cac03b2d60_0 .net *"_ivl_614", 0 0, L_000001cac03cdcb0;  1 drivers
v000001cac03b2180_0 .net *"_ivl_617", 0 0, L_000001cac03bde10;  1 drivers
v000001cac03b3f80_0 .net *"_ivl_618", 0 0, L_000001cac03cd9a0;  1 drivers
v000001cac03b2b80_0 .net *"_ivl_62", 0 0, L_000001cac03c3c30;  1 drivers
v000001cac03b2cc0_0 .net *"_ivl_621", 0 0, L_000001cac03bdeb0;  1 drivers
v000001cac03b42a0_0 .net *"_ivl_622", 0 0, L_000001cac03cda10;  1 drivers
v000001cac03b2e00_0 .net *"_ivl_624", 0 0, L_000001cac03cde90;  1 drivers
v000001cac03b2ea0_0 .net *"_ivl_627", 0 0, L_000001cac03bdff0;  1 drivers
v000001cac03b2f40_0 .net *"_ivl_628", 0 0, L_000001cac03cddb0;  1 drivers
v000001cac03b4340_0 .net *"_ivl_630", 0 0, L_000001cac03cf0f0;  1 drivers
v000001cac03b36c0_0 .net *"_ivl_633", 0 0, L_000001cac03c0930;  1 drivers
v000001cac03b40c0_0 .net *"_ivl_635", 0 0, L_000001cac03c2370;  1 drivers
v000001cac03b4160_0 .net *"_ivl_636", 0 0, L_000001cac03ce520;  1 drivers
v000001cac03b43e0_0 .net *"_ivl_639", 0 0, L_000001cac03c0cf0;  1 drivers
v000001cac03b4480_0 .net *"_ivl_640", 0 0, L_000001cac03cead0;  1 drivers
v000001cac03b1d20_0 .net *"_ivl_643", 0 0, L_000001cac03c0f70;  1 drivers
v000001cac03b51a0_0 .net *"_ivl_644", 0 0, L_000001cac03cf160;  1 drivers
v000001cac03b4fc0_0 .net *"_ivl_646", 0 0, L_000001cac03cf240;  1 drivers
v000001cac03b47a0_0 .net *"_ivl_648", 0 0, L_000001cac03cf320;  1 drivers
v000001cac03b4ac0_0 .net *"_ivl_65", 0 0, L_000001cac03bc330;  1 drivers
v000001cac03b4a20_0 .net *"_ivl_651", 0 0, L_000001cac03c20f0;  1 drivers
v000001cac03b5880_0 .net *"_ivl_653", 0 0, L_000001cac03c1c90;  1 drivers
v000001cac03b4ca0_0 .net *"_ivl_654", 0 0, L_000001cac03ceec0;  1 drivers
v000001cac03b4980_0 .net *"_ivl_656", 0 0, L_000001cac03cf8d0;  1 drivers
v000001cac03b4840_0 .net *"_ivl_659", 0 0, L_000001cac03c15b0;  1 drivers
v000001cac03b57e0_0 .net *"_ivl_66", 0 0, L_000001cac03c33e0;  1 drivers
v000001cac03b4b60_0 .net *"_ivl_660", 0 0, L_000001cac03cf630;  1 drivers
v000001cac03b4520_0 .net *"_ivl_663", 0 0, L_000001cac03c02f0;  1 drivers
v000001cac03b4700_0 .net *"_ivl_664", 0 0, L_000001cac03ce7c0;  1 drivers
v000001cac03b4c00_0 .net *"_ivl_666", 0 0, L_000001cac03cef30;  1 drivers
v000001cac03b4d40_0 .net *"_ivl_668", 0 0, L_000001cac03cf4e0;  1 drivers
v000001cac03b5380_0 .net *"_ivl_674", 0 0, L_000001cac03c1d30;  1 drivers
v000001cac03b45c0_0 .net *"_ivl_675", 0 0, L_000001cac03cec20;  1 drivers
v000001cac03b4de0_0 .net *"_ivl_678", 0 0, L_000001cac03c16f0;  1 drivers
v000001cac03b5420_0 .net *"_ivl_679", 0 0, L_000001cac03cdf00;  1 drivers
v000001cac03b5ba0_0 .net *"_ivl_681", 0 0, L_000001cac03cefa0;  1 drivers
v000001cac03b5920_0 .net *"_ivl_684", 0 0, L_000001cac03c0d90;  1 drivers
v000001cac03b4f20_0 .net *"_ivl_685", 0 0, L_000001cac03cea60;  1 drivers
v000001cac03b5600_0 .net *"_ivl_687", 0 0, L_000001cac03ce4b0;  1 drivers
v000001cac03b56a0_0 .net *"_ivl_69", 0 0, L_000001cac03bcc90;  1 drivers
v000001cac03b52e0_0 .net *"_ivl_690", 0 0, L_000001cac03bfdf0;  1 drivers
v000001cac03b4e80_0 .net *"_ivl_691", 0 0, L_000001cac03cee50;  1 drivers
v000001cac03b59c0_0 .net *"_ivl_693", 0 0, L_000001cac03cf010;  1 drivers
v000001cac03b5740_0 .net *"_ivl_695", 0 0, L_000001cac03ce590;  1 drivers
v000001cac03b5a60_0 .net *"_ivl_698", 0 0, L_000001cac03c07f0;  1 drivers
v000001cac03b54c0_0 .net *"_ivl_699", 0 0, L_000001cac03cf400;  1 drivers
v000001cac03b5b00_0 .net *"_ivl_70", 0 0, L_000001cac03c3450;  1 drivers
v000001cac03b5060_0 .net *"_ivl_702", 0 0, L_000001cac03c1fb0;  1 drivers
v000001cac03b5240_0 .net *"_ivl_703", 0 0, L_000001cac03cf1d0;  1 drivers
v000001cac03b5100_0 .net *"_ivl_705", 0 0, L_000001cac03ce360;  1 drivers
v000001cac03b4660_0 .net *"_ivl_708", 0 0, L_000001cac03c0e30;  1 drivers
v000001cac03b5560_0 .net *"_ivl_709", 0 0, L_000001cac03ce980;  1 drivers
v000001cac03b48e0_0 .net *"_ivl_712", 0 0, L_000001cac03c1dd0;  1 drivers
v000001cac03b8be0_0 .net *"_ivl_713", 0 0, L_000001cac03cec90;  1 drivers
v000001cac03b88c0_0 .net *"_ivl_715", 0 0, L_000001cac03cf860;  1 drivers
v000001cac03b8f00_0 .net *"_ivl_717", 0 0, L_000001cac03ce8a0;  1 drivers
v000001cac03b76a0_0 .net *"_ivl_720", 0 0, L_000001cac03bffd0;  1 drivers
v000001cac03b8460_0 .net *"_ivl_722", 0 0, L_000001cac03c09d0;  1 drivers
v000001cac03b92c0_0 .net *"_ivl_723", 0 0, L_000001cac03cf940;  1 drivers
v000001cac03b7d80_0 .net *"_ivl_725", 0 0, L_000001cac03ce830;  1 drivers
v000001cac03b7ce0_0 .net *"_ivl_728", 0 0, L_000001cac03c1010;  1 drivers
v000001cac03b8c80_0 .net *"_ivl_729", 0 0, L_000001cac03cf080;  1 drivers
v000001cac03b6f20_0 .net *"_ivl_73", 0 0, L_000001cac03bc470;  1 drivers
v000001cac03b8500_0 .net *"_ivl_732", 0 0, L_000001cac03c18d0;  1 drivers
v000001cac03b8fa0_0 .net *"_ivl_733", 0 0, L_000001cac03ce3d0;  1 drivers
v000001cac03b7ec0_0 .net *"_ivl_735", 0 0, L_000001cac03ce280;  1 drivers
v000001cac03b83c0_0 .net *"_ivl_738", 0 0, L_000001cac03c1ab0;  1 drivers
v000001cac03b8d20_0 .net *"_ivl_739", 0 0, L_000001cac03cf6a0;  1 drivers
v000001cac03b8960_0 .net *"_ivl_74", 0 0, L_000001cac03c37d0;  1 drivers
v000001cac03b86e0_0 .net *"_ivl_742", 0 0, L_000001cac03c1650;  1 drivers
v000001cac03b7f60_0 .net *"_ivl_743", 0 0, L_000001cac03cf5c0;  1 drivers
v000001cac03b9360_0 .net *"_ivl_746", 0 0, L_000001cac03c0bb0;  1 drivers
v000001cac03b74c0_0 .net *"_ivl_747", 0 0, L_000001cac03cf2b0;  1 drivers
v000001cac03b7420_0 .net *"_ivl_750", 0 0, L_000001cac03c2410;  1 drivers
v000001cac03b7100_0 .net *"_ivl_751", 0 0, L_000001cac03ce1a0;  1 drivers
v000001cac03b9040_0 .net *"_ivl_753", 0 0, L_000001cac03ceb40;  1 drivers
v000001cac03b7e20_0 .net *"_ivl_756", 0 0, L_000001cac03c0570;  1 drivers
v000001cac03b8aa0_0 .net *"_ivl_757", 0 0, L_000001cac03cf390;  1 drivers
v000001cac03b79c0_0 .net *"_ivl_760", 0 0, L_000001cac03c2050;  1 drivers
v000001cac03b8320_0 .net *"_ivl_761", 0 0, L_000001cac03ce440;  1 drivers
v000001cac03b8dc0_0 .net *"_ivl_764", 0 0, L_000001cac03c1e70;  1 drivers
v000001cac03b90e0_0 .net *"_ivl_765", 0 0, L_000001cac03ced00;  1 drivers
v000001cac03b94a0_0 .net *"_ivl_767", 0 0, L_000001cac03cf470;  1 drivers
v000001cac03b8e60_0 .net *"_ivl_77", 0 0, L_000001cac03bb110;  1 drivers
v000001cac03b6de0_0 .net *"_ivl_770", 0 0, L_000001cac03c22d0;  1 drivers
v000001cac03b7920_0 .net *"_ivl_771", 0 0, L_000001cac03cf550;  1 drivers
v000001cac03b8140_0 .net *"_ivl_773", 0 0, L_000001cac03ce600;  1 drivers
v000001cac03b9180_0 .net *"_ivl_775", 0 0, L_000001cac03cebb0;  1 drivers
v000001cac03b7740_0 .net *"_ivl_778", 0 0, L_000001cac03c0ed0;  1 drivers
v000001cac03b81e0_0 .net *"_ivl_780", 0 0, L_000001cac03c2190;  1 drivers
v000001cac03b8280_0 .net *"_ivl_781", 0 0, L_000001cac03cf710;  1 drivers
v000001cac03b6e80_0 .net *"_ivl_784", 0 0, L_000001cac03c1970;  1 drivers
v000001cac03b9220_0 .net *"_ivl_785", 0 0, L_000001cac03ce750;  1 drivers
v000001cac03b8a00_0 .net *"_ivl_787", 0 0, L_000001cac03ced70;  1 drivers
v000001cac03b7560_0 .net *"_ivl_79", 0 0, L_000001cac03bcab0;  1 drivers
v000001cac03b85a0_0 .net *"_ivl_790", 0 0, L_000001cac03c24b0;  1 drivers
v000001cac03b7600_0 .net *"_ivl_791", 0 0, L_000001cac03ce670;  1 drivers
v000001cac03b8640_0 .net *"_ivl_793", 0 0, L_000001cac03ce6e0;  1 drivers
v000001cac03b8b40_0 .net *"_ivl_796", 0 0, L_000001cac03c0250;  1 drivers
v000001cac03b9400_0 .net *"_ivl_798", 0 0, L_000001cac03c10b0;  1 drivers
v000001cac03b6d40_0 .net *"_ivl_799", 0 0, L_000001cac03ce910;  1 drivers
v000001cac03b8780_0 .net *"_ivl_8", 0 0, L_000001cac033acd0;  1 drivers
v000001cac03b71a0_0 .net *"_ivl_80", 0 0, L_000001cac03c3b50;  1 drivers
v000001cac03b77e0_0 .net *"_ivl_801", 0 0, L_000001cac03cdfe0;  1 drivers
v000001cac03b8820_0 .net *"_ivl_804", 0 0, L_000001cac03bfe90;  1 drivers
v000001cac03b7c40_0 .net *"_ivl_805", 0 0, L_000001cac03cf780;  1 drivers
v000001cac03b7880_0 .net *"_ivl_807", 0 0, L_000001cac03cf7f0;  1 drivers
v000001cac03b6fc0_0 .net *"_ivl_810", 0 0, L_000001cac03c1330;  1 drivers
v000001cac03b7060_0 .net *"_ivl_811", 0 0, L_000001cac03ce050;  1 drivers
v000001cac03b7a60_0 .net *"_ivl_813", 0 0, L_000001cac03cede0;  1 drivers
v000001cac03b7240_0 .net *"_ivl_816", 0 0, L_000001cac03c1830;  1 drivers
v000001cac03b72e0_0 .net *"_ivl_817", 0 0, L_000001cac03cde20;  1 drivers
v000001cac03b7380_0 .net *"_ivl_82", 0 0, L_000001cac03c3840;  1 drivers
v000001cac03b7b00_0 .net *"_ivl_820", 0 0, L_000001cac03c1790;  1 drivers
v000001cac03b7ba0_0 .net *"_ivl_821", 0 0, L_000001cac03ce9f0;  1 drivers
v000001cac03b8000_0 .net *"_ivl_824", 0 0, L_000001cac03c1b50;  1 drivers
v000001cac03b80a0_0 .net *"_ivl_825", 0 0, L_000001cac03ce210;  1 drivers
v000001cac03ba800_0 .net *"_ivl_828", 0 0, L_000001cac03c1bf0;  1 drivers
v000001cac03b9fe0_0 .net *"_ivl_829", 0 0, L_000001cac03ce2f0;  1 drivers
v000001cac03b9ea0_0 .net *"_ivl_85", 0 0, L_000001cac03bcf10;  1 drivers
v000001cac03babc0_0 .net *"_ivl_86", 0 0, L_000001cac03c3300;  1 drivers
v000001cac03b97c0_0 .net *"_ivl_88", 0 0, L_000001cac03c34c0;  1 drivers
v000001cac03b9f40_0 .net *"_ivl_91", 0 0, L_000001cac03bcb50;  1 drivers
v000001cac03ba080_0 .net *"_ivl_92", 0 0, L_000001cac03c3530;  1 drivers
v000001cac03b9540_0 .net *"_ivl_94", 0 0, L_000001cac03c38b0;  1 drivers
v000001cac03ba120_0 .net *"_ivl_96", 0 0, L_000001cac03c3ae0;  1 drivers
v000001cac03b9cc0_0 .net *"_ivl_99", 0 0, L_000001cac03bd050;  1 drivers
v000001cac03b9860_0 .net "clk", 0 0, v000001cac03b9e00_0;  1 drivers
v000001cac03b9900_0 .net "done", 0 0, L_000001cac03cdf70;  alias, 1 drivers
v000001cac03ba300_0 .net "mdld", 0 0, L_000001cac03c3140;  alias, 1 drivers
v000001cac03ba6c0_0 .net "mr", 3 0, v000001cac03ba260_0;  1 drivers
v000001cac03bab20_0 .net "mrld", 0 0, L_000001cac03c3760;  alias, 1 drivers
v000001cac03b9c20_0 .net "n", 3 0, L_000001cac03c1f10;  alias, 1 drivers
v000001cac03ba440_0 .net "reset_state", 3 0, v000001cac03baa80_0;  1 drivers
v000001cac03ba1c0_0 .net "rsclear", 0 0, L_000001cac033a790;  alias, 1 drivers
v000001cac03ba580_0 .net "rsload", 0 0, L_000001cac03c35a0;  alias, 1 drivers
v000001cac03b9a40_0 .net "rsshr", 0 0, L_000001cac03c6400;  alias, 1 drivers
v000001cac03ba760_0 .net "rst", 0 0, v000001cac03b9d60_0;  1 drivers
v000001cac03b99a0_0 .var "s", 3 0;
v000001cac03ba8a0_0 .net "start", 0 0, v000001cac03bd4b0_0;  1 drivers
E_000001cac033dd40 .event posedge, v000001cac03b9860_0;
L_000001cac03bc150 .part v000001cac03b99a0_0, 3, 1;
L_000001cac03bc1f0 .part v000001cac03b99a0_0, 2, 1;
L_000001cac03bbb10 .part v000001cac03b99a0_0, 1, 1;
L_000001cac03bb070 .part v000001cac03b99a0_0, 0, 1;
L_000001cac03bb9d0 .part v000001cac03b99a0_0, 3, 1;
L_000001cac03bc3d0 .part v000001cac03b99a0_0, 2, 1;
L_000001cac03bb430 .part v000001cac03b99a0_0, 1, 1;
L_000001cac03bafd0 .part v000001cac03b99a0_0, 0, 1;
L_000001cac03bcd30 .part v000001cac03b99a0_0, 3, 1;
L_000001cac03bbbb0 .part v000001cac03b99a0_0, 2, 1;
L_000001cac03bb890 .part v000001cac03b99a0_0, 1, 1;
L_000001cac03bb750 .part v000001cac03b99a0_0, 0, 1;
L_000001cac03bb250 .part v000001cac03b99a0_0, 3, 1;
L_000001cac03bc330 .part v000001cac03b99a0_0, 2, 1;
L_000001cac03bcc90 .part v000001cac03b99a0_0, 1, 1;
L_000001cac03bc470 .part v000001cac03b99a0_0, 0, 1;
L_000001cac03bb110 .part v000001cac03b99a0_0, 3, 1;
L_000001cac03bcab0 .part v000001cac03b99a0_0, 2, 1;
L_000001cac03bcf10 .part v000001cac03b99a0_0, 1, 1;
L_000001cac03bcb50 .part v000001cac03b99a0_0, 0, 1;
L_000001cac03bd050 .part v000001cac03b99a0_0, 3, 1;
L_000001cac03bb6b0 .part v000001cac03b99a0_0, 2, 1;
L_000001cac03bc6f0 .part v000001cac03b99a0_0, 1, 1;
L_000001cac03bbd90 .part v000001cac03b99a0_0, 0, 1;
L_000001cac03bbf70 .part v000001cac03b99a0_0, 3, 1;
L_000001cac03bba70 .part v000001cac03b99a0_0, 2, 1;
L_000001cac03bbcf0 .part v000001cac03b99a0_0, 1, 1;
L_000001cac03bb1b0 .part v000001cac03b99a0_0, 0, 1;
L_000001cac03bcbf0 .part v000001cac03b99a0_0, 3, 1;
L_000001cac03bc8d0 .part v000001cac03b99a0_0, 2, 1;
L_000001cac03bc830 .part v000001cac03b99a0_0, 1, 1;
L_000001cac03bd230 .part v000001cac03b99a0_0, 0, 1;
L_000001cac03bc650 .part v000001cac03b99a0_0, 3, 1;
L_000001cac03bae90 .part v000001cac03b99a0_0, 2, 1;
L_000001cac03bce70 .part v000001cac03b99a0_0, 1, 1;
L_000001cac03bc970 .part v000001cac03b99a0_0, 0, 1;
L_000001cac03bc510 .part v000001cac03b99a0_0, 3, 1;
L_000001cac03bcdd0 .part v000001cac03b99a0_0, 2, 1;
L_000001cac03bd0f0 .part v000001cac03b99a0_0, 1, 1;
L_000001cac03bb7f0 .part v000001cac03b99a0_0, 0, 1;
L_000001cac03bd190 .part v000001cac03b99a0_0, 3, 1;
L_000001cac03bb930 .part v000001cac03b99a0_0, 2, 1;
L_000001cac03bb570 .part v000001cac03b99a0_0, 1, 1;
L_000001cac03bbe30 .part v000001cac03b99a0_0, 0, 1;
L_000001cac03bc010 .part v000001cac03b99a0_0, 3, 1;
L_000001cac03bb2f0 .part v000001cac03b99a0_0, 2, 1;
L_000001cac03bb390 .part v000001cac03b99a0_0, 1, 1;
L_000001cac03bc790 .part v000001cac03b99a0_0, 0, 1;
L_000001cac03bb4d0 .part v000001cac03ba260_0, 0, 1;
L_000001cac03bd410 .part v000001cac03b99a0_0, 3, 1;
L_000001cac03baf30 .part v000001cac03b99a0_0, 2, 1;
L_000001cac03bc0b0 .part v000001cac03b99a0_0, 1, 1;
L_000001cac03bca10 .part v000001cac03b99a0_0, 0, 1;
L_000001cac03bc290 .part v000001cac03b99a0_0, 3, 1;
L_000001cac03bd2d0 .part v000001cac03b99a0_0, 2, 1;
L_000001cac03bbc50 .part v000001cac03b99a0_0, 1, 1;
L_000001cac03bc5b0 .part v000001cac03b99a0_0, 0, 1;
L_000001cac03badf0 .part v000001cac03b99a0_0, 3, 1;
L_000001cac03bd370 .part v000001cac03b99a0_0, 2, 1;
L_000001cac03bad50 .part v000001cac03b99a0_0, 1, 1;
L_000001cac03bb610 .part v000001cac03b99a0_0, 0, 1;
L_000001cac03bedb0 .part v000001cac03b99a0_0, 3, 1;
L_000001cac03be1d0 .part v000001cac03b99a0_0, 2, 1;
L_000001cac03bf210 .part v000001cac03b99a0_0, 1, 1;
L_000001cac03bed10 .part v000001cac03b99a0_0, 0, 1;
L_000001cac03bda50 .part v000001cac03ba260_0, 0, 1;
L_000001cac03be590 .part v000001cac03b99a0_0, 3, 1;
L_000001cac03be950 .part v000001cac03b99a0_0, 2, 1;
L_000001cac03be090 .part v000001cac03b99a0_0, 1, 1;
L_000001cac03bf350 .part v000001cac03b99a0_0, 0, 1;
L_000001cac03be4f0 .part v000001cac03ba260_0, 1, 1;
L_000001cac03bd870 .part v000001cac03b99a0_0, 3, 1;
L_000001cac03bf990 .part v000001cac03b99a0_0, 2, 1;
L_000001cac03bdc30 .part v000001cac03b99a0_0, 1, 1;
L_000001cac03bf2b0 .part v000001cac03b99a0_0, 0, 1;
L_000001cac03bd690 .part v000001cac03b99a0_0, 3, 1;
L_000001cac03be450 .part v000001cac03b99a0_0, 2, 1;
L_000001cac03be630 .part v000001cac03b99a0_0, 1, 1;
L_000001cac03be270 .part v000001cac03b99a0_0, 0, 1;
L_000001cac03bf3f0 .part v000001cac03b99a0_0, 3, 1;
L_000001cac03bee50 .part v000001cac03b99a0_0, 2, 1;
L_000001cac03bd910 .part v000001cac03b99a0_0, 1, 1;
L_000001cac03bfa30 .part v000001cac03b99a0_0, 0, 1;
L_000001cac03be9f0 .part v000001cac03ba260_0, 2, 1;
L_000001cac03be6d0 .part v000001cac03b99a0_0, 3, 1;
L_000001cac03beef0 .part v000001cac03b99a0_0, 2, 1;
L_000001cac03bdaf0 .part v000001cac03b99a0_0, 1, 1;
L_000001cac03bebd0 .part v000001cac03b99a0_0, 0, 1;
L_000001cac03be770 .part v000001cac03b99a0_0, 3, 1;
L_000001cac03be310 .part v000001cac03b99a0_0, 2, 1;
L_000001cac03bf490 .part v000001cac03b99a0_0, 1, 1;
L_000001cac03bf530 .part v000001cac03b99a0_0, 0, 1;
L_000001cac03bf670 .part v000001cac03b99a0_0, 3, 1;
L_000001cac03be810 .part v000001cac03b99a0_0, 2, 1;
L_000001cac03bd5f0 .part v000001cac03b99a0_0, 1, 1;
L_000001cac03be8b0 .part v000001cac03b99a0_0, 0, 1;
L_000001cac03be130 .part v000001cac03ba260_0, 3, 1;
L_000001cac03bea90 .part v000001cac03b99a0_0, 3, 1;
L_000001cac03bf0d0 .part v000001cac03b99a0_0, 2, 1;
L_000001cac03bdcd0 .part v000001cac03b99a0_0, 1, 1;
L_000001cac03bf8f0 .part v000001cac03b99a0_0, 0, 1;
L_000001cac03be3b0 .part v000001cac03b99a0_0, 3, 1;
L_000001cac03bfc10 .part v000001cac03b99a0_0, 2, 1;
L_000001cac03bf5d0 .part v000001cac03b99a0_0, 1, 1;
L_000001cac03bf710 .part v000001cac03b99a0_0, 0, 1;
L_000001cac03beb30 .part v000001cac03b99a0_0, 3, 1;
L_000001cac03bdd70 .part v000001cac03b99a0_0, 2, 1;
L_000001cac03bef90 .part v000001cac03b99a0_0, 1, 1;
L_000001cac03bec70 .part v000001cac03b99a0_0, 0, 1;
L_000001cac03bf030 .part v000001cac03b99a0_0, 3, 1;
L_000001cac03bf170 .part v000001cac03b99a0_0, 2, 1;
L_000001cac03bf7b0 .part v000001cac03b99a0_0, 1, 1;
L_000001cac03bf850 .part v000001cac03b99a0_0, 0, 1;
L_000001cac03bdf50 .part v000001cac03b99a0_0, 3, 1;
L_000001cac03bfad0 .part v000001cac03b99a0_0, 2, 1;
L_000001cac03bfb70 .part v000001cac03b99a0_0, 1, 1;
L_000001cac03bfcb0 .part v000001cac03b99a0_0, 0, 1;
L_000001cac03bd550 .part v000001cac03b99a0_0, 3, 1;
L_000001cac03bd730 .part v000001cac03b99a0_0, 2, 1;
L_000001cac03bd7d0 .part v000001cac03b99a0_0, 1, 1;
L_000001cac03bd9b0 .part v000001cac03b99a0_0, 0, 1;
L_000001cac03bdb90 .part v000001cac03b99a0_0, 3, 1;
L_000001cac03bde10 .part v000001cac03b99a0_0, 2, 1;
L_000001cac03bdeb0 .part v000001cac03b99a0_0, 1, 1;
L_000001cac03bdff0 .part v000001cac03b99a0_0, 0, 1;
L_000001cac03c0930 .part v000001cac03b99a0_0, 3, 1;
L_000001cac03c2370 .part v000001cac03b99a0_0, 2, 1;
L_000001cac03c0cf0 .part v000001cac03b99a0_0, 1, 1;
L_000001cac03c0f70 .part v000001cac03b99a0_0, 0, 1;
L_000001cac03c20f0 .part v000001cac03b99a0_0, 3, 1;
L_000001cac03c1c90 .part v000001cac03b99a0_0, 2, 1;
L_000001cac03c15b0 .part v000001cac03b99a0_0, 1, 1;
L_000001cac03c02f0 .part v000001cac03b99a0_0, 0, 1;
L_000001cac03c1f10 .concat8 [ 1 1 1 1], L_000001cac03cede0, L_000001cac03cf4e0, L_000001cac03cccf0, L_000001cac03c7a30;
L_000001cac03c1d30 .part v000001cac03b99a0_0, 3, 1;
L_000001cac03c16f0 .part v000001cac03b99a0_0, 2, 1;
L_000001cac03c0d90 .part v000001cac03b99a0_0, 1, 1;
L_000001cac03bfdf0 .part v000001cac03b99a0_0, 0, 1;
L_000001cac03c07f0 .part v000001cac03b99a0_0, 3, 1;
L_000001cac03c1fb0 .part v000001cac03b99a0_0, 2, 1;
L_000001cac03c0e30 .part v000001cac03b99a0_0, 1, 1;
L_000001cac03c1dd0 .part v000001cac03b99a0_0, 0, 1;
L_000001cac03bffd0 .part v000001cac03b99a0_0, 3, 1;
L_000001cac03c09d0 .part v000001cac03b99a0_0, 2, 1;
L_000001cac03c1010 .part v000001cac03b99a0_0, 1, 1;
L_000001cac03c18d0 .part v000001cac03b99a0_0, 0, 1;
L_000001cac03c1ab0 .part v000001cac03b99a0_0, 3, 1;
L_000001cac03c1650 .part v000001cac03b99a0_0, 2, 1;
L_000001cac03c0bb0 .part v000001cac03b99a0_0, 1, 1;
L_000001cac03c2410 .part v000001cac03b99a0_0, 0, 1;
L_000001cac03c0570 .part v000001cac03b99a0_0, 3, 1;
L_000001cac03c2050 .part v000001cac03b99a0_0, 2, 1;
L_000001cac03c1e70 .part v000001cac03b99a0_0, 1, 1;
L_000001cac03c22d0 .part v000001cac03b99a0_0, 0, 1;
L_000001cac03c0ed0 .part v000001cac03b99a0_0, 3, 1;
L_000001cac03c2190 .part v000001cac03b99a0_0, 2, 1;
L_000001cac03c1970 .part v000001cac03b99a0_0, 1, 1;
L_000001cac03c24b0 .part v000001cac03b99a0_0, 0, 1;
L_000001cac03c0250 .part v000001cac03b99a0_0, 3, 1;
L_000001cac03c10b0 .part v000001cac03b99a0_0, 2, 1;
L_000001cac03bfe90 .part v000001cac03b99a0_0, 1, 1;
L_000001cac03c1330 .part v000001cac03b99a0_0, 0, 1;
L_000001cac03c1830 .part v000001cac03b99a0_0, 3, 1;
L_000001cac03c1790 .part v000001cac03b99a0_0, 2, 1;
L_000001cac03c1b50 .part v000001cac03b99a0_0, 1, 1;
L_000001cac03c1bf0 .part v000001cac03b99a0_0, 0, 1;
    .scope S_000001cac02d83a0;
T_0 ;
    %wait E_000001cac033dd40;
    %load/vec4 v000001cac03ba760_0;
    %flag_set/vec4 8;
    %jmp/0xz  T_0.0, 8;
    %load/vec4 v000001cac03ba440_0;
    %assign/vec4 v000001cac03b99a0_0, 0;
    %jmp T_0.1;
T_0.0 ;
    %load/vec4 v000001cac03b9c20_0;
    %assign/vec4 v000001cac03b99a0_0, 0;
T_0.1 ;
    %jmp T_0;
    .thread T_0;
    .scope S_000001cac034afd0;
T_1 ;
    %pushi/vec4 0, 0, 1;
    %store/vec4 v000001cac03b9e00_0, 0, 1;
    %pushi/vec4 0, 0, 1;
    %store/vec4 v000001cac03b9d60_0, 0, 1;
    %pushi/vec4 0, 0, 1;
    %store/vec4 v000001cac03bd4b0_0, 0, 1;
    %pushi/vec4 0, 0, 4;
    %store/vec4 v000001cac03ba260_0, 0, 4;
    %pushi/vec4 0, 0, 4;
    %store/vec4 v000001cac03baa80_0, 0, 4;
    %pushi/vec4 0, 0, 8;
    %store/vec4 v000001cac03b9ae0_0, 0, 8;
    %end;
    .thread T_1;
    .scope S_000001cac034afd0;
T_2 ;
    %vpi_call 2 49 "$dumpfile", "SMTTInputBruteForce.vcd" {0 0 0};
    %vpi_call 2 50 "$dumpvars" {0 0 0};
    %end;
    .thread T_2;
    .scope S_000001cac034afd0;
T_3 ;
    %pushi/vec4 0, 0, 32;
    %store/vec4 v000001cac03ba4e0_0, 0, 32;
T_3.0 ;
    %load/vec4 v000001cac03ba4e0_0;
    %cmpi/u 15, 0, 32;
    %flag_or 5, 4;
    %jmp/0xz T_3.1, 5;
    %vpi_call 2 104 "$display", "\012Test with RESET_STATE = %b", v000001cac03ba4e0_0 {0 0 0};
    %vpi_call 2 105 "$display", "Setting %s to %s...", "reset_state", "rs" {0 0 0};
    %delay 10, 0;
    %load/vec4 v000001cac03ba4e0_0;
    %pad/s 4;
    %store/vec4 v000001cac03baa80_0, 0, 4;
    %delay 10, 0;
    %pushi/vec4 0, 0, 32;
    %store/vec4 v000001cac03ba940_0, 0, 32;
T_3.2 ;
    %load/vec4 v000001cac03ba940_0;
    %cmpi/u 15, 0, 32;
    %flag_or 5, 4;
    %jmp/0xz T_3.3, 5;
    %vpi_call 2 110 "$display", "\012MULTIPLIER = %b", v000001cac03ba940_0 {0 0 0};
    %pushi/vec4 0, 0, 32;
    %store/vec4 v000001cac03bcfb0_0, 0, 32;
T_3.4 ;
    %load/vec4 v000001cac03bcfb0_0;
    %cmpi/s 1, 0, 32;
    %flag_or 5, 4;
    %jmp/0xz T_3.5, 5;
    %vpi_call 2 114 "$display", "\012START = %b", v000001cac03bcfb0_0 {0 0 0};
    %vpi_call 2 116 "$display", "Setting %s to %s...", "mr", "multiplier" {0 0 0};
    %delay 10, 0;
    %load/vec4 v000001cac03ba940_0;
    %pad/s 4;
    %store/vec4 v000001cac03ba260_0, 0, 4;
    %delay 10, 0;
    %vpi_call 2 117 "$display", "Setting %s to %s...", "start", "st" {0 0 0};
    %delay 10, 0;
    %load/vec4 v000001cac03bcfb0_0;
    %pad/s 1;
    %store/vec4 v000001cac03bd4b0_0, 0, 1;
    %delay 10, 0;
    %vpi_call 2 118 "$display", "Setting %s to %s...", "rst", "1" {0 0 0};
    %delay 10, 0;
    %pushi/vec4 1, 0, 1;
    %store/vec4 v000001cac03b9d60_0, 0, 1;
    %delay 10, 0;
    %vpi_call 2 119 "$display", "Pressing uclk..." {0 0 0};
    %delay 10, 0;
    %pushi/vec4 1, 0, 1;
    %store/vec4 v000001cac03b9e00_0, 0, 1;
    %delay 10, 0;
    %pushi/vec4 0, 0, 1;
    %store/vec4 v000001cac03b9e00_0, 0, 1;
    %delay 10, 0;
    %vpi_call 2 121 "$display", "Setting %s to %s...", "rst", "0" {0 0 0};
    %delay 10, 0;
    %pushi/vec4 0, 0, 1;
    %store/vec4 v000001cac03b9d60_0, 0, 1;
    %delay 10, 0;
    %vpi_call 2 122 "$display", "Pressing uclk..." {0 0 0};
    %delay 10, 0;
    %pushi/vec4 1, 0, 1;
    %store/vec4 v000001cac03b9e00_0, 0, 1;
    %delay 10, 0;
    %pushi/vec4 0, 0, 1;
    %store/vec4 v000001cac03b9e00_0, 0, 1;
    %delay 10, 0;
    %load/vec4 v000001cac03bcfb0_0;
    %addi 1, 0, 32;
    %store/vec4 v000001cac03bcfb0_0, 0, 32;
    %jmp T_3.4;
T_3.5 ;
    %load/vec4 v000001cac03ba940_0;
    %addi 1, 0, 32;
    %store/vec4 v000001cac03ba940_0, 0, 32;
    %jmp T_3.2;
T_3.3 ;
    %load/vec4 v000001cac03baa80_0;
    %cmpi/e 15, 0, 4;
    %jmp/0xz  T_3.6, 4;
    %vpi_call 2 127 "$finish" {0 0 0};
T_3.6 ;
    %load/vec4 v000001cac03ba4e0_0;
    %addi 1, 0, 32;
    %store/vec4 v000001cac03ba4e0_0, 0, 32;
    %jmp T_3.0;
T_3.1 ;
    %end;
    .thread T_3;
# The file index is used to find the file name in the following table.
:file_names 4;
    "N/A";
    "<interactive>";
    "SMTTInputBruteForce.t.v";
    "SMControlFig4StructuralInput.v";
