#! /c/Source/iverilog-install/bin/vvp
:ivl_version "12.0 (devel)" "(s20150603-1539-g2693dd32b)";
:ivl_delay_selection "TYPICAL";
:vpi_time_precision - 10;
:vpi_module "C:\iverilog\lib\ivl\system.vpi";
:vpi_module "C:\iverilog\lib\ivl\vhdl_sys.vpi";
:vpi_module "C:\iverilog\lib\ivl\vhdl_textio.vpi";
:vpi_module "C:\iverilog\lib\ivl\v2005_math.vpi";
:vpi_module "C:\iverilog\lib\ivl\va_math.vpi";
S_00000202ff07bc00 .scope module, "SMControlTest" "SMControlTest" 2 22;
 .timescale -9 -10;
P_00000202ff093460 .param/l "NUM_BITS" 0 2 23, +C4<00000000000000000000000000001110>;
P_00000202ff093498 .param/l "STATE_WIDTH" 0 2 24, +C4<00000000000000000000000000000110>;
v00000202ff0c4dd0_0 .var "clk", 0 0;
v00000202ff134e00_0 .net "done", 0 0, v00000202ff0932d0_0;  1 drivers
v00000202ff134c20_0 .var "errors", 7 0;
v00000202ff1353a0_0 .net "mdld", 0 0, v00000202ff0be7f0_0;  1 drivers
v00000202ff134ea0_0 .var "mr", 13 0;
v00000202ff135760_0 .net "mrld", 0 0, v00000202ff0be2d0_0;  1 drivers
v00000202ff134f40_0 .var/i "multiplier", 31 0;
v00000202ff134900_0 .net "n", 5 0, v00000202ff0c3480_0;  1 drivers
v00000202ff135800_0 .var "reset_state", 5 0;
v00000202ff134cc0_0 .var/i "rs", 31 0;
v00000202ff134b80_0 .net "rsclear", 0 0, v00000202ff0c35c0_0;  1 drivers
v00000202ff134d60_0 .net "rsload", 0 0, v00000202ff0c3660_0;  1 drivers
v00000202ff135580_0 .net "rsshr", 0 0, v00000202ff0c3700_0;  1 drivers
v00000202ff134fe0_0 .var "rst", 0 0;
v00000202ff1351c0_0 .net "s", 5 0, v00000202ff0c4c90_0;  1 drivers
v00000202ff1354e0_0 .var/i "st", 31 0;
v00000202ff135620_0 .var "start", 0 0;
S_00000202ff0be660 .scope module, "SMControl" "MultiplierControl" 2 55, 3 7 0, S_00000202ff07bc00;
 .timescale 0 0;
    .port_info 0 /INPUT 6 "reset_state";
    .port_info 1 /INPUT 1 "clk";
    .port_info 2 /INPUT 1 "rst";
    .port_info 3 /INPUT 1 "start";
    .port_info 4 /INPUT 14 "mr";
    .port_info 5 /OUTPUT 1 "rsload";
    .port_info 6 /OUTPUT 1 "rsclear";
    .port_info 7 /OUTPUT 1 "rsshr";
    .port_info 8 /OUTPUT 1 "mrld";
    .port_info 9 /OUTPUT 1 "mdld";
    .port_info 10 /OUTPUT 6 "s";
    .port_info 11 /OUTPUT 6 "n";
    .port_info 12 /OUTPUT 1 "done";
P_00000202ff0b7870 .param/l "STATE_END" 1 3 38, +C4<00000000000000000000000000000000000000000000000000000000000101100>;
P_00000202ff0b78a8 .param/l "STATE_NOTSTART" 1 3 36, C4<0000>;
P_00000202ff0b78e0 .param/l "STATE_START" 1 3 37, C4<0001>;
P_00000202ff0b7918 .param/l "STATE_WIDTH" 0 3 9, +C4<00000000000000000000000000000110>;
P_00000202ff0b7950 .param/l "WIDTH" 0 3 8, +C4<00000000000000000000000000001110>;
v00000202ff0bded0_0 .net "clk", 0 0, v00000202ff0c4dd0_0;  1 drivers
v00000202ff0932d0_0 .var "done", 0 0;
v00000202ff0be7f0_0 .var "mdld", 0 0;
v00000202ff079780_0 .net "mr", 13 0, v00000202ff134ea0_0;  1 drivers
v00000202ff0be2d0_0 .var "mrld", 0 0;
v00000202ff0c3480_0 .var "n", 5 0;
v00000202ff0c3520_0 .net "reset_state", 5 0, v00000202ff135800_0;  1 drivers
v00000202ff0c35c0_0 .var "rsclear", 0 0;
v00000202ff0c3660_0 .var "rsload", 0 0;
v00000202ff0c3700_0 .var "rsshr", 0 0;
v00000202ff0c4bf0_0 .net "rst", 0 0, v00000202ff134fe0_0;  1 drivers
v00000202ff0c4c90_0 .var "s", 5 0;
v00000202ff0c4d30_0 .net "start", 0 0, v00000202ff135620_0;  1 drivers
E_00000202ff0bba50 .event posedge, v00000202ff0bded0_0;
E_00000202ff0bb910 .event anyedge, v00000202ff0c4c90_0, v00000202ff0c4d30_0, v00000202ff079780_0;
E_00000202ff0bc2d0 .event anyedge, v00000202ff0c4c90_0;
    .scope S_00000202ff0be660;
T_0 ;
    %wait E_00000202ff0bc2d0;
    %pushi/vec4 0, 0, 1;
    %store/vec4 v00000202ff0be7f0_0, 0, 1;
    %pushi/vec4 0, 0, 1;
    %store/vec4 v00000202ff0be2d0_0, 0, 1;
    %pushi/vec4 0, 0, 1;
    %store/vec4 v00000202ff0c3660_0, 0, 1;
    %pushi/vec4 0, 0, 1;
    %store/vec4 v00000202ff0c35c0_0, 0, 1;
    %pushi/vec4 0, 0, 1;
    %store/vec4 v00000202ff0c3700_0, 0, 1;
    %load/vec4 v00000202ff0c4c90_0;
    %cmpi/e 0, 0, 6;
    %jmp/0xz  T_0.0, 4;
    %jmp T_0.1;
T_0.0 ;
    %load/vec4 v00000202ff0c4c90_0;
    %cmpi/e 1, 0, 6;
    %jmp/0xz  T_0.2, 4;
    %pushi/vec4 1, 0, 1;
    %store/vec4 v00000202ff0be7f0_0, 0, 1;
    %pushi/vec4 1, 0, 1;
    %store/vec4 v00000202ff0be2d0_0, 0, 1;
    %pushi/vec4 1, 0, 1;
    %store/vec4 v00000202ff0c35c0_0, 0, 1;
    %jmp T_0.3;
T_0.2 ;
    %load/vec4 v00000202ff0c4c90_0;
    %pad/u 65;
    %cmpi/e 44, 0, 65;
    %jmp/0xz  T_0.4, 4;
    %pushi/vec4 1, 0, 1;
    %store/vec4 v00000202ff0c3700_0, 0, 1;
    %pushi/vec4 1, 0, 1;
    %store/vec4 v00000202ff0932d0_0, 0, 1;
    %jmp T_0.5;
T_0.4 ;
    %load/vec4 v00000202ff0c4c90_0;
    %pad/u 32;
    %pushi/vec4 3, 0, 32;
    %mod;
    %cmpi/e 2, 0, 32;
    %jmp/0xz  T_0.6, 4;
    %pushi/vec4 1, 0, 1;
    %store/vec4 v00000202ff0c3700_0, 0, 1;
    %jmp T_0.7;
T_0.6 ;
    %load/vec4 v00000202ff0c4c90_0;
    %pad/u 32;
    %pushi/vec4 3, 0, 32;
    %mod;
    %cmpi/e 0, 0, 32;
    %jmp/0xz  T_0.8, 4;
    %jmp T_0.9;
T_0.8 ;
    %pushi/vec4 1, 0, 1;
    %store/vec4 v00000202ff0c3660_0, 0, 1;
T_0.9 ;
T_0.7 ;
T_0.5 ;
T_0.3 ;
T_0.1 ;
    %jmp T_0;
    .thread T_0, $push;
    .scope S_00000202ff0be660;
T_1 ;
    %wait E_00000202ff0bb910;
    %load/vec4 v00000202ff0c4c90_0;
    %store/vec4 v00000202ff0c3480_0, 0, 6;
    %load/vec4 v00000202ff0c4c90_0;
    %cmpi/e 0, 0, 6;
    %jmp/0xz  T_1.0, 4;
    %load/vec4 v00000202ff0c4d30_0;
    %flag_set/vec4 8;
    %jmp/0xz  T_1.2, 8;
    %pushi/vec4 1, 0, 6;
    %store/vec4 v00000202ff0c3480_0, 0, 6;
    %jmp T_1.3;
T_1.2 ;
    %pushi/vec4 0, 0, 6;
    %store/vec4 v00000202ff0c3480_0, 0, 6;
T_1.3 ;
    %jmp T_1.1;
T_1.0 ;
    %load/vec4 v00000202ff0c4c90_0;
    %cmpi/e 1, 0, 6;
    %jmp/0xz  T_1.4, 4;
    %load/vec4 v00000202ff0c4c90_0;
    %addi 1, 0, 6;
    %store/vec4 v00000202ff0c3480_0, 0, 6;
    %jmp T_1.5;
T_1.4 ;
    %load/vec4 v00000202ff0c4c90_0;
    %pad/u 65;
    %cmpi/e 44, 0, 65;
    %jmp/0xz  T_1.6, 4;
    %pushi/vec4 0, 0, 6;
    %store/vec4 v00000202ff0c3480_0, 0, 6;
    %jmp T_1.7;
T_1.6 ;
    %load/vec4 v00000202ff0c4c90_0;
    %pad/u 32;
    %pushi/vec4 3, 0, 32;
    %mod;
    %cmpi/e 2, 0, 32;
    %jmp/0xz  T_1.8, 4;
    %load/vec4 v00000202ff079780_0;
    %load/vec4 v00000202ff0c4c90_0;
    %pad/u 32;
    %subi 2, 0, 32;
    %pushi/vec4 3, 0, 32;
    %div;
    %part/u 1;
    %flag_set/vec4 8;
    %jmp/0xz  T_1.10, 8;
    %load/vec4 v00000202ff0c4c90_0;
    %addi 2, 0, 6;
    %store/vec4 v00000202ff0c3480_0, 0, 6;
    %jmp T_1.11;
T_1.10 ;
    %load/vec4 v00000202ff0c4c90_0;
    %addi 1, 0, 6;
    %store/vec4 v00000202ff0c3480_0, 0, 6;
T_1.11 ;
    %jmp T_1.9;
T_1.8 ;
    %load/vec4 v00000202ff0c4c90_0;
    %pad/u 32;
    %pushi/vec4 3, 0, 32;
    %mod;
    %cmpi/e 0, 0, 32;
    %jmp/0xz  T_1.12, 4;
    %load/vec4 v00000202ff0c4c90_0;
    %addi 2, 0, 6;
    %store/vec4 v00000202ff0c3480_0, 0, 6;
    %jmp T_1.13;
T_1.12 ;
    %load/vec4 v00000202ff0c4c90_0;
    %addi 1, 0, 6;
    %store/vec4 v00000202ff0c3480_0, 0, 6;
T_1.13 ;
T_1.9 ;
T_1.7 ;
T_1.5 ;
T_1.1 ;
    %jmp T_1;
    .thread T_1, $push;
    .scope S_00000202ff0be660;
T_2 ;
    %wait E_00000202ff0bba50;
    %load/vec4 v00000202ff0c4bf0_0;
    %flag_set/vec4 8;
    %jmp/0xz  T_2.0, 8;
    %load/vec4 v00000202ff0c3520_0;
    %assign/vec4 v00000202ff0c4c90_0, 0;
    %jmp T_2.1;
T_2.0 ;
    %load/vec4 v00000202ff0c3480_0;
    %assign/vec4 v00000202ff0c4c90_0, 0;
T_2.1 ;
    %jmp T_2;
    .thread T_2;
    .scope S_00000202ff07bc00;
T_3 ;
    %pushi/vec4 0, 0, 1;
    %store/vec4 v00000202ff0c4dd0_0, 0, 1;
    %pushi/vec4 0, 0, 1;
    %store/vec4 v00000202ff134fe0_0, 0, 1;
    %pushi/vec4 0, 0, 1;
    %store/vec4 v00000202ff135620_0, 0, 1;
    %pushi/vec4 0, 0, 14;
    %store/vec4 v00000202ff134ea0_0, 0, 14;
    %pushi/vec4 0, 0, 6;
    %store/vec4 v00000202ff135800_0, 0, 6;
    %pushi/vec4 0, 0, 8;
    %store/vec4 v00000202ff134c20_0, 0, 8;
    %end;
    .thread T_3;
    .scope S_00000202ff07bc00;
T_4 ;
    %vpi_call 2 48 "$dumpfile", "SMTTInputTimingBF.vcd" {0 0 0};
    %vpi_call 2 49 "$dumpvars" {0 0 0};
    %end;
    .thread T_4;
    .scope S_00000202ff07bc00;
T_5 ;
    %pushi/vec4 0, 0, 32;
    %store/vec4 v00000202ff134cc0_0, 0, 32;
T_5.0 ;
    %load/vec4 v00000202ff134cc0_0;
    %cmpi/s 63, 0, 32;
    %flag_or 5, 4;
    %jmp/0xz T_5.1, 5;
    %vpi_call 2 90 "$display", "\012Test with rs = %b", v00000202ff134cc0_0 {0 0 0};
    %vpi_call 2 91 "$display", "Setting %s to %s...", "reset_state", "rs" {0 0 0};
    %delay 10, 0;
    %load/vec4 v00000202ff134cc0_0;
    %pad/s 6;
    %store/vec4 v00000202ff135800_0, 0, 6;
    %delay 10, 0;
    %pushi/vec4 0, 0, 32;
    %store/vec4 v00000202ff134f40_0, 0, 32;
T_5.2 ;
    %load/vec4 v00000202ff134f40_0;
    %cmpi/s 16383, 0, 32;
    %flag_or 5, 4;
    %jmp/0xz T_5.3, 5;
    %vpi_call 2 96 "$display", "\012MULTIPLIER = %b", v00000202ff134f40_0 {0 0 0};
    %pushi/vec4 0, 0, 32;
    %store/vec4 v00000202ff1354e0_0, 0, 32;
T_5.4 ;
    %load/vec4 v00000202ff1354e0_0;
    %cmpi/s 1, 0, 32;
    %flag_or 5, 4;
    %jmp/0xz T_5.5, 5;
    %vpi_call 2 100 "$display", "\012START = %b", v00000202ff1354e0_0 {0 0 0};
    %vpi_call 2 102 "$display", "Setting %s to %s...", "mr", "multiplier" {0 0 0};
    %delay 10, 0;
    %load/vec4 v00000202ff134f40_0;
    %pad/s 14;
    %store/vec4 v00000202ff134ea0_0, 0, 14;
    %delay 10, 0;
    %vpi_call 2 103 "$display", "Setting %s to %s...", "start", "st" {0 0 0};
    %delay 10, 0;
    %load/vec4 v00000202ff1354e0_0;
    %pad/s 1;
    %store/vec4 v00000202ff135620_0, 0, 1;
    %delay 10, 0;
    %vpi_call 2 104 "$display", "Setting %s to %s...", "rst", "1" {0 0 0};
    %delay 10, 0;
    %pushi/vec4 1, 0, 1;
    %store/vec4 v00000202ff134fe0_0, 0, 1;
    %delay 10, 0;
    %vpi_call 2 105 "$display", "Pressing uclk..." {0 0 0};
    %delay 10, 0;
    %pushi/vec4 1, 0, 1;
    %store/vec4 v00000202ff0c4dd0_0, 0, 1;
    %delay 10, 0;
    %pushi/vec4 0, 0, 1;
    %store/vec4 v00000202ff0c4dd0_0, 0, 1;
    %delay 10, 0;
    %vpi_call 2 107 "$display", "Setting %s to %s...", "rst", "0" {0 0 0};
    %delay 10, 0;
    %pushi/vec4 0, 0, 1;
    %store/vec4 v00000202ff134fe0_0, 0, 1;
    %delay 10, 0;
    %vpi_call 2 108 "$display", "Pressing uclk..." {0 0 0};
    %delay 10, 0;
    %pushi/vec4 1, 0, 1;
    %store/vec4 v00000202ff0c4dd0_0, 0, 1;
    %delay 10, 0;
    %pushi/vec4 0, 0, 1;
    %store/vec4 v00000202ff0c4dd0_0, 0, 1;
    %delay 10, 0;
    %load/vec4 v00000202ff1354e0_0;
    %addi 1, 0, 32;
    %store/vec4 v00000202ff1354e0_0, 0, 32;
    %jmp T_5.4;
T_5.5 ;
    %load/vec4 v00000202ff134f40_0;
    %addi 1, 0, 32;
    %store/vec4 v00000202ff134f40_0, 0, 32;
    %jmp T_5.2;
T_5.3 ;
    %load/vec4 v00000202ff135800_0;
    %pad/u 32;
    %cmpi/e 63, 0, 32;
    %jmp/0xz  T_5.6, 4;
    %vpi_call 2 113 "$display", "\012All states have been tested." {0 0 0};
    %vpi_call 2 114 "$finish" {0 0 0};
T_5.6 ;
    %load/vec4 v00000202ff134cc0_0;
    %addi 1, 0, 32;
    %store/vec4 v00000202ff134cc0_0, 0, 32;
    %jmp T_5.0;
T_5.1 ;
    %end;
    .thread T_5;
# The file index is used to find the file name in the following table.
:file_names 4;
    "N/A";
    "<interactive>";
    "SMTTFSMTimingBF.t.v";
    "SMControlFig4Bits.v";
