#! /c/Source/iverilog-install/bin/vvp
:ivl_version "12.0 (devel)" "(s20150603-1539-g2693dd32b)";
:ivl_delay_selection "TYPICAL";
:vpi_time_precision - 10;
:vpi_module "C:\iverilog\lib\ivl\system.vpi";
:vpi_module "C:\iverilog\lib\ivl\vhdl_sys.vpi";
:vpi_module "C:\iverilog\lib\ivl\vhdl_textio.vpi";
:vpi_module "C:\iverilog\lib\ivl\v2005_math.vpi";
:vpi_module "C:\iverilog\lib\ivl\va_math.vpi";
S_0000021f9d48f900 .scope module, "SMControlTest" "SMControlTest" 2 23;
 .timescale -9 -10;
P_0000021f9d48ca10 .param/l "NUM_BITS" 0 2 24, +C4<00000000000000000000000000000100>;
v0000021f9d54b280_0 .var "clk", 0 0;
o0000021f9d4966b8 .functor BUFZ 1, C4<z>; HiZ drive
v0000021f9d54bc80_0 .net "done", 0 0, o0000021f9d4966b8;  0 drivers
v0000021f9d54b320_0 .var "errors", 7 0;
v0000021f9d54cf40_0 .net "mdld", 0 0, L_0000021f9d488c10;  1 drivers
v0000021f9d54b3c0_0 .var "mr", 3 0;
v0000021f9d54d260_0 .net "mrld", 0 0, L_0000021f9d488e40;  1 drivers
v0000021f9d54b780_0 .var/i "multiplier", 31 0;
v0000021f9d54c040_0 .net "n", 3 0, L_0000021f9d553f70;  1 drivers
v0000021f9d54c360_0 .var "reset_state", 3 0;
v0000021f9d54b8c0_0 .var/i "rs", 31 0;
v0000021f9d54d300_0 .net "rsclear", 0 0, L_0000021f9d4894d0;  1 drivers
v0000021f9d54bbe0_0 .net "rsload", 0 0, L_0000021f9d54f2d0;  1 drivers
v0000021f9d54d760_0 .net "rsshr", 0 0, L_0000021f9d5521a0;  1 drivers
v0000021f9d54b0a0_0 .var "rst", 0 0;
v0000021f9d54bd20_0 .net "s", 3 0, v0000021f9d54d3a0_0;  1 drivers
v0000021f9d54bdc0_0 .var/i "st", 31 0;
v0000021f9d54b140_0 .var "start", 0 0;
S_0000021f9d4356d0 .scope module, "control" "SMControl" 2 64, 3 6 0, S_0000021f9d48f900;
 .timescale 0 0;
    .port_info 0 /INPUT 4 "reset_state";
    .port_info 1 /INPUT 1 "clk";
    .port_info 2 /INPUT 1 "rst";
    .port_info 3 /INPUT 1 "start";
    .port_info 4 /INPUT 4 "mr";
    .port_info 5 /OUTPUT 1 "mdld";
    .port_info 6 /OUTPUT 1 "mrld";
    .port_info 7 /OUTPUT 1 "rsload";
    .port_info 8 /OUTPUT 1 "rsclear";
    .port_info 9 /OUTPUT 1 "rsshr";
    .port_info 10 /OUTPUT 4 "s";
    .port_info 11 /OUTPUT 4 "n";
    .port_info 12 /OUTPUT 1 "done";
L_0000021f9d488dd0 .functor NOT 1, L_0000021f9d54b460, C4<0>, C4<0>, C4<0>;
L_0000021f9d489150 .functor NOT 1, L_0000021f9d54cd60, C4<0>, C4<0>, C4<0>;
L_0000021f9d4891c0 .functor AND 1, L_0000021f9d488dd0, L_0000021f9d489150, C4<1>, C4<1>;
L_0000021f9d489700 .functor NOT 1, L_0000021f9d54b5a0, C4<0>, C4<0>, C4<0>;
L_0000021f9d489460 .functor AND 1, L_0000021f9d4891c0, L_0000021f9d489700, C4<1>, C4<1>;
L_0000021f9d4894d0 .functor AND 1, L_0000021f9d489460, L_0000021f9d54d080, C4<1>, C4<1>;
L_0000021f9d488f20 .functor NOT 1, L_0000021f9d54c7c0, C4<0>, C4<0>, C4<0>;
L_0000021f9d488b30 .functor NOT 1, L_0000021f9d54c860, C4<0>, C4<0>, C4<0>;
L_0000021f9d489770 .functor AND 1, L_0000021f9d488f20, L_0000021f9d488b30, C4<1>, C4<1>;
L_0000021f9d488ba0 .functor NOT 1, L_0000021f9d54cfe0, C4<0>, C4<0>, C4<0>;
L_0000021f9d489310 .functor AND 1, L_0000021f9d489770, L_0000021f9d488ba0, C4<1>, C4<1>;
L_0000021f9d488c10 .functor AND 1, L_0000021f9d489310, L_0000021f9d54c540, C4<1>, C4<1>;
L_0000021f9d488cf0 .functor NOT 1, L_0000021f9d54d120, C4<0>, C4<0>, C4<0>;
L_0000021f9d4890e0 .functor NOT 1, L_0000021f9d54b640, C4<0>, C4<0>, C4<0>;
L_0000021f9d489380 .functor AND 1, L_0000021f9d488cf0, L_0000021f9d4890e0, C4<1>, C4<1>;
L_0000021f9d489540 .functor NOT 1, L_0000021f9d54bf00, C4<0>, C4<0>, C4<0>;
L_0000021f9d488c80 .functor AND 1, L_0000021f9d489380, L_0000021f9d489540, C4<1>, C4<1>;
L_0000021f9d488e40 .functor AND 1, L_0000021f9d488c80, L_0000021f9d54d1c0, C4<1>, C4<1>;
L_0000021f9d488f90 .functor NOT 1, L_0000021f9d54c180, C4<0>, C4<0>, C4<0>;
L_0000021f9d4895b0 .functor AND 1, L_0000021f9d488f90, L_0000021f9d54c5e0, C4<1>, C4<1>;
L_0000021f9d4897e0 .functor AND 1, L_0000021f9d4895b0, L_0000021f9d54c400, C4<1>, C4<1>;
L_0000021f9d488eb0 .functor AND 1, L_0000021f9d4897e0, L_0000021f9d54bfa0, C4<1>, C4<1>;
L_0000021f9d440050 .functor NOT 1, L_0000021f9d54d440, C4<0>, C4<0>, C4<0>;
L_0000021f9d54f9d0 .functor AND 1, L_0000021f9d54c680, L_0000021f9d440050, C4<1>, C4<1>;
L_0000021f9d54f3b0 .functor NOT 1, L_0000021f9d54c720, C4<0>, C4<0>, C4<0>;
L_0000021f9d54fc70 .functor AND 1, L_0000021f9d54f9d0, L_0000021f9d54f3b0, C4<1>, C4<1>;
L_0000021f9d54f880 .functor NOT 1, L_0000021f9d54c9a0, C4<0>, C4<0>, C4<0>;
L_0000021f9d54f420 .functor AND 1, L_0000021f9d54fc70, L_0000021f9d54f880, C4<1>, C4<1>;
L_0000021f9d54f960 .functor OR 1, L_0000021f9d488eb0, L_0000021f9d54f420, C4<0>, C4<0>;
L_0000021f9d54f490 .functor NOT 1, L_0000021f9d54e660, C4<0>, C4<0>, C4<0>;
L_0000021f9d54fb20 .functor AND 1, L_0000021f9d54d8a0, L_0000021f9d54f490, C4<1>, C4<1>;
L_0000021f9d54f0a0 .functor NOT 1, L_0000021f9d54dbc0, C4<0>, C4<0>, C4<0>;
L_0000021f9d54fa40 .functor AND 1, L_0000021f9d54fb20, L_0000021f9d54f0a0, C4<1>, C4<1>;
L_0000021f9d54f1f0 .functor AND 1, L_0000021f9d54fa40, L_0000021f9d54eac0, C4<1>, C4<1>;
L_0000021f9d54f650 .functor OR 1, L_0000021f9d54f960, L_0000021f9d54f1f0, C4<0>, C4<0>;
L_0000021f9d54fc00 .functor NOT 1, L_0000021f9d54e340, C4<0>, C4<0>, C4<0>;
L_0000021f9d54f110 .functor AND 1, L_0000021f9d54e3e0, L_0000021f9d54fc00, C4<1>, C4<1>;
L_0000021f9d54ff80 .functor AND 1, L_0000021f9d54f110, L_0000021f9d54ef20, C4<1>, C4<1>;
L_0000021f9d54fce0 .functor NOT 1, L_0000021f9d54e020, C4<0>, C4<0>, C4<0>;
L_0000021f9d54fb90 .functor AND 1, L_0000021f9d54ff80, L_0000021f9d54fce0, C4<1>, C4<1>;
L_0000021f9d54f2d0 .functor OR 1, L_0000021f9d54f650, L_0000021f9d54fb90, C4<0>, C4<0>;
L_0000021f9d54f8f0 .functor NOT 1, L_0000021f9d54dc60, C4<0>, C4<0>, C4<0>;
L_0000021f9d54fab0 .functor NOT 1, L_0000021f9d54e480, C4<0>, C4<0>, C4<0>;
L_0000021f9d54f180 .functor AND 1, L_0000021f9d54f8f0, L_0000021f9d54fab0, C4<1>, C4<1>;
L_0000021f9d54fd50 .functor AND 1, L_0000021f9d54f180, L_0000021f9d54e8e0, C4<1>, C4<1>;
L_0000021f9d54f810 .functor AND 1, L_0000021f9d54fd50, L_0000021f9d54d940, C4<1>, C4<1>;
L_0000021f9d54fea0 .functor NOT 1, L_0000021f9d54e520, C4<0>, C4<0>, C4<0>;
L_0000021f9d54f6c0 .functor AND 1, L_0000021f9d54fea0, L_0000021f9d54e0c0, C4<1>, C4<1>;
L_0000021f9d54fdc0 .functor NOT 1, L_0000021f9d54e700, C4<0>, C4<0>, C4<0>;
L_0000021f9d54fe30 .functor AND 1, L_0000021f9d54f6c0, L_0000021f9d54fdc0, C4<1>, C4<1>;
L_0000021f9d54f5e0 .functor NOT 1, L_0000021f9d54e7a0, C4<0>, C4<0>, C4<0>;
L_0000021f9d54f260 .functor AND 1, L_0000021f9d54fe30, L_0000021f9d54f5e0, C4<1>, C4<1>;
L_0000021f9d54ff10 .functor OR 1, L_0000021f9d54f810, L_0000021f9d54f260, C4<0>, C4<0>;
L_0000021f9d54f340 .functor NOT 1, L_0000021f9d54e840, C4<0>, C4<0>, C4<0>;
L_0000021f9d54f500 .functor AND 1, L_0000021f9d54f340, L_0000021f9d54da80, C4<1>, C4<1>;
L_0000021f9d54f570 .functor NOT 1, L_0000021f9d54db20, C4<0>, C4<0>, C4<0>;
L_0000021f9d54f730 .functor AND 1, L_0000021f9d54f500, L_0000021f9d54f570, C4<1>, C4<1>;
L_0000021f9d54f7a0 .functor AND 1, L_0000021f9d54f730, L_0000021f9d54e980, C4<1>, C4<1>;
L_0000021f9d552910 .functor OR 1, L_0000021f9d54ff10, L_0000021f9d54f7a0, C4<0>, C4<0>;
L_0000021f9d552bb0 .functor NOT 1, L_0000021f9d54d9e0, C4<0>, C4<0>, C4<0>;
L_0000021f9d552ec0 .functor AND 1, L_0000021f9d552bb0, L_0000021f9d54e5c0, C4<1>, C4<1>;
L_0000021f9d5520c0 .functor AND 1, L_0000021f9d552ec0, L_0000021f9d54ea20, C4<1>, C4<1>;
L_0000021f9d552210 .functor NOT 1, L_0000021f9d54eb60, C4<0>, C4<0>, C4<0>;
L_0000021f9d5526e0 .functor AND 1, L_0000021f9d5520c0, L_0000021f9d552210, C4<1>, C4<1>;
L_0000021f9d5521a0 .functor OR 1, L_0000021f9d552910, L_0000021f9d5526e0, C4<0>, C4<0>;
L_0000021f9d552c90 .functor NOT 1, L_0000021f9d54ec00, C4<0>, C4<0>, C4<0>;
L_0000021f9d552fa0 .functor NOT 1, L_0000021f9d54dd00, C4<0>, C4<0>, C4<0>;
L_0000021f9d552980 .functor AND 1, L_0000021f9d552c90, L_0000021f9d552fa0, C4<1>, C4<1>;
L_0000021f9d552c20 .functor AND 1, L_0000021f9d552980, L_0000021f9d54dda0, C4<1>, C4<1>;
L_0000021f9d552750 .functor AND 1, L_0000021f9d552c20, L_0000021f9d54eca0, C4<1>, C4<1>;
L_0000021f9d552f30 .functor AND 1, L_0000021f9d552750, L_0000021f9d54de40, C4<1>, C4<1>;
L_0000021f9d552280 .functor NOT 1, L_0000021f9d54e160, C4<0>, C4<0>, C4<0>;
L_0000021f9d5527c0 .functor AND 1, L_0000021f9d552280, L_0000021f9d54dee0, C4<1>, C4<1>;
L_0000021f9d552d00 .functor NOT 1, L_0000021f9d54df80, C4<0>, C4<0>, C4<0>;
L_0000021f9d552d70 .functor AND 1, L_0000021f9d5527c0, L_0000021f9d552d00, C4<1>, C4<1>;
L_0000021f9d552830 .functor NOT 1, L_0000021f9d54e200, C4<0>, C4<0>, C4<0>;
L_0000021f9d552b40 .functor AND 1, L_0000021f9d552d70, L_0000021f9d552830, C4<1>, C4<1>;
L_0000021f9d552670 .functor AND 1, L_0000021f9d552b40, L_0000021f9d54e2a0, C4<1>, C4<1>;
L_0000021f9d5528a0 .functor OR 1, L_0000021f9d552f30, L_0000021f9d552670, C4<0>, C4<0>;
L_0000021f9d5529f0 .functor NOT 1, L_0000021f9d54ed40, C4<0>, C4<0>, C4<0>;
L_0000021f9d552a60 .functor AND 1, L_0000021f9d5529f0, L_0000021f9d54ede0, C4<1>, C4<1>;
L_0000021f9d552de0 .functor NOT 1, L_0000021f9d54ee80, C4<0>, C4<0>, C4<0>;
L_0000021f9d552130 .functor AND 1, L_0000021f9d552a60, L_0000021f9d552de0, C4<1>, C4<1>;
L_0000021f9d552e50 .functor AND 1, L_0000021f9d552130, L_0000021f9d553750, C4<1>, C4<1>;
L_0000021f9d552ad0 .functor AND 1, L_0000021f9d552e50, L_0000021f9d553930, C4<1>, C4<1>;
L_0000021f9d552600 .functor OR 1, L_0000021f9d5528a0, L_0000021f9d552ad0, C4<0>, C4<0>;
L_0000021f9d5522f0 .functor NOT 1, L_0000021f9d554510, C4<0>, C4<0>, C4<0>;
L_0000021f9d552360 .functor NOT 1, L_0000021f9d555a50, C4<0>, C4<0>, C4<0>;
L_0000021f9d5523d0 .functor AND 1, L_0000021f9d5522f0, L_0000021f9d552360, C4<1>, C4<1>;
L_0000021f9d552440 .functor AND 1, L_0000021f9d5523d0, L_0000021f9d555370, C4<1>, C4<1>;
L_0000021f9d5524b0 .functor NOT 1, L_0000021f9d5546f0, C4<0>, C4<0>, C4<0>;
L_0000021f9d552520 .functor AND 1, L_0000021f9d552440, L_0000021f9d5524b0, C4<1>, C4<1>;
L_0000021f9d552590 .functor AND 1, L_0000021f9d552520, L_0000021f9d554790, C4<1>, C4<1>;
L_0000021f9d55a110 .functor NOT 1, L_0000021f9d553ed0, C4<0>, C4<0>, C4<0>;
L_0000021f9d55a420 .functor NOT 1, L_0000021f9d5552d0, C4<0>, C4<0>, C4<0>;
L_0000021f9d55a3b0 .functor AND 1, L_0000021f9d55a110, L_0000021f9d55a420, C4<1>, C4<1>;
L_0000021f9d55a340 .functor AND 1, L_0000021f9d55a3b0, L_0000021f9d555410, C4<1>, C4<1>;
L_0000021f9d559f50 .functor AND 1, L_0000021f9d55a340, L_0000021f9d555730, C4<1>, C4<1>;
L_0000021f9d559af0 .functor NOT 1, L_0000021f9d554650, C4<0>, C4<0>, C4<0>;
L_0000021f9d559690 .functor AND 1, L_0000021f9d559f50, L_0000021f9d559af0, C4<1>, C4<1>;
L_0000021f9d55a180 .functor OR 1, L_0000021f9d552590, L_0000021f9d559690, C4<0>, C4<0>;
L_0000021f9d55a500 .functor NOT 1, L_0000021f9d554150, C4<0>, C4<0>, C4<0>;
L_0000021f9d55a570 .functor AND 1, L_0000021f9d553cf0, L_0000021f9d55a500, C4<1>, C4<1>;
L_0000021f9d559ee0 .functor NOT 1, L_0000021f9d555690, C4<0>, C4<0>, C4<0>;
L_0000021f9d559930 .functor AND 1, L_0000021f9d55a570, L_0000021f9d559ee0, C4<1>, C4<1>;
L_0000021f9d559700 .functor NOT 1, L_0000021f9d554dd0, C4<0>, C4<0>, C4<0>;
L_0000021f9d559e00 .functor AND 1, L_0000021f9d559930, L_0000021f9d559700, C4<1>, C4<1>;
L_0000021f9d559770 .functor OR 1, L_0000021f9d55a180, L_0000021f9d559e00, C4<0>, C4<0>;
L_0000021f9d5599a0 .functor NOT 1, L_0000021f9d553610, C4<0>, C4<0>, C4<0>;
L_0000021f9d559e70 .functor AND 1, L_0000021f9d5599a0, L_0000021f9d5554b0, C4<1>, C4<1>;
L_0000021f9d55a260 .functor NOT 1, L_0000021f9d554fb0, C4<0>, C4<0>, C4<0>;
L_0000021f9d55a490 .functor AND 1, L_0000021f9d559e70, L_0000021f9d55a260, C4<1>, C4<1>;
L_0000021f9d559d90 .functor NOT 1, L_0000021f9d553430, C4<0>, C4<0>, C4<0>;
L_0000021f9d55a1f0 .functor AND 1, L_0000021f9d55a490, L_0000021f9d559d90, C4<1>, C4<1>;
L_0000021f9d559d20 .functor NOT 1, L_0000021f9d5550f0, C4<0>, C4<0>, C4<0>;
L_0000021f9d559fc0 .functor AND 1, L_0000021f9d55a1f0, L_0000021f9d559d20, C4<1>, C4<1>;
L_0000021f9d55a030 .functor OR 1, L_0000021f9d559770, L_0000021f9d559fc0, C4<0>, C4<0>;
L_0000021f9d55a0a0 .functor NOT 1, L_0000021f9d5548d0, C4<0>, C4<0>, C4<0>;
L_0000021f9d5597e0 .functor AND 1, L_0000021f9d555af0, L_0000021f9d55a0a0, C4<1>, C4<1>;
L_0000021f9d559850 .functor NOT 1, L_0000021f9d555550, C4<0>, C4<0>, C4<0>;
L_0000021f9d55a2d0 .functor AND 1, L_0000021f9d5597e0, L_0000021f9d559850, C4<1>, C4<1>;
L_0000021f9d5598c0 .functor AND 1, L_0000021f9d55a2d0, L_0000021f9d5555f0, C4<1>, C4<1>;
L_0000021f9d559a10 .functor OR 1, L_0000021f9d55a030, L_0000021f9d5598c0, C4<0>, C4<0>;
L_0000021f9d559a80 .functor NOT 1, L_0000021f9d553c50, C4<0>, C4<0>, C4<0>;
L_0000021f9d559b60 .functor AND 1, L_0000021f9d559a80, L_0000021f9d554d30, C4<1>, C4<1>;
L_0000021f9d559bd0 .functor NOT 1, L_0000021f9d5545b0, C4<0>, C4<0>, C4<0>;
L_0000021f9d559c40 .functor AND 1, L_0000021f9d559b60, L_0000021f9d559bd0, C4<1>, C4<1>;
L_0000021f9d559cb0 .functor AND 1, L_0000021f9d559c40, L_0000021f9d555050, C4<1>, C4<1>;
L_0000021f9d55b770 .functor NOT 1, L_0000021f9d554290, C4<0>, C4<0>, C4<0>;
L_0000021f9d55bd20 .functor AND 1, L_0000021f9d559cb0, L_0000021f9d55b770, C4<1>, C4<1>;
L_0000021f9d55b1c0 .functor OR 1, L_0000021f9d559a10, L_0000021f9d55bd20, C4<0>, C4<0>;
L_0000021f9d55b620 .functor NOT 1, L_0000021f9d554330, C4<0>, C4<0>, C4<0>;
L_0000021f9d55bcb0 .functor AND 1, L_0000021f9d553bb0, L_0000021f9d55b620, C4<1>, C4<1>;
L_0000021f9d55b230 .functor AND 1, L_0000021f9d55bcb0, L_0000021f9d5557d0, C4<1>, C4<1>;
L_0000021f9d55b9a0 .functor NOT 1, L_0000021f9d555870, C4<0>, C4<0>, C4<0>;
L_0000021f9d55be70 .functor AND 1, L_0000021f9d55b230, L_0000021f9d55b9a0, C4<1>, C4<1>;
L_0000021f9d55b930 .functor OR 1, L_0000021f9d55b1c0, L_0000021f9d55be70, C4<0>, C4<0>;
L_0000021f9d55b2a0 .functor NOT 1, L_0000021f9d553890, C4<0>, C4<0>, C4<0>;
L_0000021f9d55b310 .functor NOT 1, L_0000021f9d555190, C4<0>, C4<0>, C4<0>;
L_0000021f9d55b700 .functor AND 1, L_0000021f9d55b2a0, L_0000021f9d55b310, C4<1>, C4<1>;
L_0000021f9d55b380 .functor NOT 1, L_0000021f9d555910, C4<0>, C4<0>, C4<0>;
L_0000021f9d55b8c0 .functor AND 1, L_0000021f9d55b700, L_0000021f9d55b380, C4<1>, C4<1>;
L_0000021f9d55c030 .functor AND 1, L_0000021f9d55b8c0, L_0000021f9d554830, C4<1>, C4<1>;
L_0000021f9d55b690 .functor NOT 1, L_0000021f9d553a70, C4<0>, C4<0>, C4<0>;
L_0000021f9d55b540 .functor NOT 1, L_0000021f9d553390, C4<0>, C4<0>, C4<0>;
L_0000021f9d55b850 .functor AND 1, L_0000021f9d55b690, L_0000021f9d55b540, C4<1>, C4<1>;
L_0000021f9d55b3f0 .functor AND 1, L_0000021f9d55b850, L_0000021f9d5559b0, C4<1>, C4<1>;
L_0000021f9d55c0a0 .functor NOT 1, L_0000021f9d5541f0, C4<0>, C4<0>, C4<0>;
L_0000021f9d55bf50 .functor AND 1, L_0000021f9d55b3f0, L_0000021f9d55c0a0, C4<1>, C4<1>;
L_0000021f9d55ba80 .functor OR 1, L_0000021f9d55c030, L_0000021f9d55bf50, C4<0>, C4<0>;
L_0000021f9d55bb60 .functor NOT 1, L_0000021f9d5539d0, C4<0>, C4<0>, C4<0>;
L_0000021f9d55b4d0 .functor AND 1, L_0000021f9d55bb60, L_0000021f9d553b10, C4<1>, C4<1>;
L_0000021f9d55b460 .functor AND 1, L_0000021f9d55b4d0, L_0000021f9d5534d0, C4<1>, C4<1>;
L_0000021f9d55b5b0 .functor AND 1, L_0000021f9d55b460, L_0000021f9d553570, C4<1>, C4<1>;
L_0000021f9d55bd90 .functor OR 1, L_0000021f9d55ba80, L_0000021f9d55b5b0, C4<0>, C4<0>;
L_0000021f9d55ba10 .functor NOT 1, L_0000021f9d554ab0, C4<0>, C4<0>, C4<0>;
L_0000021f9d55be00 .functor AND 1, L_0000021f9d55ba10, L_0000021f9d554470, C4<1>, C4<1>;
L_0000021f9d55b7e0 .functor NOT 1, L_0000021f9d5536b0, C4<0>, C4<0>, C4<0>;
L_0000021f9d55baf0 .functor AND 1, L_0000021f9d55be00, L_0000021f9d55b7e0, C4<1>, C4<1>;
L_0000021f9d55bbd0 .functor AND 1, L_0000021f9d55baf0, L_0000021f9d5537f0, C4<1>, C4<1>;
L_0000021f9d55bc40 .functor OR 1, L_0000021f9d55bd90, L_0000021f9d55bbd0, C4<0>, C4<0>;
L_0000021f9d55bee0 .functor NOT 1, L_0000021f9d553d90, C4<0>, C4<0>, C4<0>;
L_0000021f9d55bfc0 .functor AND 1, L_0000021f9d555230, L_0000021f9d55bee0, C4<1>, C4<1>;
L_0000021f9d560e80 .functor AND 1, L_0000021f9d55bfc0, L_0000021f9d553e30, C4<1>, C4<1>;
L_0000021f9d561270 .functor NOT 1, L_0000021f9d554970, C4<0>, C4<0>, C4<0>;
L_0000021f9d561970 .functor AND 1, L_0000021f9d560e80, L_0000021f9d561270, C4<1>, C4<1>;
L_0000021f9d561190 .functor OR 1, L_0000021f9d55bc40, L_0000021f9d561970, C4<0>, C4<0>;
L_0000021f9d5621c0 .functor NOT 1, L_0000021f9d554010, C4<0>, C4<0>, C4<0>;
L_0000021f9d560f60 .functor NOT 1, L_0000021f9d554a10, C4<0>, C4<0>, C4<0>;
L_0000021f9d562540 .functor AND 1, L_0000021f9d5621c0, L_0000021f9d560f60, C4<1>, C4<1>;
L_0000021f9d5620e0 .functor NOT 1, L_0000021f9d5540b0, C4<0>, C4<0>, C4<0>;
L_0000021f9d5613c0 .functor AND 1, L_0000021f9d562540, L_0000021f9d5620e0, C4<1>, C4<1>;
L_0000021f9d5616d0 .functor NOT 1, L_0000021f9d5543d0, C4<0>, C4<0>, C4<0>;
L_0000021f9d561dd0 .functor AND 1, L_0000021f9d5613c0, L_0000021f9d5616d0, C4<1>, C4<1>;
L_0000021f9d562700 .functor AND 1, L_0000021f9d561dd0, v0000021f9d54b140_0, C4<1>, C4<1>;
L_0000021f9d5625b0 .functor NOT 1, L_0000021f9d554b50, C4<0>, C4<0>, C4<0>;
L_0000021f9d562000 .functor NOT 1, L_0000021f9d554bf0, C4<0>, C4<0>, C4<0>;
L_0000021f9d561820 .functor AND 1, L_0000021f9d5625b0, L_0000021f9d562000, C4<1>, C4<1>;
L_0000021f9d562620 .functor AND 1, L_0000021f9d561820, L_0000021f9d554c90, C4<1>, C4<1>;
L_0000021f9d560cc0 .functor NOT 1, L_0000021f9d554e70, C4<0>, C4<0>, C4<0>;
L_0000021f9d561740 .functor AND 1, L_0000021f9d562620, L_0000021f9d560cc0, C4<1>, C4<1>;
L_0000021f9d561f90 .functor OR 1, L_0000021f9d562700, L_0000021f9d561740, C4<0>, C4<0>;
L_0000021f9d561ac0 .functor NOT 1, L_0000021f9d554f10, C4<0>, C4<0>, C4<0>;
L_0000021f9d561d60 .functor AND 1, L_0000021f9d561ac0, L_0000021f9d5563b0, C4<1>, C4<1>;
L_0000021f9d561200 .functor AND 1, L_0000021f9d561d60, L_0000021f9d5569f0, C4<1>, C4<1>;
L_0000021f9d561430 .functor AND 1, L_0000021f9d561200, L_0000021f9d5561d0, C4<1>, C4<1>;
L_0000021f9d561c80 .functor OR 1, L_0000021f9d561f90, L_0000021f9d561430, C4<0>, C4<0>;
L_0000021f9d562070 .functor NOT 1, L_0000021f9d556130, C4<0>, C4<0>, C4<0>;
L_0000021f9d5612e0 .functor AND 1, L_0000021f9d562070, L_0000021f9d5568b0, C4<1>, C4<1>;
L_0000021f9d562690 .functor NOT 1, L_0000021f9d556f90, C4<0>, C4<0>, C4<0>;
L_0000021f9d5614a0 .functor AND 1, L_0000021f9d5612e0, L_0000021f9d562690, C4<1>, C4<1>;
L_0000021f9d562310 .functor NOT 1, L_0000021f9d556770, C4<0>, C4<0>, C4<0>;
L_0000021f9d562230 .functor AND 1, L_0000021f9d5614a0, L_0000021f9d562310, C4<1>, C4<1>;
L_0000021f9d5610b0 .functor OR 1, L_0000021f9d561c80, L_0000021f9d562230, C4<0>, C4<0>;
L_0000021f9d561cf0 .functor NOT 1, L_0000021f9d556d10, C4<0>, C4<0>, C4<0>;
L_0000021f9d561510 .functor AND 1, L_0000021f9d556a90, L_0000021f9d561cf0, C4<1>, C4<1>;
L_0000021f9d561f20 .functor NOT 1, L_0000021f9d556810, C4<0>, C4<0>, C4<0>;
L_0000021f9d561a50 .functor AND 1, L_0000021f9d561510, L_0000021f9d561f20, C4<1>, C4<1>;
L_0000021f9d562150 .functor AND 1, L_0000021f9d561a50, L_0000021f9d556b30, C4<1>, C4<1>;
L_0000021f9d561eb0 .functor OR 1, L_0000021f9d5610b0, L_0000021f9d562150, C4<0>, C4<0>;
v0000021f9d487c60_0 .net *"_ivl_1", 0 0, L_0000021f9d54b460;  1 drivers
v0000021f9d487da0_0 .net *"_ivl_101", 0 0, L_0000021f9d54e660;  1 drivers
v0000021f9d487e40_0 .net *"_ivl_102", 0 0, L_0000021f9d54f490;  1 drivers
v0000021f9d4880c0_0 .net *"_ivl_104", 0 0, L_0000021f9d54fb20;  1 drivers
v0000021f9d488160_0 .net *"_ivl_107", 0 0, L_0000021f9d54dbc0;  1 drivers
v0000021f9d488480_0 .net *"_ivl_108", 0 0, L_0000021f9d54f0a0;  1 drivers
v0000021f9d488660_0 .net *"_ivl_11", 0 0, L_0000021f9d54b5a0;  1 drivers
v0000021f9d486c20_0 .net *"_ivl_110", 0 0, L_0000021f9d54fa40;  1 drivers
v0000021f9d486a40_0 .net *"_ivl_113", 0 0, L_0000021f9d54eac0;  1 drivers
v0000021f9d486b80_0 .net *"_ivl_114", 0 0, L_0000021f9d54f1f0;  1 drivers
v0000021f9d4dae80_0 .net *"_ivl_116", 0 0, L_0000021f9d54f650;  1 drivers
v0000021f9d4d9300_0 .net *"_ivl_119", 0 0, L_0000021f9d54e3e0;  1 drivers
v0000021f9d4daa20_0 .net *"_ivl_12", 0 0, L_0000021f9d489700;  1 drivers
v0000021f9d4d9260_0 .net *"_ivl_121", 0 0, L_0000021f9d54e340;  1 drivers
v0000021f9d4daf20_0 .net *"_ivl_122", 0 0, L_0000021f9d54fc00;  1 drivers
v0000021f9d4da160_0 .net *"_ivl_124", 0 0, L_0000021f9d54f110;  1 drivers
v0000021f9d4daca0_0 .net *"_ivl_127", 0 0, L_0000021f9d54ef20;  1 drivers
v0000021f9d4d93a0_0 .net *"_ivl_128", 0 0, L_0000021f9d54ff80;  1 drivers
v0000021f9d4d9440_0 .net *"_ivl_131", 0 0, L_0000021f9d54e020;  1 drivers
v0000021f9d4dade0_0 .net *"_ivl_132", 0 0, L_0000021f9d54fce0;  1 drivers
v0000021f9d4dad40_0 .net *"_ivl_134", 0 0, L_0000021f9d54fb90;  1 drivers
v0000021f9d4dac00_0 .net *"_ivl_139", 0 0, L_0000021f9d54dc60;  1 drivers
v0000021f9d4d9b20_0 .net *"_ivl_14", 0 0, L_0000021f9d489460;  1 drivers
v0000021f9d4dafc0_0 .net *"_ivl_140", 0 0, L_0000021f9d54f8f0;  1 drivers
v0000021f9d4d9bc0_0 .net *"_ivl_143", 0 0, L_0000021f9d54e480;  1 drivers
v0000021f9d4da340_0 .net *"_ivl_144", 0 0, L_0000021f9d54fab0;  1 drivers
v0000021f9d4da8e0_0 .net *"_ivl_146", 0 0, L_0000021f9d54f180;  1 drivers
v0000021f9d4d9c60_0 .net *"_ivl_149", 0 0, L_0000021f9d54e8e0;  1 drivers
v0000021f9d4db060_0 .net *"_ivl_150", 0 0, L_0000021f9d54fd50;  1 drivers
v0000021f9d4da7a0_0 .net *"_ivl_153", 0 0, L_0000021f9d54d940;  1 drivers
v0000021f9d4d94e0_0 .net *"_ivl_154", 0 0, L_0000021f9d54f810;  1 drivers
v0000021f9d4da660_0 .net *"_ivl_157", 0 0, L_0000021f9d54e520;  1 drivers
v0000021f9d4da020_0 .net *"_ivl_158", 0 0, L_0000021f9d54fea0;  1 drivers
v0000021f9d4db100_0 .net *"_ivl_161", 0 0, L_0000021f9d54e0c0;  1 drivers
v0000021f9d4da480_0 .net *"_ivl_162", 0 0, L_0000021f9d54f6c0;  1 drivers
v0000021f9d4d98a0_0 .net *"_ivl_165", 0 0, L_0000021f9d54e700;  1 drivers
v0000021f9d4d9760_0 .net *"_ivl_166", 0 0, L_0000021f9d54fdc0;  1 drivers
v0000021f9d4d9940_0 .net *"_ivl_168", 0 0, L_0000021f9d54fe30;  1 drivers
v0000021f9d4d9620_0 .net *"_ivl_17", 0 0, L_0000021f9d54d080;  1 drivers
v0000021f9d4da2a0_0 .net *"_ivl_171", 0 0, L_0000021f9d54e7a0;  1 drivers
v0000021f9d4d9e40_0 .net *"_ivl_172", 0 0, L_0000021f9d54f5e0;  1 drivers
v0000021f9d4d9580_0 .net *"_ivl_174", 0 0, L_0000021f9d54f260;  1 drivers
v0000021f9d4da0c0_0 .net *"_ivl_176", 0 0, L_0000021f9d54ff10;  1 drivers
v0000021f9d4d96c0_0 .net *"_ivl_179", 0 0, L_0000021f9d54e840;  1 drivers
v0000021f9d4daac0_0 .net *"_ivl_180", 0 0, L_0000021f9d54f340;  1 drivers
v0000021f9d4d9800_0 .net *"_ivl_183", 0 0, L_0000021f9d54da80;  1 drivers
v0000021f9d4d99e0_0 .net *"_ivl_184", 0 0, L_0000021f9d54f500;  1 drivers
v0000021f9d4d9a80_0 .net *"_ivl_187", 0 0, L_0000021f9d54db20;  1 drivers
v0000021f9d4d9d00_0 .net *"_ivl_188", 0 0, L_0000021f9d54f570;  1 drivers
v0000021f9d4d9da0_0 .net *"_ivl_190", 0 0, L_0000021f9d54f730;  1 drivers
v0000021f9d4da840_0 .net *"_ivl_193", 0 0, L_0000021f9d54e980;  1 drivers
v0000021f9d4da520_0 .net *"_ivl_194", 0 0, L_0000021f9d54f7a0;  1 drivers
v0000021f9d4da3e0_0 .net *"_ivl_196", 0 0, L_0000021f9d552910;  1 drivers
v0000021f9d4da980_0 .net *"_ivl_199", 0 0, L_0000021f9d54d9e0;  1 drivers
v0000021f9d4d9ee0_0 .net *"_ivl_2", 0 0, L_0000021f9d488dd0;  1 drivers
v0000021f9d4d9f80_0 .net *"_ivl_200", 0 0, L_0000021f9d552bb0;  1 drivers
v0000021f9d4dab60_0 .net *"_ivl_203", 0 0, L_0000021f9d54e5c0;  1 drivers
v0000021f9d4da700_0 .net *"_ivl_204", 0 0, L_0000021f9d552ec0;  1 drivers
v0000021f9d4da200_0 .net *"_ivl_207", 0 0, L_0000021f9d54ea20;  1 drivers
v0000021f9d4da5c0_0 .net *"_ivl_208", 0 0, L_0000021f9d5520c0;  1 drivers
v0000021f9d4dcdf0_0 .net *"_ivl_21", 0 0, L_0000021f9d54c7c0;  1 drivers
v0000021f9d4dc2b0_0 .net *"_ivl_211", 0 0, L_0000021f9d54eb60;  1 drivers
v0000021f9d4db6d0_0 .net *"_ivl_212", 0 0, L_0000021f9d552210;  1 drivers
v0000021f9d4dca30_0 .net *"_ivl_214", 0 0, L_0000021f9d5526e0;  1 drivers
v0000021f9d4db770_0 .net *"_ivl_22", 0 0, L_0000021f9d488f20;  1 drivers
v0000021f9d4dc710_0 .net *"_ivl_221", 0 0, L_0000021f9d54ec00;  1 drivers
v0000021f9d4dbef0_0 .net *"_ivl_222", 0 0, L_0000021f9d552c90;  1 drivers
v0000021f9d4dbf90_0 .net *"_ivl_225", 0 0, L_0000021f9d54dd00;  1 drivers
v0000021f9d4dce90_0 .net *"_ivl_226", 0 0, L_0000021f9d552fa0;  1 drivers
v0000021f9d4db590_0 .net *"_ivl_228", 0 0, L_0000021f9d552980;  1 drivers
v0000021f9d4dbdb0_0 .net *"_ivl_231", 0 0, L_0000021f9d54dda0;  1 drivers
v0000021f9d4dbe50_0 .net *"_ivl_232", 0 0, L_0000021f9d552c20;  1 drivers
v0000021f9d4dcc10_0 .net *"_ivl_235", 0 0, L_0000021f9d54eca0;  1 drivers
v0000021f9d4db8b0_0 .net *"_ivl_236", 0 0, L_0000021f9d552750;  1 drivers
v0000021f9d4dcad0_0 .net *"_ivl_239", 0 0, L_0000021f9d54de40;  1 drivers
v0000021f9d4db630_0 .net *"_ivl_240", 0 0, L_0000021f9d552f30;  1 drivers
v0000021f9d4dc0d0_0 .net *"_ivl_243", 0 0, L_0000021f9d54e160;  1 drivers
v0000021f9d4dc490_0 .net *"_ivl_244", 0 0, L_0000021f9d552280;  1 drivers
v0000021f9d4db270_0 .net *"_ivl_247", 0 0, L_0000021f9d54dee0;  1 drivers
v0000021f9d4dc350_0 .net *"_ivl_248", 0 0, L_0000021f9d5527c0;  1 drivers
v0000021f9d4dd110_0 .net *"_ivl_25", 0 0, L_0000021f9d54c860;  1 drivers
v0000021f9d4db310_0 .net *"_ivl_251", 0 0, L_0000021f9d54df80;  1 drivers
v0000021f9d4dc030_0 .net *"_ivl_252", 0 0, L_0000021f9d552d00;  1 drivers
v0000021f9d4dcf30_0 .net *"_ivl_254", 0 0, L_0000021f9d552d70;  1 drivers
v0000021f9d4dd070_0 .net *"_ivl_257", 0 0, L_0000021f9d54e200;  1 drivers
v0000021f9d4dc170_0 .net *"_ivl_258", 0 0, L_0000021f9d552830;  1 drivers
v0000021f9d4dc530_0 .net *"_ivl_26", 0 0, L_0000021f9d488b30;  1 drivers
v0000021f9d4dc210_0 .net *"_ivl_260", 0 0, L_0000021f9d552b40;  1 drivers
v0000021f9d4db4f0_0 .net *"_ivl_263", 0 0, L_0000021f9d54e2a0;  1 drivers
v0000021f9d4db950_0 .net *"_ivl_264", 0 0, L_0000021f9d552670;  1 drivers
v0000021f9d4db3b0_0 .net *"_ivl_266", 0 0, L_0000021f9d5528a0;  1 drivers
v0000021f9d4dc7b0_0 .net *"_ivl_269", 0 0, L_0000021f9d54ed40;  1 drivers
v0000021f9d4dcfd0_0 .net *"_ivl_270", 0 0, L_0000021f9d5529f0;  1 drivers
v0000021f9d4db450_0 .net *"_ivl_273", 0 0, L_0000021f9d54ede0;  1 drivers
v0000021f9d4dc990_0 .net *"_ivl_274", 0 0, L_0000021f9d552a60;  1 drivers
v0000021f9d4db810_0 .net *"_ivl_277", 0 0, L_0000021f9d54ee80;  1 drivers
v0000021f9d4dc3f0_0 .net *"_ivl_278", 0 0, L_0000021f9d552de0;  1 drivers
v0000021f9d4dc5d0_0 .net *"_ivl_28", 0 0, L_0000021f9d489770;  1 drivers
v0000021f9d4dc670_0 .net *"_ivl_280", 0 0, L_0000021f9d552130;  1 drivers
v0000021f9d4db9f0_0 .net *"_ivl_283", 0 0, L_0000021f9d553750;  1 drivers
v0000021f9d4dba90_0 .net *"_ivl_284", 0 0, L_0000021f9d552e50;  1 drivers
v0000021f9d4dbb30_0 .net *"_ivl_287", 0 0, L_0000021f9d553930;  1 drivers
v0000021f9d4dc850_0 .net *"_ivl_288", 0 0, L_0000021f9d552ad0;  1 drivers
v0000021f9d4dbbd0_0 .net *"_ivl_290", 0 0, L_0000021f9d552600;  1 drivers
v0000021f9d4dbc70_0 .net *"_ivl_295", 0 0, L_0000021f9d554510;  1 drivers
v0000021f9d4dcd50_0 .net *"_ivl_296", 0 0, L_0000021f9d5522f0;  1 drivers
v0000021f9d4dc8f0_0 .net *"_ivl_299", 0 0, L_0000021f9d555a50;  1 drivers
v0000021f9d4dcb70_0 .net *"_ivl_300", 0 0, L_0000021f9d552360;  1 drivers
v0000021f9d4dccb0_0 .net *"_ivl_302", 0 0, L_0000021f9d5523d0;  1 drivers
v0000021f9d4dbd10_0 .net *"_ivl_305", 0 0, L_0000021f9d555370;  1 drivers
v0000021f9d544410_0 .net *"_ivl_306", 0 0, L_0000021f9d552440;  1 drivers
v0000021f9d542750_0 .net *"_ivl_309", 0 0, L_0000021f9d5546f0;  1 drivers
v0000021f9d543650_0 .net *"_ivl_31", 0 0, L_0000021f9d54cfe0;  1 drivers
v0000021f9d544730_0 .net *"_ivl_310", 0 0, L_0000021f9d5524b0;  1 drivers
v0000021f9d543290_0 .net *"_ivl_312", 0 0, L_0000021f9d552520;  1 drivers
v0000021f9d5429d0_0 .net *"_ivl_315", 0 0, L_0000021f9d554790;  1 drivers
v0000021f9d543f10_0 .net *"_ivl_316", 0 0, L_0000021f9d552590;  1 drivers
v0000021f9d543dd0_0 .net *"_ivl_319", 0 0, L_0000021f9d553ed0;  1 drivers
v0000021f9d542a70_0 .net *"_ivl_32", 0 0, L_0000021f9d488ba0;  1 drivers
v0000021f9d5431f0_0 .net *"_ivl_320", 0 0, L_0000021f9d55a110;  1 drivers
v0000021f9d543e70_0 .net *"_ivl_323", 0 0, L_0000021f9d5552d0;  1 drivers
v0000021f9d5444b0_0 .net *"_ivl_324", 0 0, L_0000021f9d55a420;  1 drivers
v0000021f9d544050_0 .net *"_ivl_326", 0 0, L_0000021f9d55a3b0;  1 drivers
v0000021f9d5435b0_0 .net *"_ivl_329", 0 0, L_0000021f9d555410;  1 drivers
v0000021f9d543830_0 .net *"_ivl_330", 0 0, L_0000021f9d55a340;  1 drivers
v0000021f9d544370_0 .net *"_ivl_333", 0 0, L_0000021f9d555730;  1 drivers
v0000021f9d543c90_0 .net *"_ivl_334", 0 0, L_0000021f9d559f50;  1 drivers
v0000021f9d543150_0 .net *"_ivl_337", 0 0, L_0000021f9d554650;  1 drivers
v0000021f9d542250_0 .net *"_ivl_338", 0 0, L_0000021f9d559af0;  1 drivers
v0000021f9d542c50_0 .net *"_ivl_34", 0 0, L_0000021f9d489310;  1 drivers
v0000021f9d5422f0_0 .net *"_ivl_340", 0 0, L_0000021f9d559690;  1 drivers
v0000021f9d543330_0 .net *"_ivl_342", 0 0, L_0000021f9d55a180;  1 drivers
v0000021f9d542390_0 .net *"_ivl_345", 0 0, L_0000021f9d553cf0;  1 drivers
v0000021f9d5440f0_0 .net *"_ivl_347", 0 0, L_0000021f9d554150;  1 drivers
v0000021f9d5426b0_0 .net *"_ivl_348", 0 0, L_0000021f9d55a500;  1 drivers
v0000021f9d543010_0 .net *"_ivl_350", 0 0, L_0000021f9d55a570;  1 drivers
v0000021f9d5433d0_0 .net *"_ivl_353", 0 0, L_0000021f9d555690;  1 drivers
v0000021f9d543fb0_0 .net *"_ivl_354", 0 0, L_0000021f9d559ee0;  1 drivers
v0000021f9d5447d0_0 .net *"_ivl_356", 0 0, L_0000021f9d559930;  1 drivers
v0000021f9d542bb0_0 .net *"_ivl_359", 0 0, L_0000021f9d554dd0;  1 drivers
v0000021f9d544190_0 .net *"_ivl_360", 0 0, L_0000021f9d559700;  1 drivers
v0000021f9d542b10_0 .net *"_ivl_362", 0 0, L_0000021f9d559e00;  1 drivers
v0000021f9d542610_0 .net *"_ivl_364", 0 0, L_0000021f9d559770;  1 drivers
v0000021f9d542cf0_0 .net *"_ivl_367", 0 0, L_0000021f9d553610;  1 drivers
v0000021f9d543a10_0 .net *"_ivl_368", 0 0, L_0000021f9d5599a0;  1 drivers
v0000021f9d5427f0_0 .net *"_ivl_37", 0 0, L_0000021f9d54c540;  1 drivers
v0000021f9d5421b0_0 .net *"_ivl_371", 0 0, L_0000021f9d5554b0;  1 drivers
v0000021f9d544230_0 .net *"_ivl_372", 0 0, L_0000021f9d559e70;  1 drivers
v0000021f9d543470_0 .net *"_ivl_375", 0 0, L_0000021f9d554fb0;  1 drivers
v0000021f9d543ab0_0 .net *"_ivl_376", 0 0, L_0000021f9d55a260;  1 drivers
v0000021f9d5438d0_0 .net *"_ivl_378", 0 0, L_0000021f9d55a490;  1 drivers
v0000021f9d542d90_0 .net *"_ivl_381", 0 0, L_0000021f9d553430;  1 drivers
v0000021f9d544550_0 .net *"_ivl_382", 0 0, L_0000021f9d559d90;  1 drivers
v0000021f9d543bf0_0 .net *"_ivl_384", 0 0, L_0000021f9d55a1f0;  1 drivers
v0000021f9d5445f0_0 .net *"_ivl_387", 0 0, L_0000021f9d5550f0;  1 drivers
v0000021f9d542430_0 .net *"_ivl_388", 0 0, L_0000021f9d559d20;  1 drivers
v0000021f9d5442d0_0 .net *"_ivl_390", 0 0, L_0000021f9d559fc0;  1 drivers
v0000021f9d542110_0 .net *"_ivl_392", 0 0, L_0000021f9d55a030;  1 drivers
v0000021f9d544690_0 .net *"_ivl_395", 0 0, L_0000021f9d555af0;  1 drivers
v0000021f9d543510_0 .net *"_ivl_397", 0 0, L_0000021f9d5548d0;  1 drivers
v0000021f9d542070_0 .net *"_ivl_398", 0 0, L_0000021f9d55a0a0;  1 drivers
v0000021f9d5424d0_0 .net *"_ivl_400", 0 0, L_0000021f9d5597e0;  1 drivers
v0000021f9d542570_0 .net *"_ivl_403", 0 0, L_0000021f9d555550;  1 drivers
v0000021f9d542890_0 .net *"_ivl_404", 0 0, L_0000021f9d559850;  1 drivers
v0000021f9d542930_0 .net *"_ivl_406", 0 0, L_0000021f9d55a2d0;  1 drivers
v0000021f9d542e30_0 .net *"_ivl_409", 0 0, L_0000021f9d5555f0;  1 drivers
v0000021f9d542ed0_0 .net *"_ivl_41", 0 0, L_0000021f9d54d120;  1 drivers
v0000021f9d542f70_0 .net *"_ivl_410", 0 0, L_0000021f9d5598c0;  1 drivers
v0000021f9d5430b0_0 .net *"_ivl_412", 0 0, L_0000021f9d559a10;  1 drivers
v0000021f9d5436f0_0 .net *"_ivl_415", 0 0, L_0000021f9d553c50;  1 drivers
v0000021f9d543b50_0 .net *"_ivl_416", 0 0, L_0000021f9d559a80;  1 drivers
v0000021f9d543790_0 .net *"_ivl_419", 0 0, L_0000021f9d554d30;  1 drivers
v0000021f9d543970_0 .net *"_ivl_42", 0 0, L_0000021f9d488cf0;  1 drivers
v0000021f9d543d30_0 .net *"_ivl_420", 0 0, L_0000021f9d559b60;  1 drivers
v0000021f9d545db0_0 .net *"_ivl_423", 0 0, L_0000021f9d5545b0;  1 drivers
v0000021f9d5454f0_0 .net *"_ivl_424", 0 0, L_0000021f9d559bd0;  1 drivers
v0000021f9d545090_0 .net *"_ivl_426", 0 0, L_0000021f9d559c40;  1 drivers
v0000021f9d545950_0 .net *"_ivl_429", 0 0, L_0000021f9d555050;  1 drivers
v0000021f9d545310_0 .net *"_ivl_430", 0 0, L_0000021f9d559cb0;  1 drivers
v0000021f9d544a50_0 .net *"_ivl_433", 0 0, L_0000021f9d554290;  1 drivers
v0000021f9d5449b0_0 .net *"_ivl_434", 0 0, L_0000021f9d55b770;  1 drivers
v0000021f9d544af0_0 .net *"_ivl_436", 0 0, L_0000021f9d55bd20;  1 drivers
v0000021f9d544910_0 .net *"_ivl_438", 0 0, L_0000021f9d55b1c0;  1 drivers
v0000021f9d545270_0 .net *"_ivl_441", 0 0, L_0000021f9d553bb0;  1 drivers
v0000021f9d544eb0_0 .net *"_ivl_443", 0 0, L_0000021f9d554330;  1 drivers
v0000021f9d545ef0_0 .net *"_ivl_444", 0 0, L_0000021f9d55b620;  1 drivers
v0000021f9d544ff0_0 .net *"_ivl_446", 0 0, L_0000021f9d55bcb0;  1 drivers
v0000021f9d545d10_0 .net *"_ivl_449", 0 0, L_0000021f9d5557d0;  1 drivers
v0000021f9d545630_0 .net *"_ivl_45", 0 0, L_0000021f9d54b640;  1 drivers
v0000021f9d544870_0 .net *"_ivl_450", 0 0, L_0000021f9d55b230;  1 drivers
v0000021f9d545e50_0 .net *"_ivl_453", 0 0, L_0000021f9d555870;  1 drivers
v0000021f9d5459f0_0 .net *"_ivl_454", 0 0, L_0000021f9d55b9a0;  1 drivers
v0000021f9d544b90_0 .net *"_ivl_456", 0 0, L_0000021f9d55be70;  1 drivers
v0000021f9d545a90_0 .net *"_ivl_458", 0 0, L_0000021f9d55b930;  1 drivers
v0000021f9d5453b0_0 .net *"_ivl_46", 0 0, L_0000021f9d4890e0;  1 drivers
v0000021f9d545130_0 .net *"_ivl_463", 0 0, L_0000021f9d553890;  1 drivers
v0000021f9d544f50_0 .net *"_ivl_464", 0 0, L_0000021f9d55b2a0;  1 drivers
v0000021f9d545450_0 .net *"_ivl_467", 0 0, L_0000021f9d555190;  1 drivers
v0000021f9d544c30_0 .net *"_ivl_468", 0 0, L_0000021f9d55b310;  1 drivers
v0000021f9d544cd0_0 .net *"_ivl_470", 0 0, L_0000021f9d55b700;  1 drivers
v0000021f9d545590_0 .net *"_ivl_473", 0 0, L_0000021f9d555910;  1 drivers
v0000021f9d5451d0_0 .net *"_ivl_474", 0 0, L_0000021f9d55b380;  1 drivers
v0000021f9d544d70_0 .net *"_ivl_476", 0 0, L_0000021f9d55b8c0;  1 drivers
v0000021f9d5456d0_0 .net *"_ivl_479", 0 0, L_0000021f9d554830;  1 drivers
v0000021f9d545b30_0 .net *"_ivl_48", 0 0, L_0000021f9d489380;  1 drivers
v0000021f9d545bd0_0 .net *"_ivl_480", 0 0, L_0000021f9d55c030;  1 drivers
v0000021f9d544e10_0 .net *"_ivl_483", 0 0, L_0000021f9d553a70;  1 drivers
v0000021f9d545770_0 .net *"_ivl_484", 0 0, L_0000021f9d55b690;  1 drivers
v0000021f9d545810_0 .net *"_ivl_487", 0 0, L_0000021f9d553390;  1 drivers
v0000021f9d545c70_0 .net *"_ivl_488", 0 0, L_0000021f9d55b540;  1 drivers
v0000021f9d5458b0_0 .net *"_ivl_490", 0 0, L_0000021f9d55b850;  1 drivers
v0000021f9d5473e0_0 .net *"_ivl_493", 0 0, L_0000021f9d5559b0;  1 drivers
v0000021f9d548420_0 .net *"_ivl_494", 0 0, L_0000021f9d55b3f0;  1 drivers
v0000021f9d5486a0_0 .net *"_ivl_497", 0 0, L_0000021f9d5541f0;  1 drivers
v0000021f9d547d40_0 .net *"_ivl_498", 0 0, L_0000021f9d55c0a0;  1 drivers
v0000021f9d548380_0 .net *"_ivl_5", 0 0, L_0000021f9d54cd60;  1 drivers
v0000021f9d546080_0 .net *"_ivl_500", 0 0, L_0000021f9d55bf50;  1 drivers
v0000021f9d547de0_0 .net *"_ivl_502", 0 0, L_0000021f9d55ba80;  1 drivers
v0000021f9d547fc0_0 .net *"_ivl_505", 0 0, L_0000021f9d5539d0;  1 drivers
v0000021f9d548560_0 .net *"_ivl_506", 0 0, L_0000021f9d55bb60;  1 drivers
v0000021f9d546440_0 .net *"_ivl_509", 0 0, L_0000021f9d553b10;  1 drivers
v0000021f9d546120_0 .net *"_ivl_51", 0 0, L_0000021f9d54bf00;  1 drivers
v0000021f9d548600_0 .net *"_ivl_510", 0 0, L_0000021f9d55b4d0;  1 drivers
v0000021f9d5475c0_0 .net *"_ivl_513", 0 0, L_0000021f9d5534d0;  1 drivers
v0000021f9d546260_0 .net *"_ivl_514", 0 0, L_0000021f9d55b460;  1 drivers
v0000021f9d547020_0 .net *"_ivl_517", 0 0, L_0000021f9d553570;  1 drivers
v0000021f9d5464e0_0 .net *"_ivl_518", 0 0, L_0000021f9d55b5b0;  1 drivers
v0000021f9d5477a0_0 .net *"_ivl_52", 0 0, L_0000021f9d489540;  1 drivers
v0000021f9d547ca0_0 .net *"_ivl_520", 0 0, L_0000021f9d55bd90;  1 drivers
v0000021f9d547340_0 .net *"_ivl_523", 0 0, L_0000021f9d554ab0;  1 drivers
v0000021f9d548060_0 .net *"_ivl_524", 0 0, L_0000021f9d55ba10;  1 drivers
v0000021f9d5478e0_0 .net *"_ivl_527", 0 0, L_0000021f9d554470;  1 drivers
v0000021f9d548740_0 .net *"_ivl_528", 0 0, L_0000021f9d55be00;  1 drivers
v0000021f9d546940_0 .net *"_ivl_531", 0 0, L_0000021f9d5536b0;  1 drivers
v0000021f9d548100_0 .net *"_ivl_532", 0 0, L_0000021f9d55b7e0;  1 drivers
v0000021f9d5463a0_0 .net *"_ivl_534", 0 0, L_0000021f9d55baf0;  1 drivers
v0000021f9d546e40_0 .net *"_ivl_537", 0 0, L_0000021f9d5537f0;  1 drivers
v0000021f9d547700_0 .net *"_ivl_538", 0 0, L_0000021f9d55bbd0;  1 drivers
v0000021f9d546a80_0 .net *"_ivl_54", 0 0, L_0000021f9d488c80;  1 drivers
v0000021f9d546ee0_0 .net *"_ivl_540", 0 0, L_0000021f9d55bc40;  1 drivers
v0000021f9d5470c0_0 .net *"_ivl_543", 0 0, L_0000021f9d555230;  1 drivers
v0000021f9d5481a0_0 .net *"_ivl_545", 0 0, L_0000021f9d553d90;  1 drivers
v0000021f9d5469e0_0 .net *"_ivl_546", 0 0, L_0000021f9d55bee0;  1 drivers
v0000021f9d548240_0 .net *"_ivl_548", 0 0, L_0000021f9d55bfc0;  1 drivers
v0000021f9d546580_0 .net *"_ivl_551", 0 0, L_0000021f9d553e30;  1 drivers
v0000021f9d547480_0 .net *"_ivl_552", 0 0, L_0000021f9d560e80;  1 drivers
v0000021f9d547840_0 .net *"_ivl_555", 0 0, L_0000021f9d554970;  1 drivers
v0000021f9d5461c0_0 .net *"_ivl_556", 0 0, L_0000021f9d561270;  1 drivers
v0000021f9d547660_0 .net *"_ivl_558", 0 0, L_0000021f9d561970;  1 drivers
v0000021f9d5487e0_0 .net *"_ivl_560", 0 0, L_0000021f9d561190;  1 drivers
v0000021f9d546300_0 .net *"_ivl_566", 0 0, L_0000021f9d554010;  1 drivers
v0000021f9d546f80_0 .net *"_ivl_567", 0 0, L_0000021f9d5621c0;  1 drivers
v0000021f9d5484c0_0 .net *"_ivl_57", 0 0, L_0000021f9d54d1c0;  1 drivers
v0000021f9d546620_0 .net *"_ivl_570", 0 0, L_0000021f9d554a10;  1 drivers
v0000021f9d546d00_0 .net *"_ivl_571", 0 0, L_0000021f9d560f60;  1 drivers
v0000021f9d547980_0 .net *"_ivl_573", 0 0, L_0000021f9d562540;  1 drivers
v0000021f9d547160_0 .net *"_ivl_576", 0 0, L_0000021f9d5540b0;  1 drivers
v0000021f9d5466c0_0 .net *"_ivl_577", 0 0, L_0000021f9d5620e0;  1 drivers
v0000021f9d546760_0 .net *"_ivl_579", 0 0, L_0000021f9d5613c0;  1 drivers
v0000021f9d546800_0 .net *"_ivl_582", 0 0, L_0000021f9d5543d0;  1 drivers
v0000021f9d5468a0_0 .net *"_ivl_583", 0 0, L_0000021f9d5616d0;  1 drivers
v0000021f9d546b20_0 .net *"_ivl_585", 0 0, L_0000021f9d561dd0;  1 drivers
v0000021f9d546c60_0 .net *"_ivl_587", 0 0, L_0000021f9d562700;  1 drivers
v0000021f9d547a20_0 .net *"_ivl_590", 0 0, L_0000021f9d554b50;  1 drivers
v0000021f9d546bc0_0 .net *"_ivl_591", 0 0, L_0000021f9d5625b0;  1 drivers
v0000021f9d546da0_0 .net *"_ivl_594", 0 0, L_0000021f9d554bf0;  1 drivers
v0000021f9d547ac0_0 .net *"_ivl_595", 0 0, L_0000021f9d562000;  1 drivers
v0000021f9d547200_0 .net *"_ivl_597", 0 0, L_0000021f9d561820;  1 drivers
v0000021f9d547e80_0 .net *"_ivl_6", 0 0, L_0000021f9d489150;  1 drivers
v0000021f9d5482e0_0 .net *"_ivl_600", 0 0, L_0000021f9d554c90;  1 drivers
v0000021f9d5472a0_0 .net *"_ivl_601", 0 0, L_0000021f9d562620;  1 drivers
v0000021f9d547520_0 .net *"_ivl_604", 0 0, L_0000021f9d554e70;  1 drivers
v0000021f9d547b60_0 .net *"_ivl_605", 0 0, L_0000021f9d560cc0;  1 drivers
v0000021f9d547c00_0 .net *"_ivl_607", 0 0, L_0000021f9d561740;  1 drivers
v0000021f9d547f20_0 .net *"_ivl_609", 0 0, L_0000021f9d561f90;  1 drivers
v0000021f9d548920_0 .net *"_ivl_61", 0 0, L_0000021f9d54c180;  1 drivers
v0000021f9d549140_0 .net *"_ivl_612", 0 0, L_0000021f9d554f10;  1 drivers
v0000021f9d548a60_0 .net *"_ivl_613", 0 0, L_0000021f9d561ac0;  1 drivers
v0000021f9d5495a0_0 .net *"_ivl_616", 0 0, L_0000021f9d5563b0;  1 drivers
v0000021f9d5498c0_0 .net *"_ivl_617", 0 0, L_0000021f9d561d60;  1 drivers
v0000021f9d549320_0 .net *"_ivl_62", 0 0, L_0000021f9d488f90;  1 drivers
v0000021f9d549aa0_0 .net *"_ivl_620", 0 0, L_0000021f9d5569f0;  1 drivers
v0000021f9d549640_0 .net *"_ivl_621", 0 0, L_0000021f9d561200;  1 drivers
v0000021f9d549dc0_0 .net *"_ivl_624", 0 0, L_0000021f9d5561d0;  1 drivers
v0000021f9d548d80_0 .net *"_ivl_625", 0 0, L_0000021f9d561430;  1 drivers
v0000021f9d549b40_0 .net *"_ivl_627", 0 0, L_0000021f9d561c80;  1 drivers
v0000021f9d5489c0_0 .net *"_ivl_630", 0 0, L_0000021f9d556130;  1 drivers
v0000021f9d549000_0 .net *"_ivl_631", 0 0, L_0000021f9d562070;  1 drivers
v0000021f9d549500_0 .net *"_ivl_634", 0 0, L_0000021f9d5568b0;  1 drivers
v0000021f9d548e20_0 .net *"_ivl_635", 0 0, L_0000021f9d5612e0;  1 drivers
v0000021f9d5496e0_0 .net *"_ivl_638", 0 0, L_0000021f9d556f90;  1 drivers
v0000021f9d549c80_0 .net *"_ivl_639", 0 0, L_0000021f9d562690;  1 drivers
v0000021f9d549e60_0 .net *"_ivl_641", 0 0, L_0000021f9d5614a0;  1 drivers
v0000021f9d549280_0 .net *"_ivl_644", 0 0, L_0000021f9d556770;  1 drivers
v0000021f9d548ec0_0 .net *"_ivl_645", 0 0, L_0000021f9d562310;  1 drivers
v0000021f9d549a00_0 .net *"_ivl_647", 0 0, L_0000021f9d562230;  1 drivers
v0000021f9d549be0_0 .net *"_ivl_649", 0 0, L_0000021f9d5610b0;  1 drivers
v0000021f9d548b00_0 .net *"_ivl_65", 0 0, L_0000021f9d54c5e0;  1 drivers
v0000021f9d549960_0 .net *"_ivl_652", 0 0, L_0000021f9d556a90;  1 drivers
v0000021f9d549780_0 .net *"_ivl_654", 0 0, L_0000021f9d556d10;  1 drivers
v0000021f9d548880_0 .net *"_ivl_655", 0 0, L_0000021f9d561cf0;  1 drivers
v0000021f9d548f60_0 .net *"_ivl_657", 0 0, L_0000021f9d561510;  1 drivers
v0000021f9d5491e0_0 .net *"_ivl_66", 0 0, L_0000021f9d4895b0;  1 drivers
v0000021f9d5493c0_0 .net *"_ivl_660", 0 0, L_0000021f9d556810;  1 drivers
v0000021f9d5490a0_0 .net *"_ivl_661", 0 0, L_0000021f9d561f20;  1 drivers
v0000021f9d549f00_0 .net *"_ivl_663", 0 0, L_0000021f9d561a50;  1 drivers
v0000021f9d549d20_0 .net *"_ivl_666", 0 0, L_0000021f9d556b30;  1 drivers
v0000021f9d548ba0_0 .net *"_ivl_667", 0 0, L_0000021f9d562150;  1 drivers
v0000021f9d549820_0 .net *"_ivl_669", 0 0, L_0000021f9d561eb0;  1 drivers
v0000021f9d548c40_0 .net *"_ivl_69", 0 0, L_0000021f9d54c400;  1 drivers
v0000021f9d548ce0_0 .net *"_ivl_70", 0 0, L_0000021f9d4897e0;  1 drivers
v0000021f9d549460_0 .net *"_ivl_73", 0 0, L_0000021f9d54bfa0;  1 drivers
v0000021f9d54d800_0 .net *"_ivl_74", 0 0, L_0000021f9d488eb0;  1 drivers
v0000021f9d54ca40_0 .net *"_ivl_77", 0 0, L_0000021f9d54c680;  1 drivers
v0000021f9d54b6e0_0 .net *"_ivl_79", 0 0, L_0000021f9d54d440;  1 drivers
v0000021f9d54b1e0_0 .net *"_ivl_8", 0 0, L_0000021f9d4891c0;  1 drivers
v0000021f9d54cea0_0 .net *"_ivl_80", 0 0, L_0000021f9d440050;  1 drivers
v0000021f9d54c4a0_0 .net *"_ivl_82", 0 0, L_0000021f9d54f9d0;  1 drivers
v0000021f9d54cae0_0 .net *"_ivl_85", 0 0, L_0000021f9d54c720;  1 drivers
v0000021f9d54c900_0 .net *"_ivl_86", 0 0, L_0000021f9d54f3b0;  1 drivers
v0000021f9d54bb40_0 .net *"_ivl_88", 0 0, L_0000021f9d54fc70;  1 drivers
v0000021f9d54d4e0_0 .net *"_ivl_91", 0 0, L_0000021f9d54c9a0;  1 drivers
v0000021f9d54cc20_0 .net *"_ivl_92", 0 0, L_0000021f9d54f880;  1 drivers
v0000021f9d54b500_0 .net *"_ivl_94", 0 0, L_0000021f9d54f420;  1 drivers
v0000021f9d54c0e0_0 .net *"_ivl_96", 0 0, L_0000021f9d54f960;  1 drivers
v0000021f9d54b820_0 .net *"_ivl_99", 0 0, L_0000021f9d54d8a0;  1 drivers
v0000021f9d54be60_0 .net "clk", 0 0, v0000021f9d54b280_0;  1 drivers
v0000021f9d54c2c0_0 .net "done", 0 0, o0000021f9d4966b8;  alias, 0 drivers
v0000021f9d54b960_0 .net "mdld", 0 0, L_0000021f9d488c10;  alias, 1 drivers
v0000021f9d54cb80_0 .net "mr", 3 0, v0000021f9d54b3c0_0;  1 drivers
v0000021f9d54ccc0_0 .net "mrld", 0 0, L_0000021f9d488e40;  alias, 1 drivers
v0000021f9d54ce00_0 .net "n", 3 0, L_0000021f9d553f70;  alias, 1 drivers
v0000021f9d54ba00_0 .net "reset_state", 3 0, v0000021f9d54c360_0;  1 drivers
v0000021f9d54c220_0 .net "rsclear", 0 0, L_0000021f9d4894d0;  alias, 1 drivers
v0000021f9d54baa0_0 .net "rsload", 0 0, L_0000021f9d54f2d0;  alias, 1 drivers
v0000021f9d54d580_0 .net "rsshr", 0 0, L_0000021f9d5521a0;  alias, 1 drivers
v0000021f9d54d620_0 .net "rst", 0 0, v0000021f9d54b0a0_0;  1 drivers
v0000021f9d54d3a0_0 .var "s", 3 0;
v0000021f9d54d6c0_0 .net "start", 0 0, v0000021f9d54b140_0;  1 drivers
E_0000021f9d48ca50 .event posedge, v0000021f9d54be60_0;
L_0000021f9d54b460 .part v0000021f9d54d3a0_0, 3, 1;
L_0000021f9d54cd60 .part v0000021f9d54d3a0_0, 2, 1;
L_0000021f9d54b5a0 .part v0000021f9d54d3a0_0, 1, 1;
L_0000021f9d54d080 .part v0000021f9d54d3a0_0, 0, 1;
L_0000021f9d54c7c0 .part v0000021f9d54d3a0_0, 3, 1;
L_0000021f9d54c860 .part v0000021f9d54d3a0_0, 2, 1;
L_0000021f9d54cfe0 .part v0000021f9d54d3a0_0, 1, 1;
L_0000021f9d54c540 .part v0000021f9d54d3a0_0, 0, 1;
L_0000021f9d54d120 .part v0000021f9d54d3a0_0, 3, 1;
L_0000021f9d54b640 .part v0000021f9d54d3a0_0, 2, 1;
L_0000021f9d54bf00 .part v0000021f9d54d3a0_0, 1, 1;
L_0000021f9d54d1c0 .part v0000021f9d54d3a0_0, 0, 1;
L_0000021f9d54c180 .part v0000021f9d54d3a0_0, 3, 1;
L_0000021f9d54c5e0 .part v0000021f9d54d3a0_0, 2, 1;
L_0000021f9d54c400 .part v0000021f9d54d3a0_0, 1, 1;
L_0000021f9d54bfa0 .part v0000021f9d54d3a0_0, 0, 1;
L_0000021f9d54c680 .part v0000021f9d54d3a0_0, 3, 1;
L_0000021f9d54d440 .part v0000021f9d54d3a0_0, 2, 1;
L_0000021f9d54c720 .part v0000021f9d54d3a0_0, 1, 1;
L_0000021f9d54c9a0 .part v0000021f9d54d3a0_0, 0, 1;
L_0000021f9d54d8a0 .part v0000021f9d54d3a0_0, 3, 1;
L_0000021f9d54e660 .part v0000021f9d54d3a0_0, 2, 1;
L_0000021f9d54dbc0 .part v0000021f9d54d3a0_0, 1, 1;
L_0000021f9d54eac0 .part v0000021f9d54d3a0_0, 0, 1;
L_0000021f9d54e3e0 .part v0000021f9d54d3a0_0, 3, 1;
L_0000021f9d54e340 .part v0000021f9d54d3a0_0, 2, 1;
L_0000021f9d54ef20 .part v0000021f9d54d3a0_0, 1, 1;
L_0000021f9d54e020 .part v0000021f9d54d3a0_0, 0, 1;
L_0000021f9d54dc60 .part v0000021f9d54d3a0_0, 3, 1;
L_0000021f9d54e480 .part v0000021f9d54d3a0_0, 2, 1;
L_0000021f9d54e8e0 .part v0000021f9d54d3a0_0, 1, 1;
L_0000021f9d54d940 .part v0000021f9d54d3a0_0, 0, 1;
L_0000021f9d54e520 .part v0000021f9d54d3a0_0, 3, 1;
L_0000021f9d54e0c0 .part v0000021f9d54d3a0_0, 2, 1;
L_0000021f9d54e700 .part v0000021f9d54d3a0_0, 1, 1;
L_0000021f9d54e7a0 .part v0000021f9d54d3a0_0, 0, 1;
L_0000021f9d54e840 .part v0000021f9d54d3a0_0, 3, 1;
L_0000021f9d54da80 .part v0000021f9d54d3a0_0, 2, 1;
L_0000021f9d54db20 .part v0000021f9d54d3a0_0, 1, 1;
L_0000021f9d54e980 .part v0000021f9d54d3a0_0, 0, 1;
L_0000021f9d54d9e0 .part v0000021f9d54d3a0_0, 3, 1;
L_0000021f9d54e5c0 .part v0000021f9d54d3a0_0, 2, 1;
L_0000021f9d54ea20 .part v0000021f9d54d3a0_0, 1, 1;
L_0000021f9d54eb60 .part v0000021f9d54d3a0_0, 0, 1;
L_0000021f9d54ec00 .part v0000021f9d54d3a0_0, 3, 1;
L_0000021f9d54dd00 .part v0000021f9d54d3a0_0, 2, 1;
L_0000021f9d54dda0 .part v0000021f9d54d3a0_0, 1, 1;
L_0000021f9d54eca0 .part v0000021f9d54d3a0_0, 0, 1;
L_0000021f9d54de40 .part v0000021f9d54b3c0_0, 1, 1;
L_0000021f9d54e160 .part v0000021f9d54d3a0_0, 3, 1;
L_0000021f9d54dee0 .part v0000021f9d54d3a0_0, 2, 1;
L_0000021f9d54df80 .part v0000021f9d54d3a0_0, 1, 1;
L_0000021f9d54e200 .part v0000021f9d54d3a0_0, 0, 1;
L_0000021f9d54e2a0 .part v0000021f9d54b3c0_0, 2, 1;
L_0000021f9d54ed40 .part v0000021f9d54d3a0_0, 3, 1;
L_0000021f9d54ede0 .part v0000021f9d54d3a0_0, 2, 1;
L_0000021f9d54ee80 .part v0000021f9d54d3a0_0, 1, 1;
L_0000021f9d553750 .part v0000021f9d54d3a0_0, 0, 1;
L_0000021f9d553930 .part v0000021f9d54b3c0_0, 3, 1;
L_0000021f9d554510 .part v0000021f9d54d3a0_0, 3, 1;
L_0000021f9d555a50 .part v0000021f9d54d3a0_0, 2, 1;
L_0000021f9d555370 .part v0000021f9d54d3a0_0, 1, 1;
L_0000021f9d5546f0 .part v0000021f9d54d3a0_0, 0, 1;
L_0000021f9d554790 .part v0000021f9d54b3c0_0, 0, 1;
L_0000021f9d553ed0 .part v0000021f9d54d3a0_0, 3, 1;
L_0000021f9d5552d0 .part v0000021f9d54d3a0_0, 2, 1;
L_0000021f9d555410 .part v0000021f9d54d3a0_0, 1, 1;
L_0000021f9d555730 .part v0000021f9d54d3a0_0, 0, 1;
L_0000021f9d554650 .part v0000021f9d54b3c0_0, 1, 1;
L_0000021f9d553cf0 .part v0000021f9d54d3a0_0, 3, 1;
L_0000021f9d554150 .part v0000021f9d54d3a0_0, 2, 1;
L_0000021f9d555690 .part v0000021f9d54d3a0_0, 1, 1;
L_0000021f9d554dd0 .part v0000021f9d54d3a0_0, 0, 1;
L_0000021f9d553610 .part v0000021f9d54d3a0_0, 3, 1;
L_0000021f9d5554b0 .part v0000021f9d54d3a0_0, 2, 1;
L_0000021f9d554fb0 .part v0000021f9d54d3a0_0, 1, 1;
L_0000021f9d553430 .part v0000021f9d54d3a0_0, 0, 1;
L_0000021f9d5550f0 .part v0000021f9d54b3c0_0, 2, 1;
L_0000021f9d555af0 .part v0000021f9d54d3a0_0, 3, 1;
L_0000021f9d5548d0 .part v0000021f9d54d3a0_0, 2, 1;
L_0000021f9d555550 .part v0000021f9d54d3a0_0, 1, 1;
L_0000021f9d5555f0 .part v0000021f9d54d3a0_0, 0, 1;
L_0000021f9d553c50 .part v0000021f9d54d3a0_0, 3, 1;
L_0000021f9d554d30 .part v0000021f9d54d3a0_0, 2, 1;
L_0000021f9d5545b0 .part v0000021f9d54d3a0_0, 1, 1;
L_0000021f9d555050 .part v0000021f9d54d3a0_0, 0, 1;
L_0000021f9d554290 .part v0000021f9d54b3c0_0, 3, 1;
L_0000021f9d553bb0 .part v0000021f9d54d3a0_0, 3, 1;
L_0000021f9d554330 .part v0000021f9d54d3a0_0, 2, 1;
L_0000021f9d5557d0 .part v0000021f9d54d3a0_0, 1, 1;
L_0000021f9d555870 .part v0000021f9d54d3a0_0, 0, 1;
L_0000021f9d553890 .part v0000021f9d54d3a0_0, 3, 1;
L_0000021f9d555190 .part v0000021f9d54d3a0_0, 2, 1;
L_0000021f9d555910 .part v0000021f9d54d3a0_0, 1, 1;
L_0000021f9d554830 .part v0000021f9d54d3a0_0, 0, 1;
L_0000021f9d553a70 .part v0000021f9d54d3a0_0, 3, 1;
L_0000021f9d553390 .part v0000021f9d54d3a0_0, 2, 1;
L_0000021f9d5559b0 .part v0000021f9d54d3a0_0, 1, 1;
L_0000021f9d5541f0 .part v0000021f9d54d3a0_0, 0, 1;
L_0000021f9d5539d0 .part v0000021f9d54d3a0_0, 3, 1;
L_0000021f9d553b10 .part v0000021f9d54d3a0_0, 2, 1;
L_0000021f9d5534d0 .part v0000021f9d54d3a0_0, 1, 1;
L_0000021f9d553570 .part v0000021f9d54d3a0_0, 0, 1;
L_0000021f9d554ab0 .part v0000021f9d54d3a0_0, 3, 1;
L_0000021f9d554470 .part v0000021f9d54d3a0_0, 2, 1;
L_0000021f9d5536b0 .part v0000021f9d54d3a0_0, 1, 1;
L_0000021f9d5537f0 .part v0000021f9d54d3a0_0, 0, 1;
L_0000021f9d555230 .part v0000021f9d54d3a0_0, 3, 1;
L_0000021f9d553d90 .part v0000021f9d54d3a0_0, 2, 1;
L_0000021f9d553e30 .part v0000021f9d54d3a0_0, 1, 1;
L_0000021f9d554970 .part v0000021f9d54d3a0_0, 0, 1;
L_0000021f9d553f70 .concat8 [ 1 1 1 1], L_0000021f9d561eb0, L_0000021f9d561190, L_0000021f9d55b930, L_0000021f9d552600;
L_0000021f9d554010 .part v0000021f9d54d3a0_0, 3, 1;
L_0000021f9d554a10 .part v0000021f9d54d3a0_0, 2, 1;
L_0000021f9d5540b0 .part v0000021f9d54d3a0_0, 1, 1;
L_0000021f9d5543d0 .part v0000021f9d54d3a0_0, 0, 1;
L_0000021f9d554b50 .part v0000021f9d54d3a0_0, 3, 1;
L_0000021f9d554bf0 .part v0000021f9d54d3a0_0, 2, 1;
L_0000021f9d554c90 .part v0000021f9d54d3a0_0, 1, 1;
L_0000021f9d554e70 .part v0000021f9d54d3a0_0, 0, 1;
L_0000021f9d554f10 .part v0000021f9d54d3a0_0, 3, 1;
L_0000021f9d5563b0 .part v0000021f9d54d3a0_0, 2, 1;
L_0000021f9d5569f0 .part v0000021f9d54d3a0_0, 1, 1;
L_0000021f9d5561d0 .part v0000021f9d54d3a0_0, 0, 1;
L_0000021f9d556130 .part v0000021f9d54d3a0_0, 3, 1;
L_0000021f9d5568b0 .part v0000021f9d54d3a0_0, 2, 1;
L_0000021f9d556f90 .part v0000021f9d54d3a0_0, 1, 1;
L_0000021f9d556770 .part v0000021f9d54d3a0_0, 0, 1;
L_0000021f9d556a90 .part v0000021f9d54d3a0_0, 3, 1;
L_0000021f9d556d10 .part v0000021f9d54d3a0_0, 2, 1;
L_0000021f9d556810 .part v0000021f9d54d3a0_0, 1, 1;
L_0000021f9d556b30 .part v0000021f9d54d3a0_0, 0, 1;
    .scope S_0000021f9d4356d0;
T_0 ;
    %wait E_0000021f9d48ca50;
    %load/vec4 v0000021f9d54d620_0;
    %flag_set/vec4 8;
    %jmp/0xz  T_0.0, 8;
    %load/vec4 v0000021f9d54ba00_0;
    %assign/vec4 v0000021f9d54d3a0_0, 0;
    %jmp T_0.1;
T_0.0 ;
    %load/vec4 v0000021f9d54ce00_0;
    %assign/vec4 v0000021f9d54d3a0_0, 0;
T_0.1 ;
    %jmp T_0;
    .thread T_0;
    .scope S_0000021f9d48f900;
T_1 ;
    %pushi/vec4 0, 0, 1;
    %store/vec4 v0000021f9d54b280_0, 0, 1;
    %pushi/vec4 0, 0, 1;
    %store/vec4 v0000021f9d54b0a0_0, 0, 1;
    %pushi/vec4 0, 0, 1;
    %store/vec4 v0000021f9d54b140_0, 0, 1;
    %pushi/vec4 0, 0, 4;
    %store/vec4 v0000021f9d54b3c0_0, 0, 4;
    %pushi/vec4 0, 0, 4;
    %store/vec4 v0000021f9d54c360_0, 0, 4;
    %pushi/vec4 0, 0, 8;
    %store/vec4 v0000021f9d54b320_0, 0, 8;
    %end;
    .thread T_1;
    .scope S_0000021f9d48f900;
T_2 ;
    %vpi_call 2 49 "$dumpfile", "SMTTInputBruteForce.vcd" {0 0 0};
    %vpi_call 2 50 "$dumpvars" {0 0 0};
    %end;
    .thread T_2;
    .scope S_0000021f9d48f900;
T_3 ;
    %pushi/vec4 0, 0, 32;
    %store/vec4 v0000021f9d54b8c0_0, 0, 32;
T_3.0 ;
    %load/vec4 v0000021f9d54b8c0_0;
    %cmpi/u 15, 0, 32;
    %flag_or 5, 4;
    %jmp/0xz T_3.1, 5;
    %vpi_call 2 104 "$display", "\012Test with RESET_STATE = %b", v0000021f9d54b8c0_0 {0 0 0};
    %vpi_call 2 105 "$display", "Setting %s to %s...", "reset_state", "rs" {0 0 0};
    %delay 10, 0;
    %load/vec4 v0000021f9d54b8c0_0;
    %pad/s 4;
    %store/vec4 v0000021f9d54c360_0, 0, 4;
    %delay 10, 0;
    %pushi/vec4 0, 0, 32;
    %store/vec4 v0000021f9d54b780_0, 0, 32;
T_3.2 ;
    %load/vec4 v0000021f9d54b780_0;
    %cmpi/u 15, 0, 32;
    %flag_or 5, 4;
    %jmp/0xz T_3.3, 5;
    %vpi_call 2 110 "$display", "\012MULTIPLIER = %b", v0000021f9d54b780_0 {0 0 0};
    %pushi/vec4 0, 0, 32;
    %store/vec4 v0000021f9d54bdc0_0, 0, 32;
T_3.4 ;
    %load/vec4 v0000021f9d54bdc0_0;
    %cmpi/s 1, 0, 32;
    %flag_or 5, 4;
    %jmp/0xz T_3.5, 5;
    %vpi_call 2 114 "$display", "\012START = %b", v0000021f9d54bdc0_0 {0 0 0};
    %vpi_call 2 116 "$display", "Setting %s to %s...", "mr", "multiplier" {0 0 0};
    %delay 10, 0;
    %load/vec4 v0000021f9d54b780_0;
    %pad/s 4;
    %store/vec4 v0000021f9d54b3c0_0, 0, 4;
    %delay 10, 0;
    %vpi_call 2 117 "$display", "Setting %s to %s...", "start", "st" {0 0 0};
    %delay 10, 0;
    %load/vec4 v0000021f9d54bdc0_0;
    %pad/s 1;
    %store/vec4 v0000021f9d54b140_0, 0, 1;
    %delay 10, 0;
    %vpi_call 2 118 "$display", "Setting %s to %s...", "rst", "1" {0 0 0};
    %delay 10, 0;
    %pushi/vec4 1, 0, 1;
    %store/vec4 v0000021f9d54b0a0_0, 0, 1;
    %delay 10, 0;
    %vpi_call 2 119 "$display", "Pressing uclk..." {0 0 0};
    %delay 10, 0;
    %pushi/vec4 1, 0, 1;
    %store/vec4 v0000021f9d54b280_0, 0, 1;
    %delay 10, 0;
    %pushi/vec4 0, 0, 1;
    %store/vec4 v0000021f9d54b280_0, 0, 1;
    %delay 10, 0;
    %vpi_call 2 121 "$display", "Setting %s to %s...", "rst", "0" {0 0 0};
    %delay 10, 0;
    %pushi/vec4 0, 0, 1;
    %store/vec4 v0000021f9d54b0a0_0, 0, 1;
    %delay 10, 0;
    %vpi_call 2 122 "$display", "Pressing uclk..." {0 0 0};
    %delay 10, 0;
    %pushi/vec4 1, 0, 1;
    %store/vec4 v0000021f9d54b280_0, 0, 1;
    %delay 10, 0;
    %pushi/vec4 0, 0, 1;
    %store/vec4 v0000021f9d54b280_0, 0, 1;
    %delay 10, 0;
    %load/vec4 v0000021f9d54bdc0_0;
    %addi 1, 0, 32;
    %store/vec4 v0000021f9d54bdc0_0, 0, 32;
    %jmp T_3.4;
T_3.5 ;
    %load/vec4 v0000021f9d54b780_0;
    %addi 1, 0, 32;
    %store/vec4 v0000021f9d54b780_0, 0, 32;
    %jmp T_3.2;
T_3.3 ;
    %load/vec4 v0000021f9d54c360_0;
    %cmpi/e 15, 0, 4;
    %jmp/0xz  T_3.6, 4;
    %vpi_call 2 127 "$finish" {0 0 0};
T_3.6 ;
    %load/vec4 v0000021f9d54b8c0_0;
    %addi 1, 0, 32;
    %store/vec4 v0000021f9d54b8c0_0, 0, 32;
    %jmp T_3.0;
T_3.1 ;
    %end;
    .thread T_3;
# The file index is used to find the file name in the following table.
:file_names 4;
    "N/A";
    "<interactive>";
    "SMTTInputBruteForce.t.v";
    "SMControlFig2StructuralInput.v";
