#! /c/Source/iverilog-install/bin/vvp
:ivl_version "12.0 (devel)" "(s20150603-1539-g2693dd32b)";
:ivl_delay_selection "TYPICAL";
:vpi_time_precision - 10;
:vpi_module "C:\iverilog\lib\ivl\system.vpi";
:vpi_module "C:\iverilog\lib\ivl\vhdl_sys.vpi";
:vpi_module "C:\iverilog\lib\ivl\vhdl_textio.vpi";
:vpi_module "C:\iverilog\lib\ivl\v2005_math.vpi";
:vpi_module "C:\iverilog\lib\ivl\va_math.vpi";
S_000002044bd97000 .scope module, "SMControlTest" "SMControlTest" 2 23;
 .timescale -9 -10;
P_000002044bd8ba80 .param/l "NUM_BITS" 0 2 24, +C4<00000000000000000000000000000100>;
v000002044be7a4b0_0 .var "clk", 0 0;
v000002044be7ab90_0 .net "continue", 0 0, L_000002044be7f9d0;  1 drivers
o000002044bda2948 .functor BUFZ 1, C4<z>; HiZ drive
v000002044be7ac30_0 .net "done", 0 0, o000002044bda2948;  0 drivers
v000002044be7acd0_0 .var "errors", 7 0;
v000002044be7ad70_0 .net "mdld", 0 0, L_000002044bd96160;  1 drivers
v000002044be7aeb0_0 .var "mr", 3 0;
v000002044be7af50_0 .net "mrld", 0 0, L_000002044bd96d30;  1 drivers
v000002044be79dd0_0 .var/i "multiplier", 31 0;
v000002044be79fb0_0 .net "n", 3 0, L_000002044be80fb0;  1 drivers
v000002044be79d30_0 .var "reset_state", 3 0;
v000002044be77c10_0 .var/i "rs", 31 0;
v000002044be77670_0 .net "rsclear", 0 0, L_000002044bd96940;  1 drivers
v000002044be78f70_0 .net "rsload", 0 0, L_000002044be7de70;  1 drivers
v000002044be79330_0 .net "rsshr", 0 0, L_000002044be7dcb0;  1 drivers
v000002044be78930_0 .var "rst", 0 0;
v000002044be78610_0 .net "s", 3 0, v000002044be79c90_0;  1 drivers
v000002044be77f30_0 .var/i "st", 31 0;
v000002044be79290_0 .var "start", 0 0;
v000002044be77350_0 .var/i "stop_loop", 31 0;
v000002044be795b0_0 .var "to_visit", 15 0;
v000002044be778f0_0 .var "visited", 15 0;
L_000002044be7f9d0 .cmp/ne 16, v000002044be778f0_0, v000002044be795b0_0;
S_000002044bd9a4b0 .scope module, "control" "SMControl" 2 64, 3 6 0, S_000002044bd97000;
 .timescale 0 0;
    .port_info 0 /INPUT 4 "reset_state";
    .port_info 1 /INPUT 1 "clk";
    .port_info 2 /INPUT 1 "rst";
    .port_info 3 /INPUT 1 "start";
    .port_info 4 /INPUT 4 "mr";
    .port_info 5 /OUTPUT 1 "mdld";
    .port_info 6 /OUTPUT 1 "mrld";
    .port_info 7 /OUTPUT 1 "rsload";
    .port_info 8 /OUTPUT 1 "rsclear";
    .port_info 9 /OUTPUT 1 "rsshr";
    .port_info 10 /OUTPUT 4 "s";
    .port_info 11 /OUTPUT 4 "n";
    .port_info 12 /OUTPUT 1 "done";
L_000002044bd95f30 .functor NOT 1, L_000002044be78570, C4<0>, C4<0>, C4<0>;
L_000002044bd965c0 .functor NOT 1, L_000002044be782f0, C4<0>, C4<0>, C4<0>;
L_000002044bd96550 .functor AND 1, L_000002044bd95f30, L_000002044bd965c0, C4<1>, C4<1>;
L_000002044bd96240 .functor NOT 1, L_000002044be78430, C4<0>, C4<0>, C4<0>;
L_000002044bd964e0 .functor AND 1, L_000002044bd96550, L_000002044bd96240, C4<1>, C4<1>;
L_000002044bd96940 .functor AND 1, L_000002044bd964e0, L_000002044be78b10, C4<1>, C4<1>;
L_000002044bd95fa0 .functor NOT 1, L_000002044be78390, C4<0>, C4<0>, C4<0>;
L_000002044bd96b70 .functor NOT 1, L_000002044be777b0, C4<0>, C4<0>, C4<0>;
L_000002044bd968d0 .functor AND 1, L_000002044bd95fa0, L_000002044bd96b70, C4<1>, C4<1>;
L_000002044bd96630 .functor NOT 1, L_000002044be77210, C4<0>, C4<0>, C4<0>;
L_000002044bd96400 .functor AND 1, L_000002044bd968d0, L_000002044bd96630, C4<1>, C4<1>;
L_000002044bd96160 .functor AND 1, L_000002044bd96400, L_000002044be79010, C4<1>, C4<1>;
L_000002044bd962b0 .functor NOT 1, L_000002044be78cf0, C4<0>, C4<0>, C4<0>;
L_000002044bd96c50 .functor NOT 1, L_000002044be772b0, C4<0>, C4<0>, C4<0>;
L_000002044bd96cc0 .functor AND 1, L_000002044bd962b0, L_000002044bd96c50, C4<1>, C4<1>;
L_000002044bd96710 .functor NOT 1, L_000002044be77d50, C4<0>, C4<0>, C4<0>;
L_000002044bd961d0 .functor AND 1, L_000002044bd96cc0, L_000002044bd96710, C4<1>, C4<1>;
L_000002044bd96d30 .functor AND 1, L_000002044bd961d0, L_000002044be78e30, C4<1>, C4<1>;
L_000002044bd96010 .functor NOT 1, L_000002044be787f0, C4<0>, C4<0>, C4<0>;
L_000002044bd96320 .functor AND 1, L_000002044bd96010, L_000002044be78750, C4<1>, C4<1>;
L_000002044bd967f0 .functor AND 1, L_000002044bd96320, L_000002044be786b0, C4<1>, C4<1>;
L_000002044bd96390 .functor AND 1, L_000002044bd967f0, L_000002044be781b0, C4<1>, C4<1>;
L_000002044bd96780 .functor NOT 1, L_000002044be791f0, C4<0>, C4<0>, C4<0>;
L_000002044bd96470 .functor AND 1, L_000002044be784d0, L_000002044bd96780, C4<1>, C4<1>;
L_000002044bd966a0 .functor NOT 1, L_000002044be79650, C4<0>, C4<0>, C4<0>;
L_000002044bd96860 .functor AND 1, L_000002044bd96470, L_000002044bd966a0, C4<1>, C4<1>;
L_000002044bd96a90 .functor NOT 1, L_000002044be79790, C4<0>, C4<0>, C4<0>;
L_000002044bd96080 .functor AND 1, L_000002044bd96860, L_000002044bd96a90, C4<1>, C4<1>;
L_000002044bd96da0 .functor OR 1, L_000002044bd96390, L_000002044bd96080, C4<0>, C4<0>;
L_000002044bd96e10 .functor NOT 1, L_000002044be77ad0, C4<0>, C4<0>, C4<0>;
L_000002044bd960f0 .functor AND 1, L_000002044be78250, L_000002044bd96e10, C4<1>, C4<1>;
L_000002044bd42e30 .functor NOT 1, L_000002044be77530, C4<0>, C4<0>, C4<0>;
L_000002044be7d7e0 .functor AND 1, L_000002044bd960f0, L_000002044bd42e30, C4<1>, C4<1>;
L_000002044be7daf0 .functor AND 1, L_000002044be7d7e0, L_000002044be77fd0, C4<1>, C4<1>;
L_000002044be7d700 .functor OR 1, L_000002044bd96da0, L_000002044be7daf0, C4<0>, C4<0>;
L_000002044be7d2a0 .functor NOT 1, L_000002044be77490, C4<0>, C4<0>, C4<0>;
L_000002044be7de00 .functor AND 1, L_000002044be773f0, L_000002044be7d2a0, C4<1>, C4<1>;
L_000002044be7d4d0 .functor AND 1, L_000002044be7de00, L_000002044be77710, C4<1>, C4<1>;
L_000002044be7d770 .functor NOT 1, L_000002044be78890, C4<0>, C4<0>, C4<0>;
L_000002044be7dd20 .functor AND 1, L_000002044be7d4d0, L_000002044be7d770, C4<1>, C4<1>;
L_000002044be7de70 .functor OR 1, L_000002044be7d700, L_000002044be7dd20, C4<0>, C4<0>;
L_000002044be7d620 .functor NOT 1, L_000002044be78d90, C4<0>, C4<0>, C4<0>;
L_000002044be7d8c0 .functor NOT 1, L_000002044be790b0, C4<0>, C4<0>, C4<0>;
L_000002044be7d460 .functor AND 1, L_000002044be7d620, L_000002044be7d8c0, C4<1>, C4<1>;
L_000002044be7d930 .functor AND 1, L_000002044be7d460, L_000002044be78070, C4<1>, C4<1>;
L_000002044be7d850 .functor AND 1, L_000002044be7d930, L_000002044be77170, C4<1>, C4<1>;
L_000002044be7dee0 .functor NOT 1, L_000002044be79150, C4<0>, C4<0>, C4<0>;
L_000002044be7d9a0 .functor AND 1, L_000002044be7dee0, L_000002044be77e90, C4<1>, C4<1>;
L_000002044be7dfc0 .functor NOT 1, L_000002044be77850, C4<0>, C4<0>, C4<0>;
L_000002044be7d380 .functor AND 1, L_000002044be7d9a0, L_000002044be7dfc0, C4<1>, C4<1>;
L_000002044be7d0e0 .functor NOT 1, L_000002044be78bb0, C4<0>, C4<0>, C4<0>;
L_000002044be7db60 .functor AND 1, L_000002044be7d380, L_000002044be7d0e0, C4<1>, C4<1>;
L_000002044be7d540 .functor OR 1, L_000002044be7d850, L_000002044be7db60, C4<0>, C4<0>;
L_000002044be7df50 .functor NOT 1, L_000002044be789d0, C4<0>, C4<0>, C4<0>;
L_000002044be7da10 .functor AND 1, L_000002044be7df50, L_000002044be793d0, C4<1>, C4<1>;
L_000002044be7d150 .functor NOT 1, L_000002044be78a70, C4<0>, C4<0>, C4<0>;
L_000002044be7d1c0 .functor AND 1, L_000002044be7da10, L_000002044be7d150, C4<1>, C4<1>;
L_000002044be7da80 .functor AND 1, L_000002044be7d1c0, L_000002044be78110, C4<1>, C4<1>;
L_000002044be7d3f0 .functor OR 1, L_000002044be7d540, L_000002044be7da80, C4<0>, C4<0>;
L_000002044be7d230 .functor NOT 1, L_000002044be79470, C4<0>, C4<0>, C4<0>;
L_000002044be7d310 .functor AND 1, L_000002044be7d230, L_000002044be77b70, C4<1>, C4<1>;
L_000002044be7dc40 .functor AND 1, L_000002044be7d310, L_000002044be77cb0, C4<1>, C4<1>;
L_000002044be7dbd0 .functor NOT 1, L_000002044be78ed0, C4<0>, C4<0>, C4<0>;
L_000002044be7d5b0 .functor AND 1, L_000002044be7dc40, L_000002044be7dbd0, C4<1>, C4<1>;
L_000002044be7dcb0 .functor OR 1, L_000002044be7d3f0, L_000002044be7d5b0, C4<0>, C4<0>;
L_000002044be7dd90 .functor NOT 1, L_000002044be79510, C4<0>, C4<0>, C4<0>;
L_000002044be7d690 .functor NOT 1, L_000002044be796f0, C4<0>, C4<0>, C4<0>;
L_000002044be7e390 .functor AND 1, L_000002044be7dd90, L_000002044be7d690, C4<1>, C4<1>;
L_000002044be7e400 .functor AND 1, L_000002044be7e390, L_000002044be775d0, C4<1>, C4<1>;
L_000002044be7e2b0 .functor AND 1, L_000002044be7e400, L_000002044be79830, C4<1>, C4<1>;
L_000002044be7ed30 .functor AND 1, L_000002044be7e2b0, L_000002044be770d0, C4<1>, C4<1>;
L_000002044be7e470 .functor NOT 1, L_000002044be77990, C4<0>, C4<0>, C4<0>;
L_000002044be7e4e0 .functor AND 1, L_000002044be7e470, L_000002044be77a30, C4<1>, C4<1>;
L_000002044be7e550 .functor NOT 1, L_000002044be77df0, C4<0>, C4<0>, C4<0>;
L_000002044be7e240 .functor AND 1, L_000002044be7e4e0, L_000002044be7e550, C4<1>, C4<1>;
L_000002044be7e5c0 .functor NOT 1, L_000002044be78c50, C4<0>, C4<0>, C4<0>;
L_000002044be7e7f0 .functor AND 1, L_000002044be7e240, L_000002044be7e5c0, C4<1>, C4<1>;
L_000002044be7ebe0 .functor AND 1, L_000002044be7e7f0, L_000002044be82db0, C4<1>, C4<1>;
L_000002044be7e630 .functor OR 1, L_000002044be7ed30, L_000002044be7ebe0, C4<0>, C4<0>;
L_000002044be7e6a0 .functor NOT 1, L_000002044be82090, C4<0>, C4<0>, C4<0>;
L_000002044be7e0f0 .functor AND 1, L_000002044be7e6a0, L_000002044be81cd0, C4<1>, C4<1>;
L_000002044be7e160 .functor NOT 1, L_000002044be81e10, C4<0>, C4<0>, C4<0>;
L_000002044be7e860 .functor AND 1, L_000002044be7e0f0, L_000002044be7e160, C4<1>, C4<1>;
L_000002044be7e8d0 .functor AND 1, L_000002044be7e860, L_000002044be82450, C4<1>, C4<1>;
L_000002044be7e320 .functor AND 1, L_000002044be7e8d0, L_000002044be82a90, C4<1>, C4<1>;
L_000002044be7e1d0 .functor OR 1, L_000002044be7e630, L_000002044be7e320, C4<0>, C4<0>;
L_000002044be7e710 .functor NOT 1, L_000002044be81f50, C4<0>, C4<0>, C4<0>;
L_000002044be7e940 .functor NOT 1, L_000002044be82ef0, C4<0>, C4<0>, C4<0>;
L_000002044be7e780 .functor AND 1, L_000002044be7e710, L_000002044be7e940, C4<1>, C4<1>;
L_000002044be7e9b0 .functor AND 1, L_000002044be7e780, L_000002044be82c70, C4<1>, C4<1>;
L_000002044be7ea20 .functor NOT 1, L_000002044be81eb0, C4<0>, C4<0>, C4<0>;
L_000002044be7ee80 .functor AND 1, L_000002044be7e9b0, L_000002044be7ea20, C4<1>, C4<1>;
L_000002044be7ea90 .functor AND 1, L_000002044be7ee80, L_000002044be81b90, C4<1>, C4<1>;
L_000002044be7eb00 .functor NOT 1, L_000002044be823b0, C4<0>, C4<0>, C4<0>;
L_000002044be7eb70 .functor NOT 1, L_000002044be81ff0, C4<0>, C4<0>, C4<0>;
L_000002044be7ec50 .functor AND 1, L_000002044be7eb00, L_000002044be7eb70, C4<1>, C4<1>;
L_000002044be7ecc0 .functor AND 1, L_000002044be7ec50, L_000002044be82e50, C4<1>, C4<1>;
L_000002044be7eef0 .functor AND 1, L_000002044be7ecc0, L_000002044be82d10, C4<1>, C4<1>;
L_000002044be7ef60 .functor NOT 1, L_000002044be82130, C4<0>, C4<0>, C4<0>;
L_000002044be7eda0 .functor AND 1, L_000002044be7eef0, L_000002044be7ef60, C4<1>, C4<1>;
L_000002044be7ee10 .functor OR 1, L_000002044be7ea90, L_000002044be7eda0, C4<0>, C4<0>;
L_000002044be7efd0 .functor NOT 1, L_000002044be82590, C4<0>, C4<0>, C4<0>;
L_000002044be84640 .functor AND 1, L_000002044be82f90, L_000002044be7efd0, C4<1>, C4<1>;
L_000002044be83bc0 .functor NOT 1, L_000002044be821d0, C4<0>, C4<0>, C4<0>;
L_000002044be84170 .functor AND 1, L_000002044be84640, L_000002044be83bc0, C4<1>, C4<1>;
L_000002044be84330 .functor NOT 1, L_000002044be81910, C4<0>, C4<0>, C4<0>;
L_000002044be846b0 .functor AND 1, L_000002044be84170, L_000002044be84330, C4<1>, C4<1>;
L_000002044be84020 .functor OR 1, L_000002044be7ee10, L_000002044be846b0, C4<0>, C4<0>;
L_000002044be84250 .functor NOT 1, L_000002044be81af0, C4<0>, C4<0>, C4<0>;
L_000002044be84720 .functor AND 1, L_000002044be84250, L_000002044be82270, C4<1>, C4<1>;
L_000002044be84100 .functor NOT 1, L_000002044be819b0, C4<0>, C4<0>, C4<0>;
L_000002044be83d10 .functor AND 1, L_000002044be84720, L_000002044be84100, C4<1>, C4<1>;
L_000002044be84560 .functor NOT 1, L_000002044be81a50, C4<0>, C4<0>, C4<0>;
L_000002044be83ae0 .functor AND 1, L_000002044be83d10, L_000002044be84560, C4<1>, C4<1>;
L_000002044be84790 .functor NOT 1, L_000002044be82310, C4<0>, C4<0>, C4<0>;
L_000002044be83920 .functor AND 1, L_000002044be83ae0, L_000002044be84790, C4<1>, C4<1>;
L_000002044be83990 .functor OR 1, L_000002044be84020, L_000002044be83920, C4<0>, C4<0>;
L_000002044be83a00 .functor NOT 1, L_000002044be82630, C4<0>, C4<0>, C4<0>;
L_000002044be83d80 .functor AND 1, L_000002044be824f0, L_000002044be83a00, C4<1>, C4<1>;
L_000002044be842c0 .functor NOT 1, L_000002044be826d0, C4<0>, C4<0>, C4<0>;
L_000002044be84480 .functor AND 1, L_000002044be83d80, L_000002044be842c0, C4<1>, C4<1>;
L_000002044be84800 .functor AND 1, L_000002044be84480, L_000002044be82770, C4<1>, C4<1>;
L_000002044be83a70 .functor OR 1, L_000002044be83990, L_000002044be84800, C4<0>, C4<0>;
L_000002044be83b50 .functor NOT 1, L_000002044be829f0, C4<0>, C4<0>, C4<0>;
L_000002044be844f0 .functor AND 1, L_000002044be83b50, L_000002044be81c30, C4<1>, C4<1>;
L_000002044be83c30 .functor NOT 1, L_000002044be828b0, C4<0>, C4<0>, C4<0>;
L_000002044be83ca0 .functor AND 1, L_000002044be844f0, L_000002044be83c30, C4<1>, C4<1>;
L_000002044be843a0 .functor AND 1, L_000002044be83ca0, L_000002044be82810, C4<1>, C4<1>;
L_000002044be83fb0 .functor NOT 1, L_000002044be82950, C4<0>, C4<0>, C4<0>;
L_000002044be83df0 .functor AND 1, L_000002044be843a0, L_000002044be83fb0, C4<1>, C4<1>;
L_000002044be84410 .functor OR 1, L_000002044be83a70, L_000002044be83df0, C4<0>, C4<0>;
L_000002044be845d0 .functor NOT 1, L_000002044be82b30, C4<0>, C4<0>, C4<0>;
L_000002044be83e60 .functor AND 1, L_000002044be81d70, L_000002044be845d0, C4<1>, C4<1>;
L_000002044be841e0 .functor AND 1, L_000002044be83e60, L_000002044be82bd0, C4<1>, C4<1>;
L_000002044be83ed0 .functor NOT 1, L_000002044be81550, C4<0>, C4<0>, C4<0>;
L_000002044be83f40 .functor AND 1, L_000002044be841e0, L_000002044be83ed0, C4<1>, C4<1>;
L_000002044be84090 .functor OR 1, L_000002044be84410, L_000002044be83f40, C4<0>, C4<0>;
L_000002044be89740 .functor NOT 1, L_000002044be80150, C4<0>, C4<0>, C4<0>;
L_000002044be88f60 .functor NOT 1, L_000002044be7fcf0, C4<0>, C4<0>, C4<0>;
L_000002044be8a380 .functor AND 1, L_000002044be89740, L_000002044be88f60, C4<1>, C4<1>;
L_000002044be897b0 .functor NOT 1, L_000002044be801f0, C4<0>, C4<0>, C4<0>;
L_000002044be8a070 .functor AND 1, L_000002044be8a380, L_000002044be897b0, C4<1>, C4<1>;
L_000002044be88ef0 .functor AND 1, L_000002044be8a070, L_000002044be7f6b0, C4<1>, C4<1>;
L_000002044be88fd0 .functor NOT 1, L_000002044be80330, C4<0>, C4<0>, C4<0>;
L_000002044be89040 .functor NOT 1, L_000002044be810f0, C4<0>, C4<0>, C4<0>;
L_000002044be88c50 .functor AND 1, L_000002044be88fd0, L_000002044be89040, C4<1>, C4<1>;
L_000002044be89ba0 .functor AND 1, L_000002044be88c50, L_000002044be80010, C4<1>, C4<1>;
L_000002044be89580 .functor NOT 1, L_000002044be80290, C4<0>, C4<0>, C4<0>;
L_000002044be89eb0 .functor AND 1, L_000002044be89ba0, L_000002044be89580, C4<1>, C4<1>;
L_000002044be88940 .functor OR 1, L_000002044be88ef0, L_000002044be89eb0, C4<0>, C4<0>;
L_000002044be88da0 .functor NOT 1, L_000002044be7fa70, C4<0>, C4<0>, C4<0>;
L_000002044be89a50 .functor AND 1, L_000002044be88da0, L_000002044be80470, C4<1>, C4<1>;
L_000002044be8a000 .functor AND 1, L_000002044be89a50, L_000002044be7fc50, C4<1>, C4<1>;
L_000002044be89ac0 .functor AND 1, L_000002044be8a000, L_000002044be81370, C4<1>, C4<1>;
L_000002044be89350 .functor OR 1, L_000002044be88940, L_000002044be89ac0, C4<0>, C4<0>;
L_000002044be890b0 .functor NOT 1, L_000002044be7f390, C4<0>, C4<0>, C4<0>;
L_000002044be89120 .functor AND 1, L_000002044be890b0, L_000002044be7f750, C4<1>, C4<1>;
L_000002044be88e10 .functor NOT 1, L_000002044be80b50, C4<0>, C4<0>, C4<0>;
L_000002044be895f0 .functor AND 1, L_000002044be89120, L_000002044be88e10, C4<1>, C4<1>;
L_000002044be8a1c0 .functor AND 1, L_000002044be895f0, L_000002044be81190, C4<1>, C4<1>;
L_000002044be89f90 .functor OR 1, L_000002044be89350, L_000002044be8a1c0, C4<0>, C4<0>;
L_000002044be89cf0 .functor NOT 1, L_000002044be80510, C4<0>, C4<0>, C4<0>;
L_000002044be89190 .functor AND 1, L_000002044be7f430, L_000002044be89cf0, C4<1>, C4<1>;
L_000002044be892e0 .functor AND 1, L_000002044be89190, L_000002044be80bf0, C4<1>, C4<1>;
L_000002044be8a3f0 .functor NOT 1, L_000002044be7fb10, C4<0>, C4<0>, C4<0>;
L_000002044be89f20 .functor AND 1, L_000002044be892e0, L_000002044be8a3f0, C4<1>, C4<1>;
L_000002044be88cc0 .functor OR 1, L_000002044be89f90, L_000002044be89f20, C4<0>, C4<0>;
L_000002044be88d30 .functor NOT 1, L_000002044be81410, C4<0>, C4<0>, C4<0>;
L_000002044be88a20 .functor NOT 1, L_000002044be81690, C4<0>, C4<0>, C4<0>;
L_000002044be89660 .functor AND 1, L_000002044be88d30, L_000002044be88a20, C4<1>, C4<1>;
L_000002044be88e80 .functor NOT 1, L_000002044be7f1b0, C4<0>, C4<0>, C4<0>;
L_000002044be8a150 .functor AND 1, L_000002044be89660, L_000002044be88e80, C4<1>, C4<1>;
L_000002044be893c0 .functor NOT 1, L_000002044be80d30, C4<0>, C4<0>, C4<0>;
L_000002044be8a0e0 .functor AND 1, L_000002044be8a150, L_000002044be893c0, C4<1>, C4<1>;
L_000002044be89200 .functor AND 1, L_000002044be8a0e0, v000002044be79290_0, C4<1>, C4<1>;
L_000002044be8a230 .functor NOT 1, L_000002044be7f4d0, C4<0>, C4<0>, C4<0>;
L_000002044be889b0 .functor NOT 1, L_000002044be7f7f0, C4<0>, C4<0>, C4<0>;
L_000002044be8a460 .functor AND 1, L_000002044be8a230, L_000002044be889b0, C4<1>, C4<1>;
L_000002044be89820 .functor AND 1, L_000002044be8a460, L_000002044be814b0, C4<1>, C4<1>;
L_000002044be89430 .functor NOT 1, L_000002044be805b0, C4<0>, C4<0>, C4<0>;
L_000002044be8a4d0 .functor AND 1, L_000002044be89820, L_000002044be89430, C4<1>, C4<1>;
L_000002044be89890 .functor OR 1, L_000002044be89200, L_000002044be8a4d0, C4<0>, C4<0>;
L_000002044be89b30 .functor NOT 1, L_000002044be803d0, C4<0>, C4<0>, C4<0>;
L_000002044be896d0 .functor AND 1, L_000002044be89b30, L_000002044be815f0, C4<1>, C4<1>;
L_000002044be89c10 .functor AND 1, L_000002044be896d0, L_000002044be7f2f0, C4<1>, C4<1>;
L_000002044be8a2a0 .functor AND 1, L_000002044be89c10, L_000002044be80650, C4<1>, C4<1>;
L_000002044be894a0 .functor OR 1, L_000002044be89890, L_000002044be8a2a0, C4<0>, C4<0>;
L_000002044be8a310 .functor NOT 1, L_000002044be7fbb0, C4<0>, C4<0>, C4<0>;
L_000002044be89510 .functor AND 1, L_000002044be8a310, L_000002044be7fd90, C4<1>, C4<1>;
L_000002044be89900 .functor NOT 1, L_000002044be81730, C4<0>, C4<0>, C4<0>;
L_000002044be88a90 .functor AND 1, L_000002044be89510, L_000002044be89900, C4<1>, C4<1>;
L_000002044be89270 .functor NOT 1, L_000002044be7f890, C4<0>, C4<0>, C4<0>;
L_000002044be89970 .functor AND 1, L_000002044be88a90, L_000002044be89270, C4<1>, C4<1>;
L_000002044be899e0 .functor OR 1, L_000002044be894a0, L_000002044be89970, C4<0>, C4<0>;
L_000002044be88b00 .functor NOT 1, L_000002044be7f930, C4<0>, C4<0>, C4<0>;
L_000002044be89c80 .functor AND 1, L_000002044be80dd0, L_000002044be88b00, C4<1>, C4<1>;
L_000002044be89d60 .functor NOT 1, L_000002044be80e70, C4<0>, C4<0>, C4<0>;
L_000002044be88b70 .functor AND 1, L_000002044be89c80, L_000002044be89d60, C4<1>, C4<1>;
L_000002044be89dd0 .functor AND 1, L_000002044be88b70, L_000002044be817d0, C4<1>, C4<1>;
L_000002044be89e40 .functor OR 1, L_000002044be899e0, L_000002044be89dd0, C4<0>, C4<0>;
v000002044bd8fc20_0 .net *"_ivl_1", 0 0, L_000002044be78570;  1 drivers
v000002044bd8fcc0_0 .net *"_ivl_101", 0 0, L_000002044be77ad0;  1 drivers
v000002044bd906c0_0 .net *"_ivl_102", 0 0, L_000002044bd96e10;  1 drivers
v000002044bd90800_0 .net *"_ivl_104", 0 0, L_000002044bd960f0;  1 drivers
v000002044bd8fd60_0 .net *"_ivl_107", 0 0, L_000002044be77530;  1 drivers
v000002044bd901c0_0 .net *"_ivl_108", 0 0, L_000002044bd42e30;  1 drivers
v000002044bd90260_0 .net *"_ivl_11", 0 0, L_000002044be78430;  1 drivers
v000002044bd908a0_0 .net *"_ivl_110", 0 0, L_000002044be7d7e0;  1 drivers
v000002044bd90bc0_0 .net *"_ivl_113", 0 0, L_000002044be77fd0;  1 drivers
v000002044bd90c60_0 .net *"_ivl_114", 0 0, L_000002044be7daf0;  1 drivers
v000002044be6bd30_0 .net *"_ivl_116", 0 0, L_000002044be7d700;  1 drivers
v000002044be6a610_0 .net *"_ivl_119", 0 0, L_000002044be773f0;  1 drivers
v000002044be6bdd0_0 .net *"_ivl_12", 0 0, L_000002044bd96240;  1 drivers
v000002044be6acf0_0 .net *"_ivl_121", 0 0, L_000002044be77490;  1 drivers
v000002044be6bc90_0 .net *"_ivl_122", 0 0, L_000002044be7d2a0;  1 drivers
v000002044be6bbf0_0 .net *"_ivl_124", 0 0, L_000002044be7de00;  1 drivers
v000002044be6aa70_0 .net *"_ivl_127", 0 0, L_000002044be77710;  1 drivers
v000002044be6b0b0_0 .net *"_ivl_128", 0 0, L_000002044be7d4d0;  1 drivers
v000002044be6b970_0 .net *"_ivl_131", 0 0, L_000002044be78890;  1 drivers
v000002044be6a570_0 .net *"_ivl_132", 0 0, L_000002044be7d770;  1 drivers
v000002044be6be70_0 .net *"_ivl_134", 0 0, L_000002044be7dd20;  1 drivers
v000002044be6b290_0 .net *"_ivl_139", 0 0, L_000002044be78d90;  1 drivers
v000002044be6ab10_0 .net *"_ivl_14", 0 0, L_000002044bd964e0;  1 drivers
v000002044be6a110_0 .net *"_ivl_140", 0 0, L_000002044be7d620;  1 drivers
v000002044be6abb0_0 .net *"_ivl_143", 0 0, L_000002044be790b0;  1 drivers
v000002044be6bf10_0 .net *"_ivl_144", 0 0, L_000002044be7d8c0;  1 drivers
v000002044be6ba10_0 .net *"_ivl_146", 0 0, L_000002044be7d460;  1 drivers
v000002044be6ac50_0 .net *"_ivl_149", 0 0, L_000002044be78070;  1 drivers
v000002044be6bb50_0 .net *"_ivl_150", 0 0, L_000002044be7d930;  1 drivers
v000002044be6ad90_0 .net *"_ivl_153", 0 0, L_000002044be77170;  1 drivers
v000002044be6b010_0 .net *"_ivl_154", 0 0, L_000002044be7d850;  1 drivers
v000002044be6a070_0 .net *"_ivl_157", 0 0, L_000002044be79150;  1 drivers
v000002044be6a6b0_0 .net *"_ivl_158", 0 0, L_000002044be7dee0;  1 drivers
v000002044be6a1b0_0 .net *"_ivl_161", 0 0, L_000002044be77e90;  1 drivers
v000002044be6b790_0 .net *"_ivl_162", 0 0, L_000002044be7d9a0;  1 drivers
v000002044be6ae30_0 .net *"_ivl_165", 0 0, L_000002044be77850;  1 drivers
v000002044be6a250_0 .net *"_ivl_166", 0 0, L_000002044be7dfc0;  1 drivers
v000002044be6bab0_0 .net *"_ivl_168", 0 0, L_000002044be7d380;  1 drivers
v000002044be6b830_0 .net *"_ivl_17", 0 0, L_000002044be78b10;  1 drivers
v000002044be6b6f0_0 .net *"_ivl_171", 0 0, L_000002044be78bb0;  1 drivers
v000002044be6aed0_0 .net *"_ivl_172", 0 0, L_000002044be7d0e0;  1 drivers
v000002044be6b3d0_0 .net *"_ivl_174", 0 0, L_000002044be7db60;  1 drivers
v000002044be6af70_0 .net *"_ivl_176", 0 0, L_000002044be7d540;  1 drivers
v000002044be6b150_0 .net *"_ivl_179", 0 0, L_000002044be789d0;  1 drivers
v000002044be6b470_0 .net *"_ivl_180", 0 0, L_000002044be7df50;  1 drivers
v000002044be6a2f0_0 .net *"_ivl_183", 0 0, L_000002044be793d0;  1 drivers
v000002044be6b1f0_0 .net *"_ivl_184", 0 0, L_000002044be7da10;  1 drivers
v000002044be6a750_0 .net *"_ivl_187", 0 0, L_000002044be78a70;  1 drivers
v000002044be6a390_0 .net *"_ivl_188", 0 0, L_000002044be7d150;  1 drivers
v000002044be6b330_0 .net *"_ivl_190", 0 0, L_000002044be7d1c0;  1 drivers
v000002044be6b510_0 .net *"_ivl_193", 0 0, L_000002044be78110;  1 drivers
v000002044be6b5b0_0 .net *"_ivl_194", 0 0, L_000002044be7da80;  1 drivers
v000002044be6b650_0 .net *"_ivl_196", 0 0, L_000002044be7d3f0;  1 drivers
v000002044be6a430_0 .net *"_ivl_199", 0 0, L_000002044be79470;  1 drivers
v000002044be6a4d0_0 .net *"_ivl_2", 0 0, L_000002044bd95f30;  1 drivers
v000002044be6a7f0_0 .net *"_ivl_200", 0 0, L_000002044be7d230;  1 drivers
v000002044be6b8d0_0 .net *"_ivl_203", 0 0, L_000002044be77b70;  1 drivers
v000002044be6a890_0 .net *"_ivl_204", 0 0, L_000002044be7d310;  1 drivers
v000002044be6a930_0 .net *"_ivl_207", 0 0, L_000002044be77cb0;  1 drivers
v000002044be6a9d0_0 .net *"_ivl_208", 0 0, L_000002044be7dc40;  1 drivers
v000002044be6d520_0 .net *"_ivl_21", 0 0, L_000002044be78390;  1 drivers
v000002044be6de80_0 .net *"_ivl_211", 0 0, L_000002044be78ed0;  1 drivers
v000002044be6c6c0_0 .net *"_ivl_212", 0 0, L_000002044be7dbd0;  1 drivers
v000002044be6dd40_0 .net *"_ivl_214", 0 0, L_000002044be7d5b0;  1 drivers
v000002044be6d5c0_0 .net *"_ivl_22", 0 0, L_000002044bd95fa0;  1 drivers
v000002044be6c1c0_0 .net *"_ivl_221", 0 0, L_000002044be79510;  1 drivers
v000002044be6c3a0_0 .net *"_ivl_222", 0 0, L_000002044be7dd90;  1 drivers
v000002044be6c800_0 .net *"_ivl_225", 0 0, L_000002044be796f0;  1 drivers
v000002044be6c300_0 .net *"_ivl_226", 0 0, L_000002044be7d690;  1 drivers
v000002044be6c8a0_0 .net *"_ivl_228", 0 0, L_000002044be7e390;  1 drivers
v000002044be6dc00_0 .net *"_ivl_231", 0 0, L_000002044be775d0;  1 drivers
v000002044be6c940_0 .net *"_ivl_232", 0 0, L_000002044be7e400;  1 drivers
v000002044be6dde0_0 .net *"_ivl_235", 0 0, L_000002044be79830;  1 drivers
v000002044be6df20_0 .net *"_ivl_236", 0 0, L_000002044be7e2b0;  1 drivers
v000002044be6d020_0 .net *"_ivl_239", 0 0, L_000002044be770d0;  1 drivers
v000002044be6c080_0 .net *"_ivl_240", 0 0, L_000002044be7ed30;  1 drivers
v000002044be6da20_0 .net *"_ivl_243", 0 0, L_000002044be77990;  1 drivers
v000002044be6d8e0_0 .net *"_ivl_244", 0 0, L_000002044be7e470;  1 drivers
v000002044be6d340_0 .net *"_ivl_247", 0 0, L_000002044be77a30;  1 drivers
v000002044be6d160_0 .net *"_ivl_248", 0 0, L_000002044be7e4e0;  1 drivers
v000002044be6cbc0_0 .net *"_ivl_25", 0 0, L_000002044be777b0;  1 drivers
v000002044be6db60_0 .net *"_ivl_251", 0 0, L_000002044be77df0;  1 drivers
v000002044be6d200_0 .net *"_ivl_252", 0 0, L_000002044be7e550;  1 drivers
v000002044be6c9e0_0 .net *"_ivl_254", 0 0, L_000002044be7e240;  1 drivers
v000002044be6c4e0_0 .net *"_ivl_257", 0 0, L_000002044be78c50;  1 drivers
v000002044be6d660_0 .net *"_ivl_258", 0 0, L_000002044be7e5c0;  1 drivers
v000002044be6d700_0 .net *"_ivl_26", 0 0, L_000002044bd96b70;  1 drivers
v000002044be6d3e0_0 .net *"_ivl_260", 0 0, L_000002044be7e7f0;  1 drivers
v000002044be6cee0_0 .net *"_ivl_263", 0 0, L_000002044be82db0;  1 drivers
v000002044be6ce40_0 .net *"_ivl_264", 0 0, L_000002044be7ebe0;  1 drivers
v000002044be6c120_0 .net *"_ivl_266", 0 0, L_000002044be7e630;  1 drivers
v000002044be6d2a0_0 .net *"_ivl_269", 0 0, L_000002044be82090;  1 drivers
v000002044be6ca80_0 .net *"_ivl_270", 0 0, L_000002044be7e6a0;  1 drivers
v000002044be6c260_0 .net *"_ivl_273", 0 0, L_000002044be81cd0;  1 drivers
v000002044be6cb20_0 .net *"_ivl_274", 0 0, L_000002044be7e0f0;  1 drivers
v000002044be6d7a0_0 .net *"_ivl_277", 0 0, L_000002044be81e10;  1 drivers
v000002044be6dac0_0 .net *"_ivl_278", 0 0, L_000002044be7e160;  1 drivers
v000002044be6cc60_0 .net *"_ivl_28", 0 0, L_000002044bd968d0;  1 drivers
v000002044be6c440_0 .net *"_ivl_280", 0 0, L_000002044be7e860;  1 drivers
v000002044be6cd00_0 .net *"_ivl_283", 0 0, L_000002044be82450;  1 drivers
v000002044be6cda0_0 .net *"_ivl_284", 0 0, L_000002044be7e8d0;  1 drivers
v000002044be6c580_0 .net *"_ivl_287", 0 0, L_000002044be82a90;  1 drivers
v000002044be6c620_0 .net *"_ivl_288", 0 0, L_000002044be7e320;  1 drivers
v000002044be6c760_0 .net *"_ivl_290", 0 0, L_000002044be7e1d0;  1 drivers
v000002044be6cf80_0 .net *"_ivl_295", 0 0, L_000002044be81f50;  1 drivers
v000002044be6d480_0 .net *"_ivl_296", 0 0, L_000002044be7e710;  1 drivers
v000002044be6d0c0_0 .net *"_ivl_299", 0 0, L_000002044be82ef0;  1 drivers
v000002044be6d840_0 .net *"_ivl_300", 0 0, L_000002044be7e940;  1 drivers
v000002044be6d980_0 .net *"_ivl_302", 0 0, L_000002044be7e780;  1 drivers
v000002044be6dca0_0 .net *"_ivl_305", 0 0, L_000002044be82c70;  1 drivers
v000002044be6f040_0 .net *"_ivl_306", 0 0, L_000002044be7e9b0;  1 drivers
v000002044be70800_0 .net *"_ivl_309", 0 0, L_000002044be81eb0;  1 drivers
v000002044be6ee60_0 .net *"_ivl_31", 0 0, L_000002044be77210;  1 drivers
v000002044be6edc0_0 .net *"_ivl_310", 0 0, L_000002044be7ea20;  1 drivers
v000002044be6fae0_0 .net *"_ivl_312", 0 0, L_000002044be7ee80;  1 drivers
v000002044be6fa40_0 .net *"_ivl_315", 0 0, L_000002044be81b90;  1 drivers
v000002044be6fb80_0 .net *"_ivl_316", 0 0, L_000002044be7ea90;  1 drivers
v000002044be6f2c0_0 .net *"_ivl_319", 0 0, L_000002044be823b0;  1 drivers
v000002044be6e0a0_0 .net *"_ivl_32", 0 0, L_000002044bd96630;  1 drivers
v000002044be70300_0 .net *"_ivl_320", 0 0, L_000002044be7eb00;  1 drivers
v000002044be6fcc0_0 .net *"_ivl_323", 0 0, L_000002044be81ff0;  1 drivers
v000002044be6f220_0 .net *"_ivl_324", 0 0, L_000002044be7eb70;  1 drivers
v000002044be6f360_0 .net *"_ivl_326", 0 0, L_000002044be7ec50;  1 drivers
v000002044be703a0_0 .net *"_ivl_329", 0 0, L_000002044be82e50;  1 drivers
v000002044be6f4a0_0 .net *"_ivl_330", 0 0, L_000002044be7ecc0;  1 drivers
v000002044be6eb40_0 .net *"_ivl_333", 0 0, L_000002044be82d10;  1 drivers
v000002044be70440_0 .net *"_ivl_334", 0 0, L_000002044be7eef0;  1 drivers
v000002044be6ebe0_0 .net *"_ivl_337", 0 0, L_000002044be82130;  1 drivers
v000002044be6e460_0 .net *"_ivl_338", 0 0, L_000002044be7ef60;  1 drivers
v000002044be6f720_0 .net *"_ivl_34", 0 0, L_000002044bd96400;  1 drivers
v000002044be6ef00_0 .net *"_ivl_340", 0 0, L_000002044be7eda0;  1 drivers
v000002044be6efa0_0 .net *"_ivl_342", 0 0, L_000002044be7ee10;  1 drivers
v000002044be6fd60_0 .net *"_ivl_345", 0 0, L_000002044be82f90;  1 drivers
v000002044be6e6e0_0 .net *"_ivl_347", 0 0, L_000002044be82590;  1 drivers
v000002044be6f0e0_0 .net *"_ivl_348", 0 0, L_000002044be7efd0;  1 drivers
v000002044be6f400_0 .net *"_ivl_350", 0 0, L_000002044be84640;  1 drivers
v000002044be6ec80_0 .net *"_ivl_353", 0 0, L_000002044be821d0;  1 drivers
v000002044be6ffe0_0 .net *"_ivl_354", 0 0, L_000002044be83bc0;  1 drivers
v000002044be70080_0 .net *"_ivl_356", 0 0, L_000002044be84170;  1 drivers
v000002044be6e8c0_0 .net *"_ivl_359", 0 0, L_000002044be81910;  1 drivers
v000002044be6f540_0 .net *"_ivl_360", 0 0, L_000002044be84330;  1 drivers
v000002044be6e3c0_0 .net *"_ivl_362", 0 0, L_000002044be846b0;  1 drivers
v000002044be6e820_0 .net *"_ivl_364", 0 0, L_000002044be84020;  1 drivers
v000002044be704e0_0 .net *"_ivl_367", 0 0, L_000002044be81af0;  1 drivers
v000002044be6fc20_0 .net *"_ivl_368", 0 0, L_000002044be84250;  1 drivers
v000002044be6f5e0_0 .net *"_ivl_37", 0 0, L_000002044be79010;  1 drivers
v000002044be6f180_0 .net *"_ivl_371", 0 0, L_000002044be82270;  1 drivers
v000002044be6fe00_0 .net *"_ivl_372", 0 0, L_000002044be84720;  1 drivers
v000002044be6fea0_0 .net *"_ivl_375", 0 0, L_000002044be819b0;  1 drivers
v000002044be6f680_0 .net *"_ivl_376", 0 0, L_000002044be84100;  1 drivers
v000002044be6f7c0_0 .net *"_ivl_378", 0 0, L_000002044be83d10;  1 drivers
v000002044be6e140_0 .net *"_ivl_381", 0 0, L_000002044be81a50;  1 drivers
v000002044be70120_0 .net *"_ivl_382", 0 0, L_000002044be84560;  1 drivers
v000002044be6e500_0 .net *"_ivl_384", 0 0, L_000002044be83ae0;  1 drivers
v000002044be6f860_0 .net *"_ivl_387", 0 0, L_000002044be82310;  1 drivers
v000002044be6ff40_0 .net *"_ivl_388", 0 0, L_000002044be84790;  1 drivers
v000002044be6f900_0 .net *"_ivl_390", 0 0, L_000002044be83920;  1 drivers
v000002044be6e640_0 .net *"_ivl_392", 0 0, L_000002044be83990;  1 drivers
v000002044be6f9a0_0 .net *"_ivl_395", 0 0, L_000002044be824f0;  1 drivers
v000002044be70620_0 .net *"_ivl_397", 0 0, L_000002044be82630;  1 drivers
v000002044be6e960_0 .net *"_ivl_398", 0 0, L_000002044be83a00;  1 drivers
v000002044be6eaa0_0 .net *"_ivl_400", 0 0, L_000002044be83d80;  1 drivers
v000002044be6ea00_0 .net *"_ivl_403", 0 0, L_000002044be826d0;  1 drivers
v000002044be701c0_0 .net *"_ivl_404", 0 0, L_000002044be842c0;  1 drivers
v000002044be6ed20_0 .net *"_ivl_406", 0 0, L_000002044be84480;  1 drivers
v000002044be70260_0 .net *"_ivl_409", 0 0, L_000002044be82770;  1 drivers
v000002044be70580_0 .net *"_ivl_41", 0 0, L_000002044be78cf0;  1 drivers
v000002044be706c0_0 .net *"_ivl_410", 0 0, L_000002044be84800;  1 drivers
v000002044be70760_0 .net *"_ivl_412", 0 0, L_000002044be83a70;  1 drivers
v000002044be6e320_0 .net *"_ivl_415", 0 0, L_000002044be829f0;  1 drivers
v000002044be6e1e0_0 .net *"_ivl_416", 0 0, L_000002044be83b50;  1 drivers
v000002044be6e280_0 .net *"_ivl_419", 0 0, L_000002044be81c30;  1 drivers
v000002044be6e5a0_0 .net *"_ivl_42", 0 0, L_000002044bd962b0;  1 drivers
v000002044be6e780_0 .net *"_ivl_420", 0 0, L_000002044be844f0;  1 drivers
v000002044be70ee0_0 .net *"_ivl_423", 0 0, L_000002044be828b0;  1 drivers
v000002044be70c60_0 .net *"_ivl_424", 0 0, L_000002044be83c30;  1 drivers
v000002044be70f80_0 .net *"_ivl_426", 0 0, L_000002044be83ca0;  1 drivers
v000002044be71020_0 .net *"_ivl_429", 0 0, L_000002044be82810;  1 drivers
v000002044be70bc0_0 .net *"_ivl_430", 0 0, L_000002044be843a0;  1 drivers
v000002044be709e0_0 .net *"_ivl_433", 0 0, L_000002044be82950;  1 drivers
v000002044be71de0_0 .net *"_ivl_434", 0 0, L_000002044be83fb0;  1 drivers
v000002044be70d00_0 .net *"_ivl_436", 0 0, L_000002044be83df0;  1 drivers
v000002044be71480_0 .net *"_ivl_438", 0 0, L_000002044be84410;  1 drivers
v000002044be70a80_0 .net *"_ivl_441", 0 0, L_000002044be81d70;  1 drivers
v000002044be70da0_0 .net *"_ivl_443", 0 0, L_000002044be82b30;  1 drivers
v000002044be71c00_0 .net *"_ivl_444", 0 0, L_000002044be845d0;  1 drivers
v000002044be71e80_0 .net *"_ivl_446", 0 0, L_000002044be83e60;  1 drivers
v000002044be71ac0_0 .net *"_ivl_449", 0 0, L_000002044be82bd0;  1 drivers
v000002044be710c0_0 .net *"_ivl_45", 0 0, L_000002044be772b0;  1 drivers
v000002044be71160_0 .net *"_ivl_450", 0 0, L_000002044be841e0;  1 drivers
v000002044be70e40_0 .net *"_ivl_453", 0 0, L_000002044be81550;  1 drivers
v000002044be71200_0 .net *"_ivl_454", 0 0, L_000002044be83ed0;  1 drivers
v000002044be71f20_0 .net *"_ivl_456", 0 0, L_000002044be83f40;  1 drivers
v000002044be712a0_0 .net *"_ivl_458", 0 0, L_000002044be84090;  1 drivers
v000002044be708a0_0 .net *"_ivl_46", 0 0, L_000002044bd96c50;  1 drivers
v000002044be71340_0 .net *"_ivl_463", 0 0, L_000002044be80150;  1 drivers
v000002044be70940_0 .net *"_ivl_464", 0 0, L_000002044be89740;  1 drivers
v000002044be70b20_0 .net *"_ivl_467", 0 0, L_000002044be7fcf0;  1 drivers
v000002044be71b60_0 .net *"_ivl_468", 0 0, L_000002044be88f60;  1 drivers
v000002044be713e0_0 .net *"_ivl_470", 0 0, L_000002044be8a380;  1 drivers
v000002044be71520_0 .net *"_ivl_473", 0 0, L_000002044be801f0;  1 drivers
v000002044be71980_0 .net *"_ivl_474", 0 0, L_000002044be897b0;  1 drivers
v000002044be715c0_0 .net *"_ivl_476", 0 0, L_000002044be8a070;  1 drivers
v000002044be71660_0 .net *"_ivl_479", 0 0, L_000002044be7f6b0;  1 drivers
v000002044be71700_0 .net *"_ivl_48", 0 0, L_000002044bd96cc0;  1 drivers
v000002044be71840_0 .net *"_ivl_480", 0 0, L_000002044be88ef0;  1 drivers
v000002044be717a0_0 .net *"_ivl_483", 0 0, L_000002044be80330;  1 drivers
v000002044be718e0_0 .net *"_ivl_484", 0 0, L_000002044be88fd0;  1 drivers
v000002044be71a20_0 .net *"_ivl_487", 0 0, L_000002044be810f0;  1 drivers
v000002044be71ca0_0 .net *"_ivl_488", 0 0, L_000002044be89040;  1 drivers
v000002044be71d40_0 .net *"_ivl_490", 0 0, L_000002044be88c50;  1 drivers
v000002044be728d0_0 .net *"_ivl_493", 0 0, L_000002044be80010;  1 drivers
v000002044be743b0_0 .net *"_ivl_494", 0 0, L_000002044be89ba0;  1 drivers
v000002044be720b0_0 .net *"_ivl_497", 0 0, L_000002044be80290;  1 drivers
v000002044be72b50_0 .net *"_ivl_498", 0 0, L_000002044be89580;  1 drivers
v000002044be72290_0 .net *"_ivl_5", 0 0, L_000002044be782f0;  1 drivers
v000002044be73eb0_0 .net *"_ivl_500", 0 0, L_000002044be89eb0;  1 drivers
v000002044be73190_0 .net *"_ivl_502", 0 0, L_000002044be88940;  1 drivers
v000002044be73410_0 .net *"_ivl_505", 0 0, L_000002044be7fa70;  1 drivers
v000002044be72d30_0 .net *"_ivl_506", 0 0, L_000002044be88da0;  1 drivers
v000002044be734b0_0 .net *"_ivl_509", 0 0, L_000002044be80470;  1 drivers
v000002044be73b90_0 .net *"_ivl_51", 0 0, L_000002044be77d50;  1 drivers
v000002044be73690_0 .net *"_ivl_510", 0 0, L_000002044be89a50;  1 drivers
v000002044be73e10_0 .net *"_ivl_513", 0 0, L_000002044be7fc50;  1 drivers
v000002044be74450_0 .net *"_ivl_514", 0 0, L_000002044be8a000;  1 drivers
v000002044be746d0_0 .net *"_ivl_517", 0 0, L_000002044be81370;  1 drivers
v000002044be73f50_0 .net *"_ivl_518", 0 0, L_000002044be89ac0;  1 drivers
v000002044be72f10_0 .net *"_ivl_52", 0 0, L_000002044bd96710;  1 drivers
v000002044be73730_0 .net *"_ivl_520", 0 0, L_000002044be89350;  1 drivers
v000002044be72fb0_0 .net *"_ivl_523", 0 0, L_000002044be7f390;  1 drivers
v000002044be73050_0 .net *"_ivl_524", 0 0, L_000002044be890b0;  1 drivers
v000002044be73550_0 .net *"_ivl_527", 0 0, L_000002044be7f750;  1 drivers
v000002044be74630_0 .net *"_ivl_528", 0 0, L_000002044be89120;  1 drivers
v000002044be72650_0 .net *"_ivl_531", 0 0, L_000002044be80b50;  1 drivers
v000002044be74770_0 .net *"_ivl_532", 0 0, L_000002044be88e10;  1 drivers
v000002044be735f0_0 .net *"_ivl_534", 0 0, L_000002044be895f0;  1 drivers
v000002044be72510_0 .net *"_ivl_537", 0 0, L_000002044be81190;  1 drivers
v000002044be725b0_0 .net *"_ivl_538", 0 0, L_000002044be8a1c0;  1 drivers
v000002044be72970_0 .net *"_ivl_54", 0 0, L_000002044bd961d0;  1 drivers
v000002044be73cd0_0 .net *"_ivl_540", 0 0, L_000002044be89f90;  1 drivers
v000002044be72bf0_0 .net *"_ivl_543", 0 0, L_000002044be7f430;  1 drivers
v000002044be72c90_0 .net *"_ivl_545", 0 0, L_000002044be80510;  1 drivers
v000002044be73c30_0 .net *"_ivl_546", 0 0, L_000002044be89cf0;  1 drivers
v000002044be74810_0 .net *"_ivl_548", 0 0, L_000002044be89190;  1 drivers
v000002044be72a10_0 .net *"_ivl_551", 0 0, L_000002044be80bf0;  1 drivers
v000002044be72150_0 .net *"_ivl_552", 0 0, L_000002044be892e0;  1 drivers
v000002044be73af0_0 .net *"_ivl_555", 0 0, L_000002044be7fb10;  1 drivers
v000002044be72330_0 .net *"_ivl_556", 0 0, L_000002044be8a3f0;  1 drivers
v000002044be726f0_0 .net *"_ivl_558", 0 0, L_000002044be89f20;  1 drivers
v000002044be72ab0_0 .net *"_ivl_560", 0 0, L_000002044be88cc0;  1 drivers
v000002044be723d0_0 .net *"_ivl_566", 0 0, L_000002044be81410;  1 drivers
v000002044be72dd0_0 .net *"_ivl_567", 0 0, L_000002044be88d30;  1 drivers
v000002044be744f0_0 .net *"_ivl_57", 0 0, L_000002044be78e30;  1 drivers
v000002044be72e70_0 .net *"_ivl_570", 0 0, L_000002044be81690;  1 drivers
v000002044be721f0_0 .net *"_ivl_571", 0 0, L_000002044be88a20;  1 drivers
v000002044be72470_0 .net *"_ivl_573", 0 0, L_000002044be89660;  1 drivers
v000002044be737d0_0 .net *"_ivl_576", 0 0, L_000002044be7f1b0;  1 drivers
v000002044be72790_0 .net *"_ivl_577", 0 0, L_000002044be88e80;  1 drivers
v000002044be74130_0 .net *"_ivl_579", 0 0, L_000002044be8a150;  1 drivers
v000002044be73ff0_0 .net *"_ivl_582", 0 0, L_000002044be80d30;  1 drivers
v000002044be73870_0 .net *"_ivl_583", 0 0, L_000002044be893c0;  1 drivers
v000002044be73910_0 .net *"_ivl_585", 0 0, L_000002044be8a0e0;  1 drivers
v000002044be730f0_0 .net *"_ivl_587", 0 0, L_000002044be89200;  1 drivers
v000002044be74270_0 .net *"_ivl_590", 0 0, L_000002044be7f4d0;  1 drivers
v000002044be739b0_0 .net *"_ivl_591", 0 0, L_000002044be8a230;  1 drivers
v000002044be74090_0 .net *"_ivl_594", 0 0, L_000002044be7f7f0;  1 drivers
v000002044be72830_0 .net *"_ivl_595", 0 0, L_000002044be889b0;  1 drivers
v000002044be73230_0 .net *"_ivl_597", 0 0, L_000002044be8a460;  1 drivers
v000002044be732d0_0 .net *"_ivl_6", 0 0, L_000002044bd965c0;  1 drivers
v000002044be73370_0 .net *"_ivl_600", 0 0, L_000002044be814b0;  1 drivers
v000002044be741d0_0 .net *"_ivl_601", 0 0, L_000002044be89820;  1 drivers
v000002044be73a50_0 .net *"_ivl_604", 0 0, L_000002044be805b0;  1 drivers
v000002044be73d70_0 .net *"_ivl_605", 0 0, L_000002044be89430;  1 drivers
v000002044be74310_0 .net *"_ivl_607", 0 0, L_000002044be8a4d0;  1 drivers
v000002044be74590_0 .net *"_ivl_609", 0 0, L_000002044be89890;  1 drivers
v000002044be75cb0_0 .net *"_ivl_61", 0 0, L_000002044be787f0;  1 drivers
v000002044be75df0_0 .net *"_ivl_612", 0 0, L_000002044be803d0;  1 drivers
v000002044be75710_0 .net *"_ivl_613", 0 0, L_000002044be89b30;  1 drivers
v000002044be752b0_0 .net *"_ivl_616", 0 0, L_000002044be815f0;  1 drivers
v000002044be749f0_0 .net *"_ivl_617", 0 0, L_000002044be896d0;  1 drivers
v000002044be75e90_0 .net *"_ivl_62", 0 0, L_000002044bd96010;  1 drivers
v000002044be74d10_0 .net *"_ivl_620", 0 0, L_000002044be7f2f0;  1 drivers
v000002044be75490_0 .net *"_ivl_621", 0 0, L_000002044be89c10;  1 drivers
v000002044be74a90_0 .net *"_ivl_624", 0 0, L_000002044be80650;  1 drivers
v000002044be74c70_0 .net *"_ivl_625", 0 0, L_000002044be8a2a0;  1 drivers
v000002044be75c10_0 .net *"_ivl_627", 0 0, L_000002044be894a0;  1 drivers
v000002044be75f30_0 .net *"_ivl_630", 0 0, L_000002044be7fbb0;  1 drivers
v000002044be75ad0_0 .net *"_ivl_631", 0 0, L_000002044be8a310;  1 drivers
v000002044be750d0_0 .net *"_ivl_634", 0 0, L_000002044be7fd90;  1 drivers
v000002044be75170_0 .net *"_ivl_635", 0 0, L_000002044be89510;  1 drivers
v000002044be753f0_0 .net *"_ivl_638", 0 0, L_000002044be81730;  1 drivers
v000002044be75030_0 .net *"_ivl_639", 0 0, L_000002044be89900;  1 drivers
v000002044be748b0_0 .net *"_ivl_641", 0 0, L_000002044be88a90;  1 drivers
v000002044be75210_0 .net *"_ivl_644", 0 0, L_000002044be7f890;  1 drivers
v000002044be75350_0 .net *"_ivl_645", 0 0, L_000002044be89270;  1 drivers
v000002044be75850_0 .net *"_ivl_647", 0 0, L_000002044be89970;  1 drivers
v000002044be757b0_0 .net *"_ivl_649", 0 0, L_000002044be899e0;  1 drivers
v000002044be758f0_0 .net *"_ivl_65", 0 0, L_000002044be78750;  1 drivers
v000002044be75530_0 .net *"_ivl_652", 0 0, L_000002044be80dd0;  1 drivers
v000002044be74950_0 .net *"_ivl_654", 0 0, L_000002044be7f930;  1 drivers
v000002044be74b30_0 .net *"_ivl_655", 0 0, L_000002044be88b00;  1 drivers
v000002044be75d50_0 .net *"_ivl_657", 0 0, L_000002044be89c80;  1 drivers
v000002044be755d0_0 .net *"_ivl_66", 0 0, L_000002044bd96320;  1 drivers
v000002044be75670_0 .net *"_ivl_660", 0 0, L_000002044be80e70;  1 drivers
v000002044be74bd0_0 .net *"_ivl_661", 0 0, L_000002044be89d60;  1 drivers
v000002044be75990_0 .net *"_ivl_663", 0 0, L_000002044be88b70;  1 drivers
v000002044be75a30_0 .net *"_ivl_666", 0 0, L_000002044be817d0;  1 drivers
v000002044be74db0_0 .net *"_ivl_667", 0 0, L_000002044be89dd0;  1 drivers
v000002044be75b70_0 .net *"_ivl_669", 0 0, L_000002044be89e40;  1 drivers
v000002044be74e50_0 .net *"_ivl_69", 0 0, L_000002044be786b0;  1 drivers
v000002044be74ef0_0 .net *"_ivl_70", 0 0, L_000002044bd967f0;  1 drivers
v000002044be74f90_0 .net *"_ivl_73", 0 0, L_000002044be781b0;  1 drivers
v000002044be7a550_0 .net *"_ivl_74", 0 0, L_000002044bd96390;  1 drivers
v000002044be7ae10_0 .net *"_ivl_77", 0 0, L_000002044be784d0;  1 drivers
v000002044be79b50_0 .net *"_ivl_79", 0 0, L_000002044be791f0;  1 drivers
v000002044be798d0_0 .net *"_ivl_8", 0 0, L_000002044bd96550;  1 drivers
v000002044be7a910_0 .net *"_ivl_80", 0 0, L_000002044bd96780;  1 drivers
v000002044be79f10_0 .net *"_ivl_82", 0 0, L_000002044bd96470;  1 drivers
v000002044be79970_0 .net *"_ivl_85", 0 0, L_000002044be79650;  1 drivers
v000002044be7aa50_0 .net *"_ivl_86", 0 0, L_000002044bd966a0;  1 drivers
v000002044be7a9b0_0 .net *"_ivl_88", 0 0, L_000002044bd96860;  1 drivers
v000002044be7a870_0 .net *"_ivl_91", 0 0, L_000002044be79790;  1 drivers
v000002044be7a190_0 .net *"_ivl_92", 0 0, L_000002044bd96a90;  1 drivers
v000002044be7a690_0 .net *"_ivl_94", 0 0, L_000002044bd96080;  1 drivers
v000002044be7a050_0 .net *"_ivl_96", 0 0, L_000002044bd96da0;  1 drivers
v000002044be7a0f0_0 .net *"_ivl_99", 0 0, L_000002044be78250;  1 drivers
v000002044be7a730_0 .net "clk", 0 0, v000002044be7a4b0_0;  1 drivers
v000002044be7a230_0 .net "done", 0 0, o000002044bda2948;  alias, 0 drivers
v000002044be7a2d0_0 .net "mdld", 0 0, L_000002044bd96160;  alias, 1 drivers
v000002044be7a370_0 .net "mr", 3 0, v000002044be7aeb0_0;  1 drivers
v000002044be79bf0_0 .net "mrld", 0 0, L_000002044bd96d30;  alias, 1 drivers
v000002044be7a410_0 .net "n", 3 0, L_000002044be80fb0;  alias, 1 drivers
v000002044be7a5f0_0 .net "reset_state", 3 0, v000002044be79d30_0;  1 drivers
v000002044be79a10_0 .net "rsclear", 0 0, L_000002044bd96940;  alias, 1 drivers
v000002044be79ab0_0 .net "rsload", 0 0, L_000002044be7de70;  alias, 1 drivers
v000002044be7a7d0_0 .net "rsshr", 0 0, L_000002044be7dcb0;  alias, 1 drivers
v000002044be79e70_0 .net "rst", 0 0, v000002044be78930_0;  1 drivers
v000002044be79c90_0 .var "s", 3 0;
v000002044be7aaf0_0 .net "start", 0 0, v000002044be79290_0;  1 drivers
E_000002044bd8c2c0 .event posedge, v000002044be7a730_0;
L_000002044be78570 .part v000002044be79c90_0, 3, 1;
L_000002044be782f0 .part v000002044be79c90_0, 2, 1;
L_000002044be78430 .part v000002044be79c90_0, 1, 1;
L_000002044be78b10 .part v000002044be79c90_0, 0, 1;
L_000002044be78390 .part v000002044be79c90_0, 3, 1;
L_000002044be777b0 .part v000002044be79c90_0, 2, 1;
L_000002044be77210 .part v000002044be79c90_0, 1, 1;
L_000002044be79010 .part v000002044be79c90_0, 0, 1;
L_000002044be78cf0 .part v000002044be79c90_0, 3, 1;
L_000002044be772b0 .part v000002044be79c90_0, 2, 1;
L_000002044be77d50 .part v000002044be79c90_0, 1, 1;
L_000002044be78e30 .part v000002044be79c90_0, 0, 1;
L_000002044be787f0 .part v000002044be79c90_0, 3, 1;
L_000002044be78750 .part v000002044be79c90_0, 2, 1;
L_000002044be786b0 .part v000002044be79c90_0, 1, 1;
L_000002044be781b0 .part v000002044be79c90_0, 0, 1;
L_000002044be784d0 .part v000002044be79c90_0, 3, 1;
L_000002044be791f0 .part v000002044be79c90_0, 2, 1;
L_000002044be79650 .part v000002044be79c90_0, 1, 1;
L_000002044be79790 .part v000002044be79c90_0, 0, 1;
L_000002044be78250 .part v000002044be79c90_0, 3, 1;
L_000002044be77ad0 .part v000002044be79c90_0, 2, 1;
L_000002044be77530 .part v000002044be79c90_0, 1, 1;
L_000002044be77fd0 .part v000002044be79c90_0, 0, 1;
L_000002044be773f0 .part v000002044be79c90_0, 3, 1;
L_000002044be77490 .part v000002044be79c90_0, 2, 1;
L_000002044be77710 .part v000002044be79c90_0, 1, 1;
L_000002044be78890 .part v000002044be79c90_0, 0, 1;
L_000002044be78d90 .part v000002044be79c90_0, 3, 1;
L_000002044be790b0 .part v000002044be79c90_0, 2, 1;
L_000002044be78070 .part v000002044be79c90_0, 1, 1;
L_000002044be77170 .part v000002044be79c90_0, 0, 1;
L_000002044be79150 .part v000002044be79c90_0, 3, 1;
L_000002044be77e90 .part v000002044be79c90_0, 2, 1;
L_000002044be77850 .part v000002044be79c90_0, 1, 1;
L_000002044be78bb0 .part v000002044be79c90_0, 0, 1;
L_000002044be789d0 .part v000002044be79c90_0, 3, 1;
L_000002044be793d0 .part v000002044be79c90_0, 2, 1;
L_000002044be78a70 .part v000002044be79c90_0, 1, 1;
L_000002044be78110 .part v000002044be79c90_0, 0, 1;
L_000002044be79470 .part v000002044be79c90_0, 3, 1;
L_000002044be77b70 .part v000002044be79c90_0, 2, 1;
L_000002044be77cb0 .part v000002044be79c90_0, 1, 1;
L_000002044be78ed0 .part v000002044be79c90_0, 0, 1;
L_000002044be79510 .part v000002044be79c90_0, 3, 1;
L_000002044be796f0 .part v000002044be79c90_0, 2, 1;
L_000002044be775d0 .part v000002044be79c90_0, 1, 1;
L_000002044be79830 .part v000002044be79c90_0, 0, 1;
L_000002044be770d0 .part v000002044be7aeb0_0, 1, 1;
L_000002044be77990 .part v000002044be79c90_0, 3, 1;
L_000002044be77a30 .part v000002044be79c90_0, 2, 1;
L_000002044be77df0 .part v000002044be79c90_0, 1, 1;
L_000002044be78c50 .part v000002044be79c90_0, 0, 1;
L_000002044be82db0 .part v000002044be7aeb0_0, 2, 1;
L_000002044be82090 .part v000002044be79c90_0, 3, 1;
L_000002044be81cd0 .part v000002044be79c90_0, 2, 1;
L_000002044be81e10 .part v000002044be79c90_0, 1, 1;
L_000002044be82450 .part v000002044be79c90_0, 0, 1;
L_000002044be82a90 .part v000002044be7aeb0_0, 3, 1;
L_000002044be81f50 .part v000002044be79c90_0, 3, 1;
L_000002044be82ef0 .part v000002044be79c90_0, 2, 1;
L_000002044be82c70 .part v000002044be79c90_0, 1, 1;
L_000002044be81eb0 .part v000002044be79c90_0, 0, 1;
L_000002044be81b90 .part v000002044be7aeb0_0, 0, 1;
L_000002044be823b0 .part v000002044be79c90_0, 3, 1;
L_000002044be81ff0 .part v000002044be79c90_0, 2, 1;
L_000002044be82e50 .part v000002044be79c90_0, 1, 1;
L_000002044be82d10 .part v000002044be79c90_0, 0, 1;
L_000002044be82130 .part v000002044be7aeb0_0, 1, 1;
L_000002044be82f90 .part v000002044be79c90_0, 3, 1;
L_000002044be82590 .part v000002044be79c90_0, 2, 1;
L_000002044be821d0 .part v000002044be79c90_0, 1, 1;
L_000002044be81910 .part v000002044be79c90_0, 0, 1;
L_000002044be81af0 .part v000002044be79c90_0, 3, 1;
L_000002044be82270 .part v000002044be79c90_0, 2, 1;
L_000002044be819b0 .part v000002044be79c90_0, 1, 1;
L_000002044be81a50 .part v000002044be79c90_0, 0, 1;
L_000002044be82310 .part v000002044be7aeb0_0, 2, 1;
L_000002044be824f0 .part v000002044be79c90_0, 3, 1;
L_000002044be82630 .part v000002044be79c90_0, 2, 1;
L_000002044be826d0 .part v000002044be79c90_0, 1, 1;
L_000002044be82770 .part v000002044be79c90_0, 0, 1;
L_000002044be829f0 .part v000002044be79c90_0, 3, 1;
L_000002044be81c30 .part v000002044be79c90_0, 2, 1;
L_000002044be828b0 .part v000002044be79c90_0, 1, 1;
L_000002044be82810 .part v000002044be79c90_0, 0, 1;
L_000002044be82950 .part v000002044be7aeb0_0, 3, 1;
L_000002044be81d70 .part v000002044be79c90_0, 3, 1;
L_000002044be82b30 .part v000002044be79c90_0, 2, 1;
L_000002044be82bd0 .part v000002044be79c90_0, 1, 1;
L_000002044be81550 .part v000002044be79c90_0, 0, 1;
L_000002044be80150 .part v000002044be79c90_0, 3, 1;
L_000002044be7fcf0 .part v000002044be79c90_0, 2, 1;
L_000002044be801f0 .part v000002044be79c90_0, 1, 1;
L_000002044be7f6b0 .part v000002044be79c90_0, 0, 1;
L_000002044be80330 .part v000002044be79c90_0, 3, 1;
L_000002044be810f0 .part v000002044be79c90_0, 2, 1;
L_000002044be80010 .part v000002044be79c90_0, 1, 1;
L_000002044be80290 .part v000002044be79c90_0, 0, 1;
L_000002044be7fa70 .part v000002044be79c90_0, 3, 1;
L_000002044be80470 .part v000002044be79c90_0, 2, 1;
L_000002044be7fc50 .part v000002044be79c90_0, 1, 1;
L_000002044be81370 .part v000002044be79c90_0, 0, 1;
L_000002044be7f390 .part v000002044be79c90_0, 3, 1;
L_000002044be7f750 .part v000002044be79c90_0, 2, 1;
L_000002044be80b50 .part v000002044be79c90_0, 1, 1;
L_000002044be81190 .part v000002044be79c90_0, 0, 1;
L_000002044be7f430 .part v000002044be79c90_0, 3, 1;
L_000002044be80510 .part v000002044be79c90_0, 2, 1;
L_000002044be80bf0 .part v000002044be79c90_0, 1, 1;
L_000002044be7fb10 .part v000002044be79c90_0, 0, 1;
L_000002044be80fb0 .concat8 [ 1 1 1 1], L_000002044be89e40, L_000002044be88cc0, L_000002044be84090, L_000002044be7e1d0;
L_000002044be81410 .part v000002044be79c90_0, 3, 1;
L_000002044be81690 .part v000002044be79c90_0, 2, 1;
L_000002044be7f1b0 .part v000002044be79c90_0, 1, 1;
L_000002044be80d30 .part v000002044be79c90_0, 0, 1;
L_000002044be7f4d0 .part v000002044be79c90_0, 3, 1;
L_000002044be7f7f0 .part v000002044be79c90_0, 2, 1;
L_000002044be814b0 .part v000002044be79c90_0, 1, 1;
L_000002044be805b0 .part v000002044be79c90_0, 0, 1;
L_000002044be803d0 .part v000002044be79c90_0, 3, 1;
L_000002044be815f0 .part v000002044be79c90_0, 2, 1;
L_000002044be7f2f0 .part v000002044be79c90_0, 1, 1;
L_000002044be80650 .part v000002044be79c90_0, 0, 1;
L_000002044be7fbb0 .part v000002044be79c90_0, 3, 1;
L_000002044be7fd90 .part v000002044be79c90_0, 2, 1;
L_000002044be81730 .part v000002044be79c90_0, 1, 1;
L_000002044be7f890 .part v000002044be79c90_0, 0, 1;
L_000002044be80dd0 .part v000002044be79c90_0, 3, 1;
L_000002044be7f930 .part v000002044be79c90_0, 2, 1;
L_000002044be80e70 .part v000002044be79c90_0, 1, 1;
L_000002044be817d0 .part v000002044be79c90_0, 0, 1;
    .scope S_000002044bd9a4b0;
T_0 ;
    %wait E_000002044bd8c2c0;
    %load/vec4 v000002044be79e70_0;
    %flag_set/vec4 8;
    %jmp/0xz  T_0.0, 8;
    %load/vec4 v000002044be7a5f0_0;
    %assign/vec4 v000002044be79c90_0, 0;
    %jmp T_0.1;
T_0.0 ;
    %load/vec4 v000002044be7a410_0;
    %assign/vec4 v000002044be79c90_0, 0;
T_0.1 ;
    %jmp T_0;
    .thread T_0;
    .scope S_000002044bd97000;
T_1 ;
    %pushi/vec4 0, 0, 1;
    %store/vec4 v000002044be7a4b0_0, 0, 1;
    %pushi/vec4 0, 0, 1;
    %store/vec4 v000002044be78930_0, 0, 1;
    %pushi/vec4 0, 0, 1;
    %store/vec4 v000002044be79290_0, 0, 1;
    %pushi/vec4 0, 0, 4;
    %store/vec4 v000002044be7aeb0_0, 0, 4;
    %pushi/vec4 0, 0, 4;
    %store/vec4 v000002044be79d30_0, 0, 4;
    %pushi/vec4 0, 0, 8;
    %store/vec4 v000002044be7acd0_0, 0, 8;
    %pushi/vec4 0, 0, 32;
    %store/vec4 v000002044be77350_0, 0, 32;
    %end;
    .thread T_1;
    .scope S_000002044bd97000;
T_2 ;
    %vpi_call 2 49 "$dumpfile", "SMTTInput.vcd" {0 0 0};
    %vpi_call 2 50 "$dumpvars" {0 0 0};
    %end;
    .thread T_2;
    .scope S_000002044bd97000;
T_3 ;
    %pushi/vec4 0, 0, 16;
    %store/vec4 v000002044be778f0_0, 0, 16;
    %pushi/vec4 0, 0, 16;
    %store/vec4 v000002044be795b0_0, 0, 16;
    %pushi/vec4 1, 0, 1;
    %ix/load 4, 0, 0;
    %flag_set/imm 4, 0;
    %store/vec4 v000002044be795b0_0, 4, 1;
T_3.0 ;
    %load/vec4 v000002044be778f0_0;
    %load/vec4 v000002044be795b0_0;
    %cmp/ne;
    %jmp/0xz T_3.1, 4;
    %pushi/vec4 0, 0, 32;
    %store/vec4 v000002044be77c10_0, 0, 32;
T_3.2 ;
    %load/vec4 v000002044be77c10_0;
    %cmpi/u 15, 0, 32;
    %flag_or 5, 4;
    %jmp/0xz T_3.3, 5;
    %load/vec4 v000002044be795b0_0;
    %load/vec4 v000002044be77c10_0;
    %part/s 1;
    %load/vec4 v000002044be778f0_0;
    %load/vec4 v000002044be77c10_0;
    %part/s 1;
    %inv;
    %and;
    %flag_set/vec4 8;
    %jmp/0xz  T_3.4, 8;
    %load/vec4 v000002044be795b0_0;
    %load/vec4 v000002044be77c10_0;
    %part/s 1;
    %load/vec4 v000002044be778f0_0;
    %load/vec4 v000002044be77c10_0;
    %part/s 1;
    %inv;
    %and;
    %vpi_call 2 113 "$display", "\012should we visit this state? = %b", S<0,vec4,u1> {1 0 0};
    %vpi_call 2 114 "$display", "Setting %s to %s...", "reset_state", "rs" {0 0 0};
    %delay 10, 0;
    %load/vec4 v000002044be77c10_0;
    %pad/s 4;
    %store/vec4 v000002044be79d30_0, 0, 4;
    %delay 10, 0;
    %pushi/vec4 0, 0, 32;
    %store/vec4 v000002044be79dd0_0, 0, 32;
T_3.6 ;
    %load/vec4 v000002044be79dd0_0;
    %cmpi/u 15, 0, 32;
    %flag_or 5, 4;
    %jmp/0xz T_3.7, 5;
    %pushi/vec4 0, 0, 32;
    %store/vec4 v000002044be77f30_0, 0, 32;
T_3.8 ;
    %load/vec4 v000002044be77f30_0;
    %cmpi/s 1, 0, 32;
    %flag_or 5, 4;
    %jmp/0xz T_3.9, 5;
    %vpi_call 2 122 "$display", "Setting %s to %s...", "mr", "multiplier" {0 0 0};
    %delay 10, 0;
    %load/vec4 v000002044be79dd0_0;
    %pad/s 4;
    %store/vec4 v000002044be7aeb0_0, 0, 4;
    %delay 10, 0;
    %vpi_call 2 123 "$display", "Setting %s to %s...", "start", "st" {0 0 0};
    %delay 10, 0;
    %load/vec4 v000002044be77f30_0;
    %pad/s 1;
    %store/vec4 v000002044be79290_0, 0, 1;
    %delay 10, 0;
    %vpi_call 2 124 "$display", "Setting %s to %s...", "rst", "1" {0 0 0};
    %delay 10, 0;
    %pushi/vec4 1, 0, 1;
    %store/vec4 v000002044be78930_0, 0, 1;
    %delay 10, 0;
    %vpi_call 2 125 "$display", "Pressing uclk..." {0 0 0};
    %delay 10, 0;
    %pushi/vec4 1, 0, 1;
    %store/vec4 v000002044be7a4b0_0, 0, 1;
    %delay 10, 0;
    %pushi/vec4 0, 0, 1;
    %store/vec4 v000002044be7a4b0_0, 0, 1;
    %delay 10, 0;
    %vpi_call 2 127 "$display", "Setting %s to %s...", "rst", "0" {0 0 0};
    %delay 10, 0;
    %pushi/vec4 0, 0, 1;
    %store/vec4 v000002044be78930_0, 0, 1;
    %delay 10, 0;
    %vpi_call 2 128 "$display", "Pressing uclk..." {0 0 0};
    %delay 10, 0;
    %pushi/vec4 1, 0, 1;
    %store/vec4 v000002044be7a4b0_0, 0, 1;
    %delay 10, 0;
    %pushi/vec4 0, 0, 1;
    %store/vec4 v000002044be7a4b0_0, 0, 1;
    %delay 10, 0;
    %load/vec4 v000002044be795b0_0;
    %load/vec4 v000002044be78610_0;
    %part/u 1;
    %inv;
    %flag_set/vec4 8;
    %jmp/0xz  T_3.10, 8;
    %pushi/vec4 1, 0, 1;
    %ix/getv 4, v000002044be78610_0;
    %store/vec4 v000002044be795b0_0, 4, 1;
T_3.10 ;
    %load/vec4 v000002044be77f30_0;
    %addi 1, 0, 32;
    %store/vec4 v000002044be77f30_0, 0, 32;
    %jmp T_3.8;
T_3.9 ;
    %load/vec4 v000002044be79dd0_0;
    %addi 1, 0, 32;
    %store/vec4 v000002044be79dd0_0, 0, 32;
    %jmp T_3.6;
T_3.7 ;
    %pushi/vec4 1, 0, 1;
    %ix/getv 4, v000002044be79d30_0;
    %store/vec4 v000002044be778f0_0, 4, 1;
    %load/vec4 v000002044be79d30_0;
    %pad/u 32;
    %cmpi/e 6, 0, 32;
    %jmp/0xz  T_3.12, 4;
    %vpi_call 2 142 "$display", "\012RESET = 6 ; visited = %b , to_visit = %b", v000002044be778f0_0, v000002044be795b0_0 {0 0 0};
    %pushi/vec4 1, 0, 1;
    %ix/load 4, 6, 0;
    %flag_set/imm 4, 0;
    %store/vec4 v000002044be778f0_0, 4, 1;
T_3.12 ;
    %load/vec4 v000002044be778f0_0;
    %load/vec4 v000002044be795b0_0;
    %cmp/e;
    %jmp/0xz  T_3.14, 4;
    %pushi/vec4 1, 0, 32;
    %store/vec4 v000002044be77350_0, 0, 32;
    %vpi_call 2 149 "$display", "\012All reachable states have been tested." {0 0 0};
    %vpi_call 2 150 "$finish" {0 0 0};
T_3.14 ;
T_3.4 ;
    %load/vec4 v000002044be778f0_0;
    %load/vec4 v000002044be795b0_0;
    %cmp/e;
    %jmp/0xz  T_3.16, 4;
T_3.16 ;
    %load/vec4 v000002044be77c10_0;
    %addi 1, 0, 32;
    %store/vec4 v000002044be77c10_0, 0, 32;
    %jmp T_3.2;
T_3.3 ;
    %load/vec4 v000002044be778f0_0;
    %load/vec4 v000002044be795b0_0;
    %cmp/ne;
    %flag_get/vec4 4;
    %vpi_call 2 163 "$display", "\012are visited and to_visit the same? = %b", S<0,vec4,u1> {1 0 0};
    %jmp T_3.0;
T_3.1 ;
    %vpi_call 2 167 "$display", "\012All reachable states have been tested." {0 0 0};
    %vpi_call 2 168 "$finish" {0 0 0};
    %end;
    .thread T_3;
# The file index is used to find the file name in the following table.
:file_names 4;
    "N/A";
    "<interactive>";
    "SMTTInput.t.v";
    "SMControlFig2StructuralInput.v";
