#! /c/Source/iverilog-install/bin/vvp
:ivl_version "12.0 (devel)" "(s20150603-1539-g2693dd32b)";
:ivl_delay_selection "TYPICAL";
:vpi_time_precision - 10;
:vpi_module "C:\iverilog\lib\ivl\system.vpi";
:vpi_module "C:\iverilog\lib\ivl\vhdl_sys.vpi";
:vpi_module "C:\iverilog\lib\ivl\vhdl_textio.vpi";
:vpi_module "C:\iverilog\lib\ivl\v2005_math.vpi";
:vpi_module "C:\iverilog\lib\ivl\va_math.vpi";
S_0000020eabb14cb0 .scope module, "MultiplierTest" "MultiplierTest" 2 23;
 .timescale -9 -10;
P_0000020eabb54780 .param/l "NUM_BITS" 0 2 24, +C4<00000000000000000000000000000111>;
v0000020eabbc57a0_0 .var "clk", 0 0;
v0000020eabbc46c0_0 .var "errors", 7 0;
v0000020eabbc4b20_0 .var/i "i", 31 0;
v0000020eabbc4440_0 .var "multiplicand", 6 0;
v0000020eabbc4da0_0 .var "multiplier", 6 0;
v0000020eabbc52a0_0 .net "product", 13 0, L_0000020eabbc5c00;  1 drivers
v0000020eabbc4e40_0 .var "rst", 0 0;
v0000020eabbc5f20_0 .var "start", 0 0;
S_0000020eabb69840 .scope module, "multipliertester" "Multiplier" 2 44, 3 8 0, S_0000020eabb14cb0;
 .timescale -9 -10;
    .port_info 0 /INPUT 1 "clk";
    .port_info 1 /INPUT 1 "rst";
    .port_info 2 /INPUT 1 "start";
    .port_info 3 /INPUT 7 "multiplier";
    .port_info 4 /INPUT 7 "multiplicand";
    .port_info 5 /OUTPUT 14 "product";
    .port_info 6 /OUTPUT 1 "productDone";
P_0000020eabb55040 .param/l "WIDTH" 0 3 8, +C4<00000000000000000000000000000111>;
v0000020eabbbbd80_0 .net "clk", 0 0, v0000020eabbc57a0_0;  1 drivers
v0000020eabbbb100_0 .net "mdld", 0 0, v0000020eabae3550_0;  1 drivers
v0000020eabbbbb00_0 .net "mrld", 0 0, v0000020eabb57480_0;  1 drivers
v0000020eabbbb380_0 .net "multiplicand", 6 0, v0000020eabbc4440_0;  1 drivers
v0000020eabbbb6a0_0 .net "multiplicandReg", 14 0, v0000020eabbbb4c0_0;  1 drivers
v0000020eabbbbba0_0 .net "multiplier", 6 0, v0000020eabbc4da0_0;  1 drivers
v0000020eabbbbf60_0 .net "multiplierReg", 6 0, v0000020eabbbb600_0;  1 drivers
v0000020eabbbbc40_0 .net "product", 13 0, L_0000020eabbc5c00;  alias, 1 drivers
v0000020eabbbb2e0_0 .net "productDone", 0 0, v0000020eabb5af50_0;  1 drivers
v0000020eabbbb740_0 .net "rsclear", 0 0, v0000020eabb5aff0_0;  1 drivers
v0000020eabbbbec0_0 .net "rsload", 0 0, v0000020eabb567b0_0;  1 drivers
v0000020eabbbb880_0 .net "rsshr", 0 0, v0000020eabb56850_0;  1 drivers
v0000020eabbbb240_0 .net "rst", 0 0, v0000020eabbc4e40_0;  1 drivers
v0000020eabbbb420_0 .net "runningSumReg", 14 0, v0000020eabbbb1a0_0;  1 drivers
v0000020eabbc5520_0 .net "start", 0 0, v0000020eabbc5f20_0;  1 drivers
S_0000020eabb69d60 .scope module, "ctrl" "MultiplierControl" 3 49, 4 5 0, S_0000020eabb69840;
 .timescale -9 -10;
    .port_info 0 /INPUT 1 "clk";
    .port_info 1 /INPUT 1 "rst";
    .port_info 2 /INPUT 1 "start";
    .port_info 3 /OUTPUT 1 "productDone";
    .port_info 4 /OUTPUT 1 "rsload";
    .port_info 5 /OUTPUT 1 "rsclear";
    .port_info 6 /OUTPUT 1 "rsshr";
    .port_info 7 /OUTPUT 1 "mrld";
    .port_info 8 /OUTPUT 1 "mdld";
    .port_info 9 /INPUT 7 "multiplierReg";
P_0000020eabb06740 .param/l "STATE_END" 1 4 29, +C4<00000000000000000000000000000000000000000000000000000000000010111>;
P_0000020eabb06778 .param/l "STATE_NOTSTART" 1 4 27, C4<0000>;
P_0000020eabb067b0 .param/l "STATE_START" 1 4 28, C4<0001>;
P_0000020eabb067e8 .param/l "STATE_WIDTH" 1 4 26, +C4<00000000000000000000000000000101>;
P_0000020eabb06820 .param/l "WIDTH" 0 4 5, +C4<00000000000000000000000000000111>;
v0000020eabacbd10_0 .net "clk", 0 0, v0000020eabbc57a0_0;  alias, 1 drivers
v0000020eabae3550_0 .var "mdld", 0 0;
v0000020eabb57480_0 .var "mrld", 0 0;
v0000020eabb4f580_0 .net "multiplierReg", 6 0, v0000020eabbbb600_0;  alias, 1 drivers
v0000020eabb699d0_0 .var "next_state", 4 0;
v0000020eabb5af50_0 .var "productDone", 0 0;
v0000020eabb5aff0_0 .var "rsclear", 0 0;
v0000020eabb567b0_0 .var "rsload", 0 0;
v0000020eabb56850_0 .var "rsshr", 0 0;
v0000020eabb4e8b0_0 .net "rst", 0 0, v0000020eabbc4e40_0;  alias, 1 drivers
v0000020eabb4e950_0 .net "start", 0 0, v0000020eabbc5f20_0;  alias, 1 drivers
v0000020eabb60e80_0 .var "state", 4 0;
E_0000020eabb54e00 .event posedge, v0000020eabacbd10_0;
E_0000020eabb54f00 .event anyedge, v0000020eabb60e80_0, v0000020eabb4e950_0, v0000020eabb4f580_0;
E_0000020eabb55680 .event anyedge, v0000020eabb60e80_0;
S_0000020eabb69ef0 .scope module, "dpath" "MultiplierDatapath" 3 33, 5 5 0, S_0000020eabb69840;
 .timescale -9 -10;
    .port_info 0 /INPUT 1 "clk";
    .port_info 1 /INPUT 7 "multiplier";
    .port_info 2 /INPUT 7 "multiplicand";
    .port_info 3 /OUTPUT 14 "product";
    .port_info 4 /INPUT 1 "rsload";
    .port_info 5 /INPUT 1 "rsclear";
    .port_info 6 /INPUT 1 "rsshr";
    .port_info 7 /INPUT 1 "mrld";
    .port_info 8 /INPUT 1 "mdld";
    .port_info 9 /OUTPUT 7 "multiplierReg";
    .port_info 10 /OUTPUT 15 "runningSumReg";
    .port_info 11 /OUTPUT 15 "multiplicandReg";
P_0000020eabb54c40 .param/l "WIDTH" 0 5 5, +C4<00000000000000000000000000000111>;
v0000020eabb6a080_0 .net "clk", 0 0, v0000020eabbc57a0_0;  alias, 1 drivers
v0000020eabbbb9c0_0 .net "mdld", 0 0, v0000020eabae3550_0;  alias, 1 drivers
v0000020eabbbba60_0 .net "mrld", 0 0, v0000020eabb57480_0;  alias, 1 drivers
v0000020eabbbbce0_0 .net "multiplicand", 6 0, v0000020eabbc4440_0;  alias, 1 drivers
v0000020eabbbb4c0_0 .var "multiplicandReg", 14 0;
v0000020eabbbbe20_0 .net "multiplier", 6 0, v0000020eabbc4da0_0;  alias, 1 drivers
v0000020eabbbb600_0 .var "multiplierReg", 6 0;
v0000020eabbbb560_0 .net "product", 13 0, L_0000020eabbc5c00;  alias, 1 drivers
v0000020eabbbb060_0 .net "rsclear", 0 0, v0000020eabb5aff0_0;  alias, 1 drivers
v0000020eabbbb7e0_0 .net "rsload", 0 0, v0000020eabb567b0_0;  alias, 1 drivers
v0000020eabbbb920_0 .net "rsshr", 0 0, v0000020eabb56850_0;  alias, 1 drivers
v0000020eabbbb1a0_0 .var "runningSumReg", 14 0;
L_0000020eabbc5c00 .part v0000020eabbbb1a0_0, 0, 14;
    .scope S_0000020eabb69ef0;
T_0 ;
    %wait E_0000020eabb54e00;
    %load/vec4 v0000020eabbbb9c0_0;
    %flag_set/vec4 8;
    %jmp/0xz  T_0.0, 8;
    %load/vec4 v0000020eabbbbce0_0;
    %pad/u 15;
    %ix/load 4, 7, 0;
    %flag_set/imm 4, 0;
    %shiftl 4;
    %assign/vec4 v0000020eabbbb4c0_0, 0;
T_0.0 ;
    %load/vec4 v0000020eabbbba60_0;
    %flag_set/vec4 8;
    %jmp/0xz  T_0.2, 8;
    %load/vec4 v0000020eabbbbe20_0;
    %assign/vec4 v0000020eabbbb600_0, 0;
T_0.2 ;
    %load/vec4 v0000020eabbbb060_0;
    %flag_set/vec4 8;
    %jmp/0xz  T_0.4, 8;
    %pushi/vec4 0, 0, 15;
    %assign/vec4 v0000020eabbbb1a0_0, 0;
T_0.4 ;
    %load/vec4 v0000020eabbbb7e0_0;
    %flag_set/vec4 8;
    %jmp/0xz  T_0.6, 8;
    %load/vec4 v0000020eabbbb4c0_0;
    %load/vec4 v0000020eabbbb1a0_0;
    %add;
    %assign/vec4 v0000020eabbbb1a0_0, 0;
T_0.6 ;
    %load/vec4 v0000020eabbbb920_0;
    %flag_set/vec4 8;
    %jmp/0xz  T_0.8, 8;
    %load/vec4 v0000020eabbbb1a0_0;
    %ix/load 4, 1, 0;
    %flag_set/imm 4, 0;
    %shiftr 4;
    %assign/vec4 v0000020eabbbb1a0_0, 0;
T_0.8 ;
    %jmp T_0;
    .thread T_0;
    .scope S_0000020eabb69d60;
T_1 ;
    %wait E_0000020eabb55680;
    %pushi/vec4 0, 0, 1;
    %store/vec4 v0000020eabae3550_0, 0, 1;
    %pushi/vec4 0, 0, 1;
    %store/vec4 v0000020eabb57480_0, 0, 1;
    %pushi/vec4 0, 0, 1;
    %store/vec4 v0000020eabb567b0_0, 0, 1;
    %pushi/vec4 0, 0, 1;
    %store/vec4 v0000020eabb5aff0_0, 0, 1;
    %pushi/vec4 0, 0, 1;
    %store/vec4 v0000020eabb56850_0, 0, 1;
    %load/vec4 v0000020eabb60e80_0;
    %cmpi/e 0, 0, 5;
    %jmp/0xz  T_1.0, 4;
    %jmp T_1.1;
T_1.0 ;
    %load/vec4 v0000020eabb60e80_0;
    %cmpi/e 1, 0, 5;
    %jmp/0xz  T_1.2, 4;
    %pushi/vec4 1, 0, 1;
    %store/vec4 v0000020eabae3550_0, 0, 1;
    %pushi/vec4 1, 0, 1;
    %store/vec4 v0000020eabb57480_0, 0, 1;
    %pushi/vec4 1, 0, 1;
    %store/vec4 v0000020eabb5aff0_0, 0, 1;
    %jmp T_1.3;
T_1.2 ;
    %load/vec4 v0000020eabb60e80_0;
    %pad/u 65;
    %cmpi/e 23, 0, 65;
    %jmp/0xz  T_1.4, 4;
    %pushi/vec4 1, 0, 1;
    %store/vec4 v0000020eabb56850_0, 0, 1;
    %pushi/vec4 1, 0, 1;
    %store/vec4 v0000020eabb5af50_0, 0, 1;
    %jmp T_1.5;
T_1.4 ;
    %load/vec4 v0000020eabb60e80_0;
    %pad/u 32;
    %pushi/vec4 3, 0, 32;
    %mod;
    %cmpi/e 2, 0, 32;
    %jmp/0xz  T_1.6, 4;
    %pushi/vec4 1, 0, 1;
    %store/vec4 v0000020eabb56850_0, 0, 1;
    %jmp T_1.7;
T_1.6 ;
    %load/vec4 v0000020eabb60e80_0;
    %pad/u 32;
    %pushi/vec4 3, 0, 32;
    %mod;
    %cmpi/e 0, 0, 32;
    %jmp/0xz  T_1.8, 4;
    %jmp T_1.9;
T_1.8 ;
    %pushi/vec4 1, 0, 1;
    %store/vec4 v0000020eabb567b0_0, 0, 1;
T_1.9 ;
T_1.7 ;
T_1.5 ;
T_1.3 ;
T_1.1 ;
    %jmp T_1;
    .thread T_1, $push;
    .scope S_0000020eabb69d60;
T_2 ;
    %wait E_0000020eabb54f00;
    %load/vec4 v0000020eabb60e80_0;
    %store/vec4 v0000020eabb699d0_0, 0, 5;
    %load/vec4 v0000020eabb60e80_0;
    %cmpi/e 0, 0, 5;
    %jmp/0xz  T_2.0, 4;
    %load/vec4 v0000020eabb4e950_0;
    %flag_set/vec4 8;
    %jmp/0xz  T_2.2, 8;
    %pushi/vec4 1, 0, 5;
    %store/vec4 v0000020eabb699d0_0, 0, 5;
    %jmp T_2.3;
T_2.2 ;
    %pushi/vec4 0, 0, 5;
    %store/vec4 v0000020eabb699d0_0, 0, 5;
T_2.3 ;
    %jmp T_2.1;
T_2.0 ;
    %load/vec4 v0000020eabb60e80_0;
    %cmpi/e 1, 0, 5;
    %jmp/0xz  T_2.4, 4;
    %load/vec4 v0000020eabb60e80_0;
    %addi 1, 0, 5;
    %store/vec4 v0000020eabb699d0_0, 0, 5;
    %jmp T_2.5;
T_2.4 ;
    %load/vec4 v0000020eabb60e80_0;
    %pad/u 65;
    %cmpi/e 23, 0, 65;
    %jmp/0xz  T_2.6, 4;
    %pushi/vec4 0, 0, 5;
    %store/vec4 v0000020eabb699d0_0, 0, 5;
    %jmp T_2.7;
T_2.6 ;
    %load/vec4 v0000020eabb60e80_0;
    %pad/u 32;
    %pushi/vec4 3, 0, 32;
    %mod;
    %cmpi/e 2, 0, 32;
    %jmp/0xz  T_2.8, 4;
    %load/vec4 v0000020eabb4f580_0;
    %load/vec4 v0000020eabb60e80_0;
    %pad/u 32;
    %subi 2, 0, 32;
    %pushi/vec4 3, 0, 32;
    %div;
    %part/u 1;
    %flag_set/vec4 8;
    %jmp/0xz  T_2.10, 8;
    %load/vec4 v0000020eabb60e80_0;
    %addi 2, 0, 5;
    %store/vec4 v0000020eabb699d0_0, 0, 5;
    %jmp T_2.11;
T_2.10 ;
    %load/vec4 v0000020eabb60e80_0;
    %addi 1, 0, 5;
    %store/vec4 v0000020eabb699d0_0, 0, 5;
T_2.11 ;
    %jmp T_2.9;
T_2.8 ;
    %load/vec4 v0000020eabb60e80_0;
    %pad/u 32;
    %pushi/vec4 3, 0, 32;
    %mod;
    %cmpi/e 0, 0, 32;
    %jmp/0xz  T_2.12, 4;
    %load/vec4 v0000020eabb60e80_0;
    %addi 2, 0, 5;
    %store/vec4 v0000020eabb699d0_0, 0, 5;
    %jmp T_2.13;
T_2.12 ;
    %load/vec4 v0000020eabb60e80_0;
    %addi 1, 0, 5;
    %store/vec4 v0000020eabb699d0_0, 0, 5;
T_2.13 ;
T_2.9 ;
T_2.7 ;
T_2.5 ;
T_2.1 ;
    %jmp T_2;
    .thread T_2, $push;
    .scope S_0000020eabb69d60;
T_3 ;
    %wait E_0000020eabb54e00;
    %load/vec4 v0000020eabb4e8b0_0;
    %flag_set/vec4 8;
    %jmp/0xz  T_3.0, 8;
    %pushi/vec4 0, 0, 5;
    %assign/vec4 v0000020eabb60e80_0, 0;
    %jmp T_3.1;
T_3.0 ;
    %load/vec4 v0000020eabb699d0_0;
    %assign/vec4 v0000020eabb60e80_0, 0;
T_3.1 ;
    %jmp T_3;
    .thread T_3;
    .scope S_0000020eabb14cb0;
T_4 ;
    %pushi/vec4 0, 0, 1;
    %store/vec4 v0000020eabbc57a0_0, 0, 1;
    %pushi/vec4 0, 0, 1;
    %store/vec4 v0000020eabbc4e40_0, 0, 1;
    %pushi/vec4 0, 0, 1;
    %store/vec4 v0000020eabbc5f20_0, 0, 1;
    %pushi/vec4 0, 0, 7;
    %store/vec4 v0000020eabbc4da0_0, 0, 7;
    %pushi/vec4 0, 0, 7;
    %store/vec4 v0000020eabbc4440_0, 0, 7;
    %pushi/vec4 0, 0, 8;
    %store/vec4 v0000020eabbc46c0_0, 0, 8;
    %end;
    .thread T_4;
    .scope S_0000020eabb14cb0;
T_5 ;
    %vpi_call 2 39 "$dumpfile", "MultiplierTest.vcd" {0 0 0};
    %vpi_call 2 40 "$dumpvars" {0 0 0};
    %end;
    .thread T_5;
    .scope S_0000020eabb14cb0;
T_6 ;
    %vpi_call 2 79 "$display", "Setting %s to %s...", "multiplier", "15" {0 0 0};
    %delay 10, 0;
    %pushi/vec4 15, 0, 7;
    %store/vec4 v0000020eabbc4da0_0, 0, 7;
    %delay 10, 0;
    %vpi_call 2 80 "$display", "Setting %s to %s...", "multiplicand", "15" {0 0 0};
    %delay 10, 0;
    %pushi/vec4 15, 0, 7;
    %store/vec4 v0000020eabbc4440_0, 0, 7;
    %delay 10, 0;
    %vpi_call 2 82 "$display", "Setting %s to %s...", "rst", "1" {0 0 0};
    %delay 10, 0;
    %pushi/vec4 1, 0, 1;
    %store/vec4 v0000020eabbc4e40_0, 0, 1;
    %delay 10, 0;
    %vpi_call 2 83 "$display", "Pressing uclk..." {0 0 0};
    %delay 10, 0;
    %pushi/vec4 1, 0, 1;
    %store/vec4 v0000020eabbc57a0_0, 0, 1;
    %delay 10, 0;
    %pushi/vec4 0, 0, 1;
    %store/vec4 v0000020eabbc57a0_0, 0, 1;
    %delay 10, 0;
    %vpi_call 2 85 "$display", "Setting %s to %s...", "rst", "0" {0 0 0};
    %delay 10, 0;
    %pushi/vec4 0, 0, 1;
    %store/vec4 v0000020eabbc4e40_0, 0, 1;
    %delay 10, 0;
    %vpi_call 2 86 "$display", "Setting %s to %s...", "start", "1" {0 0 0};
    %delay 10, 0;
    %pushi/vec4 1, 0, 1;
    %store/vec4 v0000020eabbc5f20_0, 0, 1;
    %delay 10, 0;
    %vpi_call 2 87 "$display", "Pressing uclk..." {0 0 0};
    %delay 10, 0;
    %pushi/vec4 1, 0, 1;
    %store/vec4 v0000020eabbc57a0_0, 0, 1;
    %delay 10, 0;
    %pushi/vec4 0, 0, 1;
    %store/vec4 v0000020eabbc57a0_0, 0, 1;
    %delay 10, 0;
    %vpi_call 2 89 "$display", "Setting %s to %s...", "start", "0" {0 0 0};
    %delay 10, 0;
    %pushi/vec4 0, 0, 1;
    %store/vec4 v0000020eabbc5f20_0, 0, 1;
    %delay 10, 0;
    %pushi/vec4 0, 0, 32;
    %store/vec4 v0000020eabbc4b20_0, 0, 32;
T_6.0 ;
    %load/vec4 v0000020eabbc4b20_0;
    %cmpi/s 100, 0, 32;
    %jmp/0xz T_6.1, 5;
    %vpi_call 2 92 "$display", "Pressing uclk..." {0 0 0};
    %delay 10, 0;
    %pushi/vec4 1, 0, 1;
    %store/vec4 v0000020eabbc57a0_0, 0, 1;
    %delay 10, 0;
    %pushi/vec4 0, 0, 1;
    %store/vec4 v0000020eabbc57a0_0, 0, 1;
    %delay 10, 0;
    %load/vec4 v0000020eabbc4b20_0;
    %addi 1, 0, 32;
    %store/vec4 v0000020eabbc4b20_0, 0, 32;
    %jmp T_6.0;
T_6.1 ;
    %load/vec4 v0000020eabbc52a0_0;
    %pad/u 32;
    %cmpi/ne 225, 0, 32;
    %jmp/0xz  T_6.2, 6;
    %vpi_call 2 97 "$display", "\011[FAILURE]:%s", "Product is incorrect" {0 0 0};
    %load/vec4 v0000020eabbc46c0_0;
    %addi 1, 0, 8;
    %store/vec4 v0000020eabbc46c0_0, 0, 8;
T_6.2 ;
    %delay 0, 0;
    %vpi_call 2 95 "$display", "%b", v0000020eabbc52a0_0 {0 0 0};
    %vpi_call 2 98 "$display", "Setting %s to %s...", "multiplier", "0" {0 0 0};
    %delay 10, 0;
    %pushi/vec4 0, 0, 7;
    %store/vec4 v0000020eabbc4da0_0, 0, 7;
    %delay 10, 0;
    %vpi_call 2 99 "$display", "Setting %s to %s...", "multiplicand", "12" {0 0 0};
    %delay 10, 0;
    %pushi/vec4 12, 0, 7;
    %store/vec4 v0000020eabbc4440_0, 0, 7;
    %delay 10, 0;
    %vpi_call 2 101 "$display", "Setting %s to %s...", "rst", "1" {0 0 0};
    %delay 10, 0;
    %pushi/vec4 1, 0, 1;
    %store/vec4 v0000020eabbc4e40_0, 0, 1;
    %delay 10, 0;
    %vpi_call 2 102 "$display", "Pressing uclk..." {0 0 0};
    %delay 10, 0;
    %pushi/vec4 1, 0, 1;
    %store/vec4 v0000020eabbc57a0_0, 0, 1;
    %delay 10, 0;
    %pushi/vec4 0, 0, 1;
    %store/vec4 v0000020eabbc57a0_0, 0, 1;
    %delay 10, 0;
    %vpi_call 2 104 "$display", "Setting %s to %s...", "rst", "0" {0 0 0};
    %delay 10, 0;
    %pushi/vec4 0, 0, 1;
    %store/vec4 v0000020eabbc4e40_0, 0, 1;
    %delay 10, 0;
    %vpi_call 2 105 "$display", "Setting %s to %s...", "start", "1" {0 0 0};
    %delay 10, 0;
    %pushi/vec4 1, 0, 1;
    %store/vec4 v0000020eabbc5f20_0, 0, 1;
    %delay 10, 0;
    %vpi_call 2 106 "$display", "Pressing uclk..." {0 0 0};
    %delay 10, 0;
    %pushi/vec4 1, 0, 1;
    %store/vec4 v0000020eabbc57a0_0, 0, 1;
    %delay 10, 0;
    %pushi/vec4 0, 0, 1;
    %store/vec4 v0000020eabbc57a0_0, 0, 1;
    %delay 10, 0;
    %vpi_call 2 108 "$display", "Setting %s to %s...", "start", "0" {0 0 0};
    %delay 10, 0;
    %pushi/vec4 0, 0, 1;
    %store/vec4 v0000020eabbc5f20_0, 0, 1;
    %delay 10, 0;
    %pushi/vec4 0, 0, 32;
    %store/vec4 v0000020eabbc4b20_0, 0, 32;
T_6.4 ;
    %load/vec4 v0000020eabbc4b20_0;
    %cmpi/s 10, 0, 32;
    %jmp/0xz T_6.5, 5;
    %vpi_call 2 111 "$display", "Pressing uclk..." {0 0 0};
    %delay 10, 0;
    %pushi/vec4 1, 0, 1;
    %store/vec4 v0000020eabbc57a0_0, 0, 1;
    %delay 10, 0;
    %pushi/vec4 0, 0, 1;
    %store/vec4 v0000020eabbc57a0_0, 0, 1;
    %delay 10, 0;
    %load/vec4 v0000020eabbc4b20_0;
    %addi 1, 0, 32;
    %store/vec4 v0000020eabbc4b20_0, 0, 32;
    %jmp T_6.4;
T_6.5 ;
    %load/vec4 v0000020eabbc52a0_0;
    %pad/u 32;
    %cmpi/ne 0, 0, 32;
    %jmp/0xz  T_6.6, 6;
    %vpi_call 2 116 "$display", "\011[FAILURE]:%s", "Product is incorrect" {0 0 0};
    %load/vec4 v0000020eabbc46c0_0;
    %addi 1, 0, 8;
    %store/vec4 v0000020eabbc46c0_0, 0, 8;
T_6.6 ;
    %delay 0, 0;
    %vpi_call 2 116 "$display", "Setting %s to %s...", "multiplier", "1" {0 0 0};
    %delay 10, 0;
    %pushi/vec4 1, 0, 7;
    %store/vec4 v0000020eabbc4da0_0, 0, 7;
    %delay 10, 0;
    %vpi_call 2 117 "$display", "Setting %s to %s...", "multiplicand", "2" {0 0 0};
    %delay 10, 0;
    %pushi/vec4 2, 0, 7;
    %store/vec4 v0000020eabbc4440_0, 0, 7;
    %delay 10, 0;
    %vpi_call 2 119 "$display", "Setting %s to %s...", "rst", "1" {0 0 0};
    %delay 10, 0;
    %pushi/vec4 1, 0, 1;
    %store/vec4 v0000020eabbc4e40_0, 0, 1;
    %delay 10, 0;
    %vpi_call 2 120 "$display", "Pressing uclk..." {0 0 0};
    %delay 10, 0;
    %pushi/vec4 1, 0, 1;
    %store/vec4 v0000020eabbc57a0_0, 0, 1;
    %delay 10, 0;
    %pushi/vec4 0, 0, 1;
    %store/vec4 v0000020eabbc57a0_0, 0, 1;
    %delay 10, 0;
    %vpi_call 2 122 "$display", "Setting %s to %s...", "rst", "0" {0 0 0};
    %delay 10, 0;
    %pushi/vec4 0, 0, 1;
    %store/vec4 v0000020eabbc4e40_0, 0, 1;
    %delay 10, 0;
    %vpi_call 2 123 "$display", "Setting %s to %s...", "start", "1" {0 0 0};
    %delay 10, 0;
    %pushi/vec4 1, 0, 1;
    %store/vec4 v0000020eabbc5f20_0, 0, 1;
    %delay 10, 0;
    %vpi_call 2 124 "$display", "Pressing uclk..." {0 0 0};
    %delay 10, 0;
    %pushi/vec4 1, 0, 1;
    %store/vec4 v0000020eabbc57a0_0, 0, 1;
    %delay 10, 0;
    %pushi/vec4 0, 0, 1;
    %store/vec4 v0000020eabbc57a0_0, 0, 1;
    %delay 10, 0;
    %vpi_call 2 126 "$display", "Setting %s to %s...", "start", "0" {0 0 0};
    %delay 10, 0;
    %pushi/vec4 0, 0, 1;
    %store/vec4 v0000020eabbc5f20_0, 0, 1;
    %delay 10, 0;
    %pushi/vec4 0, 0, 32;
    %store/vec4 v0000020eabbc4b20_0, 0, 32;
T_6.8 ;
    %load/vec4 v0000020eabbc4b20_0;
    %cmpi/s 100, 0, 32;
    %jmp/0xz T_6.9, 5;
    %vpi_call 2 129 "$display", "Pressing uclk..." {0 0 0};
    %delay 10, 0;
    %pushi/vec4 1, 0, 1;
    %store/vec4 v0000020eabbc57a0_0, 0, 1;
    %delay 10, 0;
    %pushi/vec4 0, 0, 1;
    %store/vec4 v0000020eabbc57a0_0, 0, 1;
    %delay 10, 0;
    %load/vec4 v0000020eabbc4b20_0;
    %addi 1, 0, 32;
    %store/vec4 v0000020eabbc4b20_0, 0, 32;
    %jmp T_6.8;
T_6.9 ;
    %load/vec4 v0000020eabbc52a0_0;
    %pad/u 32;
    %cmpi/ne 2, 0, 32;
    %jmp/0xz  T_6.10, 6;
    %vpi_call 2 134 "$display", "\011[FAILURE]:%s", "Product is incorrect" {0 0 0};
    %load/vec4 v0000020eabbc46c0_0;
    %addi 1, 0, 8;
    %store/vec4 v0000020eabbc46c0_0, 0, 8;
T_6.10 ;
    %delay 0, 0;
    %vpi_call 2 134 "$display", "Setting %s to %s...", "multiplier", "0" {0 0 0};
    %delay 10, 0;
    %pushi/vec4 0, 0, 7;
    %store/vec4 v0000020eabbc4da0_0, 0, 7;
    %delay 10, 0;
    %vpi_call 2 135 "$display", "Setting %s to %s...", "multiplicand", "0" {0 0 0};
    %delay 10, 0;
    %pushi/vec4 0, 0, 7;
    %store/vec4 v0000020eabbc4440_0, 0, 7;
    %delay 10, 0;
    %vpi_call 2 137 "$display", "Setting %s to %s...", "rst", "1" {0 0 0};
    %delay 10, 0;
    %pushi/vec4 1, 0, 1;
    %store/vec4 v0000020eabbc4e40_0, 0, 1;
    %delay 10, 0;
    %vpi_call 2 138 "$display", "Pressing uclk..." {0 0 0};
    %delay 10, 0;
    %pushi/vec4 1, 0, 1;
    %store/vec4 v0000020eabbc57a0_0, 0, 1;
    %delay 10, 0;
    %pushi/vec4 0, 0, 1;
    %store/vec4 v0000020eabbc57a0_0, 0, 1;
    %delay 10, 0;
    %vpi_call 2 140 "$display", "Setting %s to %s...", "rst", "0" {0 0 0};
    %delay 10, 0;
    %pushi/vec4 0, 0, 1;
    %store/vec4 v0000020eabbc4e40_0, 0, 1;
    %delay 10, 0;
    %vpi_call 2 141 "$display", "Setting %s to %s...", "start", "1" {0 0 0};
    %delay 10, 0;
    %pushi/vec4 1, 0, 1;
    %store/vec4 v0000020eabbc5f20_0, 0, 1;
    %delay 10, 0;
    %vpi_call 2 142 "$display", "Pressing uclk..." {0 0 0};
    %delay 10, 0;
    %pushi/vec4 1, 0, 1;
    %store/vec4 v0000020eabbc57a0_0, 0, 1;
    %delay 10, 0;
    %pushi/vec4 0, 0, 1;
    %store/vec4 v0000020eabbc57a0_0, 0, 1;
    %delay 10, 0;
    %vpi_call 2 144 "$display", "Setting %s to %s...", "start", "0" {0 0 0};
    %delay 10, 0;
    %pushi/vec4 0, 0, 1;
    %store/vec4 v0000020eabbc5f20_0, 0, 1;
    %delay 10, 0;
    %pushi/vec4 0, 0, 32;
    %store/vec4 v0000020eabbc4b20_0, 0, 32;
T_6.12 ;
    %load/vec4 v0000020eabbc4b20_0;
    %cmpi/s 100, 0, 32;
    %jmp/0xz T_6.13, 5;
    %vpi_call 2 147 "$display", "Pressing uclk..." {0 0 0};
    %delay 10, 0;
    %pushi/vec4 1, 0, 1;
    %store/vec4 v0000020eabbc57a0_0, 0, 1;
    %delay 10, 0;
    %pushi/vec4 0, 0, 1;
    %store/vec4 v0000020eabbc57a0_0, 0, 1;
    %delay 10, 0;
    %load/vec4 v0000020eabbc4b20_0;
    %addi 1, 0, 32;
    %store/vec4 v0000020eabbc4b20_0, 0, 32;
    %jmp T_6.12;
T_6.13 ;
    %load/vec4 v0000020eabbc52a0_0;
    %pad/u 32;
    %cmpi/ne 0, 0, 32;
    %jmp/0xz  T_6.14, 6;
    %vpi_call 2 152 "$display", "\011[FAILURE]:%s", "Product is incorrect" {0 0 0};
    %load/vec4 v0000020eabbc46c0_0;
    %addi 1, 0, 8;
    %store/vec4 v0000020eabbc46c0_0, 0, 8;
T_6.14 ;
    %delay 0, 0;
    %vpi_call 2 152 "$display", "Setting %s to %s...", "multiplier", "92" {0 0 0};
    %delay 10, 0;
    %pushi/vec4 92, 0, 7;
    %store/vec4 v0000020eabbc4da0_0, 0, 7;
    %delay 10, 0;
    %vpi_call 2 153 "$display", "Setting %s to %s...", "multiplicand", "75" {0 0 0};
    %delay 10, 0;
    %pushi/vec4 75, 0, 7;
    %store/vec4 v0000020eabbc4440_0, 0, 7;
    %delay 10, 0;
    %vpi_call 2 155 "$display", "Setting %s to %s...", "rst", "1" {0 0 0};
    %delay 10, 0;
    %pushi/vec4 1, 0, 1;
    %store/vec4 v0000020eabbc4e40_0, 0, 1;
    %delay 10, 0;
    %vpi_call 2 156 "$display", "Pressing uclk..." {0 0 0};
    %delay 10, 0;
    %pushi/vec4 1, 0, 1;
    %store/vec4 v0000020eabbc57a0_0, 0, 1;
    %delay 10, 0;
    %pushi/vec4 0, 0, 1;
    %store/vec4 v0000020eabbc57a0_0, 0, 1;
    %delay 10, 0;
    %vpi_call 2 158 "$display", "Setting %s to %s...", "rst", "0" {0 0 0};
    %delay 10, 0;
    %pushi/vec4 0, 0, 1;
    %store/vec4 v0000020eabbc4e40_0, 0, 1;
    %delay 10, 0;
    %vpi_call 2 159 "$display", "Setting %s to %s...", "start", "1" {0 0 0};
    %delay 10, 0;
    %pushi/vec4 1, 0, 1;
    %store/vec4 v0000020eabbc5f20_0, 0, 1;
    %delay 10, 0;
    %vpi_call 2 160 "$display", "Pressing uclk..." {0 0 0};
    %delay 10, 0;
    %pushi/vec4 1, 0, 1;
    %store/vec4 v0000020eabbc57a0_0, 0, 1;
    %delay 10, 0;
    %pushi/vec4 0, 0, 1;
    %store/vec4 v0000020eabbc57a0_0, 0, 1;
    %delay 10, 0;
    %vpi_call 2 162 "$display", "Setting %s to %s...", "start", "0" {0 0 0};
    %delay 10, 0;
    %pushi/vec4 0, 0, 1;
    %store/vec4 v0000020eabbc5f20_0, 0, 1;
    %delay 10, 0;
    %pushi/vec4 0, 0, 32;
    %store/vec4 v0000020eabbc4b20_0, 0, 32;
T_6.16 ;
    %load/vec4 v0000020eabbc4b20_0;
    %cmpi/s 100, 0, 32;
    %jmp/0xz T_6.17, 5;
    %vpi_call 2 165 "$display", "Pressing uclk..." {0 0 0};
    %delay 10, 0;
    %pushi/vec4 1, 0, 1;
    %store/vec4 v0000020eabbc57a0_0, 0, 1;
    %delay 10, 0;
    %pushi/vec4 0, 0, 1;
    %store/vec4 v0000020eabbc57a0_0, 0, 1;
    %delay 10, 0;
    %load/vec4 v0000020eabbc4b20_0;
    %addi 1, 0, 32;
    %store/vec4 v0000020eabbc4b20_0, 0, 32;
    %jmp T_6.16;
T_6.17 ;
    %load/vec4 v0000020eabbc52a0_0;
    %pad/u 32;
    %cmpi/ne 6900, 0, 32;
    %jmp/0xz  T_6.18, 6;
    %vpi_call 2 170 "$display", "\011[FAILURE]:%s", "Product is incorrect" {0 0 0};
    %load/vec4 v0000020eabbc46c0_0;
    %addi 1, 0, 8;
    %store/vec4 v0000020eabbc46c0_0, 0, 8;
T_6.18 ;
    %delay 0, 0;
    %vpi_call 2 170 "$display", "\012TESTS COMPLETED (%d FAILURES)", v0000020eabbc46c0_0 {0 0 0};
    %vpi_call 2 171 "$finish" {0 0 0};
    %end;
    .thread T_6;
# The file index is used to find the file name in the following table.
:file_names 6;
    "N/A";
    "<interactive>";
    "Multiplier.t.v";
    "./Multiplier.v";
    "./MultiplierControl.v";
    "./MultiplierDatapath.v";
