#! /c/Source/iverilog-install/bin/vvp
:ivl_version "12.0 (devel)" "(s20150603-1539-g2693dd32b)";
:ivl_delay_selection "TYPICAL";
:vpi_time_precision - 10;
:vpi_module "C:\iverilog\lib\ivl\system.vpi";
:vpi_module "C:\iverilog\lib\ivl\vhdl_sys.vpi";
:vpi_module "C:\iverilog\lib\ivl\vhdl_textio.vpi";
:vpi_module "C:\iverilog\lib\ivl\v2005_math.vpi";
:vpi_module "C:\iverilog\lib\ivl\va_math.vpi";
S_0000016d78afa410 .scope module, "SMControlTest" "SMControlTest" 2 23;
 .timescale -9 -10;
P_0000016d78b00800 .param/l "NUM_BITS" 0 2 24, +C4<00000000000000000000000000000100>;
v0000016d78b6cc10_0 .var "clk", 0 0;
v0000016d78b6c7b0_0 .net "continue", 0 0, L_0000016d78b75c20;  1 drivers
o0000016d78b09c48 .functor BUFZ 1, C4<z>; HiZ drive
v0000016d78b6bf90_0 .net "done", 0 0, o0000016d78b09c48;  0 drivers
v0000016d78b6c3f0_0 .var "errors", 7 0;
v0000016d78b6c990_0 .net "mdld", 0 0, L_0000016d78ab2a10;  1 drivers
v0000016d78b6bd10_0 .var "mr", 3 0;
v0000016d78b6c0d0_0 .net "mrld", 0 0, L_0000016d78b6fcd0;  1 drivers
v0000016d78b6c030_0 .var/i "multiplier", 31 0;
v0000016d78b6bdb0_0 .net "n", 3 0, L_0000016d78b75360;  1 drivers
v0000016d78b6b6d0_0 .var "reset_state", 3 0;
v0000016d78b6d6b0_0 .var/i "rs", 31 0;
v0000016d78b6c530_0 .net "rsclear", 0 0, L_0000016d78af1950;  1 drivers
v0000016d78b6c850_0 .net "rsload", 0 0, L_0000016d78b6f8e0;  1 drivers
v0000016d78b6cf30_0 .net "rsshr", 0 0, L_0000016d78b769f0;  1 drivers
v0000016d78b6c2b0_0 .var "rst", 0 0;
v0000016d78b6c5d0_0 .net "s", 3 0, v0000016d78b6bc70_0;  1 drivers
v0000016d78b6c670_0 .var/i "st", 31 0;
v0000016d78b6c490_0 .var "start", 0 0;
v0000016d78b6bbd0_0 .var/i "stop_loop", 31 0;
v0000016d78b6b770_0 .var "to_visit", 15 0;
v0000016d78b6d070_0 .var "visited", 15 0;
L_0000016d78b75c20 .cmp/ne 16, v0000016d78b6d070_0, v0000016d78b6b770_0;
S_0000016d78aa3aa0 .scope module, "control" "SMControl" 2 64, 3 6 0, S_0000016d78afa410;
 .timescale 0 0;
    .port_info 0 /INPUT 4 "reset_state";
    .port_info 1 /INPUT 1 "clk";
    .port_info 2 /INPUT 1 "rst";
    .port_info 3 /INPUT 1 "start";
    .port_info 4 /INPUT 4 "mr";
    .port_info 5 /OUTPUT 1 "mdld";
    .port_info 6 /OUTPUT 1 "mrld";
    .port_info 7 /OUTPUT 1 "rsload";
    .port_info 8 /OUTPUT 1 "rsclear";
    .port_info 9 /OUTPUT 1 "rsshr";
    .port_info 10 /OUTPUT 4 "s";
    .port_info 11 /OUTPUT 4 "n";
    .port_info 12 /OUTPUT 1 "done";
L_0000016d78af1170 .functor NOT 1, L_0000016d78b6be50, C4<0>, C4<0>, C4<0>;
L_0000016d78af1410 .functor NOT 1, L_0000016d78b6b270, C4<0>, C4<0>, C4<0>;
L_0000016d78af1090 .functor AND 1, L_0000016d78af1170, L_0000016d78af1410, C4<1>, C4<1>;
L_0000016d78af1640 .functor NOT 1, L_0000016d78b6b810, C4<0>, C4<0>, C4<0>;
L_0000016d78af18e0 .functor AND 1, L_0000016d78af1090, L_0000016d78af1640, C4<1>, C4<1>;
L_0000016d78af1950 .functor AND 1, L_0000016d78af18e0, L_0000016d78b6bef0, C4<1>, C4<1>;
L_0000016d78af15d0 .functor NOT 1, L_0000016d78b6c710, C4<0>, C4<0>, C4<0>;
L_0000016d78af1aa0 .functor NOT 1, L_0000016d78b6cad0, C4<0>, C4<0>, C4<0>;
L_0000016d78af1cd0 .functor AND 1, L_0000016d78af15d0, L_0000016d78af1aa0, C4<1>, C4<1>;
L_0000016d78af0f40 .functor NOT 1, L_0000016d78b6ccb0, C4<0>, C4<0>, C4<0>;
L_0000016d78af0fb0 .functor AND 1, L_0000016d78af1cd0, L_0000016d78af0f40, C4<1>, C4<1>;
L_0000016d78ab2a10 .functor AND 1, L_0000016d78af0fb0, L_0000016d78b6cd50, C4<1>, C4<1>;
L_0000016d78b6fbf0 .functor NOT 1, L_0000016d78b6c170, C4<0>, C4<0>, C4<0>;
L_0000016d78b6ff00 .functor NOT 1, L_0000016d78b6b130, C4<0>, C4<0>, C4<0>;
L_0000016d78b6f250 .functor AND 1, L_0000016d78b6fbf0, L_0000016d78b6ff00, C4<1>, C4<1>;
L_0000016d78b6f100 .functor NOT 1, L_0000016d78b6d110, C4<0>, C4<0>, C4<0>;
L_0000016d78b6fdb0 .functor AND 1, L_0000016d78b6f250, L_0000016d78b6f100, C4<1>, C4<1>;
L_0000016d78b6fcd0 .functor AND 1, L_0000016d78b6fdb0, L_0000016d78b6d610, C4<1>, C4<1>;
L_0000016d78b6f1e0 .functor NOT 1, L_0000016d78b6d390, C4<0>, C4<0>, C4<0>;
L_0000016d78b6f2c0 .functor AND 1, L_0000016d78b6f1e0, L_0000016d78b6d430, C4<1>, C4<1>;
L_0000016d78b6fb80 .functor AND 1, L_0000016d78b6f2c0, L_0000016d78b6b310, C4<1>, C4<1>;
L_0000016d78b6f480 .functor AND 1, L_0000016d78b6fb80, L_0000016d78b6d4d0, C4<1>, C4<1>;
L_0000016d78b6ff70 .functor AND 1, L_0000016d78b6f480, L_0000016d78b6b8b0, C4<1>, C4<1>;
L_0000016d78b6f090 .functor NOT 1, L_0000016d78b6d750, C4<0>, C4<0>, C4<0>;
L_0000016d78b6f330 .functor AND 1, L_0000016d78b6d570, L_0000016d78b6f090, C4<1>, C4<1>;
L_0000016d78b6f870 .functor NOT 1, L_0000016d78b6b3b0, C4<0>, C4<0>, C4<0>;
L_0000016d78b6f410 .functor AND 1, L_0000016d78b6f330, L_0000016d78b6f870, C4<1>, C4<1>;
L_0000016d78b6f6b0 .functor NOT 1, L_0000016d78b6d7f0, C4<0>, C4<0>, C4<0>;
L_0000016d78b6fd40 .functor AND 1, L_0000016d78b6f410, L_0000016d78b6f6b0, C4<1>, C4<1>;
L_0000016d78b6faa0 .functor AND 1, L_0000016d78b6fd40, L_0000016d78b6b4f0, C4<1>, C4<1>;
L_0000016d78b6f170 .functor OR 1, L_0000016d78b6ff70, L_0000016d78b6faa0, C4<0>, C4<0>;
L_0000016d78b6fe20 .functor NOT 1, L_0000016d78b6b1d0, C4<0>, C4<0>, C4<0>;
L_0000016d78b6f790 .functor AND 1, L_0000016d78b6b090, L_0000016d78b6fe20, C4<1>, C4<1>;
L_0000016d78b6fc60 .functor NOT 1, L_0000016d78b6b450, C4<0>, C4<0>, C4<0>;
L_0000016d78b6f9c0 .functor AND 1, L_0000016d78b6f790, L_0000016d78b6fc60, C4<1>, C4<1>;
L_0000016d78b6f3a0 .functor AND 1, L_0000016d78b6f9c0, L_0000016d78b6b590, C4<1>, C4<1>;
L_0000016d78b6f4f0 .functor AND 1, L_0000016d78b6f3a0, L_0000016d78b6b630, C4<1>, C4<1>;
L_0000016d78b6f640 .functor OR 1, L_0000016d78b6f170, L_0000016d78b6f4f0, C4<0>, C4<0>;
L_0000016d78b6fb10 .functor NOT 1, L_0000016d78b6b9f0, C4<0>, C4<0>, C4<0>;
L_0000016d78b6f560 .functor AND 1, L_0000016d78b6b950, L_0000016d78b6fb10, C4<1>, C4<1>;
L_0000016d78b6f5d0 .functor AND 1, L_0000016d78b6f560, L_0000016d78b6ba90, C4<1>, C4<1>;
L_0000016d78b6f720 .functor NOT 1, L_0000016d78b6bb30, C4<0>, C4<0>, C4<0>;
L_0000016d78b6f800 .functor AND 1, L_0000016d78b6f5d0, L_0000016d78b6f720, C4<1>, C4<1>;
L_0000016d78b6fe90 .functor AND 1, L_0000016d78b6f800, L_0000016d78b6c210, C4<1>, C4<1>;
L_0000016d78b6f8e0 .functor OR 1, L_0000016d78b6f640, L_0000016d78b6fe90, C4<0>, C4<0>;
L_0000016d78b6f950 .functor NOT 1, L_0000016d78b73060, C4<0>, C4<0>, C4<0>;
L_0000016d78b6fa30 .functor NOT 1, L_0000016d78b73a60, C4<0>, C4<0>, C4<0>;
L_0000016d78b76670 .functor AND 1, L_0000016d78b6f950, L_0000016d78b6fa30, C4<1>, C4<1>;
L_0000016d78b763d0 .functor AND 1, L_0000016d78b76670, L_0000016d78b74820, C4<1>, C4<1>;
L_0000016d78b762f0 .functor AND 1, L_0000016d78b763d0, L_0000016d78b72d40, C4<1>, C4<1>;
L_0000016d78b76980 .functor NOT 1, L_0000016d78b720c0, C4<0>, C4<0>, C4<0>;
L_0000016d78b767c0 .functor AND 1, L_0000016d78b76980, L_0000016d78b72fc0, C4<1>, C4<1>;
L_0000016d78b76c90 .functor NOT 1, L_0000016d78b72160, C4<0>, C4<0>, C4<0>;
L_0000016d78b766e0 .functor AND 1, L_0000016d78b767c0, L_0000016d78b76c90, C4<1>, C4<1>;
L_0000016d78b76360 .functor NOT 1, L_0000016d78b72a20, C4<0>, C4<0>, C4<0>;
L_0000016d78b76bb0 .functor AND 1, L_0000016d78b766e0, L_0000016d78b76360, C4<1>, C4<1>;
L_0000016d78b76c20 .functor OR 1, L_0000016d78b762f0, L_0000016d78b76bb0, C4<0>, C4<0>;
L_0000016d78b76a60 .functor NOT 1, L_0000016d78b73600, C4<0>, C4<0>, C4<0>;
L_0000016d78b76ad0 .functor AND 1, L_0000016d78b76a60, L_0000016d78b72700, C4<1>, C4<1>;
L_0000016d78b76d00 .functor NOT 1, L_0000016d78b72f20, C4<0>, C4<0>, C4<0>;
L_0000016d78b76520 .functor AND 1, L_0000016d78b76ad0, L_0000016d78b76d00, C4<1>, C4<1>;
L_0000016d78b76830 .functor AND 1, L_0000016d78b76520, L_0000016d78b72480, C4<1>, C4<1>;
L_0000016d78b76440 .functor OR 1, L_0000016d78b76c20, L_0000016d78b76830, C4<0>, C4<0>;
L_0000016d78b76910 .functor NOT 1, L_0000016d78b72ac0, C4<0>, C4<0>, C4<0>;
L_0000016d78b76210 .functor AND 1, L_0000016d78b76910, L_0000016d78b72de0, C4<1>, C4<1>;
L_0000016d78b76e50 .functor AND 1, L_0000016d78b76210, L_0000016d78b72ca0, C4<1>, C4<1>;
L_0000016d78b76fa0 .functor NOT 1, L_0000016d78b73560, C4<0>, C4<0>, C4<0>;
L_0000016d78b768a0 .functor AND 1, L_0000016d78b76e50, L_0000016d78b76fa0, C4<1>, C4<1>;
L_0000016d78b769f0 .functor OR 1, L_0000016d78b76440, L_0000016d78b768a0, C4<0>, C4<0>;
L_0000016d78b76b40 .functor NOT 1, L_0000016d78b72200, C4<0>, C4<0>, C4<0>;
L_0000016d78b764b0 .functor NOT 1, L_0000016d78b73880, C4<0>, C4<0>, C4<0>;
L_0000016d78b76d70 .functor AND 1, L_0000016d78b76b40, L_0000016d78b764b0, C4<1>, C4<1>;
L_0000016d78b76590 .functor AND 1, L_0000016d78b76d70, L_0000016d78b74140, C4<1>, C4<1>;
L_0000016d78b76600 .functor AND 1, L_0000016d78b76590, L_0000016d78b73ba0, C4<1>, C4<1>;
L_0000016d78b76de0 .functor NOT 1, L_0000016d78b722a0, C4<0>, C4<0>, C4<0>;
L_0000016d78b76f30 .functor AND 1, L_0000016d78b76de0, L_0000016d78b73420, C4<1>, C4<1>;
L_0000016d78b76ec0 .functor NOT 1, L_0000016d78b743c0, C4<0>, C4<0>, C4<0>;
L_0000016d78b760c0 .functor AND 1, L_0000016d78b76f30, L_0000016d78b76ec0, C4<1>, C4<1>;
L_0000016d78b761a0 .functor NOT 1, L_0000016d78b73240, C4<0>, C4<0>, C4<0>;
L_0000016d78b76130 .functor AND 1, L_0000016d78b760c0, L_0000016d78b761a0, C4<1>, C4<1>;
L_0000016d78b76280 .functor OR 1, L_0000016d78b76600, L_0000016d78b76130, C4<0>, C4<0>;
L_0000016d78b76750 .functor NOT 1, L_0000016d78b72980, C4<0>, C4<0>, C4<0>;
L_0000016d78b77680 .functor AND 1, L_0000016d78b76750, L_0000016d78b74460, C4<1>, C4<1>;
L_0000016d78b776f0 .functor NOT 1, L_0000016d78b74320, C4<0>, C4<0>, C4<0>;
L_0000016d78b77220 .functor AND 1, L_0000016d78b77680, L_0000016d78b776f0, C4<1>, C4<1>;
L_0000016d78b77a00 .functor AND 1, L_0000016d78b77220, L_0000016d78b72b60, C4<1>, C4<1>;
L_0000016d78b77bc0 .functor OR 1, L_0000016d78b76280, L_0000016d78b77a00, C4<0>, C4<0>;
L_0000016d78b77450 .functor NOT 1, L_0000016d78b74000, C4<0>, C4<0>, C4<0>;
L_0000016d78b77290 .functor NOT 1, L_0000016d78b74500, C4<0>, C4<0>, C4<0>;
L_0000016d78b77760 .functor AND 1, L_0000016d78b77450, L_0000016d78b77290, C4<1>, C4<1>;
L_0000016d78b77df0 .functor AND 1, L_0000016d78b77760, L_0000016d78b736a0, C4<1>, C4<1>;
L_0000016d78b774c0 .functor NOT 1, L_0000016d78b74640, C4<0>, C4<0>, C4<0>;
L_0000016d78b77ae0 .functor AND 1, L_0000016d78b77df0, L_0000016d78b774c0, C4<1>, C4<1>;
L_0000016d78b77140 .functor NOT 1, L_0000016d78b72c00, C4<0>, C4<0>, C4<0>;
L_0000016d78b773e0 .functor AND 1, L_0000016d78b72e80, L_0000016d78b77140, C4<1>, C4<1>;
L_0000016d78b77300 .functor NOT 1, L_0000016d78b73100, C4<0>, C4<0>, C4<0>;
L_0000016d78b77b50 .functor AND 1, L_0000016d78b773e0, L_0000016d78b77300, C4<1>, C4<1>;
L_0000016d78b777d0 .functor NOT 1, L_0000016d78b737e0, C4<0>, C4<0>, C4<0>;
L_0000016d78b77a70 .functor AND 1, L_0000016d78b77b50, L_0000016d78b777d0, C4<1>, C4<1>;
L_0000016d78b77ca0 .functor OR 1, L_0000016d78b77ae0, L_0000016d78b77a70, C4<0>, C4<0>;
L_0000016d78b77530 .functor NOT 1, L_0000016d78b731a0, C4<0>, C4<0>, C4<0>;
L_0000016d78b77920 .functor AND 1, L_0000016d78b745a0, L_0000016d78b77530, C4<1>, C4<1>;
L_0000016d78b77610 .functor NOT 1, L_0000016d78b732e0, C4<0>, C4<0>, C4<0>;
L_0000016d78b775a0 .functor AND 1, L_0000016d78b77920, L_0000016d78b77610, C4<1>, C4<1>;
L_0000016d78b778b0 .functor AND 1, L_0000016d78b775a0, L_0000016d78b72340, C4<1>, C4<1>;
L_0000016d78b77370 .functor OR 1, L_0000016d78b77ca0, L_0000016d78b778b0, C4<0>, C4<0>;
L_0000016d78b77d10 .functor NOT 1, L_0000016d78b73740, C4<0>, C4<0>, C4<0>;
L_0000016d78b77c30 .functor AND 1, L_0000016d78b739c0, L_0000016d78b77d10, C4<1>, C4<1>;
L_0000016d78b77840 .functor AND 1, L_0000016d78b77c30, L_0000016d78b73380, C4<1>, C4<1>;
L_0000016d78b77990 .functor NOT 1, L_0000016d78b723e0, C4<0>, C4<0>, C4<0>;
L_0000016d78b77d80 .functor AND 1, L_0000016d78b77840, L_0000016d78b77990, C4<1>, C4<1>;
L_0000016d78b77e60 .functor OR 1, L_0000016d78b77370, L_0000016d78b77d80, C4<0>, C4<0>;
L_0000016d78b77ed0 .functor NOT 1, L_0000016d78b73b00, C4<0>, C4<0>, C4<0>;
L_0000016d78b77f40 .functor NOT 1, L_0000016d78b73c40, C4<0>, C4<0>, C4<0>;
L_0000016d78b77fb0 .functor AND 1, L_0000016d78b77ed0, L_0000016d78b77f40, C4<1>, C4<1>;
L_0000016d78b770d0 .functor NOT 1, L_0000016d78b746e0, C4<0>, C4<0>, C4<0>;
L_0000016d78b771b0 .functor AND 1, L_0000016d78b77fb0, L_0000016d78b770d0, C4<1>, C4<1>;
L_0000016d78b7a6a0 .functor AND 1, L_0000016d78b771b0, L_0000016d78b734c0, C4<1>, C4<1>;
L_0000016d78b7aa20 .functor NOT 1, L_0000016d78b72520, C4<0>, C4<0>, C4<0>;
L_0000016d78b7a710 .functor NOT 1, L_0000016d78b73920, C4<0>, C4<0>, C4<0>;
L_0000016d78b7a2b0 .functor AND 1, L_0000016d78b7aa20, L_0000016d78b7a710, C4<1>, C4<1>;
L_0000016d78b7ae10 .functor AND 1, L_0000016d78b7a2b0, L_0000016d78b725c0, C4<1>, C4<1>;
L_0000016d78b7a8d0 .functor NOT 1, L_0000016d78b74780, C4<0>, C4<0>, C4<0>;
L_0000016d78b7a550 .functor AND 1, L_0000016d78b7ae10, L_0000016d78b7a8d0, C4<1>, C4<1>;
L_0000016d78b7af60 .functor OR 1, L_0000016d78b7a6a0, L_0000016d78b7a550, C4<0>, C4<0>;
L_0000016d78b7abe0 .functor NOT 1, L_0000016d78b73ce0, C4<0>, C4<0>, C4<0>;
L_0000016d78b7acc0 .functor AND 1, L_0000016d78b7abe0, L_0000016d78b72660, C4<1>, C4<1>;
L_0000016d78b7a780 .functor AND 1, L_0000016d78b7acc0, L_0000016d78b73d80, C4<1>, C4<1>;
L_0000016d78b7ae80 .functor AND 1, L_0000016d78b7a780, L_0000016d78b73e20, C4<1>, C4<1>;
L_0000016d78b7aef0 .functor OR 1, L_0000016d78b7af60, L_0000016d78b7ae80, C4<0>, C4<0>;
L_0000016d78b7ada0 .functor NOT 1, L_0000016d78b73ec0, C4<0>, C4<0>, C4<0>;
L_0000016d78b7a400 .functor AND 1, L_0000016d78b7ada0, L_0000016d78b73f60, C4<1>, C4<1>;
L_0000016d78b7a0f0 .functor NOT 1, L_0000016d78b740a0, C4<0>, C4<0>, C4<0>;
L_0000016d78b7a630 .functor AND 1, L_0000016d78b7a400, L_0000016d78b7a0f0, C4<1>, C4<1>;
L_0000016d78b7a160 .functor AND 1, L_0000016d78b7a630, L_0000016d78b727a0, C4<1>, C4<1>;
L_0000016d78b7a7f0 .functor OR 1, L_0000016d78b7aef0, L_0000016d78b7a160, C4<0>, C4<0>;
L_0000016d78b7a860 .functor NOT 1, L_0000016d78b74280, C4<0>, C4<0>, C4<0>;
L_0000016d78b7a940 .functor AND 1, L_0000016d78b741e0, L_0000016d78b7a860, C4<1>, C4<1>;
L_0000016d78b7a320 .functor AND 1, L_0000016d78b7a940, L_0000016d78b72840, C4<1>, C4<1>;
L_0000016d78b7a9b0 .functor NOT 1, L_0000016d78b728e0, C4<0>, C4<0>, C4<0>;
L_0000016d78b7ad30 .functor AND 1, L_0000016d78b7a320, L_0000016d78b7a9b0, C4<1>, C4<1>;
L_0000016d78b7aa90 .functor OR 1, L_0000016d78b7a7f0, L_0000016d78b7ad30, C4<0>, C4<0>;
L_0000016d78b7a390 .functor NOT 1, L_0000016d78b75900, C4<0>, C4<0>, C4<0>;
L_0000016d78b7afd0 .functor NOT 1, L_0000016d78b75540, C4<0>, C4<0>, C4<0>;
L_0000016d78b7ab00 .functor AND 1, L_0000016d78b7a390, L_0000016d78b7afd0, C4<1>, C4<1>;
L_0000016d78b7ab70 .functor NOT 1, L_0000016d78b748c0, C4<0>, C4<0>, C4<0>;
L_0000016d78b7a1d0 .functor AND 1, L_0000016d78b7ab00, L_0000016d78b7ab70, C4<1>, C4<1>;
L_0000016d78b7a240 .functor NOT 1, L_0000016d78b75f40, C4<0>, C4<0>, C4<0>;
L_0000016d78b7ac50 .functor AND 1, L_0000016d78b7a1d0, L_0000016d78b7a240, C4<1>, C4<1>;
L_0000016d78b7a470 .functor AND 1, L_0000016d78b7ac50, v0000016d78b6c490_0, C4<1>, C4<1>;
L_0000016d78b7a4e0 .functor NOT 1, L_0000016d78b75180, C4<0>, C4<0>, C4<0>;
L_0000016d78b7a5c0 .functor NOT 1, L_0000016d78b759a0, C4<0>, C4<0>, C4<0>;
L_0000016d78b80840 .functor AND 1, L_0000016d78b7a4e0, L_0000016d78b7a5c0, C4<1>, C4<1>;
L_0000016d78b804c0 .functor AND 1, L_0000016d78b80840, L_0000016d78b75a40, C4<1>, C4<1>;
L_0000016d78b80300 .functor NOT 1, L_0000016d78b74d20, C4<0>, C4<0>, C4<0>;
L_0000016d78b7ff80 .functor AND 1, L_0000016d78b804c0, L_0000016d78b80300, C4<1>, C4<1>;
L_0000016d78b7fe30 .functor OR 1, L_0000016d78b7a470, L_0000016d78b7ff80, C4<0>, C4<0>;
L_0000016d78b7f3b0 .functor NOT 1, L_0000016d78b757c0, C4<0>, C4<0>, C4<0>;
L_0000016d78b80370 .functor AND 1, L_0000016d78b7f3b0, L_0000016d78b74fa0, C4<1>, C4<1>;
L_0000016d78b7fa40 .functor AND 1, L_0000016d78b80370, L_0000016d78b74be0, C4<1>, C4<1>;
L_0000016d78b7f420 .functor AND 1, L_0000016d78b7fa40, L_0000016d78b750e0, C4<1>, C4<1>;
L_0000016d78b7f960 .functor OR 1, L_0000016d78b7fe30, L_0000016d78b7f420, C4<0>, C4<0>;
L_0000016d78b7fff0 .functor NOT 1, L_0000016d78b74aa0, C4<0>, C4<0>, C4<0>;
L_0000016d78b7fdc0 .functor AND 1, L_0000016d78b7fff0, L_0000016d78b74dc0, C4<1>, C4<1>;
L_0000016d78b80060 .functor NOT 1, L_0000016d78b75720, C4<0>, C4<0>, C4<0>;
L_0000016d78b7f880 .functor AND 1, L_0000016d78b7fdc0, L_0000016d78b80060, C4<1>, C4<1>;
L_0000016d78b7f730 .functor NOT 1, L_0000016d78b75680, C4<0>, C4<0>, C4<0>;
L_0000016d78b7fea0 .functor AND 1, L_0000016d78b7f880, L_0000016d78b7f730, C4<1>, C4<1>;
L_0000016d78b807d0 .functor OR 1, L_0000016d78b7f960, L_0000016d78b7fea0, C4<0>, C4<0>;
L_0000016d78b7f8f0 .functor NOT 1, L_0000016d78b75860, C4<0>, C4<0>, C4<0>;
L_0000016d78b80290 .functor AND 1, L_0000016d78b75b80, L_0000016d78b7f8f0, C4<1>, C4<1>;
L_0000016d78b7ff10 .functor NOT 1, L_0000016d78b754a0, C4<0>, C4<0>, C4<0>;
L_0000016d78b800d0 .functor AND 1, L_0000016d78b80290, L_0000016d78b7ff10, C4<1>, C4<1>;
L_0000016d78b80450 .functor AND 1, L_0000016d78b800d0, L_0000016d78b75ae0, C4<1>, C4<1>;
L_0000016d78b803e0 .functor OR 1, L_0000016d78b807d0, L_0000016d78b80450, C4<0>, C4<0>;
v0000016d78b04f70_0 .net *"_ivl_1", 0 0, L_0000016d78b6be50;  1 drivers
v0000016d78b05ab0_0 .net *"_ivl_101", 0 0, L_0000016d78b6b4f0;  1 drivers
v0000016d78b04a70_0 .net *"_ivl_102", 0 0, L_0000016d78b6faa0;  1 drivers
v0000016d78b05010_0 .net *"_ivl_104", 0 0, L_0000016d78b6f170;  1 drivers
v0000016d78b05c90_0 .net *"_ivl_107", 0 0, L_0000016d78b6b090;  1 drivers
v0000016d78b04890_0 .net *"_ivl_109", 0 0, L_0000016d78b6b1d0;  1 drivers
v0000016d78b05b50_0 .net *"_ivl_11", 0 0, L_0000016d78b6b810;  1 drivers
v0000016d78b05830_0 .net *"_ivl_110", 0 0, L_0000016d78b6fe20;  1 drivers
v0000016d78b058d0_0 .net *"_ivl_112", 0 0, L_0000016d78b6f790;  1 drivers
v0000016d78b04cf0_0 .net *"_ivl_115", 0 0, L_0000016d78b6b450;  1 drivers
v0000016d78b04d90_0 .net *"_ivl_116", 0 0, L_0000016d78b6fc60;  1 drivers
v0000016d78b05510_0 .net *"_ivl_118", 0 0, L_0000016d78b6f9c0;  1 drivers
v0000016d78b05fb0_0 .net *"_ivl_12", 0 0, L_0000016d78af1640;  1 drivers
v0000016d78b05bf0_0 .net *"_ivl_121", 0 0, L_0000016d78b6b590;  1 drivers
v0000016d78b05d30_0 .net *"_ivl_122", 0 0, L_0000016d78b6f3a0;  1 drivers
v0000016d78b04e30_0 .net *"_ivl_125", 0 0, L_0000016d78b6b630;  1 drivers
v0000016d78b05dd0_0 .net *"_ivl_126", 0 0, L_0000016d78b6f4f0;  1 drivers
v0000016d78b050b0_0 .net *"_ivl_128", 0 0, L_0000016d78b6f640;  1 drivers
v0000016d78b05150_0 .net *"_ivl_131", 0 0, L_0000016d78b6b950;  1 drivers
v0000016d78b05e70_0 .net *"_ivl_133", 0 0, L_0000016d78b6b9f0;  1 drivers
v0000016d78b06230_0 .net *"_ivl_134", 0 0, L_0000016d78b6fb10;  1 drivers
v0000016d78b04930_0 .net *"_ivl_136", 0 0, L_0000016d78b6f560;  1 drivers
v0000016d78b055b0_0 .net *"_ivl_139", 0 0, L_0000016d78b6ba90;  1 drivers
v0000016d78b047f0_0 .net *"_ivl_14", 0 0, L_0000016d78af18e0;  1 drivers
v0000016d78b051f0_0 .net *"_ivl_140", 0 0, L_0000016d78b6f5d0;  1 drivers
v0000016d78b056f0_0 .net *"_ivl_143", 0 0, L_0000016d78b6bb30;  1 drivers
v0000016d78b05290_0 .net *"_ivl_144", 0 0, L_0000016d78b6f720;  1 drivers
v0000016d78b064b0_0 .net *"_ivl_146", 0 0, L_0000016d78b6f800;  1 drivers
v0000016d78b04b10_0 .net *"_ivl_149", 0 0, L_0000016d78b6c210;  1 drivers
v0000016d78b05650_0 .net *"_ivl_150", 0 0, L_0000016d78b6fe90;  1 drivers
v0000016d78b05970_0 .net *"_ivl_155", 0 0, L_0000016d78b73060;  1 drivers
v0000016d78b05f10_0 .net *"_ivl_156", 0 0, L_0000016d78b6f950;  1 drivers
v0000016d78b060f0_0 .net *"_ivl_159", 0 0, L_0000016d78b73a60;  1 drivers
v0000016d78b05790_0 .net *"_ivl_160", 0 0, L_0000016d78b6fa30;  1 drivers
v0000016d78b04bb0_0 .net *"_ivl_162", 0 0, L_0000016d78b76670;  1 drivers
v0000016d78b049d0_0 .net *"_ivl_165", 0 0, L_0000016d78b74820;  1 drivers
v0000016d78b05330_0 .net *"_ivl_166", 0 0, L_0000016d78b763d0;  1 drivers
v0000016d78b04c50_0 .net *"_ivl_169", 0 0, L_0000016d78b72d40;  1 drivers
v0000016d78b04ed0_0 .net *"_ivl_17", 0 0, L_0000016d78b6bef0;  1 drivers
v0000016d78b06050_0 .net *"_ivl_170", 0 0, L_0000016d78b762f0;  1 drivers
v0000016d78b053d0_0 .net *"_ivl_173", 0 0, L_0000016d78b720c0;  1 drivers
v0000016d78b05470_0 .net *"_ivl_174", 0 0, L_0000016d78b76980;  1 drivers
v0000016d78b046b0_0 .net *"_ivl_177", 0 0, L_0000016d78b72fc0;  1 drivers
v0000016d78b05a10_0 .net *"_ivl_178", 0 0, L_0000016d78b767c0;  1 drivers
v0000016d78b06190_0 .net *"_ivl_181", 0 0, L_0000016d78b72160;  1 drivers
v0000016d78b062d0_0 .net *"_ivl_182", 0 0, L_0000016d78b76c90;  1 drivers
v0000016d78b06370_0 .net *"_ivl_184", 0 0, L_0000016d78b766e0;  1 drivers
v0000016d78b06410_0 .net *"_ivl_187", 0 0, L_0000016d78b72a20;  1 drivers
v0000016d78b06550_0 .net *"_ivl_188", 0 0, L_0000016d78b76360;  1 drivers
v0000016d78b04750_0 .net *"_ivl_190", 0 0, L_0000016d78b76bb0;  1 drivers
v0000016d78b44f60_0 .net *"_ivl_192", 0 0, L_0000016d78b76c20;  1 drivers
v0000016d78b46360_0 .net *"_ivl_195", 0 0, L_0000016d78b73600;  1 drivers
v0000016d78b462c0_0 .net *"_ivl_196", 0 0, L_0000016d78b76a60;  1 drivers
v0000016d78b46cc0_0 .net *"_ivl_199", 0 0, L_0000016d78b72700;  1 drivers
v0000016d78b46400_0 .net *"_ivl_2", 0 0, L_0000016d78af1170;  1 drivers
v0000016d78b45640_0 .net *"_ivl_200", 0 0, L_0000016d78b76ad0;  1 drivers
v0000016d78b46ae0_0 .net *"_ivl_203", 0 0, L_0000016d78b72f20;  1 drivers
v0000016d78b46b80_0 .net *"_ivl_204", 0 0, L_0000016d78b76d00;  1 drivers
v0000016d78b45e60_0 .net *"_ivl_206", 0 0, L_0000016d78b76520;  1 drivers
v0000016d78b451e0_0 .net *"_ivl_209", 0 0, L_0000016d78b72480;  1 drivers
v0000016d78b45be0_0 .net *"_ivl_21", 0 0, L_0000016d78b6c710;  1 drivers
v0000016d78b45dc0_0 .net *"_ivl_210", 0 0, L_0000016d78b76830;  1 drivers
v0000016d78b45aa0_0 .net *"_ivl_212", 0 0, L_0000016d78b76440;  1 drivers
v0000016d78b45c80_0 .net *"_ivl_215", 0 0, L_0000016d78b72ac0;  1 drivers
v0000016d78b46860_0 .net *"_ivl_216", 0 0, L_0000016d78b76910;  1 drivers
v0000016d78b46d60_0 .net *"_ivl_219", 0 0, L_0000016d78b72de0;  1 drivers
v0000016d78b46680_0 .net *"_ivl_22", 0 0, L_0000016d78af15d0;  1 drivers
v0000016d78b45460_0 .net *"_ivl_220", 0 0, L_0000016d78b76210;  1 drivers
v0000016d78b46e00_0 .net *"_ivl_223", 0 0, L_0000016d78b72ca0;  1 drivers
v0000016d78b45f00_0 .net *"_ivl_224", 0 0, L_0000016d78b76e50;  1 drivers
v0000016d78b45d20_0 .net *"_ivl_227", 0 0, L_0000016d78b73560;  1 drivers
v0000016d78b464a0_0 .net *"_ivl_228", 0 0, L_0000016d78b76fa0;  1 drivers
v0000016d78b45140_0 .net *"_ivl_230", 0 0, L_0000016d78b768a0;  1 drivers
v0000016d78b45960_0 .net *"_ivl_237", 0 0, L_0000016d78b72200;  1 drivers
v0000016d78b45fa0_0 .net *"_ivl_238", 0 0, L_0000016d78b76b40;  1 drivers
v0000016d78b46540_0 .net *"_ivl_241", 0 0, L_0000016d78b73880;  1 drivers
v0000016d78b45280_0 .net *"_ivl_242", 0 0, L_0000016d78b764b0;  1 drivers
v0000016d78b465e0_0 .net *"_ivl_244", 0 0, L_0000016d78b76d70;  1 drivers
v0000016d78b46720_0 .net *"_ivl_247", 0 0, L_0000016d78b74140;  1 drivers
v0000016d78b458c0_0 .net *"_ivl_248", 0 0, L_0000016d78b76590;  1 drivers
v0000016d78b467c0_0 .net *"_ivl_25", 0 0, L_0000016d78b6cad0;  1 drivers
v0000016d78b45a00_0 .net *"_ivl_251", 0 0, L_0000016d78b73ba0;  1 drivers
v0000016d78b45000_0 .net *"_ivl_252", 0 0, L_0000016d78b76600;  1 drivers
v0000016d78b45500_0 .net *"_ivl_255", 0 0, L_0000016d78b722a0;  1 drivers
v0000016d78b455a0_0 .net *"_ivl_256", 0 0, L_0000016d78b76de0;  1 drivers
v0000016d78b46c20_0 .net *"_ivl_259", 0 0, L_0000016d78b73420;  1 drivers
v0000016d78b45b40_0 .net *"_ivl_26", 0 0, L_0000016d78af1aa0;  1 drivers
v0000016d78b46220_0 .net *"_ivl_260", 0 0, L_0000016d78b76f30;  1 drivers
v0000016d78b46900_0 .net *"_ivl_263", 0 0, L_0000016d78b743c0;  1 drivers
v0000016d78b469a0_0 .net *"_ivl_264", 0 0, L_0000016d78b76ec0;  1 drivers
v0000016d78b45320_0 .net *"_ivl_266", 0 0, L_0000016d78b760c0;  1 drivers
v0000016d78b450a0_0 .net *"_ivl_269", 0 0, L_0000016d78b73240;  1 drivers
v0000016d78b46a40_0 .net *"_ivl_270", 0 0, L_0000016d78b761a0;  1 drivers
v0000016d78b46040_0 .net *"_ivl_272", 0 0, L_0000016d78b76130;  1 drivers
v0000016d78b456e0_0 .net *"_ivl_274", 0 0, L_0000016d78b76280;  1 drivers
v0000016d78b453c0_0 .net *"_ivl_277", 0 0, L_0000016d78b72980;  1 drivers
v0000016d78b45780_0 .net *"_ivl_278", 0 0, L_0000016d78b76750;  1 drivers
v0000016d78b45820_0 .net *"_ivl_28", 0 0, L_0000016d78af1cd0;  1 drivers
v0000016d78b460e0_0 .net *"_ivl_281", 0 0, L_0000016d78b74460;  1 drivers
v0000016d78b46180_0 .net *"_ivl_282", 0 0, L_0000016d78b77680;  1 drivers
v0000016d78b47290_0 .net *"_ivl_285", 0 0, L_0000016d78b74320;  1 drivers
v0000016d78b48870_0 .net *"_ivl_286", 0 0, L_0000016d78b776f0;  1 drivers
v0000016d78b48370_0 .net *"_ivl_288", 0 0, L_0000016d78b77220;  1 drivers
v0000016d78b48550_0 .net *"_ivl_291", 0 0, L_0000016d78b72b60;  1 drivers
v0000016d78b47650_0 .net *"_ivl_292", 0 0, L_0000016d78b77a00;  1 drivers
v0000016d78b48410_0 .net *"_ivl_294", 0 0, L_0000016d78b77bc0;  1 drivers
v0000016d78b47970_0 .net *"_ivl_299", 0 0, L_0000016d78b74000;  1 drivers
v0000016d78b48730_0 .net *"_ivl_300", 0 0, L_0000016d78b77450;  1 drivers
v0000016d78b482d0_0 .net *"_ivl_303", 0 0, L_0000016d78b74500;  1 drivers
v0000016d78b47830_0 .net *"_ivl_304", 0 0, L_0000016d78b77290;  1 drivers
v0000016d78b485f0_0 .net *"_ivl_306", 0 0, L_0000016d78b77760;  1 drivers
v0000016d78b476f0_0 .net *"_ivl_309", 0 0, L_0000016d78b736a0;  1 drivers
v0000016d78b47fb0_0 .net *"_ivl_31", 0 0, L_0000016d78b6ccb0;  1 drivers
v0000016d78b48690_0 .net *"_ivl_310", 0 0, L_0000016d78b77df0;  1 drivers
v0000016d78b47a10_0 .net *"_ivl_313", 0 0, L_0000016d78b74640;  1 drivers
v0000016d78b487d0_0 .net *"_ivl_314", 0 0, L_0000016d78b774c0;  1 drivers
v0000016d78b478d0_0 .net *"_ivl_316", 0 0, L_0000016d78b77ae0;  1 drivers
v0000016d78b484b0_0 .net *"_ivl_319", 0 0, L_0000016d78b72e80;  1 drivers
v0000016d78b47790_0 .net *"_ivl_32", 0 0, L_0000016d78af0f40;  1 drivers
v0000016d78b47ab0_0 .net *"_ivl_321", 0 0, L_0000016d78b72c00;  1 drivers
v0000016d78b47470_0 .net *"_ivl_322", 0 0, L_0000016d78b77140;  1 drivers
v0000016d78b48910_0 .net *"_ivl_324", 0 0, L_0000016d78b773e0;  1 drivers
v0000016d78b47b50_0 .net *"_ivl_327", 0 0, L_0000016d78b73100;  1 drivers
v0000016d78b47510_0 .net *"_ivl_328", 0 0, L_0000016d78b77300;  1 drivers
v0000016d78b47bf0_0 .net *"_ivl_330", 0 0, L_0000016d78b77b50;  1 drivers
v0000016d78b470b0_0 .net *"_ivl_333", 0 0, L_0000016d78b737e0;  1 drivers
v0000016d78b47c90_0 .net *"_ivl_334", 0 0, L_0000016d78b777d0;  1 drivers
v0000016d78b48050_0 .net *"_ivl_336", 0 0, L_0000016d78b77a70;  1 drivers
v0000016d78b47d30_0 .net *"_ivl_338", 0 0, L_0000016d78b77ca0;  1 drivers
v0000016d78b48d70_0 .net *"_ivl_34", 0 0, L_0000016d78af0fb0;  1 drivers
v0000016d78b47330_0 .net *"_ivl_341", 0 0, L_0000016d78b745a0;  1 drivers
v0000016d78b47e70_0 .net *"_ivl_343", 0 0, L_0000016d78b731a0;  1 drivers
v0000016d78b48230_0 .net *"_ivl_344", 0 0, L_0000016d78b77530;  1 drivers
v0000016d78b489b0_0 .net *"_ivl_346", 0 0, L_0000016d78b77920;  1 drivers
v0000016d78b48a50_0 .net *"_ivl_349", 0 0, L_0000016d78b732e0;  1 drivers
v0000016d78b47f10_0 .net *"_ivl_350", 0 0, L_0000016d78b77610;  1 drivers
v0000016d78b473d0_0 .net *"_ivl_352", 0 0, L_0000016d78b775a0;  1 drivers
v0000016d78b47150_0 .net *"_ivl_355", 0 0, L_0000016d78b72340;  1 drivers
v0000016d78b47dd0_0 .net *"_ivl_356", 0 0, L_0000016d78b778b0;  1 drivers
v0000016d78b475b0_0 .net *"_ivl_358", 0 0, L_0000016d78b77370;  1 drivers
v0000016d78b480f0_0 .net *"_ivl_361", 0 0, L_0000016d78b739c0;  1 drivers
v0000016d78b48af0_0 .net *"_ivl_363", 0 0, L_0000016d78b73740;  1 drivers
v0000016d78b48190_0 .net *"_ivl_364", 0 0, L_0000016d78b77d10;  1 drivers
v0000016d78b48b90_0 .net *"_ivl_366", 0 0, L_0000016d78b77c30;  1 drivers
v0000016d78b46f70_0 .net *"_ivl_369", 0 0, L_0000016d78b73380;  1 drivers
v0000016d78b48c30_0 .net *"_ivl_37", 0 0, L_0000016d78b6cd50;  1 drivers
v0000016d78b48cd0_0 .net *"_ivl_370", 0 0, L_0000016d78b77840;  1 drivers
v0000016d78b48e10_0 .net *"_ivl_373", 0 0, L_0000016d78b723e0;  1 drivers
v0000016d78b47010_0 .net *"_ivl_374", 0 0, L_0000016d78b77990;  1 drivers
v0000016d78b471f0_0 .net *"_ivl_376", 0 0, L_0000016d78b77d80;  1 drivers
v0000016d78b4baa0_0 .net *"_ivl_378", 0 0, L_0000016d78b77e60;  1 drivers
v0000016d78b4b1e0_0 .net *"_ivl_383", 0 0, L_0000016d78b73b00;  1 drivers
v0000016d78b49c00_0 .net *"_ivl_384", 0 0, L_0000016d78b77ed0;  1 drivers
v0000016d78b4b0a0_0 .net *"_ivl_387", 0 0, L_0000016d78b73c40;  1 drivers
v0000016d78b4b000_0 .net *"_ivl_388", 0 0, L_0000016d78b77f40;  1 drivers
v0000016d78b4bd20_0 .net *"_ivl_390", 0 0, L_0000016d78b77fb0;  1 drivers
v0000016d78b4b140_0 .net *"_ivl_393", 0 0, L_0000016d78b746e0;  1 drivers
v0000016d78b4a060_0 .net *"_ivl_394", 0 0, L_0000016d78b770d0;  1 drivers
v0000016d78b4bb40_0 .net *"_ivl_396", 0 0, L_0000016d78b771b0;  1 drivers
v0000016d78b4bbe0_0 .net *"_ivl_399", 0 0, L_0000016d78b734c0;  1 drivers
v0000016d78b4aa60_0 .net *"_ivl_400", 0 0, L_0000016d78b7a6a0;  1 drivers
v0000016d78b49a20_0 .net *"_ivl_403", 0 0, L_0000016d78b72520;  1 drivers
v0000016d78b4a740_0 .net *"_ivl_404", 0 0, L_0000016d78b7aa20;  1 drivers
v0000016d78b4a920_0 .net *"_ivl_407", 0 0, L_0000016d78b73920;  1 drivers
v0000016d78b4a560_0 .net *"_ivl_408", 0 0, L_0000016d78b7a710;  1 drivers
v0000016d78b4a6a0_0 .net *"_ivl_41", 0 0, L_0000016d78b6c170;  1 drivers
v0000016d78b4b6e0_0 .net *"_ivl_410", 0 0, L_0000016d78b7a2b0;  1 drivers
v0000016d78b4bdc0_0 .net *"_ivl_413", 0 0, L_0000016d78b725c0;  1 drivers
v0000016d78b4b500_0 .net *"_ivl_414", 0 0, L_0000016d78b7ae10;  1 drivers
v0000016d78b49d40_0 .net *"_ivl_417", 0 0, L_0000016d78b74780;  1 drivers
v0000016d78b4be60_0 .net *"_ivl_418", 0 0, L_0000016d78b7a8d0;  1 drivers
v0000016d78b4ab00_0 .net *"_ivl_42", 0 0, L_0000016d78b6fbf0;  1 drivers
v0000016d78b4a7e0_0 .net *"_ivl_420", 0 0, L_0000016d78b7a550;  1 drivers
v0000016d78b4b280_0 .net *"_ivl_422", 0 0, L_0000016d78b7af60;  1 drivers
v0000016d78b4a600_0 .net *"_ivl_425", 0 0, L_0000016d78b73ce0;  1 drivers
v0000016d78b4b5a0_0 .net *"_ivl_426", 0 0, L_0000016d78b7abe0;  1 drivers
v0000016d78b4ba00_0 .net *"_ivl_429", 0 0, L_0000016d78b72660;  1 drivers
v0000016d78b4b8c0_0 .net *"_ivl_430", 0 0, L_0000016d78b7acc0;  1 drivers
v0000016d78b4bc80_0 .net *"_ivl_433", 0 0, L_0000016d78b73d80;  1 drivers
v0000016d78b49ac0_0 .net *"_ivl_434", 0 0, L_0000016d78b7a780;  1 drivers
v0000016d78b4b960_0 .net *"_ivl_437", 0 0, L_0000016d78b73e20;  1 drivers
v0000016d78b4a1a0_0 .net *"_ivl_438", 0 0, L_0000016d78b7ae80;  1 drivers
v0000016d78b4b640_0 .net *"_ivl_440", 0 0, L_0000016d78b7aef0;  1 drivers
v0000016d78b4b820_0 .net *"_ivl_443", 0 0, L_0000016d78b73ec0;  1 drivers
v0000016d78b4a9c0_0 .net *"_ivl_444", 0 0, L_0000016d78b7ada0;  1 drivers
v0000016d78b4ace0_0 .net *"_ivl_447", 0 0, L_0000016d78b73f60;  1 drivers
v0000016d78b498e0_0 .net *"_ivl_448", 0 0, L_0000016d78b7a400;  1 drivers
v0000016d78b4b780_0 .net *"_ivl_45", 0 0, L_0000016d78b6b130;  1 drivers
v0000016d78b497a0_0 .net *"_ivl_451", 0 0, L_0000016d78b740a0;  1 drivers
v0000016d78b4bf00_0 .net *"_ivl_452", 0 0, L_0000016d78b7a0f0;  1 drivers
v0000016d78b4a880_0 .net *"_ivl_454", 0 0, L_0000016d78b7a630;  1 drivers
v0000016d78b4af60_0 .net *"_ivl_457", 0 0, L_0000016d78b727a0;  1 drivers
v0000016d78b4ae20_0 .net *"_ivl_458", 0 0, L_0000016d78b7a160;  1 drivers
v0000016d78b49e80_0 .net *"_ivl_46", 0 0, L_0000016d78b6ff00;  1 drivers
v0000016d78b4b320_0 .net *"_ivl_460", 0 0, L_0000016d78b7a7f0;  1 drivers
v0000016d78b4ad80_0 .net *"_ivl_463", 0 0, L_0000016d78b741e0;  1 drivers
v0000016d78b49840_0 .net *"_ivl_465", 0 0, L_0000016d78b74280;  1 drivers
v0000016d78b49980_0 .net *"_ivl_466", 0 0, L_0000016d78b7a860;  1 drivers
v0000016d78b49b60_0 .net *"_ivl_468", 0 0, L_0000016d78b7a940;  1 drivers
v0000016d78b4aec0_0 .net *"_ivl_471", 0 0, L_0000016d78b72840;  1 drivers
v0000016d78b4aba0_0 .net *"_ivl_472", 0 0, L_0000016d78b7a320;  1 drivers
v0000016d78b4a240_0 .net *"_ivl_475", 0 0, L_0000016d78b728e0;  1 drivers
v0000016d78b4a100_0 .net *"_ivl_476", 0 0, L_0000016d78b7a9b0;  1 drivers
v0000016d78b49ca0_0 .net *"_ivl_478", 0 0, L_0000016d78b7ad30;  1 drivers
v0000016d78b4ac40_0 .net *"_ivl_48", 0 0, L_0000016d78b6f250;  1 drivers
v0000016d78b49de0_0 .net *"_ivl_480", 0 0, L_0000016d78b7aa90;  1 drivers
v0000016d78b4b3c0_0 .net *"_ivl_486", 0 0, L_0000016d78b75900;  1 drivers
v0000016d78b49f20_0 .net *"_ivl_487", 0 0, L_0000016d78b7a390;  1 drivers
v0000016d78b49fc0_0 .net *"_ivl_490", 0 0, L_0000016d78b75540;  1 drivers
v0000016d78b4a2e0_0 .net *"_ivl_491", 0 0, L_0000016d78b7afd0;  1 drivers
v0000016d78b4b460_0 .net *"_ivl_493", 0 0, L_0000016d78b7ab00;  1 drivers
v0000016d78b4a380_0 .net *"_ivl_496", 0 0, L_0000016d78b748c0;  1 drivers
v0000016d78b4a420_0 .net *"_ivl_497", 0 0, L_0000016d78b7ab70;  1 drivers
v0000016d78b4a4c0_0 .net *"_ivl_499", 0 0, L_0000016d78b7a1d0;  1 drivers
v0000016d78b4d4e0_0 .net *"_ivl_5", 0 0, L_0000016d78b6b270;  1 drivers
v0000016d78b4cd60_0 .net *"_ivl_502", 0 0, L_0000016d78b75f40;  1 drivers
v0000016d78b4c4a0_0 .net *"_ivl_503", 0 0, L_0000016d78b7a240;  1 drivers
v0000016d78b4d3a0_0 .net *"_ivl_505", 0 0, L_0000016d78b7ac50;  1 drivers
v0000016d78b4d440_0 .net *"_ivl_507", 0 0, L_0000016d78b7a470;  1 drivers
v0000016d78b4ca40_0 .net *"_ivl_51", 0 0, L_0000016d78b6d110;  1 drivers
v0000016d78b4c0e0_0 .net *"_ivl_510", 0 0, L_0000016d78b75180;  1 drivers
v0000016d78b4c860_0 .net *"_ivl_511", 0 0, L_0000016d78b7a4e0;  1 drivers
v0000016d78b4c9a0_0 .net *"_ivl_514", 0 0, L_0000016d78b759a0;  1 drivers
v0000016d78b4c7c0_0 .net *"_ivl_515", 0 0, L_0000016d78b7a5c0;  1 drivers
v0000016d78b4c900_0 .net *"_ivl_517", 0 0, L_0000016d78b80840;  1 drivers
v0000016d78b4d120_0 .net *"_ivl_52", 0 0, L_0000016d78b6f100;  1 drivers
v0000016d78b4d580_0 .net *"_ivl_520", 0 0, L_0000016d78b75a40;  1 drivers
v0000016d78b4d080_0 .net *"_ivl_521", 0 0, L_0000016d78b804c0;  1 drivers
v0000016d78b4c2c0_0 .net *"_ivl_524", 0 0, L_0000016d78b74d20;  1 drivers
v0000016d78b4d620_0 .net *"_ivl_525", 0 0, L_0000016d78b80300;  1 drivers
v0000016d78b4cae0_0 .net *"_ivl_527", 0 0, L_0000016d78b7ff80;  1 drivers
v0000016d78b4cb80_0 .net *"_ivl_529", 0 0, L_0000016d78b7fe30;  1 drivers
v0000016d78b4ce00_0 .net *"_ivl_532", 0 0, L_0000016d78b757c0;  1 drivers
v0000016d78b4c720_0 .net *"_ivl_533", 0 0, L_0000016d78b7f3b0;  1 drivers
v0000016d78b4d1c0_0 .net *"_ivl_536", 0 0, L_0000016d78b74fa0;  1 drivers
v0000016d78b4bfa0_0 .net *"_ivl_537", 0 0, L_0000016d78b80370;  1 drivers
v0000016d78b4d300_0 .net *"_ivl_54", 0 0, L_0000016d78b6fdb0;  1 drivers
v0000016d78b4c040_0 .net *"_ivl_540", 0 0, L_0000016d78b74be0;  1 drivers
v0000016d78b4c360_0 .net *"_ivl_541", 0 0, L_0000016d78b7fa40;  1 drivers
v0000016d78b4c180_0 .net *"_ivl_544", 0 0, L_0000016d78b750e0;  1 drivers
v0000016d78b4cc20_0 .net *"_ivl_545", 0 0, L_0000016d78b7f420;  1 drivers
v0000016d78b4c220_0 .net *"_ivl_547", 0 0, L_0000016d78b7f960;  1 drivers
v0000016d78b4c400_0 .net *"_ivl_550", 0 0, L_0000016d78b74aa0;  1 drivers
v0000016d78b4cf40_0 .net *"_ivl_551", 0 0, L_0000016d78b7fff0;  1 drivers
v0000016d78b4d260_0 .net *"_ivl_554", 0 0, L_0000016d78b74dc0;  1 drivers
v0000016d78b4c5e0_0 .net *"_ivl_555", 0 0, L_0000016d78b7fdc0;  1 drivers
v0000016d78b4c540_0 .net *"_ivl_558", 0 0, L_0000016d78b75720;  1 drivers
v0000016d78b4c680_0 .net *"_ivl_559", 0 0, L_0000016d78b80060;  1 drivers
v0000016d78b4ccc0_0 .net *"_ivl_561", 0 0, L_0000016d78b7f880;  1 drivers
v0000016d78b4cea0_0 .net *"_ivl_564", 0 0, L_0000016d78b75680;  1 drivers
v0000016d78b4cfe0_0 .net *"_ivl_565", 0 0, L_0000016d78b7f730;  1 drivers
v0000016d78b6d890_0 .net *"_ivl_567", 0 0, L_0000016d78b7fea0;  1 drivers
v0000016d78b6ed30_0 .net *"_ivl_569", 0 0, L_0000016d78b807d0;  1 drivers
v0000016d78b6e1f0_0 .net *"_ivl_57", 0 0, L_0000016d78b6d610;  1 drivers
v0000016d78b6e010_0 .net *"_ivl_572", 0 0, L_0000016d78b75b80;  1 drivers
v0000016d78b6da70_0 .net *"_ivl_574", 0 0, L_0000016d78b75860;  1 drivers
v0000016d78b6e790_0 .net *"_ivl_575", 0 0, L_0000016d78b7f8f0;  1 drivers
v0000016d78b6e5b0_0 .net *"_ivl_577", 0 0, L_0000016d78b80290;  1 drivers
v0000016d78b6e650_0 .net *"_ivl_580", 0 0, L_0000016d78b754a0;  1 drivers
v0000016d78b6e3d0_0 .net *"_ivl_581", 0 0, L_0000016d78b7ff10;  1 drivers
v0000016d78b6e510_0 .net *"_ivl_583", 0 0, L_0000016d78b800d0;  1 drivers
v0000016d78b6e6f0_0 .net *"_ivl_586", 0 0, L_0000016d78b75ae0;  1 drivers
v0000016d78b6e470_0 .net *"_ivl_587", 0 0, L_0000016d78b80450;  1 drivers
v0000016d78b6ef10_0 .net *"_ivl_589", 0 0, L_0000016d78b803e0;  1 drivers
v0000016d78b6e830_0 .net *"_ivl_6", 0 0, L_0000016d78af1410;  1 drivers
v0000016d78b6dbb0_0 .net *"_ivl_61", 0 0, L_0000016d78b6d390;  1 drivers
v0000016d78b6e8d0_0 .net *"_ivl_62", 0 0, L_0000016d78b6f1e0;  1 drivers
v0000016d78b6dc50_0 .net *"_ivl_65", 0 0, L_0000016d78b6d430;  1 drivers
v0000016d78b6dcf0_0 .net *"_ivl_66", 0 0, L_0000016d78b6f2c0;  1 drivers
v0000016d78b6e970_0 .net *"_ivl_69", 0 0, L_0000016d78b6b310;  1 drivers
v0000016d78b6ebf0_0 .net *"_ivl_70", 0 0, L_0000016d78b6fb80;  1 drivers
v0000016d78b6eb50_0 .net *"_ivl_73", 0 0, L_0000016d78b6d4d0;  1 drivers
v0000016d78b6ea10_0 .net *"_ivl_74", 0 0, L_0000016d78b6f480;  1 drivers
v0000016d78b6ec90_0 .net *"_ivl_77", 0 0, L_0000016d78b6b8b0;  1 drivers
v0000016d78b6eab0_0 .net *"_ivl_78", 0 0, L_0000016d78b6ff70;  1 drivers
v0000016d78b6edd0_0 .net *"_ivl_8", 0 0, L_0000016d78af1090;  1 drivers
v0000016d78b6ee70_0 .net *"_ivl_81", 0 0, L_0000016d78b6d570;  1 drivers
v0000016d78b6e150_0 .net *"_ivl_83", 0 0, L_0000016d78b6d750;  1 drivers
v0000016d78b6e290_0 .net *"_ivl_84", 0 0, L_0000016d78b6f090;  1 drivers
v0000016d78b6d930_0 .net *"_ivl_86", 0 0, L_0000016d78b6f330;  1 drivers
v0000016d78b6d9d0_0 .net *"_ivl_89", 0 0, L_0000016d78b6b3b0;  1 drivers
v0000016d78b6db10_0 .net *"_ivl_90", 0 0, L_0000016d78b6f870;  1 drivers
v0000016d78b6e0b0_0 .net *"_ivl_92", 0 0, L_0000016d78b6f410;  1 drivers
v0000016d78b6dd90_0 .net *"_ivl_95", 0 0, L_0000016d78b6d7f0;  1 drivers
v0000016d78b6de30_0 .net *"_ivl_96", 0 0, L_0000016d78b6f6b0;  1 drivers
v0000016d78b6ded0_0 .net *"_ivl_98", 0 0, L_0000016d78b6fd40;  1 drivers
v0000016d78b6df70_0 .net "clk", 0 0, v0000016d78b6cc10_0;  1 drivers
v0000016d78b6e330_0 .net "done", 0 0, o0000016d78b09c48;  alias, 0 drivers
v0000016d78b6cfd0_0 .net "mdld", 0 0, L_0000016d78ab2a10;  alias, 1 drivers
v0000016d78b6cdf0_0 .net "mr", 3 0, v0000016d78b6bd10_0;  1 drivers
v0000016d78b6d2f0_0 .net "mrld", 0 0, L_0000016d78b6fcd0;  alias, 1 drivers
v0000016d78b6cb70_0 .net "n", 3 0, L_0000016d78b75360;  alias, 1 drivers
v0000016d78b6ce90_0 .net "reset_state", 3 0, v0000016d78b6b6d0_0;  1 drivers
v0000016d78b6d1b0_0 .net "rsclear", 0 0, L_0000016d78af1950;  alias, 1 drivers
v0000016d78b6ca30_0 .net "rsload", 0 0, L_0000016d78b6f8e0;  alias, 1 drivers
v0000016d78b6d250_0 .net "rsshr", 0 0, L_0000016d78b769f0;  alias, 1 drivers
v0000016d78b6c350_0 .net "rst", 0 0, v0000016d78b6c2b0_0;  1 drivers
v0000016d78b6bc70_0 .var "s", 3 0;
v0000016d78b6c8f0_0 .net "start", 0 0, v0000016d78b6c490_0;  1 drivers
E_0000016d78b002c0 .event posedge, v0000016d78b6df70_0;
L_0000016d78b6be50 .part v0000016d78b6bc70_0, 3, 1;
L_0000016d78b6b270 .part v0000016d78b6bc70_0, 2, 1;
L_0000016d78b6b810 .part v0000016d78b6bc70_0, 1, 1;
L_0000016d78b6bef0 .part v0000016d78b6bc70_0, 0, 1;
L_0000016d78b6c710 .part v0000016d78b6bc70_0, 3, 1;
L_0000016d78b6cad0 .part v0000016d78b6bc70_0, 2, 1;
L_0000016d78b6ccb0 .part v0000016d78b6bc70_0, 1, 1;
L_0000016d78b6cd50 .part v0000016d78b6bc70_0, 0, 1;
L_0000016d78b6c170 .part v0000016d78b6bc70_0, 3, 1;
L_0000016d78b6b130 .part v0000016d78b6bc70_0, 2, 1;
L_0000016d78b6d110 .part v0000016d78b6bc70_0, 1, 1;
L_0000016d78b6d610 .part v0000016d78b6bc70_0, 0, 1;
L_0000016d78b6d390 .part v0000016d78b6bc70_0, 3, 1;
L_0000016d78b6d430 .part v0000016d78b6bc70_0, 2, 1;
L_0000016d78b6b310 .part v0000016d78b6bc70_0, 1, 1;
L_0000016d78b6d4d0 .part v0000016d78b6bc70_0, 0, 1;
L_0000016d78b6b8b0 .part v0000016d78b6bd10_0, 0, 1;
L_0000016d78b6d570 .part v0000016d78b6bc70_0, 3, 1;
L_0000016d78b6d750 .part v0000016d78b6bc70_0, 2, 1;
L_0000016d78b6b3b0 .part v0000016d78b6bc70_0, 1, 1;
L_0000016d78b6d7f0 .part v0000016d78b6bc70_0, 0, 1;
L_0000016d78b6b4f0 .part v0000016d78b6bd10_0, 1, 1;
L_0000016d78b6b090 .part v0000016d78b6bc70_0, 3, 1;
L_0000016d78b6b1d0 .part v0000016d78b6bc70_0, 2, 1;
L_0000016d78b6b450 .part v0000016d78b6bc70_0, 1, 1;
L_0000016d78b6b590 .part v0000016d78b6bc70_0, 0, 1;
L_0000016d78b6b630 .part v0000016d78b6bd10_0, 2, 1;
L_0000016d78b6b950 .part v0000016d78b6bc70_0, 3, 1;
L_0000016d78b6b9f0 .part v0000016d78b6bc70_0, 2, 1;
L_0000016d78b6ba90 .part v0000016d78b6bc70_0, 1, 1;
L_0000016d78b6bb30 .part v0000016d78b6bc70_0, 0, 1;
L_0000016d78b6c210 .part v0000016d78b6bd10_0, 3, 1;
L_0000016d78b73060 .part v0000016d78b6bc70_0, 3, 1;
L_0000016d78b73a60 .part v0000016d78b6bc70_0, 2, 1;
L_0000016d78b74820 .part v0000016d78b6bc70_0, 1, 1;
L_0000016d78b72d40 .part v0000016d78b6bc70_0, 0, 1;
L_0000016d78b720c0 .part v0000016d78b6bc70_0, 3, 1;
L_0000016d78b72fc0 .part v0000016d78b6bc70_0, 2, 1;
L_0000016d78b72160 .part v0000016d78b6bc70_0, 1, 1;
L_0000016d78b72a20 .part v0000016d78b6bc70_0, 0, 1;
L_0000016d78b73600 .part v0000016d78b6bc70_0, 3, 1;
L_0000016d78b72700 .part v0000016d78b6bc70_0, 2, 1;
L_0000016d78b72f20 .part v0000016d78b6bc70_0, 1, 1;
L_0000016d78b72480 .part v0000016d78b6bc70_0, 0, 1;
L_0000016d78b72ac0 .part v0000016d78b6bc70_0, 3, 1;
L_0000016d78b72de0 .part v0000016d78b6bc70_0, 2, 1;
L_0000016d78b72ca0 .part v0000016d78b6bc70_0, 1, 1;
L_0000016d78b73560 .part v0000016d78b6bc70_0, 0, 1;
L_0000016d78b72200 .part v0000016d78b6bc70_0, 3, 1;
L_0000016d78b73880 .part v0000016d78b6bc70_0, 2, 1;
L_0000016d78b74140 .part v0000016d78b6bc70_0, 1, 1;
L_0000016d78b73ba0 .part v0000016d78b6bc70_0, 0, 1;
L_0000016d78b722a0 .part v0000016d78b6bc70_0, 3, 1;
L_0000016d78b73420 .part v0000016d78b6bc70_0, 2, 1;
L_0000016d78b743c0 .part v0000016d78b6bc70_0, 1, 1;
L_0000016d78b73240 .part v0000016d78b6bc70_0, 0, 1;
L_0000016d78b72980 .part v0000016d78b6bc70_0, 3, 1;
L_0000016d78b74460 .part v0000016d78b6bc70_0, 2, 1;
L_0000016d78b74320 .part v0000016d78b6bc70_0, 1, 1;
L_0000016d78b72b60 .part v0000016d78b6bc70_0, 0, 1;
L_0000016d78b74000 .part v0000016d78b6bc70_0, 3, 1;
L_0000016d78b74500 .part v0000016d78b6bc70_0, 2, 1;
L_0000016d78b736a0 .part v0000016d78b6bc70_0, 1, 1;
L_0000016d78b74640 .part v0000016d78b6bc70_0, 0, 1;
L_0000016d78b72e80 .part v0000016d78b6bc70_0, 3, 1;
L_0000016d78b72c00 .part v0000016d78b6bc70_0, 2, 1;
L_0000016d78b73100 .part v0000016d78b6bc70_0, 1, 1;
L_0000016d78b737e0 .part v0000016d78b6bc70_0, 0, 1;
L_0000016d78b745a0 .part v0000016d78b6bc70_0, 3, 1;
L_0000016d78b731a0 .part v0000016d78b6bc70_0, 2, 1;
L_0000016d78b732e0 .part v0000016d78b6bc70_0, 1, 1;
L_0000016d78b72340 .part v0000016d78b6bc70_0, 0, 1;
L_0000016d78b739c0 .part v0000016d78b6bc70_0, 3, 1;
L_0000016d78b73740 .part v0000016d78b6bc70_0, 2, 1;
L_0000016d78b73380 .part v0000016d78b6bc70_0, 1, 1;
L_0000016d78b723e0 .part v0000016d78b6bc70_0, 0, 1;
L_0000016d78b73b00 .part v0000016d78b6bc70_0, 3, 1;
L_0000016d78b73c40 .part v0000016d78b6bc70_0, 2, 1;
L_0000016d78b746e0 .part v0000016d78b6bc70_0, 1, 1;
L_0000016d78b734c0 .part v0000016d78b6bc70_0, 0, 1;
L_0000016d78b72520 .part v0000016d78b6bc70_0, 3, 1;
L_0000016d78b73920 .part v0000016d78b6bc70_0, 2, 1;
L_0000016d78b725c0 .part v0000016d78b6bc70_0, 1, 1;
L_0000016d78b74780 .part v0000016d78b6bc70_0, 0, 1;
L_0000016d78b73ce0 .part v0000016d78b6bc70_0, 3, 1;
L_0000016d78b72660 .part v0000016d78b6bc70_0, 2, 1;
L_0000016d78b73d80 .part v0000016d78b6bc70_0, 1, 1;
L_0000016d78b73e20 .part v0000016d78b6bc70_0, 0, 1;
L_0000016d78b73ec0 .part v0000016d78b6bc70_0, 3, 1;
L_0000016d78b73f60 .part v0000016d78b6bc70_0, 2, 1;
L_0000016d78b740a0 .part v0000016d78b6bc70_0, 1, 1;
L_0000016d78b727a0 .part v0000016d78b6bc70_0, 0, 1;
L_0000016d78b741e0 .part v0000016d78b6bc70_0, 3, 1;
L_0000016d78b74280 .part v0000016d78b6bc70_0, 2, 1;
L_0000016d78b72840 .part v0000016d78b6bc70_0, 1, 1;
L_0000016d78b728e0 .part v0000016d78b6bc70_0, 0, 1;
L_0000016d78b75360 .concat8 [ 1 1 1 1], L_0000016d78b803e0, L_0000016d78b7aa90, L_0000016d78b77e60, L_0000016d78b77bc0;
L_0000016d78b75900 .part v0000016d78b6bc70_0, 3, 1;
L_0000016d78b75540 .part v0000016d78b6bc70_0, 2, 1;
L_0000016d78b748c0 .part v0000016d78b6bc70_0, 1, 1;
L_0000016d78b75f40 .part v0000016d78b6bc70_0, 0, 1;
L_0000016d78b75180 .part v0000016d78b6bc70_0, 3, 1;
L_0000016d78b759a0 .part v0000016d78b6bc70_0, 2, 1;
L_0000016d78b75a40 .part v0000016d78b6bc70_0, 1, 1;
L_0000016d78b74d20 .part v0000016d78b6bc70_0, 0, 1;
L_0000016d78b757c0 .part v0000016d78b6bc70_0, 3, 1;
L_0000016d78b74fa0 .part v0000016d78b6bc70_0, 2, 1;
L_0000016d78b74be0 .part v0000016d78b6bc70_0, 1, 1;
L_0000016d78b750e0 .part v0000016d78b6bc70_0, 0, 1;
L_0000016d78b74aa0 .part v0000016d78b6bc70_0, 3, 1;
L_0000016d78b74dc0 .part v0000016d78b6bc70_0, 2, 1;
L_0000016d78b75720 .part v0000016d78b6bc70_0, 1, 1;
L_0000016d78b75680 .part v0000016d78b6bc70_0, 0, 1;
L_0000016d78b75b80 .part v0000016d78b6bc70_0, 3, 1;
L_0000016d78b75860 .part v0000016d78b6bc70_0, 2, 1;
L_0000016d78b754a0 .part v0000016d78b6bc70_0, 1, 1;
L_0000016d78b75ae0 .part v0000016d78b6bc70_0, 0, 1;
    .scope S_0000016d78aa3aa0;
T_0 ;
    %wait E_0000016d78b002c0;
    %load/vec4 v0000016d78b6c350_0;
    %flag_set/vec4 8;
    %jmp/0xz  T_0.0, 8;
    %load/vec4 v0000016d78b6ce90_0;
    %assign/vec4 v0000016d78b6bc70_0, 0;
    %jmp T_0.1;
T_0.0 ;
    %load/vec4 v0000016d78b6cb70_0;
    %assign/vec4 v0000016d78b6bc70_0, 0;
T_0.1 ;
    %jmp T_0;
    .thread T_0;
    .scope S_0000016d78afa410;
T_1 ;
    %pushi/vec4 0, 0, 1;
    %store/vec4 v0000016d78b6cc10_0, 0, 1;
    %pushi/vec4 0, 0, 1;
    %store/vec4 v0000016d78b6c2b0_0, 0, 1;
    %pushi/vec4 0, 0, 1;
    %store/vec4 v0000016d78b6c490_0, 0, 1;
    %pushi/vec4 0, 0, 4;
    %store/vec4 v0000016d78b6bd10_0, 0, 4;
    %pushi/vec4 0, 0, 4;
    %store/vec4 v0000016d78b6b6d0_0, 0, 4;
    %pushi/vec4 0, 0, 8;
    %store/vec4 v0000016d78b6c3f0_0, 0, 8;
    %pushi/vec4 0, 0, 32;
    %store/vec4 v0000016d78b6bbd0_0, 0, 32;
    %end;
    .thread T_1;
    .scope S_0000016d78afa410;
T_2 ;
    %vpi_call 2 49 "$dumpfile", "SMTTInput.vcd" {0 0 0};
    %vpi_call 2 50 "$dumpvars" {0 0 0};
    %end;
    .thread T_2;
    .scope S_0000016d78afa410;
T_3 ;
    %pushi/vec4 0, 0, 16;
    %store/vec4 v0000016d78b6d070_0, 0, 16;
    %pushi/vec4 0, 0, 16;
    %store/vec4 v0000016d78b6b770_0, 0, 16;
    %pushi/vec4 1, 0, 1;
    %ix/load 4, 0, 0;
    %flag_set/imm 4, 0;
    %store/vec4 v0000016d78b6b770_0, 4, 1;
T_3.0 ;
    %load/vec4 v0000016d78b6d070_0;
    %load/vec4 v0000016d78b6b770_0;
    %cmp/ne;
    %jmp/0xz T_3.1, 4;
    %pushi/vec4 0, 0, 32;
    %store/vec4 v0000016d78b6d6b0_0, 0, 32;
T_3.2 ;
    %load/vec4 v0000016d78b6d6b0_0;
    %cmpi/u 15, 0, 32;
    %flag_or 5, 4;
    %jmp/0xz T_3.3, 5;
    %load/vec4 v0000016d78b6b770_0;
    %load/vec4 v0000016d78b6d6b0_0;
    %part/s 1;
    %load/vec4 v0000016d78b6d070_0;
    %load/vec4 v0000016d78b6d6b0_0;
    %part/s 1;
    %inv;
    %and;
    %flag_set/vec4 8;
    %jmp/0xz  T_3.4, 8;
    %load/vec4 v0000016d78b6b770_0;
    %load/vec4 v0000016d78b6d6b0_0;
    %part/s 1;
    %load/vec4 v0000016d78b6d070_0;
    %load/vec4 v0000016d78b6d6b0_0;
    %part/s 1;
    %inv;
    %and;
    %vpi_call 2 113 "$display", "\012should we visit this state? = %b", S<0,vec4,u1> {1 0 0};
    %vpi_call 2 114 "$display", "Setting %s to %s...", "reset_state", "rs" {0 0 0};
    %delay 10, 0;
    %load/vec4 v0000016d78b6d6b0_0;
    %pad/s 4;
    %store/vec4 v0000016d78b6b6d0_0, 0, 4;
    %delay 10, 0;
    %pushi/vec4 0, 0, 32;
    %store/vec4 v0000016d78b6c030_0, 0, 32;
T_3.6 ;
    %load/vec4 v0000016d78b6c030_0;
    %cmpi/u 15, 0, 32;
    %flag_or 5, 4;
    %jmp/0xz T_3.7, 5;
    %pushi/vec4 0, 0, 32;
    %store/vec4 v0000016d78b6c670_0, 0, 32;
T_3.8 ;
    %load/vec4 v0000016d78b6c670_0;
    %cmpi/s 1, 0, 32;
    %flag_or 5, 4;
    %jmp/0xz T_3.9, 5;
    %vpi_call 2 122 "$display", "Setting %s to %s...", "mr", "multiplier" {0 0 0};
    %delay 10, 0;
    %load/vec4 v0000016d78b6c030_0;
    %pad/s 4;
    %store/vec4 v0000016d78b6bd10_0, 0, 4;
    %delay 10, 0;
    %vpi_call 2 123 "$display", "Setting %s to %s...", "start", "st" {0 0 0};
    %delay 10, 0;
    %load/vec4 v0000016d78b6c670_0;
    %pad/s 1;
    %store/vec4 v0000016d78b6c490_0, 0, 1;
    %delay 10, 0;
    %vpi_call 2 124 "$display", "Setting %s to %s...", "rst", "1" {0 0 0};
    %delay 10, 0;
    %pushi/vec4 1, 0, 1;
    %store/vec4 v0000016d78b6c2b0_0, 0, 1;
    %delay 10, 0;
    %vpi_call 2 125 "$display", "Pressing uclk..." {0 0 0};
    %delay 10, 0;
    %pushi/vec4 1, 0, 1;
    %store/vec4 v0000016d78b6cc10_0, 0, 1;
    %delay 10, 0;
    %pushi/vec4 0, 0, 1;
    %store/vec4 v0000016d78b6cc10_0, 0, 1;
    %delay 10, 0;
    %vpi_call 2 127 "$display", "Setting %s to %s...", "rst", "0" {0 0 0};
    %delay 10, 0;
    %pushi/vec4 0, 0, 1;
    %store/vec4 v0000016d78b6c2b0_0, 0, 1;
    %delay 10, 0;
    %vpi_call 2 128 "$display", "Pressing uclk..." {0 0 0};
    %delay 10, 0;
    %pushi/vec4 1, 0, 1;
    %store/vec4 v0000016d78b6cc10_0, 0, 1;
    %delay 10, 0;
    %pushi/vec4 0, 0, 1;
    %store/vec4 v0000016d78b6cc10_0, 0, 1;
    %delay 10, 0;
    %load/vec4 v0000016d78b6b770_0;
    %load/vec4 v0000016d78b6c5d0_0;
    %part/u 1;
    %inv;
    %flag_set/vec4 8;
    %jmp/0xz  T_3.10, 8;
    %pushi/vec4 1, 0, 1;
    %ix/getv 4, v0000016d78b6c5d0_0;
    %store/vec4 v0000016d78b6b770_0, 4, 1;
T_3.10 ;
    %load/vec4 v0000016d78b6c670_0;
    %addi 1, 0, 32;
    %store/vec4 v0000016d78b6c670_0, 0, 32;
    %jmp T_3.8;
T_3.9 ;
    %load/vec4 v0000016d78b6c030_0;
    %addi 1, 0, 32;
    %store/vec4 v0000016d78b6c030_0, 0, 32;
    %jmp T_3.6;
T_3.7 ;
    %pushi/vec4 1, 0, 1;
    %ix/getv 4, v0000016d78b6b6d0_0;
    %store/vec4 v0000016d78b6d070_0, 4, 1;
    %load/vec4 v0000016d78b6b6d0_0;
    %pad/u 32;
    %cmpi/e 6, 0, 32;
    %jmp/0xz  T_3.12, 4;
    %vpi_call 2 142 "$display", "\012RESET = 6 ; visited = %b , to_visit = %b", v0000016d78b6d070_0, v0000016d78b6b770_0 {0 0 0};
    %pushi/vec4 1, 0, 1;
    %ix/load 4, 6, 0;
    %flag_set/imm 4, 0;
    %store/vec4 v0000016d78b6d070_0, 4, 1;
T_3.12 ;
    %load/vec4 v0000016d78b6d070_0;
    %load/vec4 v0000016d78b6b770_0;
    %cmp/e;
    %jmp/0xz  T_3.14, 4;
    %pushi/vec4 1, 0, 32;
    %store/vec4 v0000016d78b6bbd0_0, 0, 32;
    %vpi_call 2 149 "$display", "\012All reachable states have been tested." {0 0 0};
    %vpi_call 2 150 "$finish" {0 0 0};
T_3.14 ;
T_3.4 ;
    %load/vec4 v0000016d78b6d070_0;
    %load/vec4 v0000016d78b6b770_0;
    %cmp/e;
    %jmp/0xz  T_3.16, 4;
T_3.16 ;
    %load/vec4 v0000016d78b6d6b0_0;
    %addi 1, 0, 32;
    %store/vec4 v0000016d78b6d6b0_0, 0, 32;
    %jmp T_3.2;
T_3.3 ;
    %load/vec4 v0000016d78b6d070_0;
    %load/vec4 v0000016d78b6b770_0;
    %cmp/ne;
    %flag_get/vec4 4;
    %vpi_call 2 163 "$display", "\012are visited and to_visit the same? = %b", S<0,vec4,u1> {1 0 0};
    %jmp T_3.0;
T_3.1 ;
    %vpi_call 2 167 "$display", "\012All reachable states have been tested." {0 0 0};
    %vpi_call 2 168 "$finish" {0 0 0};
    %end;
    .thread T_3;
# The file index is used to find the file name in the following table.
:file_names 4;
    "N/A";
    "<interactive>";
    "SMTTInput.t.v";
    "SMControlFig3StructuralInput.v";
