#! /c/Source/iverilog-install/bin/vvp
:ivl_version "12.0 (devel)" "(s20150603-1539-g2693dd32b)";
:ivl_delay_selection "TYPICAL";
:vpi_time_precision - 10;
:vpi_module "C:\iverilog\lib\ivl\system.vpi";
:vpi_module "C:\iverilog\lib\ivl\vhdl_sys.vpi";
:vpi_module "C:\iverilog\lib\ivl\vhdl_textio.vpi";
:vpi_module "C:\iverilog\lib\ivl\v2005_math.vpi";
:vpi_module "C:\iverilog\lib\ivl\va_math.vpi";
S_0000013a02cb9d30 .scope module, "SMControlTest" "SMControlTest" 2 23;
 .timescale -9 -10;
P_0000013a02cb6d10 .param/l "NUM_BITS" 0 2 24, +C4<00000000000000000000000000000100>;
v0000013a02d254a0_0 .var "clk", 0 0;
o0000013a02cc2918 .functor BUFZ 1, C4<z>; HiZ drive
v0000013a02d23740_0 .net "done", 0 0, o0000013a02cc2918;  0 drivers
v0000013a02d22de0_0 .var "errors", 7 0;
v0000013a02d237e0_0 .net "mdld", 0 0, L_0000013a02ca8ce0;  1 drivers
v0000013a02d24aa0_0 .var "mr", 3 0;
v0000013a02d23880_0 .net "mrld", 0 0, L_0000013a02ca9920;  1 drivers
v0000013a02d239c0_0 .var/i "multiplier", 31 0;
v0000013a02d24e60_0 .net "n", 3 0, L_0000013a02d2a540;  1 drivers
v0000013a02d23ba0_0 .var "reset_state", 3 0;
v0000013a02d23d80_0 .var/i "rs", 31 0;
v0000013a02d23e20_0 .net "rsclear", 0 0, L_0000013a02ca9450;  1 drivers
v0000013a02d23ec0_0 .net "rsload", 0 0, L_0000013a02d28ae0;  1 drivers
v0000013a02d24f00_0 .net "rsshr", 0 0, L_0000013a02d2d000;  1 drivers
v0000013a02d24fa0_0 .var "rst", 0 0;
v0000013a02d250e0_0 .net "s", 3 0, v0000013a02d24dc0_0;  1 drivers
v0000013a02d25180_0 .var/i "st", 31 0;
v0000013a02d26620_0 .var "start", 0 0;
S_0000013a02c63aa0 .scope module, "control" "SMControl" 2 64, 3 6 0, S_0000013a02cb9d30;
 .timescale 0 0;
    .port_info 0 /INPUT 4 "reset_state";
    .port_info 1 /INPUT 1 "clk";
    .port_info 2 /INPUT 1 "rst";
    .port_info 3 /INPUT 1 "start";
    .port_info 4 /INPUT 4 "mr";
    .port_info 5 /OUTPUT 1 "mdld";
    .port_info 6 /OUTPUT 1 "mrld";
    .port_info 7 /OUTPUT 1 "rsload";
    .port_info 8 /OUTPUT 1 "rsclear";
    .port_info 9 /OUTPUT 1 "rsshr";
    .port_info 10 /OUTPUT 4 "s";
    .port_info 11 /OUTPUT 4 "n";
    .port_info 12 /OUTPUT 1 "done";
L_0000013a02ca9300 .functor NOT 1, L_0000013a02d263a0, C4<0>, C4<0>, C4<0>;
L_0000013a02ca9370 .functor NOT 1, L_0000013a02d26940, C4<0>, C4<0>, C4<0>;
L_0000013a02ca8f80 .functor AND 1, L_0000013a02ca9300, L_0000013a02ca9370, C4<1>, C4<1>;
L_0000013a02ca93e0 .functor NOT 1, L_0000013a02d25a40, C4<0>, C4<0>, C4<0>;
L_0000013a02ca8c00 .functor AND 1, L_0000013a02ca8f80, L_0000013a02ca93e0, C4<1>, C4<1>;
L_0000013a02ca9450 .functor AND 1, L_0000013a02ca8c00, L_0000013a02d257c0, C4<1>, C4<1>;
L_0000013a02ca9840 .functor NOT 1, L_0000013a02d26760, C4<0>, C4<0>, C4<0>;
L_0000013a02ca94c0 .functor NOT 1, L_0000013a02d25900, C4<0>, C4<0>, C4<0>;
L_0000013a02ca9530 .functor AND 1, L_0000013a02ca9840, L_0000013a02ca94c0, C4<1>, C4<1>;
L_0000013a02ca95a0 .functor NOT 1, L_0000013a02d25d60, C4<0>, C4<0>, C4<0>;
L_0000013a02ca8c70 .functor AND 1, L_0000013a02ca9530, L_0000013a02ca95a0, C4<1>, C4<1>;
L_0000013a02ca8ce0 .functor AND 1, L_0000013a02ca8c70, L_0000013a02d25720, C4<1>, C4<1>;
L_0000013a02ca98b0 .functor NOT 1, L_0000013a02d264e0, C4<0>, C4<0>, C4<0>;
L_0000013a02ca9610 .functor NOT 1, L_0000013a02d25860, C4<0>, C4<0>, C4<0>;
L_0000013a02ca8ab0 .functor AND 1, L_0000013a02ca98b0, L_0000013a02ca9610, C4<1>, C4<1>;
L_0000013a02ca8d50 .functor NOT 1, L_0000013a02d25540, C4<0>, C4<0>, C4<0>;
L_0000013a02ca96f0 .functor AND 1, L_0000013a02ca8ab0, L_0000013a02ca8d50, C4<1>, C4<1>;
L_0000013a02ca9920 .functor AND 1, L_0000013a02ca96f0, L_0000013a02d266c0, C4<1>, C4<1>;
L_0000013a02ca8a40 .functor NOT 1, L_0000013a02d25c20, C4<0>, C4<0>, C4<0>;
L_0000013a02ca8dc0 .functor AND 1, L_0000013a02ca8a40, L_0000013a02d25680, C4<1>, C4<1>;
L_0000013a02c6d880 .functor AND 1, L_0000013a02ca8dc0, L_0000013a02d26800, C4<1>, C4<1>;
L_0000013a02d288b0 .functor AND 1, L_0000013a02c6d880, L_0000013a02d26080, C4<1>, C4<1>;
L_0000013a02d27d50 .functor AND 1, L_0000013a02d288b0, L_0000013a02d26120, C4<1>, C4<1>;
L_0000013a02d28bc0 .functor NOT 1, L_0000013a02d269e0, C4<0>, C4<0>, C4<0>;
L_0000013a02d28c30 .functor AND 1, L_0000013a02d268a0, L_0000013a02d28bc0, C4<1>, C4<1>;
L_0000013a02d28920 .functor NOT 1, L_0000013a02d25cc0, C4<0>, C4<0>, C4<0>;
L_0000013a02d27dc0 .functor AND 1, L_0000013a02d28c30, L_0000013a02d28920, C4<1>, C4<1>;
L_0000013a02d280d0 .functor NOT 1, L_0000013a02d26440, C4<0>, C4<0>, C4<0>;
L_0000013a02d28140 .functor AND 1, L_0000013a02d27dc0, L_0000013a02d280d0, C4<1>, C4<1>;
L_0000013a02d281b0 .functor AND 1, L_0000013a02d28140, L_0000013a02d25ae0, C4<1>, C4<1>;
L_0000013a02d287d0 .functor OR 1, L_0000013a02d27d50, L_0000013a02d281b0, C4<0>, C4<0>;
L_0000013a02d28370 .functor NOT 1, L_0000013a02d26a80, C4<0>, C4<0>, C4<0>;
L_0000013a02d28a00 .functor AND 1, L_0000013a02d259a0, L_0000013a02d28370, C4<1>, C4<1>;
L_0000013a02d27ea0 .functor NOT 1, L_0000013a02d25e00, C4<0>, C4<0>, C4<0>;
L_0000013a02d283e0 .functor AND 1, L_0000013a02d28a00, L_0000013a02d27ea0, C4<1>, C4<1>;
L_0000013a02d27f10 .functor AND 1, L_0000013a02d283e0, L_0000013a02d261c0, C4<1>, C4<1>;
L_0000013a02d27e30 .functor AND 1, L_0000013a02d27f10, L_0000013a02d25ea0, C4<1>, C4<1>;
L_0000013a02d28990 .functor OR 1, L_0000013a02d287d0, L_0000013a02d27e30, C4<0>, C4<0>;
L_0000013a02d28a70 .functor NOT 1, L_0000013a02d26580, C4<0>, C4<0>, C4<0>;
L_0000013a02d28290 .functor AND 1, L_0000013a02d25b80, L_0000013a02d28a70, C4<1>, C4<1>;
L_0000013a02d28b50 .functor AND 1, L_0000013a02d28290, L_0000013a02d26b20, C4<1>, C4<1>;
L_0000013a02d284c0 .functor NOT 1, L_0000013a02d26bc0, C4<0>, C4<0>, C4<0>;
L_0000013a02d27f80 .functor AND 1, L_0000013a02d28b50, L_0000013a02d284c0, C4<1>, C4<1>;
L_0000013a02d28060 .functor AND 1, L_0000013a02d27f80, L_0000013a02d25f40, C4<1>, C4<1>;
L_0000013a02d28ae0 .functor OR 1, L_0000013a02d28990, L_0000013a02d28060, C4<0>, C4<0>;
L_0000013a02d27ff0 .functor NOT 1, L_0000013a02d255e0, C4<0>, C4<0>, C4<0>;
L_0000013a02d286f0 .functor NOT 1, L_0000013a02d25fe0, C4<0>, C4<0>, C4<0>;
L_0000013a02d28220 .functor AND 1, L_0000013a02d27ff0, L_0000013a02d286f0, C4<1>, C4<1>;
L_0000013a02d28300 .functor AND 1, L_0000013a02d28220, L_0000013a02d26260, C4<1>, C4<1>;
L_0000013a02d28450 .functor AND 1, L_0000013a02d28300, L_0000013a02d26300, C4<1>, C4<1>;
L_0000013a02d28530 .functor NOT 1, L_0000013a02d2c160, C4<0>, C4<0>, C4<0>;
L_0000013a02d285a0 .functor AND 1, L_0000013a02d28530, L_0000013a02d2bd00, C4<1>, C4<1>;
L_0000013a02d28840 .functor NOT 1, L_0000013a02d2cd40, C4<0>, C4<0>, C4<0>;
L_0000013a02d28610 .functor AND 1, L_0000013a02d285a0, L_0000013a02d28840, C4<1>, C4<1>;
L_0000013a02d28680 .functor NOT 1, L_0000013a02d2c3e0, C4<0>, C4<0>, C4<0>;
L_0000013a02d28760 .functor AND 1, L_0000013a02d28610, L_0000013a02d28680, C4<1>, C4<1>;
L_0000013a02d2d1c0 .functor OR 1, L_0000013a02d28450, L_0000013a02d28760, C4<0>, C4<0>;
L_0000013a02d2d8c0 .functor NOT 1, L_0000013a02d2c2a0, C4<0>, C4<0>, C4<0>;
L_0000013a02d2db60 .functor AND 1, L_0000013a02d2d8c0, L_0000013a02d2c520, C4<1>, C4<1>;
L_0000013a02d2d7e0 .functor NOT 1, L_0000013a02d2c700, C4<0>, C4<0>, C4<0>;
L_0000013a02d2d150 .functor AND 1, L_0000013a02d2db60, L_0000013a02d2d7e0, C4<1>, C4<1>;
L_0000013a02d2d230 .functor AND 1, L_0000013a02d2d150, L_0000013a02d2bc60, C4<1>, C4<1>;
L_0000013a02d2dbd0 .functor OR 1, L_0000013a02d2d1c0, L_0000013a02d2d230, C4<0>, C4<0>;
L_0000013a02d2dd20 .functor NOT 1, L_0000013a02d2cde0, C4<0>, C4<0>, C4<0>;
L_0000013a02d2d620 .functor AND 1, L_0000013a02d2dd20, L_0000013a02d2be40, C4<1>, C4<1>;
L_0000013a02d2d2a0 .functor AND 1, L_0000013a02d2d620, L_0000013a02d2ca20, C4<1>, C4<1>;
L_0000013a02d2d310 .functor NOT 1, L_0000013a02d2ba80, C4<0>, C4<0>, C4<0>;
L_0000013a02d2d9a0 .functor AND 1, L_0000013a02d2d2a0, L_0000013a02d2d310, C4<1>, C4<1>;
L_0000013a02d2d000 .functor OR 1, L_0000013a02d2dbd0, L_0000013a02d2d9a0, C4<0>, C4<0>;
L_0000013a02d2d930 .functor NOT 1, L_0000013a02d2c840, C4<0>, C4<0>, C4<0>;
L_0000013a02d2d0e0 .functor NOT 1, L_0000013a02d2c020, C4<0>, C4<0>, C4<0>;
L_0000013a02d2d380 .functor AND 1, L_0000013a02d2d930, L_0000013a02d2d0e0, C4<1>, C4<1>;
L_0000013a02d2d3f0 .functor AND 1, L_0000013a02d2d380, L_0000013a02d2b8a0, C4<1>, C4<1>;
L_0000013a02d2dc40 .functor AND 1, L_0000013a02d2d3f0, L_0000013a02d2c7a0, C4<1>, C4<1>;
L_0000013a02d2d070 .functor NOT 1, L_0000013a02d2cac0, C4<0>, C4<0>, C4<0>;
L_0000013a02d2dd90 .functor AND 1, L_0000013a02d2d070, L_0000013a02d2bda0, C4<1>, C4<1>;
L_0000013a02d2d460 .functor NOT 1, L_0000013a02d2ce80, C4<0>, C4<0>, C4<0>;
L_0000013a02d2dcb0 .functor AND 1, L_0000013a02d2dd90, L_0000013a02d2d460, C4<1>, C4<1>;
L_0000013a02d2da80 .functor NOT 1, L_0000013a02d2c8e0, C4<0>, C4<0>, C4<0>;
L_0000013a02d2d690 .functor AND 1, L_0000013a02d2dcb0, L_0000013a02d2da80, C4<1>, C4<1>;
L_0000013a02d2d4d0 .functor OR 1, L_0000013a02d2dc40, L_0000013a02d2d690, C4<0>, C4<0>;
L_0000013a02d2d540 .functor NOT 1, L_0000013a02d2bbc0, C4<0>, C4<0>, C4<0>;
L_0000013a02d2d850 .functor AND 1, L_0000013a02d2d540, L_0000013a02d2bee0, C4<1>, C4<1>;
L_0000013a02d2da10 .functor NOT 1, L_0000013a02d2bf80, C4<0>, C4<0>, C4<0>;
L_0000013a02d2d5b0 .functor AND 1, L_0000013a02d2d850, L_0000013a02d2da10, C4<1>, C4<1>;
L_0000013a02d2d700 .functor AND 1, L_0000013a02d2d5b0, L_0000013a02d2c0c0, C4<1>, C4<1>;
L_0000013a02d2de00 .functor OR 1, L_0000013a02d2d4d0, L_0000013a02d2d700, C4<0>, C4<0>;
L_0000013a02d2daf0 .functor NOT 1, L_0000013a02d2c200, C4<0>, C4<0>, C4<0>;
L_0000013a02d2d770 .functor NOT 1, L_0000013a02d2b800, C4<0>, C4<0>, C4<0>;
L_0000013a02d2de70 .functor AND 1, L_0000013a02d2daf0, L_0000013a02d2d770, C4<1>, C4<1>;
L_0000013a02d2dee0 .functor AND 1, L_0000013a02d2de70, L_0000013a02d2bb20, C4<1>, C4<1>;
L_0000013a02d307a0 .functor NOT 1, L_0000013a02d2c340, C4<0>, C4<0>, C4<0>;
L_0000013a02d300a0 .functor AND 1, L_0000013a02d2dee0, L_0000013a02d307a0, C4<1>, C4<1>;
L_0000013a02d30420 .functor NOT 1, L_0000013a02d2c5c0, C4<0>, C4<0>, C4<0>;
L_0000013a02d30340 .functor AND 1, L_0000013a02d2c480, L_0000013a02d30420, C4<1>, C4<1>;
L_0000013a02d30e30 .functor NOT 1, L_0000013a02d2b940, C4<0>, C4<0>, C4<0>;
L_0000013a02d301f0 .functor AND 1, L_0000013a02d30340, L_0000013a02d30e30, C4<1>, C4<1>;
L_0000013a02d30810 .functor NOT 1, L_0000013a02d2c660, C4<0>, C4<0>, C4<0>;
L_0000013a02d30b20 .functor AND 1, L_0000013a02d301f0, L_0000013a02d30810, C4<1>, C4<1>;
L_0000013a02d303b0 .functor OR 1, L_0000013a02d300a0, L_0000013a02d30b20, C4<0>, C4<0>;
L_0000013a02d30490 .functor NOT 1, L_0000013a02d2cb60, C4<0>, C4<0>, C4<0>;
L_0000013a02d308f0 .functor AND 1, L_0000013a02d2c980, L_0000013a02d30490, C4<1>, C4<1>;
L_0000013a02d30ab0 .functor NOT 1, L_0000013a02d2cc00, C4<0>, C4<0>, C4<0>;
L_0000013a02d30730 .functor AND 1, L_0000013a02d308f0, L_0000013a02d30ab0, C4<1>, C4<1>;
L_0000013a02d30880 .functor AND 1, L_0000013a02d30730, L_0000013a02d2cca0, C4<1>, C4<1>;
L_0000013a02d30500 .functor OR 1, L_0000013a02d303b0, L_0000013a02d30880, C4<0>, C4<0>;
L_0000013a02d30ea0 .functor NOT 1, L_0000013a02d2b300, C4<0>, C4<0>, C4<0>;
L_0000013a02d30960 .functor AND 1, L_0000013a02d2b9e0, L_0000013a02d30ea0, C4<1>, C4<1>;
L_0000013a02d306c0 .functor AND 1, L_0000013a02d30960, L_0000013a02d2a860, C4<1>, C4<1>;
L_0000013a02d30180 .functor NOT 1, L_0000013a02d295a0, C4<0>, C4<0>, C4<0>;
L_0000013a02d30570 .functor AND 1, L_0000013a02d306c0, L_0000013a02d30180, C4<1>, C4<1>;
L_0000013a02d305e0 .functor OR 1, L_0000013a02d30500, L_0000013a02d30570, C4<0>, C4<0>;
L_0000013a02d30110 .functor NOT 1, L_0000013a02d298c0, C4<0>, C4<0>, C4<0>;
L_0000013a02d30260 .functor NOT 1, L_0000013a02d2a720, C4<0>, C4<0>, C4<0>;
L_0000013a02d302d0 .functor AND 1, L_0000013a02d30110, L_0000013a02d30260, C4<1>, C4<1>;
L_0000013a02d30c00 .functor NOT 1, L_0000013a02d2a360, C4<0>, C4<0>, C4<0>;
L_0000013a02d30650 .functor AND 1, L_0000013a02d302d0, L_0000013a02d30c00, C4<1>, C4<1>;
L_0000013a02d30c70 .functor AND 1, L_0000013a02d30650, L_0000013a02d2aae0, C4<1>, C4<1>;
L_0000013a02d30030 .functor NOT 1, L_0000013a02d2af40, C4<0>, C4<0>, C4<0>;
L_0000013a02d309d0 .functor NOT 1, L_0000013a02d29960, C4<0>, C4<0>, C4<0>;
L_0000013a02d30a40 .functor AND 1, L_0000013a02d30030, L_0000013a02d309d0, C4<1>, C4<1>;
L_0000013a02d30b90 .functor AND 1, L_0000013a02d30a40, L_0000013a02d2a220, C4<1>, C4<1>;
L_0000013a02d30ce0 .functor NOT 1, L_0000013a02d293c0, C4<0>, C4<0>, C4<0>;
L_0000013a02d30d50 .functor AND 1, L_0000013a02d30b90, L_0000013a02d30ce0, C4<1>, C4<1>;
L_0000013a02d30dc0 .functor OR 1, L_0000013a02d30c70, L_0000013a02d30d50, C4<0>, C4<0>;
L_0000013a02d30f10 .functor NOT 1, L_0000013a02d2b6c0, C4<0>, C4<0>, C4<0>;
L_0000013a02d330c0 .functor AND 1, L_0000013a02d30f10, L_0000013a02d2ac20, C4<1>, C4<1>;
L_0000013a02d33600 .functor AND 1, L_0000013a02d330c0, L_0000013a02d29d20, C4<1>, C4<1>;
L_0000013a02d338a0 .functor AND 1, L_0000013a02d33600, L_0000013a02d2a0e0, C4<1>, C4<1>;
L_0000013a02d331a0 .functor OR 1, L_0000013a02d30dc0, L_0000013a02d338a0, C4<0>, C4<0>;
L_0000013a02d33360 .functor NOT 1, L_0000013a02d29460, C4<0>, C4<0>, C4<0>;
L_0000013a02d33210 .functor AND 1, L_0000013a02d33360, L_0000013a02d2a900, C4<1>, C4<1>;
L_0000013a02d33d00 .functor NOT 1, L_0000013a02d290a0, C4<0>, C4<0>, C4<0>;
L_0000013a02d334b0 .functor AND 1, L_0000013a02d33210, L_0000013a02d33d00, C4<1>, C4<1>;
L_0000013a02d33130 .functor AND 1, L_0000013a02d334b0, L_0000013a02d291e0, C4<1>, C4<1>;
L_0000013a02d33c20 .functor OR 1, L_0000013a02d331a0, L_0000013a02d33130, C4<0>, C4<0>;
L_0000013a02d33a60 .functor NOT 1, L_0000013a02d2ae00, C4<0>, C4<0>, C4<0>;
L_0000013a02d333d0 .functor AND 1, L_0000013a02d2afe0, L_0000013a02d33a60, C4<1>, C4<1>;
L_0000013a02d33280 .functor AND 1, L_0000013a02d333d0, L_0000013a02d29000, C4<1>, C4<1>;
L_0000013a02d33e50 .functor NOT 1, L_0000013a02d2b080, C4<0>, C4<0>, C4<0>;
L_0000013a02d33ec0 .functor AND 1, L_0000013a02d33280, L_0000013a02d33e50, C4<1>, C4<1>;
L_0000013a02d33440 .functor OR 1, L_0000013a02d33c20, L_0000013a02d33ec0, C4<0>, C4<0>;
L_0000013a02d33050 .functor NOT 1, L_0000013a02d2b580, C4<0>, C4<0>, C4<0>;
L_0000013a02d33c90 .functor NOT 1, L_0000013a02d2a9a0, C4<0>, C4<0>, C4<0>;
L_0000013a02d33670 .functor AND 1, L_0000013a02d33050, L_0000013a02d33c90, C4<1>, C4<1>;
L_0000013a02d33f30 .functor NOT 1, L_0000013a02d2aa40, C4<0>, C4<0>, C4<0>;
L_0000013a02d332f0 .functor AND 1, L_0000013a02d33670, L_0000013a02d33f30, C4<1>, C4<1>;
L_0000013a02d33520 .functor NOT 1, L_0000013a02d2ab80, C4<0>, C4<0>, C4<0>;
L_0000013a02d339f0 .functor AND 1, L_0000013a02d332f0, L_0000013a02d33520, C4<1>, C4<1>;
L_0000013a02d33ad0 .functor AND 1, L_0000013a02d339f0, v0000013a02d26620_0, C4<1>, C4<1>;
L_0000013a02d33d70 .functor NOT 1, L_0000013a02d29140, C4<0>, C4<0>, C4<0>;
L_0000013a02d33590 .functor NOT 1, L_0000013a02d29280, C4<0>, C4<0>, C4<0>;
L_0000013a02d33750 .functor AND 1, L_0000013a02d33d70, L_0000013a02d33590, C4<1>, C4<1>;
L_0000013a02d336e0 .functor AND 1, L_0000013a02d33750, L_0000013a02d29fa0, C4<1>, C4<1>;
L_0000013a02d33910 .functor NOT 1, L_0000013a02d2a400, C4<0>, C4<0>, C4<0>;
L_0000013a02d337c0 .functor AND 1, L_0000013a02d336e0, L_0000013a02d33910, C4<1>, C4<1>;
L_0000013a02d33830 .functor OR 1, L_0000013a02d33ad0, L_0000013a02d337c0, C4<0>, C4<0>;
L_0000013a02d33de0 .functor NOT 1, L_0000013a02d2b440, C4<0>, C4<0>, C4<0>;
L_0000013a02d33980 .functor AND 1, L_0000013a02d33de0, L_0000013a02d2b3a0, C4<1>, C4<1>;
L_0000013a02d33b40 .functor AND 1, L_0000013a02d33980, L_0000013a02d29320, C4<1>, C4<1>;
L_0000013a02d33bb0 .functor AND 1, L_0000013a02d33b40, L_0000013a02d29500, C4<1>, C4<1>;
L_0000013a02d35db0 .functor OR 1, L_0000013a02d33830, L_0000013a02d33bb0, C4<0>, C4<0>;
L_0000013a02d35e20 .functor NOT 1, L_0000013a02d29780, C4<0>, C4<0>, C4<0>;
L_0000013a02d35c60 .functor AND 1, L_0000013a02d35e20, L_0000013a02d29640, C4<1>, C4<1>;
L_0000013a02d35f70 .functor NOT 1, L_0000013a02d2acc0, C4<0>, C4<0>, C4<0>;
L_0000013a02d35e90 .functor AND 1, L_0000013a02d35c60, L_0000013a02d35f70, C4<1>, C4<1>;
L_0000013a02d35d40 .functor NOT 1, L_0000013a02d296e0, C4<0>, C4<0>, C4<0>;
L_0000013a02d35f00 .functor AND 1, L_0000013a02d35e90, L_0000013a02d35d40, C4<1>, C4<1>;
L_0000013a02d35cd0 .functor OR 1, L_0000013a02d35db0, L_0000013a02d35f00, C4<0>, C4<0>;
L_0000013a02d35090 .functor NOT 1, L_0000013a02d2ad60, C4<0>, C4<0>, C4<0>;
L_0000013a02d34a00 .functor AND 1, L_0000013a02d29b40, L_0000013a02d35090, C4<1>, C4<1>;
L_0000013a02d34990 .functor NOT 1, L_0000013a02d29820, C4<0>, C4<0>, C4<0>;
L_0000013a02d35720 .functor AND 1, L_0000013a02d34a00, L_0000013a02d34990, C4<1>, C4<1>;
L_0000013a02d34450 .functor AND 1, L_0000013a02d35720, L_0000013a02d29a00, C4<1>, C4<1>;
L_0000013a02d35640 .functor OR 1, L_0000013a02d35cd0, L_0000013a02d34450, C4<0>, C4<0>;
v0000013a02cbe000_0 .net *"_ivl_1", 0 0, L_0000013a02d263a0;  1 drivers
v0000013a02cbdd80_0 .net *"_ivl_101", 0 0, L_0000013a02d25ae0;  1 drivers
v0000013a02cbe3c0_0 .net *"_ivl_102", 0 0, L_0000013a02d281b0;  1 drivers
v0000013a02cbde20_0 .net *"_ivl_104", 0 0, L_0000013a02d287d0;  1 drivers
v0000013a02cbe320_0 .net *"_ivl_107", 0 0, L_0000013a02d259a0;  1 drivers
v0000013a02cbd6a0_0 .net *"_ivl_109", 0 0, L_0000013a02d26a80;  1 drivers
v0000013a02cbe0a0_0 .net *"_ivl_11", 0 0, L_0000013a02d25a40;  1 drivers
v0000013a02cbd4c0_0 .net *"_ivl_110", 0 0, L_0000013a02d28370;  1 drivers
v0000013a02cbdc40_0 .net *"_ivl_112", 0 0, L_0000013a02d28a00;  1 drivers
v0000013a02cbd560_0 .net *"_ivl_115", 0 0, L_0000013a02d25e00;  1 drivers
v0000013a02cbdce0_0 .net *"_ivl_116", 0 0, L_0000013a02d27ea0;  1 drivers
v0000013a02cbe460_0 .net *"_ivl_118", 0 0, L_0000013a02d283e0;  1 drivers
v0000013a02cbf040_0 .net *"_ivl_12", 0 0, L_0000013a02ca93e0;  1 drivers
v0000013a02cbec80_0 .net *"_ivl_121", 0 0, L_0000013a02d261c0;  1 drivers
v0000013a02cbe500_0 .net *"_ivl_122", 0 0, L_0000013a02d27f10;  1 drivers
v0000013a02cbe140_0 .net *"_ivl_125", 0 0, L_0000013a02d25ea0;  1 drivers
v0000013a02cbe1e0_0 .net *"_ivl_126", 0 0, L_0000013a02d27e30;  1 drivers
v0000013a02cbef00_0 .net *"_ivl_128", 0 0, L_0000013a02d28990;  1 drivers
v0000013a02cbf0e0_0 .net *"_ivl_131", 0 0, L_0000013a02d25b80;  1 drivers
v0000013a02cbd920_0 .net *"_ivl_133", 0 0, L_0000013a02d26580;  1 drivers
v0000013a02cbd880_0 .net *"_ivl_134", 0 0, L_0000013a02d28a70;  1 drivers
v0000013a02cbe280_0 .net *"_ivl_136", 0 0, L_0000013a02d28290;  1 drivers
v0000013a02cbe5a0_0 .net *"_ivl_139", 0 0, L_0000013a02d26b20;  1 drivers
v0000013a02cbe640_0 .net *"_ivl_14", 0 0, L_0000013a02ca8c00;  1 drivers
v0000013a02cbeaa0_0 .net *"_ivl_140", 0 0, L_0000013a02d28b50;  1 drivers
v0000013a02cbdec0_0 .net *"_ivl_143", 0 0, L_0000013a02d26bc0;  1 drivers
v0000013a02cbe6e0_0 .net *"_ivl_144", 0 0, L_0000013a02d284c0;  1 drivers
v0000013a02cbe780_0 .net *"_ivl_146", 0 0, L_0000013a02d27f80;  1 drivers
v0000013a02cbf180_0 .net *"_ivl_149", 0 0, L_0000013a02d25f40;  1 drivers
v0000013a02cbf220_0 .net *"_ivl_150", 0 0, L_0000013a02d28060;  1 drivers
v0000013a02cbe820_0 .net *"_ivl_155", 0 0, L_0000013a02d255e0;  1 drivers
v0000013a02cbd380_0 .net *"_ivl_156", 0 0, L_0000013a02d27ff0;  1 drivers
v0000013a02cbeb40_0 .net *"_ivl_159", 0 0, L_0000013a02d25fe0;  1 drivers
v0000013a02cbefa0_0 .net *"_ivl_160", 0 0, L_0000013a02d286f0;  1 drivers
v0000013a02cbdf60_0 .net *"_ivl_162", 0 0, L_0000013a02d28220;  1 drivers
v0000013a02cbe8c0_0 .net *"_ivl_165", 0 0, L_0000013a02d26260;  1 drivers
v0000013a02cbe960_0 .net *"_ivl_166", 0 0, L_0000013a02d28300;  1 drivers
v0000013a02cbea00_0 .net *"_ivl_169", 0 0, L_0000013a02d26300;  1 drivers
v0000013a02cbed20_0 .net *"_ivl_17", 0 0, L_0000013a02d257c0;  1 drivers
v0000013a02cbd9c0_0 .net *"_ivl_170", 0 0, L_0000013a02d28450;  1 drivers
v0000013a02cbda60_0 .net *"_ivl_173", 0 0, L_0000013a02d2c160;  1 drivers
v0000013a02cbdb00_0 .net *"_ivl_174", 0 0, L_0000013a02d28530;  1 drivers
v0000013a02cbebe0_0 .net *"_ivl_177", 0 0, L_0000013a02d2bd00;  1 drivers
v0000013a02cbd740_0 .net *"_ivl_178", 0 0, L_0000013a02d285a0;  1 drivers
v0000013a02cbd420_0 .net *"_ivl_181", 0 0, L_0000013a02d2cd40;  1 drivers
v0000013a02cbd7e0_0 .net *"_ivl_182", 0 0, L_0000013a02d28840;  1 drivers
v0000013a02cbedc0_0 .net *"_ivl_184", 0 0, L_0000013a02d28610;  1 drivers
v0000013a02cbdba0_0 .net *"_ivl_187", 0 0, L_0000013a02d2c3e0;  1 drivers
v0000013a02cbee60_0 .net *"_ivl_188", 0 0, L_0000013a02d28680;  1 drivers
v0000013a02cbd600_0 .net *"_ivl_190", 0 0, L_0000013a02d28760;  1 drivers
v0000013a02d1c190_0 .net *"_ivl_192", 0 0, L_0000013a02d2d1c0;  1 drivers
v0000013a02d1c230_0 .net *"_ivl_195", 0 0, L_0000013a02d2c2a0;  1 drivers
v0000013a02d1d4f0_0 .net *"_ivl_196", 0 0, L_0000013a02d2d8c0;  1 drivers
v0000013a02d1dbd0_0 .net *"_ivl_199", 0 0, L_0000013a02d2c520;  1 drivers
v0000013a02d1c9b0_0 .net *"_ivl_2", 0 0, L_0000013a02ca9300;  1 drivers
v0000013a02d1dc70_0 .net *"_ivl_200", 0 0, L_0000013a02d2db60;  1 drivers
v0000013a02d1d270_0 .net *"_ivl_203", 0 0, L_0000013a02d2c700;  1 drivers
v0000013a02d1dd10_0 .net *"_ivl_204", 0 0, L_0000013a02d2d7e0;  1 drivers
v0000013a02d1ddb0_0 .net *"_ivl_206", 0 0, L_0000013a02d2d150;  1 drivers
v0000013a02d1c690_0 .net *"_ivl_209", 0 0, L_0000013a02d2bc60;  1 drivers
v0000013a02d1c5f0_0 .net *"_ivl_21", 0 0, L_0000013a02d26760;  1 drivers
v0000013a02d1cff0_0 .net *"_ivl_210", 0 0, L_0000013a02d2d230;  1 drivers
v0000013a02d1d310_0 .net *"_ivl_212", 0 0, L_0000013a02d2dbd0;  1 drivers
v0000013a02d1d3b0_0 .net *"_ivl_215", 0 0, L_0000013a02d2cde0;  1 drivers
v0000013a02d1d810_0 .net *"_ivl_216", 0 0, L_0000013a02d2dd20;  1 drivers
v0000013a02d1cc30_0 .net *"_ivl_219", 0 0, L_0000013a02d2be40;  1 drivers
v0000013a02d1d090_0 .net *"_ivl_22", 0 0, L_0000013a02ca9840;  1 drivers
v0000013a02d1d450_0 .net *"_ivl_220", 0 0, L_0000013a02d2d620;  1 drivers
v0000013a02d1de50_0 .net *"_ivl_223", 0 0, L_0000013a02d2ca20;  1 drivers
v0000013a02d1def0_0 .net *"_ivl_224", 0 0, L_0000013a02d2d2a0;  1 drivers
v0000013a02d1d590_0 .net *"_ivl_227", 0 0, L_0000013a02d2ba80;  1 drivers
v0000013a02d1df90_0 .net *"_ivl_228", 0 0, L_0000013a02d2d310;  1 drivers
v0000013a02d1d8b0_0 .net *"_ivl_230", 0 0, L_0000013a02d2d9a0;  1 drivers
v0000013a02d1c0f0_0 .net *"_ivl_237", 0 0, L_0000013a02d2c840;  1 drivers
v0000013a02d1ccd0_0 .net *"_ivl_238", 0 0, L_0000013a02d2d930;  1 drivers
v0000013a02d1d630_0 .net *"_ivl_241", 0 0, L_0000013a02d2c020;  1 drivers
v0000013a02d1d130_0 .net *"_ivl_242", 0 0, L_0000013a02d2d0e0;  1 drivers
v0000013a02d1d6d0_0 .net *"_ivl_244", 0 0, L_0000013a02d2d380;  1 drivers
v0000013a02d1c2d0_0 .net *"_ivl_247", 0 0, L_0000013a02d2b8a0;  1 drivers
v0000013a02d1c7d0_0 .net *"_ivl_248", 0 0, L_0000013a02d2d3f0;  1 drivers
v0000013a02d1c870_0 .net *"_ivl_25", 0 0, L_0000013a02d25900;  1 drivers
v0000013a02d1ca50_0 .net *"_ivl_251", 0 0, L_0000013a02d2c7a0;  1 drivers
v0000013a02d1d770_0 .net *"_ivl_252", 0 0, L_0000013a02d2dc40;  1 drivers
v0000013a02d1c730_0 .net *"_ivl_255", 0 0, L_0000013a02d2cac0;  1 drivers
v0000013a02d1c370_0 .net *"_ivl_256", 0 0, L_0000013a02d2d070;  1 drivers
v0000013a02d1c910_0 .net *"_ivl_259", 0 0, L_0000013a02d2bda0;  1 drivers
v0000013a02d1cd70_0 .net *"_ivl_26", 0 0, L_0000013a02ca94c0;  1 drivers
v0000013a02d1caf0_0 .net *"_ivl_260", 0 0, L_0000013a02d2dd90;  1 drivers
v0000013a02d1d950_0 .net *"_ivl_263", 0 0, L_0000013a02d2ce80;  1 drivers
v0000013a02d1cb90_0 .net *"_ivl_264", 0 0, L_0000013a02d2d460;  1 drivers
v0000013a02d1d9f0_0 .net *"_ivl_266", 0 0, L_0000013a02d2dcb0;  1 drivers
v0000013a02d1c410_0 .net *"_ivl_269", 0 0, L_0000013a02d2c8e0;  1 drivers
v0000013a02d1ce10_0 .net *"_ivl_270", 0 0, L_0000013a02d2da80;  1 drivers
v0000013a02d1da90_0 .net *"_ivl_272", 0 0, L_0000013a02d2d690;  1 drivers
v0000013a02d1ceb0_0 .net *"_ivl_274", 0 0, L_0000013a02d2d4d0;  1 drivers
v0000013a02d1cf50_0 .net *"_ivl_277", 0 0, L_0000013a02d2bbc0;  1 drivers
v0000013a02d1c4b0_0 .net *"_ivl_278", 0 0, L_0000013a02d2d540;  1 drivers
v0000013a02d1d1d0_0 .net *"_ivl_28", 0 0, L_0000013a02ca9530;  1 drivers
v0000013a02d1db30_0 .net *"_ivl_281", 0 0, L_0000013a02d2bee0;  1 drivers
v0000013a02d1c550_0 .net *"_ivl_282", 0 0, L_0000013a02d2d850;  1 drivers
v0000013a02d0c0a0_0 .net *"_ivl_285", 0 0, L_0000013a02d2bf80;  1 drivers
v0000013a02d0c000_0 .net *"_ivl_286", 0 0, L_0000013a02d2da10;  1 drivers
v0000013a02d0b920_0 .net *"_ivl_288", 0 0, L_0000013a02d2d5b0;  1 drivers
v0000013a02d0bba0_0 .net *"_ivl_291", 0 0, L_0000013a02d2c0c0;  1 drivers
v0000013a02d0cd20_0 .net *"_ivl_292", 0 0, L_0000013a02d2d700;  1 drivers
v0000013a02d0b380_0 .net *"_ivl_294", 0 0, L_0000013a02d2de00;  1 drivers
v0000013a02d0cdc0_0 .net *"_ivl_299", 0 0, L_0000013a02d2c200;  1 drivers
v0000013a02d0ba60_0 .net *"_ivl_300", 0 0, L_0000013a02d2daf0;  1 drivers
v0000013a02d0c3c0_0 .net *"_ivl_303", 0 0, L_0000013a02d2b800;  1 drivers
v0000013a02d0bb00_0 .net *"_ivl_304", 0 0, L_0000013a02d2d770;  1 drivers
v0000013a02d0b740_0 .net *"_ivl_306", 0 0, L_0000013a02d2de70;  1 drivers
v0000013a02d0c140_0 .net *"_ivl_309", 0 0, L_0000013a02d2bb20;  1 drivers
v0000013a02d0bc40_0 .net *"_ivl_31", 0 0, L_0000013a02d25d60;  1 drivers
v0000013a02d0b7e0_0 .net *"_ivl_310", 0 0, L_0000013a02d2dee0;  1 drivers
v0000013a02d0caa0_0 .net *"_ivl_313", 0 0, L_0000013a02d2c340;  1 drivers
v0000013a02d0cb40_0 .net *"_ivl_314", 0 0, L_0000013a02d307a0;  1 drivers
v0000013a02d0c8c0_0 .net *"_ivl_316", 0 0, L_0000013a02d300a0;  1 drivers
v0000013a02d0c640_0 .net *"_ivl_319", 0 0, L_0000013a02d2c480;  1 drivers
v0000013a02d0bce0_0 .net *"_ivl_32", 0 0, L_0000013a02ca95a0;  1 drivers
v0000013a02d0b9c0_0 .net *"_ivl_321", 0 0, L_0000013a02d2c5c0;  1 drivers
v0000013a02d0c500_0 .net *"_ivl_322", 0 0, L_0000013a02d30420;  1 drivers
v0000013a02d0b600_0 .net *"_ivl_324", 0 0, L_0000013a02d30340;  1 drivers
v0000013a02d0bd80_0 .net *"_ivl_327", 0 0, L_0000013a02d2b940;  1 drivers
v0000013a02d0be20_0 .net *"_ivl_328", 0 0, L_0000013a02d30e30;  1 drivers
v0000013a02d0c1e0_0 .net *"_ivl_330", 0 0, L_0000013a02d301f0;  1 drivers
v0000013a02d0c460_0 .net *"_ivl_333", 0 0, L_0000013a02d2c660;  1 drivers
v0000013a02d0c780_0 .net *"_ivl_334", 0 0, L_0000013a02d30810;  1 drivers
v0000013a02d0bec0_0 .net *"_ivl_336", 0 0, L_0000013a02d30b20;  1 drivers
v0000013a02d0c280_0 .net *"_ivl_338", 0 0, L_0000013a02d303b0;  1 drivers
v0000013a02d0b880_0 .net *"_ivl_34", 0 0, L_0000013a02ca8c70;  1 drivers
v0000013a02d0b1a0_0 .net *"_ivl_341", 0 0, L_0000013a02d2c980;  1 drivers
v0000013a02d0b060_0 .net *"_ivl_343", 0 0, L_0000013a02d2cb60;  1 drivers
v0000013a02d0b240_0 .net *"_ivl_344", 0 0, L_0000013a02d30490;  1 drivers
v0000013a02d0bf60_0 .net *"_ivl_346", 0 0, L_0000013a02d308f0;  1 drivers
v0000013a02d0c320_0 .net *"_ivl_349", 0 0, L_0000013a02d2cc00;  1 drivers
v0000013a02d0c5a0_0 .net *"_ivl_350", 0 0, L_0000013a02d30ab0;  1 drivers
v0000013a02d0cc80_0 .net *"_ivl_352", 0 0, L_0000013a02d30730;  1 drivers
v0000013a02d0c6e0_0 .net *"_ivl_355", 0 0, L_0000013a02d2cca0;  1 drivers
v0000013a02d0b420_0 .net *"_ivl_356", 0 0, L_0000013a02d30880;  1 drivers
v0000013a02d0c820_0 .net *"_ivl_358", 0 0, L_0000013a02d30500;  1 drivers
v0000013a02d0b2e0_0 .net *"_ivl_361", 0 0, L_0000013a02d2b9e0;  1 drivers
v0000013a02d0c960_0 .net *"_ivl_363", 0 0, L_0000013a02d2b300;  1 drivers
v0000013a02d0b4c0_0 .net *"_ivl_364", 0 0, L_0000013a02d30ea0;  1 drivers
v0000013a02d0ce60_0 .net *"_ivl_366", 0 0, L_0000013a02d30960;  1 drivers
v0000013a02d0ca00_0 .net *"_ivl_369", 0 0, L_0000013a02d2a860;  1 drivers
v0000013a02d0cbe0_0 .net *"_ivl_37", 0 0, L_0000013a02d25720;  1 drivers
v0000013a02d0b560_0 .net *"_ivl_370", 0 0, L_0000013a02d306c0;  1 drivers
v0000013a02d0cf00_0 .net *"_ivl_373", 0 0, L_0000013a02d295a0;  1 drivers
v0000013a02d0b6a0_0 .net *"_ivl_374", 0 0, L_0000013a02d30180;  1 drivers
v0000013a02d0b100_0 .net *"_ivl_376", 0 0, L_0000013a02d30570;  1 drivers
v0000013a02d22390_0 .net *"_ivl_378", 0 0, L_0000013a02d305e0;  1 drivers
v0000013a02d21b70_0 .net *"_ivl_383", 0 0, L_0000013a02d298c0;  1 drivers
v0000013a02d22110_0 .net *"_ivl_384", 0 0, L_0000013a02d30110;  1 drivers
v0000013a02d22a70_0 .net *"_ivl_387", 0 0, L_0000013a02d2a720;  1 drivers
v0000013a02d22750_0 .net *"_ivl_388", 0 0, L_0000013a02d30260;  1 drivers
v0000013a02d22070_0 .net *"_ivl_390", 0 0, L_0000013a02d302d0;  1 drivers
v0000013a02d21f30_0 .net *"_ivl_393", 0 0, L_0000013a02d2a360;  1 drivers
v0000013a02d21e90_0 .net *"_ivl_394", 0 0, L_0000013a02d30c00;  1 drivers
v0000013a02d22930_0 .net *"_ivl_396", 0 0, L_0000013a02d30650;  1 drivers
v0000013a02d22b10_0 .net *"_ivl_399", 0 0, L_0000013a02d2aae0;  1 drivers
v0000013a02d218f0_0 .net *"_ivl_400", 0 0, L_0000013a02d30c70;  1 drivers
v0000013a02d21990_0 .net *"_ivl_403", 0 0, L_0000013a02d2af40;  1 drivers
v0000013a02d21fd0_0 .net *"_ivl_404", 0 0, L_0000013a02d30030;  1 drivers
v0000013a02d22250_0 .net *"_ivl_407", 0 0, L_0000013a02d29960;  1 drivers
v0000013a02d222f0_0 .net *"_ivl_408", 0 0, L_0000013a02d309d0;  1 drivers
v0000013a02d226b0_0 .net *"_ivl_41", 0 0, L_0000013a02d264e0;  1 drivers
v0000013a02d21d50_0 .net *"_ivl_410", 0 0, L_0000013a02d30a40;  1 drivers
v0000013a02d221b0_0 .net *"_ivl_413", 0 0, L_0000013a02d2a220;  1 drivers
v0000013a02d22430_0 .net *"_ivl_414", 0 0, L_0000013a02d30b90;  1 drivers
v0000013a02d22bb0_0 .net *"_ivl_417", 0 0, L_0000013a02d293c0;  1 drivers
v0000013a02d21530_0 .net *"_ivl_418", 0 0, L_0000013a02d30ce0;  1 drivers
v0000013a02d224d0_0 .net *"_ivl_42", 0 0, L_0000013a02ca98b0;  1 drivers
v0000013a02d215d0_0 .net *"_ivl_420", 0 0, L_0000013a02d30d50;  1 drivers
v0000013a02d227f0_0 .net *"_ivl_422", 0 0, L_0000013a02d30dc0;  1 drivers
v0000013a02d21670_0 .net *"_ivl_425", 0 0, L_0000013a02d2b6c0;  1 drivers
v0000013a02d22570_0 .net *"_ivl_426", 0 0, L_0000013a02d30f10;  1 drivers
v0000013a02d22610_0 .net *"_ivl_429", 0 0, L_0000013a02d2ac20;  1 drivers
v0000013a02d22890_0 .net *"_ivl_430", 0 0, L_0000013a02d330c0;  1 drivers
v0000013a02d229d0_0 .net *"_ivl_433", 0 0, L_0000013a02d29d20;  1 drivers
v0000013a02d21710_0 .net *"_ivl_434", 0 0, L_0000013a02d33600;  1 drivers
v0000013a02d21ad0_0 .net *"_ivl_437", 0 0, L_0000013a02d2a0e0;  1 drivers
v0000013a02d21c10_0 .net *"_ivl_438", 0 0, L_0000013a02d338a0;  1 drivers
v0000013a02d21cb0_0 .net *"_ivl_440", 0 0, L_0000013a02d331a0;  1 drivers
v0000013a02d217b0_0 .net *"_ivl_443", 0 0, L_0000013a02d29460;  1 drivers
v0000013a02d21df0_0 .net *"_ivl_444", 0 0, L_0000013a02d33360;  1 drivers
v0000013a02d21850_0 .net *"_ivl_447", 0 0, L_0000013a02d2a900;  1 drivers
v0000013a02d21a30_0 .net *"_ivl_448", 0 0, L_0000013a02d33210;  1 drivers
v0000013a02d1f910_0 .net *"_ivl_45", 0 0, L_0000013a02d25860;  1 drivers
v0000013a02d1f230_0 .net *"_ivl_451", 0 0, L_0000013a02d290a0;  1 drivers
v0000013a02d203b0_0 .net *"_ivl_452", 0 0, L_0000013a02d33d00;  1 drivers
v0000013a02d1efb0_0 .net *"_ivl_454", 0 0, L_0000013a02d334b0;  1 drivers
v0000013a02d20090_0 .net *"_ivl_457", 0 0, L_0000013a02d291e0;  1 drivers
v0000013a02d20c70_0 .net *"_ivl_458", 0 0, L_0000013a02d33130;  1 drivers
v0000013a02d1f050_0 .net *"_ivl_46", 0 0, L_0000013a02ca9610;  1 drivers
v0000013a02d1fff0_0 .net *"_ivl_460", 0 0, L_0000013a02d33c20;  1 drivers
v0000013a02d1f190_0 .net *"_ivl_463", 0 0, L_0000013a02d2afe0;  1 drivers
v0000013a02d1f690_0 .net *"_ivl_465", 0 0, L_0000013a02d2ae00;  1 drivers
v0000013a02d20d10_0 .net *"_ivl_466", 0 0, L_0000013a02d33a60;  1 drivers
v0000013a02d1f2d0_0 .net *"_ivl_468", 0 0, L_0000013a02d333d0;  1 drivers
v0000013a02d1f5f0_0 .net *"_ivl_471", 0 0, L_0000013a02d29000;  1 drivers
v0000013a02d20db0_0 .net *"_ivl_472", 0 0, L_0000013a02d33280;  1 drivers
v0000013a02d1fd70_0 .net *"_ivl_475", 0 0, L_0000013a02d2b080;  1 drivers
v0000013a02d21210_0 .net *"_ivl_476", 0 0, L_0000013a02d33e50;  1 drivers
v0000013a02d1ef10_0 .net *"_ivl_478", 0 0, L_0000013a02d33ec0;  1 drivers
v0000013a02d20810_0 .net *"_ivl_48", 0 0, L_0000013a02ca8ab0;  1 drivers
v0000013a02d20450_0 .net *"_ivl_480", 0 0, L_0000013a02d33440;  1 drivers
v0000013a02d1f0f0_0 .net *"_ivl_486", 0 0, L_0000013a02d2b580;  1 drivers
v0000013a02d212b0_0 .net *"_ivl_487", 0 0, L_0000013a02d33050;  1 drivers
v0000013a02d1f4b0_0 .net *"_ivl_490", 0 0, L_0000013a02d2a9a0;  1 drivers
v0000013a02d1f550_0 .net *"_ivl_491", 0 0, L_0000013a02d33c90;  1 drivers
v0000013a02d20e50_0 .net *"_ivl_493", 0 0, L_0000013a02d33670;  1 drivers
v0000013a02d1f730_0 .net *"_ivl_496", 0 0, L_0000013a02d2aa40;  1 drivers
v0000013a02d1f7d0_0 .net *"_ivl_497", 0 0, L_0000013a02d33f30;  1 drivers
v0000013a02d20630_0 .net *"_ivl_499", 0 0, L_0000013a02d332f0;  1 drivers
v0000013a02d20ef0_0 .net *"_ivl_5", 0 0, L_0000013a02d26940;  1 drivers
v0000013a02d1f370_0 .net *"_ivl_502", 0 0, L_0000013a02d2ab80;  1 drivers
v0000013a02d21350_0 .net *"_ivl_503", 0 0, L_0000013a02d33520;  1 drivers
v0000013a02d20590_0 .net *"_ivl_505", 0 0, L_0000013a02d339f0;  1 drivers
v0000013a02d20950_0 .net *"_ivl_507", 0 0, L_0000013a02d33ad0;  1 drivers
v0000013a02d1f9b0_0 .net *"_ivl_51", 0 0, L_0000013a02d25540;  1 drivers
v0000013a02d1ee70_0 .net *"_ivl_510", 0 0, L_0000013a02d29140;  1 drivers
v0000013a02d21490_0 .net *"_ivl_511", 0 0, L_0000013a02d33d70;  1 drivers
v0000013a02d1f870_0 .net *"_ivl_514", 0 0, L_0000013a02d29280;  1 drivers
v0000013a02d1ff50_0 .net *"_ivl_515", 0 0, L_0000013a02d33590;  1 drivers
v0000013a02d20b30_0 .net *"_ivl_517", 0 0, L_0000013a02d33750;  1 drivers
v0000013a02d213f0_0 .net *"_ivl_52", 0 0, L_0000013a02ca8d50;  1 drivers
v0000013a02d1fa50_0 .net *"_ivl_520", 0 0, L_0000013a02d29fa0;  1 drivers
v0000013a02d206d0_0 .net *"_ivl_521", 0 0, L_0000013a02d336e0;  1 drivers
v0000013a02d209f0_0 .net *"_ivl_524", 0 0, L_0000013a02d2a400;  1 drivers
v0000013a02d1faf0_0 .net *"_ivl_525", 0 0, L_0000013a02d33910;  1 drivers
v0000013a02d1f410_0 .net *"_ivl_527", 0 0, L_0000013a02d337c0;  1 drivers
v0000013a02d1ed30_0 .net *"_ivl_529", 0 0, L_0000013a02d33830;  1 drivers
v0000013a02d1fb90_0 .net *"_ivl_532", 0 0, L_0000013a02d2b440;  1 drivers
v0000013a02d20130_0 .net *"_ivl_533", 0 0, L_0000013a02d33de0;  1 drivers
v0000013a02d20bd0_0 .net *"_ivl_536", 0 0, L_0000013a02d2b3a0;  1 drivers
v0000013a02d1edd0_0 .net *"_ivl_537", 0 0, L_0000013a02d33980;  1 drivers
v0000013a02d1fc30_0 .net *"_ivl_54", 0 0, L_0000013a02ca96f0;  1 drivers
v0000013a02d1fcd0_0 .net *"_ivl_540", 0 0, L_0000013a02d29320;  1 drivers
v0000013a02d21170_0 .net *"_ivl_541", 0 0, L_0000013a02d33b40;  1 drivers
v0000013a02d201d0_0 .net *"_ivl_544", 0 0, L_0000013a02d29500;  1 drivers
v0000013a02d20f90_0 .net *"_ivl_545", 0 0, L_0000013a02d33bb0;  1 drivers
v0000013a02d1fe10_0 .net *"_ivl_547", 0 0, L_0000013a02d35db0;  1 drivers
v0000013a02d1feb0_0 .net *"_ivl_550", 0 0, L_0000013a02d29780;  1 drivers
v0000013a02d20270_0 .net *"_ivl_551", 0 0, L_0000013a02d35e20;  1 drivers
v0000013a02d20310_0 .net *"_ivl_554", 0 0, L_0000013a02d29640;  1 drivers
v0000013a02d21030_0 .net *"_ivl_555", 0 0, L_0000013a02d35c60;  1 drivers
v0000013a02d204f0_0 .net *"_ivl_558", 0 0, L_0000013a02d2acc0;  1 drivers
v0000013a02d20a90_0 .net *"_ivl_559", 0 0, L_0000013a02d35f70;  1 drivers
v0000013a02d210d0_0 .net *"_ivl_561", 0 0, L_0000013a02d35e90;  1 drivers
v0000013a02d20770_0 .net *"_ivl_564", 0 0, L_0000013a02d296e0;  1 drivers
v0000013a02d208b0_0 .net *"_ivl_565", 0 0, L_0000013a02d35d40;  1 drivers
v0000013a02d23b00_0 .net *"_ivl_567", 0 0, L_0000013a02d35f00;  1 drivers
v0000013a02d22f20_0 .net *"_ivl_569", 0 0, L_0000013a02d35cd0;  1 drivers
v0000013a02d24a00_0 .net *"_ivl_57", 0 0, L_0000013a02d266c0;  1 drivers
v0000013a02d25220_0 .net *"_ivl_572", 0 0, L_0000013a02d29b40;  1 drivers
v0000013a02d234c0_0 .net *"_ivl_574", 0 0, L_0000013a02d2ad60;  1 drivers
v0000013a02d23380_0 .net *"_ivl_575", 0 0, L_0000013a02d35090;  1 drivers
v0000013a02d240a0_0 .net *"_ivl_577", 0 0, L_0000013a02d34a00;  1 drivers
v0000013a02d24460_0 .net *"_ivl_580", 0 0, L_0000013a02d29820;  1 drivers
v0000013a02d24500_0 .net *"_ivl_581", 0 0, L_0000013a02d34990;  1 drivers
v0000013a02d24b40_0 .net *"_ivl_583", 0 0, L_0000013a02d35720;  1 drivers
v0000013a02d23c40_0 .net *"_ivl_586", 0 0, L_0000013a02d29a00;  1 drivers
v0000013a02d24140_0 .net *"_ivl_587", 0 0, L_0000013a02d34450;  1 drivers
v0000013a02d245a0_0 .net *"_ivl_589", 0 0, L_0000013a02d35640;  1 drivers
v0000013a02d252c0_0 .net *"_ivl_6", 0 0, L_0000013a02ca9370;  1 drivers
v0000013a02d25400_0 .net *"_ivl_61", 0 0, L_0000013a02d25c20;  1 drivers
v0000013a02d24820_0 .net *"_ivl_62", 0 0, L_0000013a02ca8a40;  1 drivers
v0000013a02d25360_0 .net *"_ivl_65", 0 0, L_0000013a02d25680;  1 drivers
v0000013a02d24be0_0 .net *"_ivl_66", 0 0, L_0000013a02ca8dc0;  1 drivers
v0000013a02d25040_0 .net *"_ivl_69", 0 0, L_0000013a02d26800;  1 drivers
v0000013a02d23a60_0 .net *"_ivl_70", 0 0, L_0000013a02c6d880;  1 drivers
v0000013a02d24280_0 .net *"_ivl_73", 0 0, L_0000013a02d26080;  1 drivers
v0000013a02d23f60_0 .net *"_ivl_74", 0 0, L_0000013a02d288b0;  1 drivers
v0000013a02d24320_0 .net *"_ivl_77", 0 0, L_0000013a02d26120;  1 drivers
v0000013a02d24d20_0 .net *"_ivl_78", 0 0, L_0000013a02d27d50;  1 drivers
v0000013a02d232e0_0 .net *"_ivl_8", 0 0, L_0000013a02ca8f80;  1 drivers
v0000013a02d23420_0 .net *"_ivl_81", 0 0, L_0000013a02d268a0;  1 drivers
v0000013a02d23600_0 .net *"_ivl_83", 0 0, L_0000013a02d269e0;  1 drivers
v0000013a02d243c0_0 .net *"_ivl_84", 0 0, L_0000013a02d28bc0;  1 drivers
v0000013a02d231a0_0 .net *"_ivl_86", 0 0, L_0000013a02d28c30;  1 drivers
v0000013a02d22d40_0 .net *"_ivl_89", 0 0, L_0000013a02d25cc0;  1 drivers
v0000013a02d22fc0_0 .net *"_ivl_90", 0 0, L_0000013a02d28920;  1 drivers
v0000013a02d23920_0 .net *"_ivl_92", 0 0, L_0000013a02d27dc0;  1 drivers
v0000013a02d23240_0 .net *"_ivl_95", 0 0, L_0000013a02d26440;  1 drivers
v0000013a02d24640_0 .net *"_ivl_96", 0 0, L_0000013a02d280d0;  1 drivers
v0000013a02d23060_0 .net *"_ivl_98", 0 0, L_0000013a02d28140;  1 drivers
v0000013a02d241e0_0 .net "clk", 0 0, v0000013a02d254a0_0;  1 drivers
v0000013a02d24c80_0 .net "done", 0 0, o0000013a02cc2918;  alias, 0 drivers
v0000013a02d22e80_0 .net "mdld", 0 0, L_0000013a02ca8ce0;  alias, 1 drivers
v0000013a02d23100_0 .net "mr", 3 0, v0000013a02d24aa0_0;  1 drivers
v0000013a02d24000_0 .net "mrld", 0 0, L_0000013a02ca9920;  alias, 1 drivers
v0000013a02d246e0_0 .net "n", 3 0, L_0000013a02d2a540;  alias, 1 drivers
v0000013a02d23560_0 .net "reset_state", 3 0, v0000013a02d23ba0_0;  1 drivers
v0000013a02d24780_0 .net "rsclear", 0 0, L_0000013a02ca9450;  alias, 1 drivers
v0000013a02d248c0_0 .net "rsload", 0 0, L_0000013a02d28ae0;  alias, 1 drivers
v0000013a02d236a0_0 .net "rsshr", 0 0, L_0000013a02d2d000;  alias, 1 drivers
v0000013a02d24960_0 .net "rst", 0 0, v0000013a02d24fa0_0;  1 drivers
v0000013a02d24dc0_0 .var "s", 3 0;
v0000013a02d23ce0_0 .net "start", 0 0, v0000013a02d26620_0;  1 drivers
E_0000013a02cb62d0 .event posedge, v0000013a02d241e0_0;
L_0000013a02d263a0 .part v0000013a02d24dc0_0, 3, 1;
L_0000013a02d26940 .part v0000013a02d24dc0_0, 2, 1;
L_0000013a02d25a40 .part v0000013a02d24dc0_0, 1, 1;
L_0000013a02d257c0 .part v0000013a02d24dc0_0, 0, 1;
L_0000013a02d26760 .part v0000013a02d24dc0_0, 3, 1;
L_0000013a02d25900 .part v0000013a02d24dc0_0, 2, 1;
L_0000013a02d25d60 .part v0000013a02d24dc0_0, 1, 1;
L_0000013a02d25720 .part v0000013a02d24dc0_0, 0, 1;
L_0000013a02d264e0 .part v0000013a02d24dc0_0, 3, 1;
L_0000013a02d25860 .part v0000013a02d24dc0_0, 2, 1;
L_0000013a02d25540 .part v0000013a02d24dc0_0, 1, 1;
L_0000013a02d266c0 .part v0000013a02d24dc0_0, 0, 1;
L_0000013a02d25c20 .part v0000013a02d24dc0_0, 3, 1;
L_0000013a02d25680 .part v0000013a02d24dc0_0, 2, 1;
L_0000013a02d26800 .part v0000013a02d24dc0_0, 1, 1;
L_0000013a02d26080 .part v0000013a02d24dc0_0, 0, 1;
L_0000013a02d26120 .part v0000013a02d24aa0_0, 0, 1;
L_0000013a02d268a0 .part v0000013a02d24dc0_0, 3, 1;
L_0000013a02d269e0 .part v0000013a02d24dc0_0, 2, 1;
L_0000013a02d25cc0 .part v0000013a02d24dc0_0, 1, 1;
L_0000013a02d26440 .part v0000013a02d24dc0_0, 0, 1;
L_0000013a02d25ae0 .part v0000013a02d24aa0_0, 1, 1;
L_0000013a02d259a0 .part v0000013a02d24dc0_0, 3, 1;
L_0000013a02d26a80 .part v0000013a02d24dc0_0, 2, 1;
L_0000013a02d25e00 .part v0000013a02d24dc0_0, 1, 1;
L_0000013a02d261c0 .part v0000013a02d24dc0_0, 0, 1;
L_0000013a02d25ea0 .part v0000013a02d24aa0_0, 2, 1;
L_0000013a02d25b80 .part v0000013a02d24dc0_0, 3, 1;
L_0000013a02d26580 .part v0000013a02d24dc0_0, 2, 1;
L_0000013a02d26b20 .part v0000013a02d24dc0_0, 1, 1;
L_0000013a02d26bc0 .part v0000013a02d24dc0_0, 0, 1;
L_0000013a02d25f40 .part v0000013a02d24aa0_0, 3, 1;
L_0000013a02d255e0 .part v0000013a02d24dc0_0, 3, 1;
L_0000013a02d25fe0 .part v0000013a02d24dc0_0, 2, 1;
L_0000013a02d26260 .part v0000013a02d24dc0_0, 1, 1;
L_0000013a02d26300 .part v0000013a02d24dc0_0, 0, 1;
L_0000013a02d2c160 .part v0000013a02d24dc0_0, 3, 1;
L_0000013a02d2bd00 .part v0000013a02d24dc0_0, 2, 1;
L_0000013a02d2cd40 .part v0000013a02d24dc0_0, 1, 1;
L_0000013a02d2c3e0 .part v0000013a02d24dc0_0, 0, 1;
L_0000013a02d2c2a0 .part v0000013a02d24dc0_0, 3, 1;
L_0000013a02d2c520 .part v0000013a02d24dc0_0, 2, 1;
L_0000013a02d2c700 .part v0000013a02d24dc0_0, 1, 1;
L_0000013a02d2bc60 .part v0000013a02d24dc0_0, 0, 1;
L_0000013a02d2cde0 .part v0000013a02d24dc0_0, 3, 1;
L_0000013a02d2be40 .part v0000013a02d24dc0_0, 2, 1;
L_0000013a02d2ca20 .part v0000013a02d24dc0_0, 1, 1;
L_0000013a02d2ba80 .part v0000013a02d24dc0_0, 0, 1;
L_0000013a02d2c840 .part v0000013a02d24dc0_0, 3, 1;
L_0000013a02d2c020 .part v0000013a02d24dc0_0, 2, 1;
L_0000013a02d2b8a0 .part v0000013a02d24dc0_0, 1, 1;
L_0000013a02d2c7a0 .part v0000013a02d24dc0_0, 0, 1;
L_0000013a02d2cac0 .part v0000013a02d24dc0_0, 3, 1;
L_0000013a02d2bda0 .part v0000013a02d24dc0_0, 2, 1;
L_0000013a02d2ce80 .part v0000013a02d24dc0_0, 1, 1;
L_0000013a02d2c8e0 .part v0000013a02d24dc0_0, 0, 1;
L_0000013a02d2bbc0 .part v0000013a02d24dc0_0, 3, 1;
L_0000013a02d2bee0 .part v0000013a02d24dc0_0, 2, 1;
L_0000013a02d2bf80 .part v0000013a02d24dc0_0, 1, 1;
L_0000013a02d2c0c0 .part v0000013a02d24dc0_0, 0, 1;
L_0000013a02d2c200 .part v0000013a02d24dc0_0, 3, 1;
L_0000013a02d2b800 .part v0000013a02d24dc0_0, 2, 1;
L_0000013a02d2bb20 .part v0000013a02d24dc0_0, 1, 1;
L_0000013a02d2c340 .part v0000013a02d24dc0_0, 0, 1;
L_0000013a02d2c480 .part v0000013a02d24dc0_0, 3, 1;
L_0000013a02d2c5c0 .part v0000013a02d24dc0_0, 2, 1;
L_0000013a02d2b940 .part v0000013a02d24dc0_0, 1, 1;
L_0000013a02d2c660 .part v0000013a02d24dc0_0, 0, 1;
L_0000013a02d2c980 .part v0000013a02d24dc0_0, 3, 1;
L_0000013a02d2cb60 .part v0000013a02d24dc0_0, 2, 1;
L_0000013a02d2cc00 .part v0000013a02d24dc0_0, 1, 1;
L_0000013a02d2cca0 .part v0000013a02d24dc0_0, 0, 1;
L_0000013a02d2b9e0 .part v0000013a02d24dc0_0, 3, 1;
L_0000013a02d2b300 .part v0000013a02d24dc0_0, 2, 1;
L_0000013a02d2a860 .part v0000013a02d24dc0_0, 1, 1;
L_0000013a02d295a0 .part v0000013a02d24dc0_0, 0, 1;
L_0000013a02d298c0 .part v0000013a02d24dc0_0, 3, 1;
L_0000013a02d2a720 .part v0000013a02d24dc0_0, 2, 1;
L_0000013a02d2a360 .part v0000013a02d24dc0_0, 1, 1;
L_0000013a02d2aae0 .part v0000013a02d24dc0_0, 0, 1;
L_0000013a02d2af40 .part v0000013a02d24dc0_0, 3, 1;
L_0000013a02d29960 .part v0000013a02d24dc0_0, 2, 1;
L_0000013a02d2a220 .part v0000013a02d24dc0_0, 1, 1;
L_0000013a02d293c0 .part v0000013a02d24dc0_0, 0, 1;
L_0000013a02d2b6c0 .part v0000013a02d24dc0_0, 3, 1;
L_0000013a02d2ac20 .part v0000013a02d24dc0_0, 2, 1;
L_0000013a02d29d20 .part v0000013a02d24dc0_0, 1, 1;
L_0000013a02d2a0e0 .part v0000013a02d24dc0_0, 0, 1;
L_0000013a02d29460 .part v0000013a02d24dc0_0, 3, 1;
L_0000013a02d2a900 .part v0000013a02d24dc0_0, 2, 1;
L_0000013a02d290a0 .part v0000013a02d24dc0_0, 1, 1;
L_0000013a02d291e0 .part v0000013a02d24dc0_0, 0, 1;
L_0000013a02d2afe0 .part v0000013a02d24dc0_0, 3, 1;
L_0000013a02d2ae00 .part v0000013a02d24dc0_0, 2, 1;
L_0000013a02d29000 .part v0000013a02d24dc0_0, 1, 1;
L_0000013a02d2b080 .part v0000013a02d24dc0_0, 0, 1;
L_0000013a02d2a540 .concat8 [ 1 1 1 1], L_0000013a02d35640, L_0000013a02d33440, L_0000013a02d305e0, L_0000013a02d2de00;
L_0000013a02d2b580 .part v0000013a02d24dc0_0, 3, 1;
L_0000013a02d2a9a0 .part v0000013a02d24dc0_0, 2, 1;
L_0000013a02d2aa40 .part v0000013a02d24dc0_0, 1, 1;
L_0000013a02d2ab80 .part v0000013a02d24dc0_0, 0, 1;
L_0000013a02d29140 .part v0000013a02d24dc0_0, 3, 1;
L_0000013a02d29280 .part v0000013a02d24dc0_0, 2, 1;
L_0000013a02d29fa0 .part v0000013a02d24dc0_0, 1, 1;
L_0000013a02d2a400 .part v0000013a02d24dc0_0, 0, 1;
L_0000013a02d2b440 .part v0000013a02d24dc0_0, 3, 1;
L_0000013a02d2b3a0 .part v0000013a02d24dc0_0, 2, 1;
L_0000013a02d29320 .part v0000013a02d24dc0_0, 1, 1;
L_0000013a02d29500 .part v0000013a02d24dc0_0, 0, 1;
L_0000013a02d29780 .part v0000013a02d24dc0_0, 3, 1;
L_0000013a02d29640 .part v0000013a02d24dc0_0, 2, 1;
L_0000013a02d2acc0 .part v0000013a02d24dc0_0, 1, 1;
L_0000013a02d296e0 .part v0000013a02d24dc0_0, 0, 1;
L_0000013a02d29b40 .part v0000013a02d24dc0_0, 3, 1;
L_0000013a02d2ad60 .part v0000013a02d24dc0_0, 2, 1;
L_0000013a02d29820 .part v0000013a02d24dc0_0, 1, 1;
L_0000013a02d29a00 .part v0000013a02d24dc0_0, 0, 1;
    .scope S_0000013a02c63aa0;
T_0 ;
    %wait E_0000013a02cb62d0;
    %load/vec4 v0000013a02d24960_0;
    %flag_set/vec4 8;
    %jmp/0xz  T_0.0, 8;
    %load/vec4 v0000013a02d23560_0;
    %assign/vec4 v0000013a02d24dc0_0, 0;
    %jmp T_0.1;
T_0.0 ;
    %load/vec4 v0000013a02d246e0_0;
    %assign/vec4 v0000013a02d24dc0_0, 0;
T_0.1 ;
    %jmp T_0;
    .thread T_0;
    .scope S_0000013a02cb9d30;
T_1 ;
    %pushi/vec4 0, 0, 1;
    %store/vec4 v0000013a02d254a0_0, 0, 1;
    %pushi/vec4 0, 0, 1;
    %store/vec4 v0000013a02d24fa0_0, 0, 1;
    %pushi/vec4 0, 0, 1;
    %store/vec4 v0000013a02d26620_0, 0, 1;
    %pushi/vec4 0, 0, 4;
    %store/vec4 v0000013a02d24aa0_0, 0, 4;
    %pushi/vec4 0, 0, 4;
    %store/vec4 v0000013a02d23ba0_0, 0, 4;
    %pushi/vec4 0, 0, 8;
    %store/vec4 v0000013a02d22de0_0, 0, 8;
    %end;
    .thread T_1;
    .scope S_0000013a02cb9d30;
T_2 ;
    %vpi_call 2 49 "$dumpfile", "SMTTInputBruteForce.vcd" {0 0 0};
    %vpi_call 2 50 "$dumpvars" {0 0 0};
    %end;
    .thread T_2;
    .scope S_0000013a02cb9d30;
T_3 ;
    %pushi/vec4 0, 0, 32;
    %store/vec4 v0000013a02d23d80_0, 0, 32;
T_3.0 ;
    %load/vec4 v0000013a02d23d80_0;
    %cmpi/u 15, 0, 32;
    %flag_or 5, 4;
    %jmp/0xz T_3.1, 5;
    %vpi_call 2 104 "$display", "\012Test with RESET_STATE = %b", v0000013a02d23d80_0 {0 0 0};
    %vpi_call 2 105 "$display", "Setting %s to %s...", "reset_state", "rs" {0 0 0};
    %delay 10, 0;
    %load/vec4 v0000013a02d23d80_0;
    %pad/s 4;
    %store/vec4 v0000013a02d23ba0_0, 0, 4;
    %delay 10, 0;
    %pushi/vec4 0, 0, 32;
    %store/vec4 v0000013a02d239c0_0, 0, 32;
T_3.2 ;
    %load/vec4 v0000013a02d239c0_0;
    %cmpi/u 15, 0, 32;
    %flag_or 5, 4;
    %jmp/0xz T_3.3, 5;
    %vpi_call 2 110 "$display", "\012MULTIPLIER = %b", v0000013a02d239c0_0 {0 0 0};
    %pushi/vec4 0, 0, 32;
    %store/vec4 v0000013a02d25180_0, 0, 32;
T_3.4 ;
    %load/vec4 v0000013a02d25180_0;
    %cmpi/s 1, 0, 32;
    %flag_or 5, 4;
    %jmp/0xz T_3.5, 5;
    %vpi_call 2 114 "$display", "\012START = %b", v0000013a02d25180_0 {0 0 0};
    %vpi_call 2 116 "$display", "Setting %s to %s...", "mr", "multiplier" {0 0 0};
    %delay 10, 0;
    %load/vec4 v0000013a02d239c0_0;
    %pad/s 4;
    %store/vec4 v0000013a02d24aa0_0, 0, 4;
    %delay 10, 0;
    %vpi_call 2 117 "$display", "Setting %s to %s...", "start", "st" {0 0 0};
    %delay 10, 0;
    %load/vec4 v0000013a02d25180_0;
    %pad/s 1;
    %store/vec4 v0000013a02d26620_0, 0, 1;
    %delay 10, 0;
    %vpi_call 2 118 "$display", "Setting %s to %s...", "rst", "1" {0 0 0};
    %delay 10, 0;
    %pushi/vec4 1, 0, 1;
    %store/vec4 v0000013a02d24fa0_0, 0, 1;
    %delay 10, 0;
    %vpi_call 2 119 "$display", "Pressing uclk..." {0 0 0};
    %delay 10, 0;
    %pushi/vec4 1, 0, 1;
    %store/vec4 v0000013a02d254a0_0, 0, 1;
    %delay 10, 0;
    %pushi/vec4 0, 0, 1;
    %store/vec4 v0000013a02d254a0_0, 0, 1;
    %delay 10, 0;
    %vpi_call 2 121 "$display", "Setting %s to %s...", "rst", "0" {0 0 0};
    %delay 10, 0;
    %pushi/vec4 0, 0, 1;
    %store/vec4 v0000013a02d24fa0_0, 0, 1;
    %delay 10, 0;
    %vpi_call 2 122 "$display", "Pressing uclk..." {0 0 0};
    %delay 10, 0;
    %pushi/vec4 1, 0, 1;
    %store/vec4 v0000013a02d254a0_0, 0, 1;
    %delay 10, 0;
    %pushi/vec4 0, 0, 1;
    %store/vec4 v0000013a02d254a0_0, 0, 1;
    %delay 10, 0;
    %load/vec4 v0000013a02d25180_0;
    %addi 1, 0, 32;
    %store/vec4 v0000013a02d25180_0, 0, 32;
    %jmp T_3.4;
T_3.5 ;
    %load/vec4 v0000013a02d239c0_0;
    %addi 1, 0, 32;
    %store/vec4 v0000013a02d239c0_0, 0, 32;
    %jmp T_3.2;
T_3.3 ;
    %load/vec4 v0000013a02d23ba0_0;
    %cmpi/e 15, 0, 4;
    %jmp/0xz  T_3.6, 4;
    %vpi_call 2 127 "$finish" {0 0 0};
T_3.6 ;
    %load/vec4 v0000013a02d23d80_0;
    %addi 1, 0, 32;
    %store/vec4 v0000013a02d23d80_0, 0, 32;
    %jmp T_3.0;
T_3.1 ;
    %end;
    .thread T_3;
# The file index is used to find the file name in the following table.
:file_names 4;
    "N/A";
    "<interactive>";
    "SMTTInputBruteForce.t.v";
    "SMControlFig3StructuralInput.v";
